                                      1 ;--------------------------------------------------------
                                      2 ; File Created by SDCC : free open source ANSI-C Compiler
                                      3 ; Version 4.1.6 #12539 (MINGW32)
                                      4 ;--------------------------------------------------------
                                      5 	.module alert_pattern
                                      6 	.optsdcc -mgbz80
                                      7 	
                                      8 ;--------------------------------------------------------
                                      9 ; Public variables in this module
                                     10 ;--------------------------------------------------------
                                     11 	.globl _alert_pattern_map_attributes
                                     12 	.globl _alert_pattern_map
                                     13 	.globl _alert_pattern_tiles
                                     14 	.globl _alert_pattern_palettes
                                     15 	.globl b___func_alert_pattern
                                     16 	.globl ___func_alert_pattern
                                     17 ;--------------------------------------------------------
                                     18 ; special function registers
                                     19 ;--------------------------------------------------------
                                     20 ;--------------------------------------------------------
                                     21 ; ram data
                                     22 ;--------------------------------------------------------
                                     23 	.area _DATA
                                     24 ;--------------------------------------------------------
                                     25 ; ram data
                                     26 ;--------------------------------------------------------
                                     27 	.area _INITIALIZED
                                     28 ;--------------------------------------------------------
                                     29 ; absolute external ram data
                                     30 ;--------------------------------------------------------
                                     31 	.area _DABS (ABS)
                                     32 ;--------------------------------------------------------
                                     33 ; global & static initialisations
                                     34 ;--------------------------------------------------------
                                     35 	.area _HOME
                                     36 	.area _GSINIT
                                     37 	.area _GSFINAL
                                     38 	.area _GSINIT
                                     39 ;--------------------------------------------------------
                                     40 ; Home
                                     41 ;--------------------------------------------------------
                                     42 	.area _HOME
                                     43 	.area _HOME
                                     44 ;--------------------------------------------------------
                                     45 ; code
                                     46 ;--------------------------------------------------------
                                     47 	.area _CODE_2
                                     48 ;src/gfx/alert_pattern.c:9: BANKREF(alert_pattern)
                                     49 ;	---------------------------------
                                     50 ; Function __func_alert_pattern
                                     51 ; ---------------------------------
                           000002    52 	b___func_alert_pattern	= 2
      000000                         53 ___func_alert_pattern::
                                     54 	.local b___func_alert_pattern 
                           000002    55 	___bank_alert_pattern = b___func_alert_pattern 
                                     56 	.globl ___bank_alert_pattern 
                                     57 	.area _CODE_2
      000000                         58 _alert_pattern_palettes:
      000000 FF 7F                   59 	.dw #0x7fff
      000002 F7 5E                   60 	.dw #0x5ef7
      000004 AD 35                   61 	.dw #0x35ad
      000006 00 00                   62 	.dw #0x0000
      000008                         63 _alert_pattern_tiles:
      000008 00                      64 	.db #0x00	; 0
      000009 FF                      65 	.db #0xff	; 255
      00000A 00                      66 	.db #0x00	; 0
      00000B FF                      67 	.db #0xff	; 255
      00000C 00                      68 	.db #0x00	; 0
      00000D FF                      69 	.db #0xff	; 255
      00000E 00                      70 	.db #0x00	; 0
      00000F FF                      71 	.db #0xff	; 255
      000010 00                      72 	.db #0x00	; 0
      000011 FF                      73 	.db #0xff	; 255
      000012 00                      74 	.db #0x00	; 0
      000013 FF                      75 	.db #0xff	; 255
      000014 00                      76 	.db #0x00	; 0
      000015 FF                      77 	.db #0xff	; 255
      000016 00                      78 	.db #0x00	; 0
      000017 FF                      79 	.db #0xff	; 255
      000018 00                      80 	.db #0x00	; 0
      000019 FF                      81 	.db #0xff	; 255
      00001A 00                      82 	.db #0x00	; 0
      00001B FF                      83 	.db #0xff	; 255
      00001C 00                      84 	.db #0x00	; 0
      00001D FF                      85 	.db #0xff	; 255
      00001E 00                      86 	.db #0x00	; 0
      00001F FF                      87 	.db #0xff	; 255
      000020 00                      88 	.db #0x00	; 0
      000021 FF                      89 	.db #0xff	; 255
      000022 00                      90 	.db #0x00	; 0
      000023 FF                      91 	.db #0xff	; 255
      000024 00                      92 	.db #0x00	; 0
      000025 F0                      93 	.db #0xf0	; 240
      000026 00                      94 	.db #0x00	; 0
      000027 F0                      95 	.db #0xf0	; 240
      000028 00                      96 	.db #0x00	; 0
      000029 FF                      97 	.db #0xff	; 255
      00002A 00                      98 	.db #0x00	; 0
      00002B FF                      99 	.db #0xff	; 255
      00002C F0                     100 	.db #0xf0	; 240
      00002D 00                     101 	.db #0x00	; 0
      00002E F0                     102 	.db #0xf0	; 240
      00002F 00                     103 	.db #0x00	; 0
      000030 F0                     104 	.db #0xf0	; 240
      000031 00                     105 	.db #0x00	; 0
      000032 F0                     106 	.db #0xf0	; 240
      000033 00                     107 	.db #0x00	; 0
      000034 0F                     108 	.db #0x0f	; 15
      000035 FF                     109 	.db #0xff	; 255
      000036 0F                     110 	.db #0x0f	; 15
      000037 FF                     111 	.db #0xff	; 255
      000038 00                     112 	.db #0x00	; 0
      000039 FF                     113 	.db #0xff	; 255
      00003A 00                     114 	.db #0x00	; 0
      00003B FF                     115 	.db #0xff	; 255
      00003C F0                     116 	.db #0xf0	; 240
      00003D 0F                     117 	.db #0x0f	; 15
      00003E F0                     118 	.db #0xf0	; 240
      00003F 0F                     119 	.db #0x0f	; 15
      000040 F0                     120 	.db #0xf0	; 240
      000041 0F                     121 	.db #0x0f	; 15
      000042 F0                     122 	.db #0xf0	; 240
      000043 0F                     123 	.db #0x0f	; 15
      000044 00                     124 	.db #0x00	; 0
      000045 F0                     125 	.db #0xf0	; 240
      000046 00                     126 	.db #0x00	; 0
      000047 F0                     127 	.db #0xf0	; 240
      000048 00                     128 	.db #0x00	; 0
      000049 F0                     129 	.db #0xf0	; 240
      00004A 00                     130 	.db #0x00	; 0
      00004B F0                     131 	.db #0xf0	; 240
      00004C FF                     132 	.db #0xff	; 255
      00004D 00                     133 	.db #0x00	; 0
      00004E FF                     134 	.db #0xff	; 255
      00004F 00                     135 	.db #0x00	; 0
      000050 FF                     136 	.db #0xff	; 255
      000051 00                     137 	.db #0x00	; 0
      000052 FF                     138 	.db #0xff	; 255
      000053 00                     139 	.db #0x00	; 0
      000054 0F                     140 	.db #0x0f	; 15
      000055 0F                     141 	.db #0x0f	; 15
      000056 0F                     142 	.db #0x0f	; 15
      000057 0F                     143 	.db #0x0f	; 15
      000058 0F                     144 	.db #0x0f	; 15
      000059 FF                     145 	.db #0xff	; 255
      00005A 0F                     146 	.db #0x0f	; 15
      00005B FF                     147 	.db #0xff	; 255
      00005C FF                     148 	.db #0xff	; 255
      00005D FF                     149 	.db #0xff	; 255
      00005E FF                     150 	.db #0xff	; 255
      00005F FF                     151 	.db #0xff	; 255
      000060 FF                     152 	.db #0xff	; 255
      000061 FF                     153 	.db #0xff	; 255
      000062 FF                     154 	.db #0xff	; 255
      000063 FF                     155 	.db #0xff	; 255
      000064 F0                     156 	.db #0xf0	; 240
      000065 FF                     157 	.db #0xff	; 255
      000066 F0                     158 	.db #0xf0	; 240
      000067 FF                     159 	.db #0xff	; 255
      000068 00                     160 	.db #0x00	; 0
      000069 F0                     161 	.db #0xf0	; 240
      00006A 00                     162 	.db #0x00	; 0
      00006B F0                     163 	.db #0xf0	; 240
      00006C FF                     164 	.db #0xff	; 255
      00006D F0                     165 	.db #0xf0	; 240
      00006E FF                     166 	.db #0xff	; 255
      00006F F0                     167 	.db #0xf0	; 240
      000070 FF                     168 	.db #0xff	; 255
      000071 F0                     169 	.db #0xf0	; 240
      000072 FF                     170 	.db #0xff	; 255
      000073 F0                     171 	.db #0xf0	; 240
      000074 FF                     172 	.db #0xff	; 255
      000075 FF                     173 	.db #0xff	; 255
      000076 FF                     174 	.db #0xff	; 255
      000077 FF                     175 	.db #0xff	; 255
      000078 00                     176 	.db #0x00	; 0
      000079 FF                     177 	.db #0xff	; 255
      00007A 00                     178 	.db #0x00	; 0
      00007B FF                     179 	.db #0xff	; 255
      00007C F0                     180 	.db #0xf0	; 240
      00007D 0F                     181 	.db #0x0f	; 15
      00007E F0                     182 	.db #0xf0	; 240
      00007F 0F                     183 	.db #0x0f	; 15
      000080 F0                     184 	.db #0xf0	; 240
      000081 0F                     185 	.db #0x0f	; 15
      000082 F0                     186 	.db #0xf0	; 240
      000083 0F                     187 	.db #0x0f	; 15
      000084 00                     188 	.db #0x00	; 0
      000085 0F                     189 	.db #0x0f	; 15
      000086 00                     190 	.db #0x00	; 0
      000087 0F                     191 	.db #0x0f	; 15
      000088 00                     192 	.db #0x00	; 0
      000089 FF                     193 	.db #0xff	; 255
      00008A 00                     194 	.db #0x00	; 0
      00008B FF                     195 	.db #0xff	; 255
      00008C 0F                     196 	.db #0x0f	; 15
      00008D F0                     197 	.db #0xf0	; 240
      00008E 0F                     198 	.db #0x0f	; 15
      00008F F0                     199 	.db #0xf0	; 240
      000090 0F                     200 	.db #0x0f	; 15
      000091 F0                     201 	.db #0xf0	; 240
      000092 0F                     202 	.db #0x0f	; 15
      000093 F0                     203 	.db #0xf0	; 240
      000094 00                     204 	.db #0x00	; 0
      000095 F0                     205 	.db #0xf0	; 240
      000096 00                     206 	.db #0x00	; 0
      000097 F0                     207 	.db #0xf0	; 240
      000098 0F                     208 	.db #0x0f	; 15
      000099 0F                     209 	.db #0x0f	; 15
      00009A 0F                     210 	.db #0x0f	; 15
      00009B 0F                     211 	.db #0x0f	; 15
      00009C 0F                     212 	.db #0x0f	; 15
      00009D FF                     213 	.db #0xff	; 255
      00009E 0F                     214 	.db #0x0f	; 15
      00009F FF                     215 	.db #0xff	; 255
      0000A0 0F                     216 	.db #0x0f	; 15
      0000A1 FF                     217 	.db #0xff	; 255
      0000A2 0F                     218 	.db #0x0f	; 15
      0000A3 FF                     219 	.db #0xff	; 255
      0000A4 FF                     220 	.db #0xff	; 255
      0000A5 FF                     221 	.db #0xff	; 255
      0000A6 FF                     222 	.db #0xff	; 255
      0000A7 FF                     223 	.db #0xff	; 255
      0000A8 F0                     224 	.db #0xf0	; 240
      0000A9 FF                     225 	.db #0xff	; 255
      0000AA F0                     226 	.db #0xf0	; 240
      0000AB FF                     227 	.db #0xff	; 255
      0000AC 00                     228 	.db #0x00	; 0
      0000AD F0                     229 	.db #0xf0	; 240
      0000AE 00                     230 	.db #0x00	; 0
      0000AF F0                     231 	.db #0xf0	; 240
      0000B0 00                     232 	.db #0x00	; 0
      0000B1 F0                     233 	.db #0xf0	; 240
      0000B2 00                     234 	.db #0x00	; 0
      0000B3 F0                     235 	.db #0xf0	; 240
      0000B4 00                     236 	.db #0x00	; 0
      0000B5 00                     237 	.db #0x00	; 0
      0000B6 00                     238 	.db #0x00	; 0
      0000B7 00                     239 	.db #0x00	; 0
      0000B8 FF                     240 	.db #0xff	; 255
      0000B9 FF                     241 	.db #0xff	; 255
      0000BA FF                     242 	.db #0xff	; 255
      0000BB FF                     243 	.db #0xff	; 255
      0000BC 0F                     244 	.db #0x0f	; 15
      0000BD FF                     245 	.db #0xff	; 255
      0000BE 0F                     246 	.db #0x0f	; 15
      0000BF FF                     247 	.db #0xff	; 255
      0000C0 0F                     248 	.db #0x0f	; 15
      0000C1 FF                     249 	.db #0xff	; 255
      0000C2 0F                     250 	.db #0x0f	; 15
      0000C3 FF                     251 	.db #0xff	; 255
      0000C4 0F                     252 	.db #0x0f	; 15
      0000C5 0F                     253 	.db #0x0f	; 15
      0000C6 0F                     254 	.db #0x0f	; 15
      0000C7 0F                     255 	.db #0x0f	; 15
      0000C8 00                     256 	.db #0x00	; 0
      0000C9 0F                     257 	.db #0x0f	; 15
      0000CA 00                     258 	.db #0x00	; 0
      0000CB 0F                     259 	.db #0x0f	; 15
      0000CC 0F                     260 	.db #0x0f	; 15
      0000CD F0                     261 	.db #0xf0	; 240
      0000CE 0F                     262 	.db #0x0f	; 15
      0000CF F0                     263 	.db #0xf0	; 240
      0000D0 0F                     264 	.db #0x0f	; 15
      0000D1 F0                     265 	.db #0xf0	; 240
      0000D2 0F                     266 	.db #0x0f	; 15
      0000D3 F0                     267 	.db #0xf0	; 240
      0000D4 F0                     268 	.db #0xf0	; 240
      0000D5 F0                     269 	.db #0xf0	; 240
      0000D6 F0                     270 	.db #0xf0	; 240
      0000D7 F0                     271 	.db #0xf0	; 240
      0000D8 00                     272 	.db #0x00	; 0
      0000D9 F0                     273 	.db #0xf0	; 240
      0000DA 00                     274 	.db #0x00	; 0
      0000DB F0                     275 	.db #0xf0	; 240
      0000DC F0                     276 	.db #0xf0	; 240
      0000DD 0F                     277 	.db #0x0f	; 15
      0000DE F0                     278 	.db #0xf0	; 240
      0000DF 0F                     279 	.db #0x0f	; 15
      0000E0 F0                     280 	.db #0xf0	; 240
      0000E1 0F                     281 	.db #0x0f	; 15
      0000E2 F0                     282 	.db #0xf0	; 240
      0000E3 0F                     283 	.db #0x0f	; 15
      0000E4 0F                     284 	.db #0x0f	; 15
      0000E5 0F                     285 	.db #0x0f	; 15
      0000E6 0F                     286 	.db #0x0f	; 15
      0000E7 0F                     287 	.db #0x0f	; 15
      0000E8 FF                     288 	.db #0xff	; 255
      0000E9 FF                     289 	.db #0xff	; 255
      0000EA FF                     290 	.db #0xff	; 255
      0000EB FF                     291 	.db #0xff	; 255
      0000EC FF                     292 	.db #0xff	; 255
      0000ED FF                     293 	.db #0xff	; 255
      0000EE FF                     294 	.db #0xff	; 255
      0000EF FF                     295 	.db #0xff	; 255
      0000F0 FF                     296 	.db #0xff	; 255
      0000F1 FF                     297 	.db #0xff	; 255
      0000F2 FF                     298 	.db #0xff	; 255
      0000F3 FF                     299 	.db #0xff	; 255
      0000F4 FF                     300 	.db #0xff	; 255
      0000F5 FF                     301 	.db #0xff	; 255
      0000F6 FF                     302 	.db #0xff	; 255
      0000F7 FF                     303 	.db #0xff	; 255
      0000F8 00                     304 	.db #0x00	; 0
      0000F9 00                     305 	.db #0x00	; 0
      0000FA 00                     306 	.db #0x00	; 0
      0000FB 00                     307 	.db #0x00	; 0
      0000FC 00                     308 	.db #0x00	; 0
      0000FD 00                     309 	.db #0x00	; 0
      0000FE 00                     310 	.db #0x00	; 0
      0000FF 00                     311 	.db #0x00	; 0
      000100 00                     312 	.db #0x00	; 0
      000101 00                     313 	.db #0x00	; 0
      000102 00                     314 	.db #0x00	; 0
      000103 00                     315 	.db #0x00	; 0
      000104 00                     316 	.db #0x00	; 0
      000105 00                     317 	.db #0x00	; 0
      000106 00                     318 	.db #0x00	; 0
      000107 00                     319 	.db #0x00	; 0
      000108 0F                     320 	.db #0x0f	; 15
      000109 0F                     321 	.db #0x0f	; 15
      00010A 0F                     322 	.db #0x0f	; 15
      00010B 0F                     323 	.db #0x0f	; 15
      00010C 0F                     324 	.db #0x0f	; 15
      00010D 0F                     325 	.db #0x0f	; 15
      00010E 0F                     326 	.db #0x0f	; 15
      00010F 0F                     327 	.db #0x0f	; 15
      000110 0F                     328 	.db #0x0f	; 15
      000111 0F                     329 	.db #0x0f	; 15
      000112 0F                     330 	.db #0x0f	; 15
      000113 0F                     331 	.db #0x0f	; 15
      000114 0F                     332 	.db #0x0f	; 15
      000115 0F                     333 	.db #0x0f	; 15
      000116 0F                     334 	.db #0x0f	; 15
      000117 0F                     335 	.db #0x0f	; 15
      000118 F0                     336 	.db #0xf0	; 240
      000119 F0                     337 	.db #0xf0	; 240
      00011A F0                     338 	.db #0xf0	; 240
      00011B F0                     339 	.db #0xf0	; 240
      00011C F0                     340 	.db #0xf0	; 240
      00011D FF                     341 	.db #0xff	; 255
      00011E F0                     342 	.db #0xf0	; 240
      00011F FF                     343 	.db #0xff	; 255
      000120 F0                     344 	.db #0xf0	; 240
      000121 FF                     345 	.db #0xff	; 255
      000122 F0                     346 	.db #0xf0	; 240
      000123 FF                     347 	.db #0xff	; 255
      000124 FF                     348 	.db #0xff	; 255
      000125 FF                     349 	.db #0xff	; 255
      000126 FF                     350 	.db #0xff	; 255
      000127 FF                     351 	.db #0xff	; 255
      000128 00                     352 	.db #0x00	; 0
      000129 00                     353 	.db #0x00	; 0
      00012A 00                     354 	.db #0x00	; 0
      00012B 00                     355 	.db #0x00	; 0
      00012C 00                     356 	.db #0x00	; 0
      00012D 00                     357 	.db #0x00	; 0
      00012E 00                     358 	.db #0x00	; 0
      00012F 00                     359 	.db #0x00	; 0
      000130 00                     360 	.db #0x00	; 0
      000131 00                     361 	.db #0x00	; 0
      000132 00                     362 	.db #0x00	; 0
      000133 00                     363 	.db #0x00	; 0
      000134 F0                     364 	.db #0xf0	; 240
      000135 00                     365 	.db #0x00	; 0
      000136 F0                     366 	.db #0xf0	; 240
      000137 00                     367 	.db #0x00	; 0
      000138 0F                     368 	.db #0x0f	; 15
      000139 0F                     369 	.db #0x0f	; 15
      00013A 0F                     370 	.db #0x0f	; 15
      00013B 0F                     371 	.db #0x0f	; 15
      00013C 0F                     372 	.db #0x0f	; 15
      00013D 0F                     373 	.db #0x0f	; 15
      00013E 0F                     374 	.db #0x0f	; 15
      00013F 0F                     375 	.db #0x0f	; 15
      000140 0F                     376 	.db #0x0f	; 15
      000141 0F                     377 	.db #0x0f	; 15
      000142 0F                     378 	.db #0x0f	; 15
      000143 0F                     379 	.db #0x0f	; 15
      000144 FF                     380 	.db #0xff	; 255
      000145 0F                     381 	.db #0x0f	; 15
      000146 FF                     382 	.db #0xff	; 255
      000147 0F                     383 	.db #0x0f	; 15
      000148 F0                     384 	.db #0xf0	; 240
      000149 00                     385 	.db #0x00	; 0
      00014A F0                     386 	.db #0xf0	; 240
      00014B 00                     387 	.db #0x00	; 0
      00014C 00                     388 	.db #0x00	; 0
      00014D F0                     389 	.db #0xf0	; 240
      00014E 00                     390 	.db #0x00	; 0
      00014F F0                     391 	.db #0xf0	; 240
      000150 00                     392 	.db #0x00	; 0
      000151 F0                     393 	.db #0xf0	; 240
      000152 00                     394 	.db #0x00	; 0
      000153 F0                     395 	.db #0xf0	; 240
      000154 F0                     396 	.db #0xf0	; 240
      000155 F0                     397 	.db #0xf0	; 240
      000156 F0                     398 	.db #0xf0	; 240
      000157 F0                     399 	.db #0xf0	; 240
      000158 FF                     400 	.db #0xff	; 255
      000159 0F                     401 	.db #0x0f	; 15
      00015A FF                     402 	.db #0xff	; 255
      00015B 0F                     403 	.db #0x0f	; 15
      00015C 0F                     404 	.db #0x0f	; 15
      00015D FF                     405 	.db #0xff	; 255
      00015E 0F                     406 	.db #0x0f	; 15
      00015F FF                     407 	.db #0xff	; 255
      000160 0F                     408 	.db #0x0f	; 15
      000161 FF                     409 	.db #0xff	; 255
      000162 0F                     410 	.db #0x0f	; 15
      000163 FF                     411 	.db #0xff	; 255
      000164 FF                     412 	.db #0xff	; 255
      000165 FF                     413 	.db #0xff	; 255
      000166 FF                     414 	.db #0xff	; 255
      000167 FF                     415 	.db #0xff	; 255
      000168 00                     416 	.db #0x00	; 0
      000169 FF                     417 	.db #0xff	; 255
      00016A 00                     418 	.db #0x00	; 0
      00016B FF                     419 	.db #0xff	; 255
      00016C 00                     420 	.db #0x00	; 0
      00016D F0                     421 	.db #0xf0	; 240
      00016E 00                     422 	.db #0x00	; 0
      00016F F0                     423 	.db #0xf0	; 240
      000170 00                     424 	.db #0x00	; 0
      000171 F0                     425 	.db #0xf0	; 240
      000172 00                     426 	.db #0x00	; 0
      000173 F0                     427 	.db #0xf0	; 240
      000174 0F                     428 	.db #0x0f	; 15
      000175 F0                     429 	.db #0xf0	; 240
      000176 0F                     430 	.db #0x0f	; 15
      000177 F0                     431 	.db #0xf0	; 240
      000178 F0                     432 	.db #0xf0	; 240
      000179 F0                     433 	.db #0xf0	; 240
      00017A F0                     434 	.db #0xf0	; 240
      00017B F0                     435 	.db #0xf0	; 240
      00017C F0                     436 	.db #0xf0	; 240
      00017D FF                     437 	.db #0xff	; 255
      00017E F0                     438 	.db #0xf0	; 240
      00017F FF                     439 	.db #0xff	; 255
      000180 F0                     440 	.db #0xf0	; 240
      000181 FF                     441 	.db #0xff	; 255
      000182 F0                     442 	.db #0xf0	; 240
      000183 FF                     443 	.db #0xff	; 255
      000184 00                     444 	.db #0x00	; 0
      000185 F0                     445 	.db #0xf0	; 240
      000186 00                     446 	.db #0x00	; 0
      000187 F0                     447 	.db #0xf0	; 240
      000188 FF                     448 	.db #0xff	; 255
      000189 FF                     449 	.db #0xff	; 255
      00018A FF                     450 	.db #0xff	; 255
      00018B FF                     451 	.db #0xff	; 255
      00018C FF                     452 	.db #0xff	; 255
      00018D FF                     453 	.db #0xff	; 255
      00018E FF                     454 	.db #0xff	; 255
      00018F FF                     455 	.db #0xff	; 255
      000190 FF                     456 	.db #0xff	; 255
      000191 FF                     457 	.db #0xff	; 255
      000192 FF                     458 	.db #0xff	; 255
      000193 FF                     459 	.db #0xff	; 255
      000194 0F                     460 	.db #0x0f	; 15
      000195 FF                     461 	.db #0xff	; 255
      000196 0F                     462 	.db #0x0f	; 15
      000197 FF                     463 	.db #0xff	; 255
      000198 00                     464 	.db #0x00	; 0
      000199 0F                     465 	.db #0x0f	; 15
      00019A 00                     466 	.db #0x00	; 0
      00019B 0F                     467 	.db #0x0f	; 15
      00019C 00                     468 	.db #0x00	; 0
      00019D F0                     469 	.db #0xf0	; 240
      00019E 00                     470 	.db #0x00	; 0
      00019F F0                     471 	.db #0xf0	; 240
      0001A0 00                     472 	.db #0x00	; 0
      0001A1 F0                     473 	.db #0xf0	; 240
      0001A2 00                     474 	.db #0x00	; 0
      0001A3 F0                     475 	.db #0xf0	; 240
      0001A4 FF                     476 	.db #0xff	; 255
      0001A5 F0                     477 	.db #0xf0	; 240
      0001A6 FF                     478 	.db #0xff	; 255
      0001A7 F0                     479 	.db #0xf0	; 240
      0001A8 0F                     480 	.db #0x0f	; 15
      0001A9 F0                     481 	.db #0xf0	; 240
      0001AA 0F                     482 	.db #0x0f	; 15
      0001AB F0                     483 	.db #0xf0	; 240
      0001AC 00                     484 	.db #0x00	; 0
      0001AD 0F                     485 	.db #0x0f	; 15
      0001AE 00                     486 	.db #0x00	; 0
      0001AF 0F                     487 	.db #0x0f	; 15
      0001B0 00                     488 	.db #0x00	; 0
      0001B1 0F                     489 	.db #0x0f	; 15
      0001B2 00                     490 	.db #0x00	; 0
      0001B3 0F                     491 	.db #0x0f	; 15
      0001B4 0F                     492 	.db #0x0f	; 15
      0001B5 0F                     493 	.db #0x0f	; 15
      0001B6 0F                     494 	.db #0x0f	; 15
      0001B7 0F                     495 	.db #0x0f	; 15
      0001B8 00                     496 	.db #0x00	; 0
      0001B9 F0                     497 	.db #0xf0	; 240
      0001BA 00                     498 	.db #0x00	; 0
      0001BB F0                     499 	.db #0xf0	; 240
      0001BC 00                     500 	.db #0x00	; 0
      0001BD 00                     501 	.db #0x00	; 0
      0001BE 00                     502 	.db #0x00	; 0
      0001BF 00                     503 	.db #0x00	; 0
      0001C0 00                     504 	.db #0x00	; 0
      0001C1 00                     505 	.db #0x00	; 0
      0001C2 00                     506 	.db #0x00	; 0
      0001C3 00                     507 	.db #0x00	; 0
      0001C4 00                     508 	.db #0x00	; 0
      0001C5 F0                     509 	.db #0xf0	; 240
      0001C6 00                     510 	.db #0x00	; 0
      0001C7 F0                     511 	.db #0xf0	; 240
      0001C8 0F                     512 	.db #0x0f	; 15
      0001C9 FF                     513 	.db #0xff	; 255
      0001CA 0F                     514 	.db #0x0f	; 15
      0001CB FF                     515 	.db #0xff	; 255
      0001CC 0F                     516 	.db #0x0f	; 15
      0001CD 0F                     517 	.db #0x0f	; 15
      0001CE 0F                     518 	.db #0x0f	; 15
      0001CF 0F                     519 	.db #0x0f	; 15
      0001D0 0F                     520 	.db #0x0f	; 15
      0001D1 0F                     521 	.db #0x0f	; 15
      0001D2 0F                     522 	.db #0x0f	; 15
      0001D3 0F                     523 	.db #0x0f	; 15
      0001D4 0F                     524 	.db #0x0f	; 15
      0001D5 FF                     525 	.db #0xff	; 255
      0001D6 0F                     526 	.db #0x0f	; 15
      0001D7 FF                     527 	.db #0xff	; 255
      0001D8 FF                     528 	.db #0xff	; 255
      0001D9 F0                     529 	.db #0xf0	; 240
      0001DA FF                     530 	.db #0xff	; 255
      0001DB F0                     531 	.db #0xf0	; 240
      0001DC F0                     532 	.db #0xf0	; 240
      0001DD FF                     533 	.db #0xff	; 255
      0001DE F0                     534 	.db #0xf0	; 240
      0001DF FF                     535 	.db #0xff	; 255
      0001E0 F0                     536 	.db #0xf0	; 240
      0001E1 FF                     537 	.db #0xff	; 255
      0001E2 F0                     538 	.db #0xf0	; 240
      0001E3 FF                     539 	.db #0xff	; 255
      0001E4 FF                     540 	.db #0xff	; 255
      0001E5 FF                     541 	.db #0xff	; 255
      0001E6 FF                     542 	.db #0xff	; 255
      0001E7 FF                     543 	.db #0xff	; 255
      0001E8 00                     544 	.db #0x00	; 0
      0001E9 FF                     545 	.db #0xff	; 255
      0001EA 00                     546 	.db #0x00	; 0
      0001EB FF                     547 	.db #0xff	; 255
      0001EC 00                     548 	.db #0x00	; 0
      0001ED 0F                     549 	.db #0x0f	; 15
      0001EE 00                     550 	.db #0x00	; 0
      0001EF 0F                     551 	.db #0x0f	; 15
      0001F0 00                     552 	.db #0x00	; 0
      0001F1 0F                     553 	.db #0x0f	; 15
      0001F2 00                     554 	.db #0x00	; 0
      0001F3 0F                     555 	.db #0x0f	; 15
      0001F4 00                     556 	.db #0x00	; 0
      0001F5 0F                     557 	.db #0x0f	; 15
      0001F6 00                     558 	.db #0x00	; 0
      0001F7 0F                     559 	.db #0x0f	; 15
      0001F8 0F                     560 	.db #0x0f	; 15
      0001F9 0F                     561 	.db #0x0f	; 15
      0001FA 0F                     562 	.db #0x0f	; 15
      0001FB 0F                     563 	.db #0x0f	; 15
      0001FC 00                     564 	.db #0x00	; 0
      0001FD 0F                     565 	.db #0x0f	; 15
      0001FE 00                     566 	.db #0x00	; 0
      0001FF 0F                     567 	.db #0x0f	; 15
      000200 00                     568 	.db #0x00	; 0
      000201 0F                     569 	.db #0x0f	; 15
      000202 00                     570 	.db #0x00	; 0
      000203 0F                     571 	.db #0x0f	; 15
      000204 00                     572 	.db #0x00	; 0
      000205 F0                     573 	.db #0xf0	; 240
      000206 00                     574 	.db #0x00	; 0
      000207 F0                     575 	.db #0xf0	; 240
      000208 FF                     576 	.db #0xff	; 255
      000209 FF                     577 	.db #0xff	; 255
      00020A FF                     578 	.db #0xff	; 255
      00020B FF                     579 	.db #0xff	; 255
      00020C FF                     580 	.db #0xff	; 255
      00020D FF                     581 	.db #0xff	; 255
      00020E FF                     582 	.db #0xff	; 255
      00020F FF                     583 	.db #0xff	; 255
      000210 FF                     584 	.db #0xff	; 255
      000211 FF                     585 	.db #0xff	; 255
      000212 FF                     586 	.db #0xff	; 255
      000213 FF                     587 	.db #0xff	; 255
      000214 00                     588 	.db #0x00	; 0
      000215 00                     589 	.db #0x00	; 0
      000216 00                     590 	.db #0x00	; 0
      000217 00                     591 	.db #0x00	; 0
      000218 00                     592 	.db #0x00	; 0
      000219 F0                     593 	.db #0xf0	; 240
      00021A 00                     594 	.db #0x00	; 0
      00021B F0                     595 	.db #0xf0	; 240
      00021C FF                     596 	.db #0xff	; 255
      00021D FF                     597 	.db #0xff	; 255
      00021E FF                     598 	.db #0xff	; 255
      00021F FF                     599 	.db #0xff	; 255
      000220 FF                     600 	.db #0xff	; 255
      000221 FF                     601 	.db #0xff	; 255
      000222 FF                     602 	.db #0xff	; 255
      000223 FF                     603 	.db #0xff	; 255
      000224 00                     604 	.db #0x00	; 0
      000225 00                     605 	.db #0x00	; 0
      000226 00                     606 	.db #0x00	; 0
      000227 00                     607 	.db #0x00	; 0
      000228 0F                     608 	.db #0x0f	; 15
      000229 FF                     609 	.db #0xff	; 255
      00022A 0F                     610 	.db #0x0f	; 15
      00022B FF                     611 	.db #0xff	; 255
      00022C FF                     612 	.db #0xff	; 255
      00022D FF                     613 	.db #0xff	; 255
      00022E FF                     614 	.db #0xff	; 255
      00022F FF                     615 	.db #0xff	; 255
      000230 FF                     616 	.db #0xff	; 255
      000231 FF                     617 	.db #0xff	; 255
      000232 FF                     618 	.db #0xff	; 255
      000233 FF                     619 	.db #0xff	; 255
      000234 00                     620 	.db #0x00	; 0
      000235 00                     621 	.db #0x00	; 0
      000236 00                     622 	.db #0x00	; 0
      000237 00                     623 	.db #0x00	; 0
      000238 FF                     624 	.db #0xff	; 255
      000239 FF                     625 	.db #0xff	; 255
      00023A FF                     626 	.db #0xff	; 255
      00023B FF                     627 	.db #0xff	; 255
      00023C F0                     628 	.db #0xf0	; 240
      00023D FF                     629 	.db #0xff	; 255
      00023E F0                     630 	.db #0xf0	; 240
      00023F FF                     631 	.db #0xff	; 255
      000240 F0                     632 	.db #0xf0	; 240
      000241 FF                     633 	.db #0xff	; 255
      000242 F0                     634 	.db #0xf0	; 240
      000243 FF                     635 	.db #0xff	; 255
      000244 00                     636 	.db #0x00	; 0
      000245 00                     637 	.db #0x00	; 0
      000246 00                     638 	.db #0x00	; 0
      000247 00                     639 	.db #0x00	; 0
      000248 00                     640 	.db #0x00	; 0
      000249 0F                     641 	.db #0x0f	; 15
      00024A 00                     642 	.db #0x00	; 0
      00024B 0F                     643 	.db #0x0f	; 15
      00024C 00                     644 	.db #0x00	; 0
      00024D 0F                     645 	.db #0x0f	; 15
      00024E 00                     646 	.db #0x00	; 0
      00024F 0F                     647 	.db #0x0f	; 15
      000250 00                     648 	.db #0x00	; 0
      000251 0F                     649 	.db #0x0f	; 15
      000252 00                     650 	.db #0x00	; 0
      000253 0F                     651 	.db #0x0f	; 15
      000254 00                     652 	.db #0x00	; 0
      000255 FF                     653 	.db #0xff	; 255
      000256 00                     654 	.db #0x00	; 0
      000257 FF                     655 	.db #0xff	; 255
      000258 00                     656 	.db #0x00	; 0
      000259 F0                     657 	.db #0xf0	; 240
      00025A 00                     658 	.db #0x00	; 0
      00025B F0                     659 	.db #0xf0	; 240
      00025C 00                     660 	.db #0x00	; 0
      00025D FF                     661 	.db #0xff	; 255
      00025E 00                     662 	.db #0x00	; 0
      00025F FF                     663 	.db #0xff	; 255
      000260 00                     664 	.db #0x00	; 0
      000261 FF                     665 	.db #0xff	; 255
      000262 00                     666 	.db #0x00	; 0
      000263 FF                     667 	.db #0xff	; 255
      000264 00                     668 	.db #0x00	; 0
      000265 FF                     669 	.db #0xff	; 255
      000266 00                     670 	.db #0x00	; 0
      000267 FF                     671 	.db #0xff	; 255
      000268 00                     672 	.db #0x00	; 0
      000269 00                     673 	.db #0x00	; 0
      00026A 00                     674 	.db #0x00	; 0
      00026B 00                     675 	.db #0x00	; 0
      00026C 00                     676 	.db #0x00	; 0
      00026D FF                     677 	.db #0xff	; 255
      00026E 00                     678 	.db #0x00	; 0
      00026F FF                     679 	.db #0xff	; 255
      000270 00                     680 	.db #0x00	; 0
      000271 FF                     681 	.db #0xff	; 255
      000272 00                     682 	.db #0x00	; 0
      000273 FF                     683 	.db #0xff	; 255
      000274 00                     684 	.db #0x00	; 0
      000275 FF                     685 	.db #0xff	; 255
      000276 00                     686 	.db #0x00	; 0
      000277 FF                     687 	.db #0xff	; 255
      000278                        688 _alert_pattern_map:
      000278 00                     689 	.db #0x00	; 0
      000279 00                     690 	.db #0x00	; 0
      00027A 00                     691 	.db #0x00	; 0
      00027B 00                     692 	.db #0x00	; 0
      00027C 00                     693 	.db #0x00	; 0
      00027D 00                     694 	.db #0x00	; 0
      00027E 00                     695 	.db #0x00	; 0
      00027F 00                     696 	.db #0x00	; 0
      000280 00                     697 	.db #0x00	; 0
      000281 00                     698 	.db #0x00	; 0
      000282 00                     699 	.db #0x00	; 0
      000283 00                     700 	.db #0x00	; 0
      000284 00                     701 	.db #0x00	; 0
      000285 00                     702 	.db #0x00	; 0
      000286 00                     703 	.db #0x00	; 0
      000287 00                     704 	.db #0x00	; 0
      000288 00                     705 	.db #0x00	; 0
      000289 00                     706 	.db #0x00	; 0
      00028A 00                     707 	.db #0x00	; 0
      00028B 00                     708 	.db #0x00	; 0
      00028C 00                     709 	.db #0x00	; 0
      00028D 00                     710 	.db #0x00	; 0
      00028E 00                     711 	.db #0x00	; 0
      00028F 00                     712 	.db #0x00	; 0
      000290 00                     713 	.db #0x00	; 0
      000291 00                     714 	.db #0x00	; 0
      000292 00                     715 	.db #0x00	; 0
      000293 00                     716 	.db #0x00	; 0
      000294 00                     717 	.db #0x00	; 0
      000295 00                     718 	.db #0x00	; 0
      000296 00                     719 	.db #0x00	; 0
      000297 00                     720 	.db #0x00	; 0
      000298 00                     721 	.db #0x00	; 0
      000299 00                     722 	.db #0x00	; 0
      00029A 00                     723 	.db #0x00	; 0
      00029B 00                     724 	.db #0x00	; 0
      00029C 00                     725 	.db #0x00	; 0
      00029D 00                     726 	.db #0x00	; 0
      00029E 00                     727 	.db #0x00	; 0
      00029F 00                     728 	.db #0x00	; 0
      0002A0 00                     729 	.db #0x00	; 0
      0002A1 00                     730 	.db #0x00	; 0
      0002A2 00                     731 	.db #0x00	; 0
      0002A3 00                     732 	.db #0x00	; 0
      0002A4 00                     733 	.db #0x00	; 0
      0002A5 00                     734 	.db #0x00	; 0
      0002A6 00                     735 	.db #0x00	; 0
      0002A7 00                     736 	.db #0x00	; 0
      0002A8 00                     737 	.db #0x00	; 0
      0002A9 00                     738 	.db #0x00	; 0
      0002AA 00                     739 	.db #0x00	; 0
      0002AB 00                     740 	.db #0x00	; 0
      0002AC 00                     741 	.db #0x00	; 0
      0002AD 00                     742 	.db #0x00	; 0
      0002AE 00                     743 	.db #0x00	; 0
      0002AF 00                     744 	.db #0x00	; 0
      0002B0 00                     745 	.db #0x00	; 0
      0002B1 00                     746 	.db #0x00	; 0
      0002B2 00                     747 	.db #0x00	; 0
      0002B3 00                     748 	.db #0x00	; 0
      0002B4 00                     749 	.db #0x00	; 0
      0002B5 00                     750 	.db #0x00	; 0
      0002B6 00                     751 	.db #0x00	; 0
      0002B7 00                     752 	.db #0x00	; 0
      0002B8 00                     753 	.db #0x00	; 0
      0002B9 00                     754 	.db #0x00	; 0
      0002BA 00                     755 	.db #0x00	; 0
      0002BB 00                     756 	.db #0x00	; 0
      0002BC 00                     757 	.db #0x00	; 0
      0002BD 00                     758 	.db #0x00	; 0
      0002BE 00                     759 	.db #0x00	; 0
      0002BF 00                     760 	.db #0x00	; 0
      0002C0 00                     761 	.db #0x00	; 0
      0002C1 00                     762 	.db #0x00	; 0
      0002C2 00                     763 	.db #0x00	; 0
      0002C3 00                     764 	.db #0x00	; 0
      0002C4 00                     765 	.db #0x00	; 0
      0002C5 00                     766 	.db #0x00	; 0
      0002C6 00                     767 	.db #0x00	; 0
      0002C7 00                     768 	.db #0x00	; 0
      0002C8 00                     769 	.db #0x00	; 0
      0002C9 00                     770 	.db #0x00	; 0
      0002CA 00                     771 	.db #0x00	; 0
      0002CB 00                     772 	.db #0x00	; 0
      0002CC 00                     773 	.db #0x00	; 0
      0002CD 00                     774 	.db #0x00	; 0
      0002CE 00                     775 	.db #0x00	; 0
      0002CF 00                     776 	.db #0x00	; 0
      0002D0 01                     777 	.db #0x01	; 1
      0002D1 02                     778 	.db #0x02	; 2
      0002D2 03                     779 	.db #0x03	; 3
      0002D3 00                     780 	.db #0x00	; 0
      0002D4 00                     781 	.db #0x00	; 0
      0002D5 00                     782 	.db #0x00	; 0
      0002D6 00                     783 	.db #0x00	; 0
      0002D7 00                     784 	.db #0x00	; 0
      0002D8 00                     785 	.db #0x00	; 0
      0002D9 00                     786 	.db #0x00	; 0
      0002DA 00                     787 	.db #0x00	; 0
      0002DB 00                     788 	.db #0x00	; 0
      0002DC 00                     789 	.db #0x00	; 0
      0002DD 00                     790 	.db #0x00	; 0
      0002DE 00                     791 	.db #0x00	; 0
      0002DF 00                     792 	.db #0x00	; 0
      0002E0 00                     793 	.db #0x00	; 0
      0002E1 00                     794 	.db #0x00	; 0
      0002E2 00                     795 	.db #0x00	; 0
      0002E3 00                     796 	.db #0x00	; 0
      0002E4 04                     797 	.db #0x04	; 4
      0002E5 05                     798 	.db #0x05	; 5
      0002E6 06                     799 	.db #0x06	; 6
      0002E7 07                     800 	.db #0x07	; 7
      0002E8 00                     801 	.db #0x00	; 0
      0002E9 00                     802 	.db #0x00	; 0
      0002EA 00                     803 	.db #0x00	; 0
      0002EB 00                     804 	.db #0x00	; 0
      0002EC 00                     805 	.db #0x00	; 0
      0002ED 00                     806 	.db #0x00	; 0
      0002EE 00                     807 	.db #0x00	; 0
      0002EF 00                     808 	.db #0x00	; 0
      0002F0 00                     809 	.db #0x00	; 0
      0002F1 00                     810 	.db #0x00	; 0
      0002F2 00                     811 	.db #0x00	; 0
      0002F3 00                     812 	.db #0x00	; 0
      0002F4 00                     813 	.db #0x00	; 0
      0002F5 00                     814 	.db #0x00	; 0
      0002F6 00                     815 	.db #0x00	; 0
      0002F7 08                     816 	.db #0x08	; 8
      0002F8 09                     817 	.db #0x09	; 9
      0002F9 0A                     818 	.db #0x0a	; 10
      0002FA 0B                     819 	.db #0x0b	; 11
      0002FB 0C                     820 	.db #0x0c	; 12
      0002FC 00                     821 	.db #0x00	; 0
      0002FD 00                     822 	.db #0x00	; 0
      0002FE 00                     823 	.db #0x00	; 0
      0002FF 00                     824 	.db #0x00	; 0
      000300 00                     825 	.db #0x00	; 0
      000301 00                     826 	.db #0x00	; 0
      000302 00                     827 	.db #0x00	; 0
      000303 00                     828 	.db #0x00	; 0
      000304 00                     829 	.db #0x00	; 0
      000305 00                     830 	.db #0x00	; 0
      000306 00                     831 	.db #0x00	; 0
      000307 00                     832 	.db #0x00	; 0
      000308 00                     833 	.db #0x00	; 0
      000309 00                     834 	.db #0x00	; 0
      00030A 00                     835 	.db #0x00	; 0
      00030B 0D                     836 	.db #0x0d	; 13
      00030C 0E                     837 	.db #0x0e	; 14
      00030D 0F                     838 	.db #0x0f	; 15
      00030E 10                     839 	.db #0x10	; 16
      00030F 11                     840 	.db #0x11	; 17
      000310 07                     841 	.db #0x07	; 7
      000311 00                     842 	.db #0x00	; 0
      000312 00                     843 	.db #0x00	; 0
      000313 00                     844 	.db #0x00	; 0
      000314 00                     845 	.db #0x00	; 0
      000315 00                     846 	.db #0x00	; 0
      000316 00                     847 	.db #0x00	; 0
      000317 00                     848 	.db #0x00	; 0
      000318 00                     849 	.db #0x00	; 0
      000319 00                     850 	.db #0x00	; 0
      00031A 00                     851 	.db #0x00	; 0
      00031B 00                     852 	.db #0x00	; 0
      00031C 00                     853 	.db #0x00	; 0
      00031D 00                     854 	.db #0x00	; 0
      00031E 08                     855 	.db #0x08	; 8
      00031F 09                     856 	.db #0x09	; 9
      000320 0E                     857 	.db #0x0e	; 14
      000321 12                     858 	.db #0x12	; 18
      000322 13                     859 	.db #0x13	; 19
      000323 0E                     860 	.db #0x0e	; 14
      000324 0C                     861 	.db #0x0c	; 12
      000325 00                     862 	.db #0x00	; 0
      000326 00                     863 	.db #0x00	; 0
      000327 00                     864 	.db #0x00	; 0
      000328 00                     865 	.db #0x00	; 0
      000329 00                     866 	.db #0x00	; 0
      00032A 00                     867 	.db #0x00	; 0
      00032B 00                     868 	.db #0x00	; 0
      00032C 00                     869 	.db #0x00	; 0
      00032D 00                     870 	.db #0x00	; 0
      00032E 00                     871 	.db #0x00	; 0
      00032F 00                     872 	.db #0x00	; 0
      000330 00                     873 	.db #0x00	; 0
      000331 00                     874 	.db #0x00	; 0
      000332 0D                     875 	.db #0x0d	; 13
      000333 0E                     876 	.db #0x0e	; 14
      000334 0E                     877 	.db #0x0e	; 14
      000335 14                     878 	.db #0x14	; 20
      000336 15                     879 	.db #0x15	; 21
      000337 0E                     880 	.db #0x0e	; 14
      000338 11                     881 	.db #0x11	; 17
      000339 07                     882 	.db #0x07	; 7
      00033A 00                     883 	.db #0x00	; 0
      00033B 00                     884 	.db #0x00	; 0
      00033C 00                     885 	.db #0x00	; 0
      00033D 00                     886 	.db #0x00	; 0
      00033E 00                     887 	.db #0x00	; 0
      00033F 00                     888 	.db #0x00	; 0
      000340 00                     889 	.db #0x00	; 0
      000341 00                     890 	.db #0x00	; 0
      000342 00                     891 	.db #0x00	; 0
      000343 00                     892 	.db #0x00	; 0
      000344 00                     893 	.db #0x00	; 0
      000345 16                     894 	.db #0x16	; 22
      000346 09                     895 	.db #0x09	; 9
      000347 0E                     896 	.db #0x0e	; 14
      000348 0E                     897 	.db #0x0e	; 14
      000349 17                     898 	.db #0x17	; 23
      00034A 18                     899 	.db #0x18	; 24
      00034B 0E                     900 	.db #0x0e	; 14
      00034C 0E                     901 	.db #0x0e	; 14
      00034D 19                     902 	.db #0x19	; 25
      00034E 00                     903 	.db #0x00	; 0
      00034F 00                     904 	.db #0x00	; 0
      000350 00                     905 	.db #0x00	; 0
      000351 00                     906 	.db #0x00	; 0
      000352 00                     907 	.db #0x00	; 0
      000353 00                     908 	.db #0x00	; 0
      000354 00                     909 	.db #0x00	; 0
      000355 00                     910 	.db #0x00	; 0
      000356 00                     911 	.db #0x00	; 0
      000357 00                     912 	.db #0x00	; 0
      000358 00                     913 	.db #0x00	; 0
      000359 1A                     914 	.db #0x1a	; 26
      00035A 0E                     915 	.db #0x0e	; 14
      00035B 0E                     916 	.db #0x0e	; 14
      00035C 0E                     917 	.db #0x0e	; 14
      00035D 1B                     918 	.db #0x1b	; 27
      00035E 1C                     919 	.db #0x1c	; 28
      00035F 0E                     920 	.db #0x0e	; 14
      000360 0E                     921 	.db #0x0e	; 14
      000361 1D                     922 	.db #0x1d	; 29
      000362 1E                     923 	.db #0x1e	; 30
      000363 00                     924 	.db #0x00	; 0
      000364 00                     925 	.db #0x00	; 0
      000365 00                     926 	.db #0x00	; 0
      000366 00                     927 	.db #0x00	; 0
      000367 00                     928 	.db #0x00	; 0
      000368 00                     929 	.db #0x00	; 0
      000369 00                     930 	.db #0x00	; 0
      00036A 00                     931 	.db #0x00	; 0
      00036B 00                     932 	.db #0x00	; 0
      00036C 00                     933 	.db #0x00	; 0
      00036D 1F                     934 	.db #0x1f	; 31
      00036E 20                     935 	.db #0x20	; 32
      00036F 20                     936 	.db #0x20	; 32
      000370 20                     937 	.db #0x20	; 32
      000371 21                     938 	.db #0x21	; 33
      000372 22                     939 	.db #0x22	; 34
      000373 20                     940 	.db #0x20	; 32
      000374 20                     941 	.db #0x20	; 32
      000375 23                     942 	.db #0x23	; 35
      000376 24                     943 	.db #0x24	; 36
      000377 00                     944 	.db #0x00	; 0
      000378 00                     945 	.db #0x00	; 0
      000379 00                     946 	.db #0x00	; 0
      00037A 00                     947 	.db #0x00	; 0
      00037B 00                     948 	.db #0x00	; 0
      00037C 00                     949 	.db #0x00	; 0
      00037D 00                     950 	.db #0x00	; 0
      00037E 00                     951 	.db #0x00	; 0
      00037F 00                     952 	.db #0x00	; 0
      000380 00                     953 	.db #0x00	; 0
      000381 25                     954 	.db #0x25	; 37
      000382 26                     955 	.db #0x26	; 38
      000383 26                     956 	.db #0x26	; 38
      000384 26                     957 	.db #0x26	; 38
      000385 26                     958 	.db #0x26	; 38
      000386 26                     959 	.db #0x26	; 38
      000387 26                     960 	.db #0x26	; 38
      000388 26                     961 	.db #0x26	; 38
      000389 26                     962 	.db #0x26	; 38
      00038A 00                     963 	.db #0x00	; 0
      00038B 00                     964 	.db #0x00	; 0
      00038C 00                     965 	.db #0x00	; 0
      00038D 00                     966 	.db #0x00	; 0
      00038E 00                     967 	.db #0x00	; 0
      00038F 00                     968 	.db #0x00	; 0
      000390 00                     969 	.db #0x00	; 0
      000391 00                     970 	.db #0x00	; 0
      000392 00                     971 	.db #0x00	; 0
      000393 00                     972 	.db #0x00	; 0
      000394 00                     973 	.db #0x00	; 0
      000395 00                     974 	.db #0x00	; 0
      000396 00                     975 	.db #0x00	; 0
      000397 00                     976 	.db #0x00	; 0
      000398 00                     977 	.db #0x00	; 0
      000399 00                     978 	.db #0x00	; 0
      00039A 00                     979 	.db #0x00	; 0
      00039B 00                     980 	.db #0x00	; 0
      00039C 00                     981 	.db #0x00	; 0
      00039D 00                     982 	.db #0x00	; 0
      00039E 00                     983 	.db #0x00	; 0
      00039F 00                     984 	.db #0x00	; 0
      0003A0 00                     985 	.db #0x00	; 0
      0003A1 00                     986 	.db #0x00	; 0
      0003A2 00                     987 	.db #0x00	; 0
      0003A3 00                     988 	.db #0x00	; 0
      0003A4 00                     989 	.db #0x00	; 0
      0003A5 00                     990 	.db #0x00	; 0
      0003A6 00                     991 	.db #0x00	; 0
      0003A7 00                     992 	.db #0x00	; 0
      0003A8 00                     993 	.db #0x00	; 0
      0003A9 00                     994 	.db #0x00	; 0
      0003AA 00                     995 	.db #0x00	; 0
      0003AB 00                     996 	.db #0x00	; 0
      0003AC 00                     997 	.db #0x00	; 0
      0003AD 00                     998 	.db #0x00	; 0
      0003AE 00                     999 	.db #0x00	; 0
      0003AF 00                    1000 	.db #0x00	; 0
      0003B0 00                    1001 	.db #0x00	; 0
      0003B1 00                    1002 	.db #0x00	; 0
      0003B2 00                    1003 	.db #0x00	; 0
      0003B3 00                    1004 	.db #0x00	; 0
      0003B4 00                    1005 	.db #0x00	; 0
      0003B5 00                    1006 	.db #0x00	; 0
      0003B6 00                    1007 	.db #0x00	; 0
      0003B7 00                    1008 	.db #0x00	; 0
      0003B8 00                    1009 	.db #0x00	; 0
      0003B9 00                    1010 	.db #0x00	; 0
      0003BA 00                    1011 	.db #0x00	; 0
      0003BB 00                    1012 	.db #0x00	; 0
      0003BC 00                    1013 	.db #0x00	; 0
      0003BD 00                    1014 	.db #0x00	; 0
      0003BE 00                    1015 	.db #0x00	; 0
      0003BF 00                    1016 	.db #0x00	; 0
      0003C0 00                    1017 	.db #0x00	; 0
      0003C1 00                    1018 	.db #0x00	; 0
      0003C2 00                    1019 	.db #0x00	; 0
      0003C3 00                    1020 	.db #0x00	; 0
      0003C4 00                    1021 	.db #0x00	; 0
      0003C5 00                    1022 	.db #0x00	; 0
      0003C6 00                    1023 	.db #0x00	; 0
      0003C7 00                    1024 	.db #0x00	; 0
      0003C8 00                    1025 	.db #0x00	; 0
      0003C9 00                    1026 	.db #0x00	; 0
      0003CA 00                    1027 	.db #0x00	; 0
      0003CB 00                    1028 	.db #0x00	; 0
      0003CC 00                    1029 	.db #0x00	; 0
      0003CD 00                    1030 	.db #0x00	; 0
      0003CE 00                    1031 	.db #0x00	; 0
      0003CF 00                    1032 	.db #0x00	; 0
      0003D0 00                    1033 	.db #0x00	; 0
      0003D1 00                    1034 	.db #0x00	; 0
      0003D2 00                    1035 	.db #0x00	; 0
      0003D3 00                    1036 	.db #0x00	; 0
      0003D4 00                    1037 	.db #0x00	; 0
      0003D5 00                    1038 	.db #0x00	; 0
      0003D6 00                    1039 	.db #0x00	; 0
      0003D7 00                    1040 	.db #0x00	; 0
      0003D8 00                    1041 	.db #0x00	; 0
      0003D9 00                    1042 	.db #0x00	; 0
      0003DA 00                    1043 	.db #0x00	; 0
      0003DB 00                    1044 	.db #0x00	; 0
      0003DC 00                    1045 	.db #0x00	; 0
      0003DD 00                    1046 	.db #0x00	; 0
      0003DE 00                    1047 	.db #0x00	; 0
      0003DF 00                    1048 	.db #0x00	; 0
      0003E0                       1049 _alert_pattern_map_attributes:
      0003E0 00                    1050 	.db #0x00	; 0
      0003E1 00                    1051 	.db #0x00	; 0
      0003E2 00                    1052 	.db #0x00	; 0
      0003E3 00                    1053 	.db #0x00	; 0
      0003E4 00                    1054 	.db #0x00	; 0
      0003E5 00                    1055 	.db #0x00	; 0
      0003E6 00                    1056 	.db #0x00	; 0
      0003E7 00                    1057 	.db #0x00	; 0
      0003E8 00                    1058 	.db #0x00	; 0
      0003E9 00                    1059 	.db #0x00	; 0
      0003EA 00                    1060 	.db #0x00	; 0
      0003EB 00                    1061 	.db #0x00	; 0
      0003EC 00                    1062 	.db #0x00	; 0
      0003ED 00                    1063 	.db #0x00	; 0
      0003EE 00                    1064 	.db #0x00	; 0
      0003EF 00                    1065 	.db #0x00	; 0
      0003F0 00                    1066 	.db #0x00	; 0
      0003F1 00                    1067 	.db #0x00	; 0
      0003F2 00                    1068 	.db #0x00	; 0
      0003F3 00                    1069 	.db #0x00	; 0
      0003F4 00                    1070 	.db #0x00	; 0
      0003F5 00                    1071 	.db #0x00	; 0
      0003F6 00                    1072 	.db #0x00	; 0
      0003F7 00                    1073 	.db #0x00	; 0
      0003F8 00                    1074 	.db #0x00	; 0
      0003F9 00                    1075 	.db #0x00	; 0
      0003FA 00                    1076 	.db #0x00	; 0
      0003FB 00                    1077 	.db #0x00	; 0
      0003FC 00                    1078 	.db #0x00	; 0
      0003FD 00                    1079 	.db #0x00	; 0
      0003FE 00                    1080 	.db #0x00	; 0
      0003FF 00                    1081 	.db #0x00	; 0
      000400 00                    1082 	.db #0x00	; 0
      000401 00                    1083 	.db #0x00	; 0
      000402 00                    1084 	.db #0x00	; 0
      000403 00                    1085 	.db #0x00	; 0
      000404 00                    1086 	.db #0x00	; 0
      000405 00                    1087 	.db #0x00	; 0
      000406 00                    1088 	.db #0x00	; 0
      000407 00                    1089 	.db #0x00	; 0
      000408 00                    1090 	.db #0x00	; 0
      000409 00                    1091 	.db #0x00	; 0
      00040A 00                    1092 	.db #0x00	; 0
      00040B 00                    1093 	.db #0x00	; 0
      00040C 00                    1094 	.db #0x00	; 0
      00040D 00                    1095 	.db #0x00	; 0
      00040E 00                    1096 	.db #0x00	; 0
      00040F 00                    1097 	.db #0x00	; 0
      000410 00                    1098 	.db #0x00	; 0
      000411 00                    1099 	.db #0x00	; 0
      000412 00                    1100 	.db #0x00	; 0
      000413 00                    1101 	.db #0x00	; 0
      000414 00                    1102 	.db #0x00	; 0
      000415 00                    1103 	.db #0x00	; 0
      000416 00                    1104 	.db #0x00	; 0
      000417 00                    1105 	.db #0x00	; 0
      000418 00                    1106 	.db #0x00	; 0
      000419 00                    1107 	.db #0x00	; 0
      00041A 00                    1108 	.db #0x00	; 0
      00041B 00                    1109 	.db #0x00	; 0
      00041C 00                    1110 	.db #0x00	; 0
      00041D 00                    1111 	.db #0x00	; 0
      00041E 00                    1112 	.db #0x00	; 0
      00041F 00                    1113 	.db #0x00	; 0
      000420 00                    1114 	.db #0x00	; 0
      000421 00                    1115 	.db #0x00	; 0
      000422 00                    1116 	.db #0x00	; 0
      000423 00                    1117 	.db #0x00	; 0
      000424 00                    1118 	.db #0x00	; 0
      000425 00                    1119 	.db #0x00	; 0
      000426 00                    1120 	.db #0x00	; 0
      000427 00                    1121 	.db #0x00	; 0
      000428 00                    1122 	.db #0x00	; 0
      000429 00                    1123 	.db #0x00	; 0
      00042A 00                    1124 	.db #0x00	; 0
      00042B 00                    1125 	.db #0x00	; 0
      00042C 00                    1126 	.db #0x00	; 0
      00042D 00                    1127 	.db #0x00	; 0
      00042E 00                    1128 	.db #0x00	; 0
      00042F 00                    1129 	.db #0x00	; 0
      000430 00                    1130 	.db #0x00	; 0
      000431 00                    1131 	.db #0x00	; 0
      000432 00                    1132 	.db #0x00	; 0
      000433 00                    1133 	.db #0x00	; 0
      000434 00                    1134 	.db #0x00	; 0
      000435 00                    1135 	.db #0x00	; 0
      000436 00                    1136 	.db #0x00	; 0
      000437 00                    1137 	.db #0x00	; 0
      000438 00                    1138 	.db #0x00	; 0
      000439 00                    1139 	.db #0x00	; 0
      00043A 00                    1140 	.db #0x00	; 0
      00043B 00                    1141 	.db #0x00	; 0
      00043C 00                    1142 	.db #0x00	; 0
      00043D 00                    1143 	.db #0x00	; 0
      00043E 00                    1144 	.db #0x00	; 0
      00043F 00                    1145 	.db #0x00	; 0
      000440 00                    1146 	.db #0x00	; 0
      000441 00                    1147 	.db #0x00	; 0
      000442 00                    1148 	.db #0x00	; 0
      000443 00                    1149 	.db #0x00	; 0
      000444 00                    1150 	.db #0x00	; 0
      000445 00                    1151 	.db #0x00	; 0
      000446 00                    1152 	.db #0x00	; 0
      000447 00                    1153 	.db #0x00	; 0
      000448 00                    1154 	.db #0x00	; 0
      000449 00                    1155 	.db #0x00	; 0
      00044A 00                    1156 	.db #0x00	; 0
      00044B 00                    1157 	.db #0x00	; 0
      00044C 00                    1158 	.db #0x00	; 0
      00044D 00                    1159 	.db #0x00	; 0
      00044E 00                    1160 	.db #0x00	; 0
      00044F 00                    1161 	.db #0x00	; 0
      000450 00                    1162 	.db #0x00	; 0
      000451 00                    1163 	.db #0x00	; 0
      000452 00                    1164 	.db #0x00	; 0
      000453 00                    1165 	.db #0x00	; 0
      000454 00                    1166 	.db #0x00	; 0
      000455 00                    1167 	.db #0x00	; 0
      000456 00                    1168 	.db #0x00	; 0
      000457 00                    1169 	.db #0x00	; 0
      000458 00                    1170 	.db #0x00	; 0
      000459 00                    1171 	.db #0x00	; 0
      00045A 00                    1172 	.db #0x00	; 0
      00045B 00                    1173 	.db #0x00	; 0
      00045C 00                    1174 	.db #0x00	; 0
      00045D 00                    1175 	.db #0x00	; 0
      00045E 00                    1176 	.db #0x00	; 0
      00045F 00                    1177 	.db #0x00	; 0
      000460 00                    1178 	.db #0x00	; 0
      000461 00                    1179 	.db #0x00	; 0
      000462 00                    1180 	.db #0x00	; 0
      000463 00                    1181 	.db #0x00	; 0
      000464 00                    1182 	.db #0x00	; 0
      000465 00                    1183 	.db #0x00	; 0
      000466 00                    1184 	.db #0x00	; 0
      000467 00                    1185 	.db #0x00	; 0
      000468 00                    1186 	.db #0x00	; 0
      000469 00                    1187 	.db #0x00	; 0
      00046A 00                    1188 	.db #0x00	; 0
      00046B 00                    1189 	.db #0x00	; 0
      00046C 00                    1190 	.db #0x00	; 0
      00046D 00                    1191 	.db #0x00	; 0
      00046E 00                    1192 	.db #0x00	; 0
      00046F 00                    1193 	.db #0x00	; 0
      000470 00                    1194 	.db #0x00	; 0
      000471 00                    1195 	.db #0x00	; 0
      000472 00                    1196 	.db #0x00	; 0
      000473 00                    1197 	.db #0x00	; 0
      000474 00                    1198 	.db #0x00	; 0
      000475 00                    1199 	.db #0x00	; 0
      000476 00                    1200 	.db #0x00	; 0
      000477 00                    1201 	.db #0x00	; 0
      000478 00                    1202 	.db #0x00	; 0
      000479 00                    1203 	.db #0x00	; 0
      00047A 00                    1204 	.db #0x00	; 0
      00047B 00                    1205 	.db #0x00	; 0
      00047C 00                    1206 	.db #0x00	; 0
      00047D 00                    1207 	.db #0x00	; 0
      00047E 00                    1208 	.db #0x00	; 0
      00047F 00                    1209 	.db #0x00	; 0
      000480 00                    1210 	.db #0x00	; 0
      000481 00                    1211 	.db #0x00	; 0
      000482 00                    1212 	.db #0x00	; 0
      000483 00                    1213 	.db #0x00	; 0
      000484 00                    1214 	.db #0x00	; 0
      000485 00                    1215 	.db #0x00	; 0
      000486 00                    1216 	.db #0x00	; 0
      000487 00                    1217 	.db #0x00	; 0
      000488 00                    1218 	.db #0x00	; 0
      000489 00                    1219 	.db #0x00	; 0
      00048A 00                    1220 	.db #0x00	; 0
      00048B 00                    1221 	.db #0x00	; 0
      00048C 00                    1222 	.db #0x00	; 0
      00048D 00                    1223 	.db #0x00	; 0
      00048E 00                    1224 	.db #0x00	; 0
      00048F 00                    1225 	.db #0x00	; 0
      000490 00                    1226 	.db #0x00	; 0
      000491 00                    1227 	.db #0x00	; 0
      000492 00                    1228 	.db #0x00	; 0
      000493 00                    1229 	.db #0x00	; 0
      000494 00                    1230 	.db #0x00	; 0
      000495 00                    1231 	.db #0x00	; 0
      000496 00                    1232 	.db #0x00	; 0
      000497 00                    1233 	.db #0x00	; 0
      000498 00                    1234 	.db #0x00	; 0
      000499 00                    1235 	.db #0x00	; 0
      00049A 00                    1236 	.db #0x00	; 0
      00049B 00                    1237 	.db #0x00	; 0
      00049C 00                    1238 	.db #0x00	; 0
      00049D 00                    1239 	.db #0x00	; 0
      00049E 00                    1240 	.db #0x00	; 0
      00049F 00                    1241 	.db #0x00	; 0
      0004A0 00                    1242 	.db #0x00	; 0
      0004A1 00                    1243 	.db #0x00	; 0
      0004A2 00                    1244 	.db #0x00	; 0
      0004A3 00                    1245 	.db #0x00	; 0
      0004A4 00                    1246 	.db #0x00	; 0
      0004A5 00                    1247 	.db #0x00	; 0
      0004A6 00                    1248 	.db #0x00	; 0
      0004A7 00                    1249 	.db #0x00	; 0
      0004A8 00                    1250 	.db #0x00	; 0
      0004A9 00                    1251 	.db #0x00	; 0
      0004AA 00                    1252 	.db #0x00	; 0
      0004AB 00                    1253 	.db #0x00	; 0
      0004AC 00                    1254 	.db #0x00	; 0
      0004AD 00                    1255 	.db #0x00	; 0
      0004AE 00                    1256 	.db #0x00	; 0
      0004AF 00                    1257 	.db #0x00	; 0
      0004B0 00                    1258 	.db #0x00	; 0
      0004B1 00                    1259 	.db #0x00	; 0
      0004B2 00                    1260 	.db #0x00	; 0
      0004B3 00                    1261 	.db #0x00	; 0
      0004B4 00                    1262 	.db #0x00	; 0
      0004B5 00                    1263 	.db #0x00	; 0
      0004B6 00                    1264 	.db #0x00	; 0
      0004B7 00                    1265 	.db #0x00	; 0
      0004B8 00                    1266 	.db #0x00	; 0
      0004B9 00                    1267 	.db #0x00	; 0
      0004BA 00                    1268 	.db #0x00	; 0
      0004BB 00                    1269 	.db #0x00	; 0
      0004BC 00                    1270 	.db #0x00	; 0
      0004BD 00                    1271 	.db #0x00	; 0
      0004BE 00                    1272 	.db #0x00	; 0
      0004BF 00                    1273 	.db #0x00	; 0
      0004C0 00                    1274 	.db #0x00	; 0
      0004C1 00                    1275 	.db #0x00	; 0
      0004C2 00                    1276 	.db #0x00	; 0
      0004C3 00                    1277 	.db #0x00	; 0
      0004C4 00                    1278 	.db #0x00	; 0
      0004C5 00                    1279 	.db #0x00	; 0
      0004C6 00                    1280 	.db #0x00	; 0
      0004C7 00                    1281 	.db #0x00	; 0
      0004C8 00                    1282 	.db #0x00	; 0
      0004C9 00                    1283 	.db #0x00	; 0
      0004CA 00                    1284 	.db #0x00	; 0
      0004CB 00                    1285 	.db #0x00	; 0
      0004CC 00                    1286 	.db #0x00	; 0
      0004CD 00                    1287 	.db #0x00	; 0
      0004CE 00                    1288 	.db #0x00	; 0
      0004CF 00                    1289 	.db #0x00	; 0
      0004D0 00                    1290 	.db #0x00	; 0
      0004D1 00                    1291 	.db #0x00	; 0
      0004D2 00                    1292 	.db #0x00	; 0
      0004D3 00                    1293 	.db #0x00	; 0
      0004D4 00                    1294 	.db #0x00	; 0
      0004D5 00                    1295 	.db #0x00	; 0
      0004D6 00                    1296 	.db #0x00	; 0
      0004D7 00                    1297 	.db #0x00	; 0
      0004D8 00                    1298 	.db #0x00	; 0
      0004D9 00                    1299 	.db #0x00	; 0
      0004DA 00                    1300 	.db #0x00	; 0
      0004DB 00                    1301 	.db #0x00	; 0
      0004DC 00                    1302 	.db #0x00	; 0
      0004DD 00                    1303 	.db #0x00	; 0
      0004DE 00                    1304 	.db #0x00	; 0
      0004DF 00                    1305 	.db #0x00	; 0
      0004E0 00                    1306 	.db #0x00	; 0
      0004E1 00                    1307 	.db #0x00	; 0
      0004E2 00                    1308 	.db #0x00	; 0
      0004E3 00                    1309 	.db #0x00	; 0
      0004E4 00                    1310 	.db #0x00	; 0
      0004E5 00                    1311 	.db #0x00	; 0
      0004E6 00                    1312 	.db #0x00	; 0
      0004E7 00                    1313 	.db #0x00	; 0
      0004E8 00                    1314 	.db #0x00	; 0
      0004E9 00                    1315 	.db #0x00	; 0
      0004EA 00                    1316 	.db #0x00	; 0
      0004EB 00                    1317 	.db #0x00	; 0
      0004EC 00                    1318 	.db #0x00	; 0
      0004ED 00                    1319 	.db #0x00	; 0
      0004EE 00                    1320 	.db #0x00	; 0
      0004EF 00                    1321 	.db #0x00	; 0
      0004F0 00                    1322 	.db #0x00	; 0
      0004F1 00                    1323 	.db #0x00	; 0
      0004F2 00                    1324 	.db #0x00	; 0
      0004F3 00                    1325 	.db #0x00	; 0
      0004F4 00                    1326 	.db #0x00	; 0
      0004F5 00                    1327 	.db #0x00	; 0
      0004F6 00                    1328 	.db #0x00	; 0
      0004F7 00                    1329 	.db #0x00	; 0
      0004F8 00                    1330 	.db #0x00	; 0
      0004F9 00                    1331 	.db #0x00	; 0
      0004FA 00                    1332 	.db #0x00	; 0
      0004FB 00                    1333 	.db #0x00	; 0
      0004FC 00                    1334 	.db #0x00	; 0
      0004FD 00                    1335 	.db #0x00	; 0
      0004FE 00                    1336 	.db #0x00	; 0
      0004FF 00                    1337 	.db #0x00	; 0
      000500 00                    1338 	.db #0x00	; 0
      000501 00                    1339 	.db #0x00	; 0
      000502 00                    1340 	.db #0x00	; 0
      000503 00                    1341 	.db #0x00	; 0
      000504 00                    1342 	.db #0x00	; 0
      000505 00                    1343 	.db #0x00	; 0
      000506 00                    1344 	.db #0x00	; 0
      000507 00                    1345 	.db #0x00	; 0
      000508 00                    1346 	.db #0x00	; 0
      000509 00                    1347 	.db #0x00	; 0
      00050A 00                    1348 	.db #0x00	; 0
      00050B 00                    1349 	.db #0x00	; 0
      00050C 00                    1350 	.db #0x00	; 0
      00050D 00                    1351 	.db #0x00	; 0
      00050E 00                    1352 	.db #0x00	; 0
      00050F 00                    1353 	.db #0x00	; 0
      000510 00                    1354 	.db #0x00	; 0
      000511 00                    1355 	.db #0x00	; 0
      000512 00                    1356 	.db #0x00	; 0
      000513 00                    1357 	.db #0x00	; 0
      000514 00                    1358 	.db #0x00	; 0
      000515 00                    1359 	.db #0x00	; 0
      000516 00                    1360 	.db #0x00	; 0
      000517 00                    1361 	.db #0x00	; 0
      000518 00                    1362 	.db #0x00	; 0
      000519 00                    1363 	.db #0x00	; 0
      00051A 00                    1364 	.db #0x00	; 0
      00051B 00                    1365 	.db #0x00	; 0
      00051C 00                    1366 	.db #0x00	; 0
      00051D 00                    1367 	.db #0x00	; 0
      00051E 00                    1368 	.db #0x00	; 0
      00051F 00                    1369 	.db #0x00	; 0
      000520 00                    1370 	.db #0x00	; 0
      000521 00                    1371 	.db #0x00	; 0
      000522 00                    1372 	.db #0x00	; 0
      000523 00                    1373 	.db #0x00	; 0
      000524 00                    1374 	.db #0x00	; 0
      000525 00                    1375 	.db #0x00	; 0
      000526 00                    1376 	.db #0x00	; 0
      000527 00                    1377 	.db #0x00	; 0
      000528 00                    1378 	.db #0x00	; 0
      000529 00                    1379 	.db #0x00	; 0
      00052A 00                    1380 	.db #0x00	; 0
      00052B 00                    1381 	.db #0x00	; 0
      00052C 00                    1382 	.db #0x00	; 0
      00052D 00                    1383 	.db #0x00	; 0
      00052E 00                    1384 	.db #0x00	; 0
      00052F 00                    1385 	.db #0x00	; 0
      000530 00                    1386 	.db #0x00	; 0
      000531 00                    1387 	.db #0x00	; 0
      000532 00                    1388 	.db #0x00	; 0
      000533 00                    1389 	.db #0x00	; 0
      000534 00                    1390 	.db #0x00	; 0
      000535 00                    1391 	.db #0x00	; 0
      000536 00                    1392 	.db #0x00	; 0
      000537 00                    1393 	.db #0x00	; 0
      000538 00                    1394 	.db #0x00	; 0
      000539 00                    1395 	.db #0x00	; 0
      00053A 00                    1396 	.db #0x00	; 0
      00053B 00                    1397 	.db #0x00	; 0
      00053C 00                    1398 	.db #0x00	; 0
      00053D 00                    1399 	.db #0x00	; 0
      00053E 00                    1400 	.db #0x00	; 0
      00053F 00                    1401 	.db #0x00	; 0
      000540 00                    1402 	.db #0x00	; 0
      000541 00                    1403 	.db #0x00	; 0
      000542 00                    1404 	.db #0x00	; 0
      000543 00                    1405 	.db #0x00	; 0
      000544 00                    1406 	.db #0x00	; 0
      000545 00                    1407 	.db #0x00	; 0
      000546 00                    1408 	.db #0x00	; 0
      000547 00                    1409 	.db #0x00	; 0
                                   1410 	.area _INITIALIZER
                                   1411 	.area _CABS (ABS)
