                                      1 ;--------------------------------------------------------
                                      2 ; File Created by SDCC : free open source ANSI-C Compiler
                                      3 ; Version 4.1.6 #12539 (MINGW32)
                                      4 ;--------------------------------------------------------
                                      5 	.module button_tiles
                                      6 	.optsdcc -mgbz80
                                      7 	
                                      8 ;--------------------------------------------------------
                                      9 ; Public variables in this module
                                     10 ;--------------------------------------------------------
                                     11 	.globl _BUTTONS
                                     12 	.globl b___func_BUTTONS
                                     13 	.globl ___func_BUTTONS
                                     14 ;--------------------------------------------------------
                                     15 ; special function registers
                                     16 ;--------------------------------------------------------
                                     17 ;--------------------------------------------------------
                                     18 ; ram data
                                     19 ;--------------------------------------------------------
                                     20 	.area _DATA
                                     21 ;--------------------------------------------------------
                                     22 ; ram data
                                     23 ;--------------------------------------------------------
                                     24 	.area _INITIALIZED
                                     25 ;--------------------------------------------------------
                                     26 ; absolute external ram data
                                     27 ;--------------------------------------------------------
                                     28 	.area _DABS (ABS)
                                     29 ;--------------------------------------------------------
                                     30 ; global & static initialisations
                                     31 ;--------------------------------------------------------
                                     32 	.area _HOME
                                     33 	.area _GSINIT
                                     34 	.area _GSFINAL
                                     35 	.area _GSINIT
                                     36 ;--------------------------------------------------------
                                     37 ; Home
                                     38 ;--------------------------------------------------------
                                     39 	.area _HOME
                                     40 	.area _HOME
                                     41 ;--------------------------------------------------------
                                     42 ; code
                                     43 ;--------------------------------------------------------
                                     44 	.area _CODE_2
                                     45 ;src/gfx/button_tiles.c:9: BANKREF(BUTTONS)
                                     46 ;	---------------------------------
                                     47 ; Function __func_BUTTONS
                                     48 ; ---------------------------------
                           000002    49 	b___func_BUTTONS	= 2
      000000                         50 ___func_BUTTONS::
                                     51 	.local b___func_BUTTONS 
                           000002    52 	___bank_BUTTONS = b___func_BUTTONS 
                                     53 	.globl ___bank_BUTTONS 
                                     54 	.area _CODE_2
      000000                         55 _BUTTONS:
      000000 00                      56 	.db #0x00	; 0
      000001 00                      57 	.db #0x00	; 0
      000002 00                      58 	.db #0x00	; 0
      000003 00                      59 	.db #0x00	; 0
      000004 00                      60 	.db #0x00	; 0
      000005 00                      61 	.db #0x00	; 0
      000006 00                      62 	.db #0x00	; 0
      000007 00                      63 	.db #0x00	; 0
      000008 00                      64 	.db #0x00	; 0
      000009 00                      65 	.db #0x00	; 0
      00000A 00                      66 	.db #0x00	; 0
      00000B 00                      67 	.db #0x00	; 0
      00000C 00                      68 	.db #0x00	; 0
      00000D 00                      69 	.db #0x00	; 0
      00000E 00                      70 	.db #0x00	; 0
      00000F 00                      71 	.db #0x00	; 0
      000010 00                      72 	.db #0x00	; 0
      000011 00                      73 	.db #0x00	; 0
      000012 00                      74 	.db #0x00	; 0
      000013 00                      75 	.db #0x00	; 0
      000014 03                      76 	.db #0x03	; 3
      000015 03                      77 	.db #0x03	; 3
      000016 03                      78 	.db #0x03	; 3
      000017 03                      79 	.db #0x03	; 3
      000018 03                      80 	.db #0x03	; 3
      000019 03                      81 	.db #0x03	; 3
      00001A 03                      82 	.db #0x03	; 3
      00001B 03                      83 	.db #0x03	; 3
      00001C 0F                      84 	.db #0x0f	; 15
      00001D 0F                      85 	.db #0x0f	; 15
      00001E 0F                      86 	.db #0x0f	; 15
      00001F 0F                      87 	.db #0x0f	; 15
      000020 00                      88 	.db #0x00	; 0
      000021 00                      89 	.db #0x00	; 0
      000022 00                      90 	.db #0x00	; 0
      000023 00                      91 	.db #0x00	; 0
      000024 E0                      92 	.db #0xe0	; 224
      000025 E0                      93 	.db #0xe0	; 224
      000026 E0                      94 	.db #0xe0	; 224
      000027 E0                      95 	.db #0xe0	; 224
      000028 E0                      96 	.db #0xe0	; 224
      000029 E0                      97 	.db #0xe0	; 224
      00002A E0                      98 	.db #0xe0	; 224
      00002B E0                      99 	.db #0xe0	; 224
      00002C F8                     100 	.db #0xf8	; 248
      00002D F8                     101 	.db #0xf8	; 248
      00002E F8                     102 	.db #0xf8	; 248
      00002F F8                     103 	.db #0xf8	; 248
      000030 00                     104 	.db #0x00	; 0
      000031 00                     105 	.db #0x00	; 0
      000032 00                     106 	.db #0x00	; 0
      000033 00                     107 	.db #0x00	; 0
      000034 00                     108 	.db #0x00	; 0
      000035 00                     109 	.db #0x00	; 0
      000036 00                     110 	.db #0x00	; 0
      000037 00                     111 	.db #0x00	; 0
      000038 00                     112 	.db #0x00	; 0
      000039 00                     113 	.db #0x00	; 0
      00003A 00                     114 	.db #0x00	; 0
      00003B 00                     115 	.db #0x00	; 0
      00003C 00                     116 	.db #0x00	; 0
      00003D 00                     117 	.db #0x00	; 0
      00003E 00                     118 	.db #0x00	; 0
      00003F 00                     119 	.db #0x00	; 0
      000040 00                     120 	.db #0x00	; 0
      000041 00                     121 	.db #0x00	; 0
      000042 00                     122 	.db #0x00	; 0
      000043 00                     123 	.db #0x00	; 0
      000044 00                     124 	.db #0x00	; 0
      000045 00                     125 	.db #0x00	; 0
      000046 00                     126 	.db #0x00	; 0
      000047 00                     127 	.db #0x00	; 0
      000048 00                     128 	.db #0x00	; 0
      000049 00                     129 	.db #0x00	; 0
      00004A 00                     130 	.db #0x00	; 0
      00004B 00                     131 	.db #0x00	; 0
      00004C 00                     132 	.db #0x00	; 0
      00004D 00                     133 	.db #0x00	; 0
      00004E 00                     134 	.db #0x00	; 0
      00004F 00                     135 	.db #0x00	; 0
      000050 0F                     136 	.db #0x0f	; 15
      000051 0F                     137 	.db #0x0f	; 15
      000052 0F                     138 	.db #0x0f	; 15
      000053 0F                     139 	.db #0x0f	; 15
      000054 0F                     140 	.db #0x0f	; 15
      000055 0F                     141 	.db #0x0f	; 15
      000056 0F                     142 	.db #0x0f	; 15
      000057 0F                     143 	.db #0x0f	; 15
      000058 3F                     144 	.db #0x3f	; 63
      000059 3F                     145 	.db #0x3f	; 63
      00005A 3E                     146 	.db #0x3e	; 62
      00005B 3E                     147 	.db #0x3e	; 62
      00005C 3E                     148 	.db #0x3e	; 62
      00005D 3E                     149 	.db #0x3e	; 62
      00005E 3E                     150 	.db #0x3e	; 62
      00005F 3E                     151 	.db #0x3e	; 62
      000060 F8                     152 	.db #0xf8	; 248
      000061 F8                     153 	.db #0xf8	; 248
      000062 F8                     154 	.db #0xf8	; 248
      000063 F8                     155 	.db #0xf8	; 248
      000064 F8                     156 	.db #0xf8	; 248
      000065 F8                     157 	.db #0xf8	; 248
      000066 F8                     158 	.db #0xf8	; 248
      000067 F8                     159 	.db #0xf8	; 248
      000068 FE                     160 	.db #0xfe	; 254
      000069 FE                     161 	.db #0xfe	; 254
      00006A 3E                     162 	.db #0x3e	; 62
      00006B 3E                     163 	.db #0x3e	; 62
      00006C 3E                     164 	.db #0x3e	; 62
      00006D 3E                     165 	.db #0x3e	; 62
      00006E 3E                     166 	.db #0x3e	; 62
      00006F 3E                     167 	.db #0x3e	; 62
      000070 00                     168 	.db #0x00	; 0
      000071 00                     169 	.db #0x00	; 0
      000072 00                     170 	.db #0x00	; 0
      000073 00                     171 	.db #0x00	; 0
      000074 00                     172 	.db #0x00	; 0
      000075 00                     173 	.db #0x00	; 0
      000076 00                     174 	.db #0x00	; 0
      000077 00                     175 	.db #0x00	; 0
      000078 00                     176 	.db #0x00	; 0
      000079 00                     177 	.db #0x00	; 0
      00007A 00                     178 	.db #0x00	; 0
      00007B 00                     179 	.db #0x00	; 0
      00007C 00                     180 	.db #0x00	; 0
      00007D 00                     181 	.db #0x00	; 0
      00007E 00                     182 	.db #0x00	; 0
      00007F 00                     183 	.db #0x00	; 0
      000080 00                     184 	.db #0x00	; 0
      000081 00                     185 	.db #0x00	; 0
      000082 00                     186 	.db #0x00	; 0
      000083 00                     187 	.db #0x00	; 0
      000084 00                     188 	.db #0x00	; 0
      000085 00                     189 	.db #0x00	; 0
      000086 00                     190 	.db #0x00	; 0
      000087 00                     191 	.db #0x00	; 0
      000088 00                     192 	.db #0x00	; 0
      000089 00                     193 	.db #0x00	; 0
      00008A 00                     194 	.db #0x00	; 0
      00008B 00                     195 	.db #0x00	; 0
      00008C 00                     196 	.db #0x00	; 0
      00008D 00                     197 	.db #0x00	; 0
      00008E 00                     198 	.db #0x00	; 0
      00008F 00                     199 	.db #0x00	; 0
      000090 3E                     200 	.db #0x3e	; 62
      000091 3E                     201 	.db #0x3e	; 62
      000092 3E                     202 	.db #0x3e	; 62
      000093 3E                     203 	.db #0x3e	; 62
      000094 FE                     204 	.db #0xfe	; 254
      000095 FE                     205 	.db #0xfe	; 254
      000096 F8                     206 	.db #0xf8	; 248
      000097 F8                     207 	.db #0xf8	; 248
      000098 FF                     208 	.db #0xff	; 255
      000099 FF                     209 	.db #0xff	; 255
      00009A FF                     210 	.db #0xff	; 255
      00009B FF                     211 	.db #0xff	; 255
      00009C FF                     212 	.db #0xff	; 255
      00009D FF                     213 	.db #0xff	; 255
      00009E FF                     214 	.db #0xff	; 255
      00009F FF                     215 	.db #0xff	; 255
      0000A0 3E                     216 	.db #0x3e	; 62
      0000A1 3E                     217 	.db #0x3e	; 62
      0000A2 3E                     218 	.db #0x3e	; 62
      0000A3 3E                     219 	.db #0x3e	; 62
      0000A4 3F                     220 	.db #0x3f	; 63
      0000A5 3F                     221 	.db #0x3f	; 63
      0000A6 0F                     222 	.db #0x0f	; 15
      0000A7 0F                     223 	.db #0x0f	; 15
      0000A8 FF                     224 	.db #0xff	; 255
      0000A9 FF                     225 	.db #0xff	; 255
      0000AA FF                     226 	.db #0xff	; 255
      0000AB FF                     227 	.db #0xff	; 255
      0000AC FF                     228 	.db #0xff	; 255
      0000AD FF                     229 	.db #0xff	; 255
      0000AE FF                     230 	.db #0xff	; 255
      0000AF FF                     231 	.db #0xff	; 255
      0000B0 00                     232 	.db #0x00	; 0
      0000B1 00                     233 	.db #0x00	; 0
      0000B2 00                     234 	.db #0x00	; 0
      0000B3 00                     235 	.db #0x00	; 0
      0000B4 80                     236 	.db #0x80	; 128
      0000B5 80                     237 	.db #0x80	; 128
      0000B6 80                     238 	.db #0x80	; 128
      0000B7 80                     239 	.db #0x80	; 128
      0000B8 80                     240 	.db #0x80	; 128
      0000B9 80                     241 	.db #0x80	; 128
      0000BA 80                     242 	.db #0x80	; 128
      0000BB 80                     243 	.db #0x80	; 128
      0000BC 80                     244 	.db #0x80	; 128
      0000BD 80                     245 	.db #0x80	; 128
      0000BE 80                     246 	.db #0x80	; 128
      0000BF 80                     247 	.db #0x80	; 128
      0000C0 03                     248 	.db #0x03	; 3
      0000C1 03                     249 	.db #0x03	; 3
      0000C2 03                     250 	.db #0x03	; 3
      0000C3 03                     251 	.db #0x03	; 3
      0000C4 03                     252 	.db #0x03	; 3
      0000C5 03                     253 	.db #0x03	; 3
      0000C6 03                     254 	.db #0x03	; 3
      0000C7 03                     255 	.db #0x03	; 3
      0000C8 03                     256 	.db #0x03	; 3
      0000C9 03                     257 	.db #0x03	; 3
      0000CA 03                     258 	.db #0x03	; 3
      0000CB 03                     259 	.db #0x03	; 3
      0000CC 03                     260 	.db #0x03	; 3
      0000CD 03                     261 	.db #0x03	; 3
      0000CE 00                     262 	.db #0x00	; 0
      0000CF 00                     263 	.db #0x00	; 0
      0000D0 FF                     264 	.db #0xff	; 255
      0000D1 FF                     265 	.db #0xff	; 255
      0000D2 E0                     266 	.db #0xe0	; 224
      0000D3 E0                     267 	.db #0xe0	; 224
      0000D4 E0                     268 	.db #0xe0	; 224
      0000D5 E0                     269 	.db #0xe0	; 224
      0000D6 E0                     270 	.db #0xe0	; 224
      0000D7 E0                     271 	.db #0xe0	; 224
      0000D8 E0                     272 	.db #0xe0	; 224
      0000D9 E0                     273 	.db #0xe0	; 224
      0000DA E0                     274 	.db #0xe0	; 224
      0000DB E0                     275 	.db #0xe0	; 224
      0000DC E0                     276 	.db #0xe0	; 224
      0000DD E0                     277 	.db #0xe0	; 224
      0000DE 00                     278 	.db #0x00	; 0
      0000DF 00                     279 	.db #0x00	; 0
      0000E0 FF                     280 	.db #0xff	; 255
      0000E1 FF                     281 	.db #0xff	; 255
      0000E2 03                     282 	.db #0x03	; 3
      0000E3 03                     283 	.db #0x03	; 3
      0000E4 03                     284 	.db #0x03	; 3
      0000E5 03                     285 	.db #0x03	; 3
      0000E6 03                     286 	.db #0x03	; 3
      0000E7 03                     287 	.db #0x03	; 3
      0000E8 03                     288 	.db #0x03	; 3
      0000E9 03                     289 	.db #0x03	; 3
      0000EA 03                     290 	.db #0x03	; 3
      0000EB 03                     291 	.db #0x03	; 3
      0000EC 03                     292 	.db #0x03	; 3
      0000ED 03                     293 	.db #0x03	; 3
      0000EE 00                     294 	.db #0x00	; 0
      0000EF 00                     295 	.db #0x00	; 0
      0000F0 E0                     296 	.db #0xe0	; 224
      0000F1 E0                     297 	.db #0xe0	; 224
      0000F2 E0                     298 	.db #0xe0	; 224
      0000F3 E0                     299 	.db #0xe0	; 224
      0000F4 E0                     300 	.db #0xe0	; 224
      0000F5 E0                     301 	.db #0xe0	; 224
      0000F6 E0                     302 	.db #0xe0	; 224
      0000F7 E0                     303 	.db #0xe0	; 224
      0000F8 E0                     304 	.db #0xe0	; 224
      0000F9 E0                     305 	.db #0xe0	; 224
      0000FA E0                     306 	.db #0xe0	; 224
      0000FB E0                     307 	.db #0xe0	; 224
      0000FC E0                     308 	.db #0xe0	; 224
      0000FD E0                     309 	.db #0xe0	; 224
      0000FE 00                     310 	.db #0x00	; 0
      0000FF 00                     311 	.db #0x00	; 0
      000100 00                     312 	.db #0x00	; 0
      000101 00                     313 	.db #0x00	; 0
      000102 00                     314 	.db #0x00	; 0
      000103 00                     315 	.db #0x00	; 0
      000104 03                     316 	.db #0x03	; 3
      000105 03                     317 	.db #0x03	; 3
      000106 03                     318 	.db #0x03	; 3
      000107 03                     319 	.db #0x03	; 3
      000108 03                     320 	.db #0x03	; 3
      000109 03                     321 	.db #0x03	; 3
      00010A 03                     322 	.db #0x03	; 3
      00010B 03                     323 	.db #0x03	; 3
      00010C 03                     324 	.db #0x03	; 3
      00010D 03                     325 	.db #0x03	; 3
      00010E 03                     326 	.db #0x03	; 3
      00010F 03                     327 	.db #0x03	; 3
      000110 00                     328 	.db #0x00	; 0
      000111 00                     329 	.db #0x00	; 0
      000112 00                     330 	.db #0x00	; 0
      000113 00                     331 	.db #0x00	; 0
      000114 FF                     332 	.db #0xff	; 255
      000115 FF                     333 	.db #0xff	; 255
      000116 FF                     334 	.db #0xff	; 255
      000117 FF                     335 	.db #0xff	; 255
      000118 FF                     336 	.db #0xff	; 255
      000119 FF                     337 	.db #0xff	; 255
      00011A FF                     338 	.db #0xff	; 255
      00011B FF                     339 	.db #0xff	; 255
      00011C FF                     340 	.db #0xff	; 255
      00011D FF                     341 	.db #0xff	; 255
      00011E E0                     342 	.db #0xe0	; 224
      00011F E0                     343 	.db #0xe0	; 224
      000120 00                     344 	.db #0x00	; 0
      000121 00                     345 	.db #0x00	; 0
      000122 00                     346 	.db #0x00	; 0
      000123 00                     347 	.db #0x00	; 0
      000124 F8                     348 	.db #0xf8	; 248
      000125 F8                     349 	.db #0xf8	; 248
      000126 F8                     350 	.db #0xf8	; 248
      000127 F8                     351 	.db #0xf8	; 248
      000128 FE                     352 	.db #0xfe	; 254
      000129 FE                     353 	.db #0xfe	; 254
      00012A FE                     354 	.db #0xfe	; 254
      00012B FE                     355 	.db #0xfe	; 254
      00012C FF                     356 	.db #0xff	; 255
      00012D FF                     357 	.db #0xff	; 255
      00012E 3F                     358 	.db #0x3f	; 63
      00012F 3F                     359 	.db #0x3f	; 63
      000130 00                     360 	.db #0x00	; 0
      000131 00                     361 	.db #0x00	; 0
      000132 00                     362 	.db #0x00	; 0
      000133 00                     363 	.db #0x00	; 0
      000134 00                     364 	.db #0x00	; 0
      000135 00                     365 	.db #0x00	; 0
      000136 00                     366 	.db #0x00	; 0
      000137 00                     367 	.db #0x00	; 0
      000138 00                     368 	.db #0x00	; 0
      000139 00                     369 	.db #0x00	; 0
      00013A 00                     370 	.db #0x00	; 0
      00013B 00                     371 	.db #0x00	; 0
      00013C 80                     372 	.db #0x80	; 128
      00013D 80                     373 	.db #0x80	; 128
      00013E 80                     374 	.db #0x80	; 128
      00013F 80                     375 	.db #0x80	; 128
      000140 03                     376 	.db #0x03	; 3
      000141 03                     377 	.db #0x03	; 3
      000142 03                     378 	.db #0x03	; 3
      000143 03                     379 	.db #0x03	; 3
      000144 03                     380 	.db #0x03	; 3
      000145 03                     381 	.db #0x03	; 3
      000146 03                     382 	.db #0x03	; 3
      000147 03                     383 	.db #0x03	; 3
      000148 03                     384 	.db #0x03	; 3
      000149 03                     385 	.db #0x03	; 3
      00014A 03                     386 	.db #0x03	; 3
      00014B 03                     387 	.db #0x03	; 3
      00014C 03                     388 	.db #0x03	; 3
      00014D 03                     389 	.db #0x03	; 3
      00014E 03                     390 	.db #0x03	; 3
      00014F 03                     391 	.db #0x03	; 3
      000150 E0                     392 	.db #0xe0	; 224
      000151 E0                     393 	.db #0xe0	; 224
      000152 E0                     394 	.db #0xe0	; 224
      000153 E0                     395 	.db #0xe0	; 224
      000154 E0                     396 	.db #0xe0	; 224
      000155 E0                     397 	.db #0xe0	; 224
      000156 E0                     398 	.db #0xe0	; 224
      000157 E0                     399 	.db #0xe0	; 224
      000158 E0                     400 	.db #0xe0	; 224
      000159 E0                     401 	.db #0xe0	; 224
      00015A E0                     402 	.db #0xe0	; 224
      00015B E0                     403 	.db #0xe0	; 224
      00015C FF                     404 	.db #0xff	; 255
      00015D FF                     405 	.db #0xff	; 255
      00015E FF                     406 	.db #0xff	; 255
      00015F FF                     407 	.db #0xff	; 255
      000160 3F                     408 	.db #0x3f	; 63
      000161 3F                     409 	.db #0x3f	; 63
      000162 0F                     410 	.db #0x0f	; 15
      000163 0F                     411 	.db #0x0f	; 15
      000164 0F                     412 	.db #0x0f	; 15
      000165 0F                     413 	.db #0x0f	; 15
      000166 0F                     414 	.db #0x0f	; 15
      000167 0F                     415 	.db #0x0f	; 15
      000168 3F                     416 	.db #0x3f	; 63
      000169 3F                     417 	.db #0x3f	; 63
      00016A 3F                     418 	.db #0x3f	; 63
      00016B 3F                     419 	.db #0x3f	; 63
      00016C FF                     420 	.db #0xff	; 255
      00016D FF                     421 	.db #0xff	; 255
      00016E FE                     422 	.db #0xfe	; 254
      00016F FE                     423 	.db #0xfe	; 254
      000170 80                     424 	.db #0x80	; 128
      000171 80                     425 	.db #0x80	; 128
      000172 80                     426 	.db #0x80	; 128
      000173 80                     427 	.db #0x80	; 128
      000174 80                     428 	.db #0x80	; 128
      000175 80                     429 	.db #0x80	; 128
      000176 80                     430 	.db #0x80	; 128
      000177 80                     431 	.db #0x80	; 128
      000178 80                     432 	.db #0x80	; 128
      000179 80                     433 	.db #0x80	; 128
      00017A 80                     434 	.db #0x80	; 128
      00017B 80                     435 	.db #0x80	; 128
      00017C 80                     436 	.db #0x80	; 128
      00017D 80                     437 	.db #0x80	; 128
      00017E 00                     438 	.db #0x00	; 0
      00017F 00                     439 	.db #0x00	; 0
      000180 03                     440 	.db #0x03	; 3
      000181 03                     441 	.db #0x03	; 3
      000182 03                     442 	.db #0x03	; 3
      000183 03                     443 	.db #0x03	; 3
      000184 03                     444 	.db #0x03	; 3
      000185 03                     445 	.db #0x03	; 3
      000186 03                     446 	.db #0x03	; 3
      000187 03                     447 	.db #0x03	; 3
      000188 03                     448 	.db #0x03	; 3
      000189 03                     449 	.db #0x03	; 3
      00018A 03                     450 	.db #0x03	; 3
      00018B 03                     451 	.db #0x03	; 3
      00018C 03                     452 	.db #0x03	; 3
      00018D 03                     453 	.db #0x03	; 3
      00018E 03                     454 	.db #0x03	; 3
      00018F 03                     455 	.db #0x03	; 3
      000190 FF                     456 	.db #0xff	; 255
      000191 FF                     457 	.db #0xff	; 255
      000192 FF                     458 	.db #0xff	; 255
      000193 FF                     459 	.db #0xff	; 255
      000194 FF                     460 	.db #0xff	; 255
      000195 FF                     461 	.db #0xff	; 255
      000196 E0                     462 	.db #0xe0	; 224
      000197 E0                     463 	.db #0xe0	; 224
      000198 E0                     464 	.db #0xe0	; 224
      000199 E0                     465 	.db #0xe0	; 224
      00019A E0                     466 	.db #0xe0	; 224
      00019B E0                     467 	.db #0xe0	; 224
      00019C E0                     468 	.db #0xe0	; 224
      00019D E0                     469 	.db #0xe0	; 224
      00019E E0                     470 	.db #0xe0	; 224
      00019F E0                     471 	.db #0xe0	; 224
      0001A0 FF                     472 	.db #0xff	; 255
      0001A1 FF                     473 	.db #0xff	; 255
      0001A2 FF                     474 	.db #0xff	; 255
      0001A3 FF                     475 	.db #0xff	; 255
      0001A4 FF                     476 	.db #0xff	; 255
      0001A5 FF                     477 	.db #0xff	; 255
      0001A6 0F                     478 	.db #0x0f	; 15
      0001A7 0F                     479 	.db #0x0f	; 15
      0001A8 0F                     480 	.db #0x0f	; 15
      0001A9 0F                     481 	.db #0x0f	; 15
      0001AA 03                     482 	.db #0x03	; 3
      0001AB 03                     483 	.db #0x03	; 3
      0001AC 03                     484 	.db #0x03	; 3
      0001AD 03                     485 	.db #0x03	; 3
      0001AE 03                     486 	.db #0x03	; 3
      0001AF 03                     487 	.db #0x03	; 3
      0001B0 80                     488 	.db #0x80	; 128
      0001B1 80                     489 	.db #0x80	; 128
      0001B2 80                     490 	.db #0x80	; 128
      0001B3 80                     491 	.db #0x80	; 128
      0001B4 E0                     492 	.db #0xe0	; 224
      0001B5 E0                     493 	.db #0xe0	; 224
      0001B6 E0                     494 	.db #0xe0	; 224
      0001B7 E0                     495 	.db #0xe0	; 224
      0001B8 E0                     496 	.db #0xe0	; 224
      0001B9 E0                     497 	.db #0xe0	; 224
      0001BA E0                     498 	.db #0xe0	; 224
      0001BB E0                     499 	.db #0xe0	; 224
      0001BC E0                     500 	.db #0xe0	; 224
      0001BD E0                     501 	.db #0xe0	; 224
      0001BE E0                     502 	.db #0xe0	; 224
      0001BF E0                     503 	.db #0xe0	; 224
      0001C0 03                     504 	.db #0x03	; 3
      0001C1 03                     505 	.db #0x03	; 3
      0001C2 03                     506 	.db #0x03	; 3
      0001C3 03                     507 	.db #0x03	; 3
      0001C4 03                     508 	.db #0x03	; 3
      0001C5 03                     509 	.db #0x03	; 3
      0001C6 03                     510 	.db #0x03	; 3
      0001C7 03                     511 	.db #0x03	; 3
      0001C8 03                     512 	.db #0x03	; 3
      0001C9 03                     513 	.db #0x03	; 3
      0001CA 03                     514 	.db #0x03	; 3
      0001CB 03                     515 	.db #0x03	; 3
      0001CC 03                     516 	.db #0x03	; 3
      0001CD 03                     517 	.db #0x03	; 3
      0001CE 00                     518 	.db #0x00	; 0
      0001CF 00                     519 	.db #0x00	; 0
      0001D0 E0                     520 	.db #0xe0	; 224
      0001D1 E0                     521 	.db #0xe0	; 224
      0001D2 E0                     522 	.db #0xe0	; 224
      0001D3 E0                     523 	.db #0xe0	; 224
      0001D4 FF                     524 	.db #0xff	; 255
      0001D5 FF                     525 	.db #0xff	; 255
      0001D6 FF                     526 	.db #0xff	; 255
      0001D7 FF                     527 	.db #0xff	; 255
      0001D8 FF                     528 	.db #0xff	; 255
      0001D9 FF                     529 	.db #0xff	; 255
      0001DA FF                     530 	.db #0xff	; 255
      0001DB FF                     531 	.db #0xff	; 255
      0001DC FF                     532 	.db #0xff	; 255
      0001DD FF                     533 	.db #0xff	; 255
      0001DE 00                     534 	.db #0x00	; 0
      0001DF 00                     535 	.db #0x00	; 0
      0001E0 0F                     536 	.db #0x0f	; 15
      0001E1 0F                     537 	.db #0x0f	; 15
      0001E2 0F                     538 	.db #0x0f	; 15
      0001E3 0F                     539 	.db #0x0f	; 15
      0001E4 FF                     540 	.db #0xff	; 255
      0001E5 FF                     541 	.db #0xff	; 255
      0001E6 FF                     542 	.db #0xff	; 255
      0001E7 FF                     543 	.db #0xff	; 255
      0001E8 FF                     544 	.db #0xff	; 255
      0001E9 FF                     545 	.db #0xff	; 255
      0001EA FE                     546 	.db #0xfe	; 254
      0001EB FE                     547 	.db #0xfe	; 254
      0001EC FE                     548 	.db #0xfe	; 254
      0001ED FE                     549 	.db #0xfe	; 254
      0001EE 00                     550 	.db #0x00	; 0
      0001EF 00                     551 	.db #0x00	; 0
      0001F0 E0                     552 	.db #0xe0	; 224
      0001F1 E0                     553 	.db #0xe0	; 224
      0001F2 E0                     554 	.db #0xe0	; 224
      0001F3 E0                     555 	.db #0xe0	; 224
      0001F4 E0                     556 	.db #0xe0	; 224
      0001F5 E0                     557 	.db #0xe0	; 224
      0001F6 80                     558 	.db #0x80	; 128
      0001F7 80                     559 	.db #0x80	; 128
      0001F8 80                     560 	.db #0x80	; 128
      0001F9 80                     561 	.db #0x80	; 128
      0001FA 00                     562 	.db #0x00	; 0
      0001FB 00                     563 	.db #0x00	; 0
      0001FC 00                     564 	.db #0x00	; 0
      0001FD 00                     565 	.db #0x00	; 0
      0001FE 00                     566 	.db #0x00	; 0
      0001FF 00                     567 	.db #0x00	; 0
      000200 00                     568 	.db #0x00	; 0
      000201 00                     569 	.db #0x00	; 0
      000202 00                     570 	.db #0x00	; 0
      000203 00                     571 	.db #0x00	; 0
      000204 00                     572 	.db #0x00	; 0
      000205 00                     573 	.db #0x00	; 0
      000206 00                     574 	.db #0x00	; 0
      000207 00                     575 	.db #0x00	; 0
      000208 00                     576 	.db #0x00	; 0
      000209 00                     577 	.db #0x00	; 0
      00020A 00                     578 	.db #0x00	; 0
      00020B 00                     579 	.db #0x00	; 0
      00020C 00                     580 	.db #0x00	; 0
      00020D 00                     581 	.db #0x00	; 0
      00020E 00                     582 	.db #0x00	; 0
      00020F 00                     583 	.db #0x00	; 0
      000210 00                     584 	.db #0x00	; 0
      000211 00                     585 	.db #0x00	; 0
      000212 00                     586 	.db #0x00	; 0
      000213 00                     587 	.db #0x00	; 0
      000214 00                     588 	.db #0x00	; 0
      000215 00                     589 	.db #0x00	; 0
      000216 00                     590 	.db #0x00	; 0
      000217 00                     591 	.db #0x00	; 0
      000218 00                     592 	.db #0x00	; 0
      000219 00                     593 	.db #0x00	; 0
      00021A 00                     594 	.db #0x00	; 0
      00021B 00                     595 	.db #0x00	; 0
      00021C 00                     596 	.db #0x00	; 0
      00021D 00                     597 	.db #0x00	; 0
      00021E 00                     598 	.db #0x00	; 0
      00021F 00                     599 	.db #0x00	; 0
      000220 00                     600 	.db #0x00	; 0
      000221 00                     601 	.db #0x00	; 0
      000222 00                     602 	.db #0x00	; 0
      000223 00                     603 	.db #0x00	; 0
      000224 00                     604 	.db #0x00	; 0
      000225 00                     605 	.db #0x00	; 0
      000226 00                     606 	.db #0x00	; 0
      000227 00                     607 	.db #0x00	; 0
      000228 00                     608 	.db #0x00	; 0
      000229 00                     609 	.db #0x00	; 0
      00022A 00                     610 	.db #0x00	; 0
      00022B 00                     611 	.db #0x00	; 0
      00022C 00                     612 	.db #0x00	; 0
      00022D 00                     613 	.db #0x00	; 0
      00022E 00                     614 	.db #0x00	; 0
      00022F 00                     615 	.db #0x00	; 0
      000230 00                     616 	.db #0x00	; 0
      000231 00                     617 	.db #0x00	; 0
      000232 00                     618 	.db #0x00	; 0
      000233 00                     619 	.db #0x00	; 0
      000234 00                     620 	.db #0x00	; 0
      000235 00                     621 	.db #0x00	; 0
      000236 00                     622 	.db #0x00	; 0
      000237 00                     623 	.db #0x00	; 0
      000238 00                     624 	.db #0x00	; 0
      000239 00                     625 	.db #0x00	; 0
      00023A 00                     626 	.db #0x00	; 0
      00023B 00                     627 	.db #0x00	; 0
      00023C 00                     628 	.db #0x00	; 0
      00023D 00                     629 	.db #0x00	; 0
      00023E 00                     630 	.db #0x00	; 0
      00023F 00                     631 	.db #0x00	; 0
      000240 0F                     632 	.db #0x0f	; 15
      000241 0F                     633 	.db #0x0f	; 15
      000242 0F                     634 	.db #0x0f	; 15
      000243 0F                     635 	.db #0x0f	; 15
      000244 3C                     636 	.db #0x3c	; 60
      000245 3C                     637 	.db #0x3c	; 60
      000246 3C                     638 	.db #0x3c	; 60
      000247 3C                     639 	.db #0x3c	; 60
      000248 3C                     640 	.db #0x3c	; 60
      000249 3C                     641 	.db #0x3c	; 60
      00024A 3C                     642 	.db #0x3c	; 60
      00024B 3C                     643 	.db #0x3c	; 60
      00024C 3C                     644 	.db #0x3c	; 60
      00024D 3C                     645 	.db #0x3c	; 60
      00024E 3C                     646 	.db #0x3c	; 60
      00024F 3C                     647 	.db #0x3c	; 60
      000250 F0                     648 	.db #0xf0	; 240
      000251 F0                     649 	.db #0xf0	; 240
      000252 F0                     650 	.db #0xf0	; 240
      000253 F0                     651 	.db #0xf0	; 240
      000254 3C                     652 	.db #0x3c	; 60
      000255 3C                     653 	.db #0x3c	; 60
      000256 3C                     654 	.db #0x3c	; 60
      000257 3C                     655 	.db #0x3c	; 60
      000258 3C                     656 	.db #0x3c	; 60
      000259 3C                     657 	.db #0x3c	; 60
      00025A 3C                     658 	.db #0x3c	; 60
      00025B 3C                     659 	.db #0x3c	; 60
      00025C 00                     660 	.db #0x00	; 0
      00025D 00                     661 	.db #0x00	; 0
      00025E 00                     662 	.db #0x00	; 0
      00025F 00                     663 	.db #0x00	; 0
      000260 00                     664 	.db #0x00	; 0
      000261 00                     665 	.db #0x00	; 0
      000262 00                     666 	.db #0x00	; 0
      000263 00                     667 	.db #0x00	; 0
      000264 03                     668 	.db #0x03	; 3
      000265 03                     669 	.db #0x03	; 3
      000266 03                     670 	.db #0x03	; 3
      000267 03                     671 	.db #0x03	; 3
      000268 3F                     672 	.db #0x3f	; 63
      000269 3F                     673 	.db #0x3f	; 63
      00026A 3F                     674 	.db #0x3f	; 63
      00026B 3F                     675 	.db #0x3f	; 63
      00026C 03                     676 	.db #0x03	; 3
      00026D 03                     677 	.db #0x03	; 3
      00026E 03                     678 	.db #0x03	; 3
      00026F 03                     679 	.db #0x03	; 3
      000270 C0                     680 	.db #0xc0	; 192
      000271 C0                     681 	.db #0xc0	; 192
      000272 C0                     682 	.db #0xc0	; 192
      000273 C0                     683 	.db #0xc0	; 192
      000274 C0                     684 	.db #0xc0	; 192
      000275 C0                     685 	.db #0xc0	; 192
      000276 C0                     686 	.db #0xc0	; 192
      000277 C0                     687 	.db #0xc0	; 192
      000278 C0                     688 	.db #0xc0	; 192
      000279 C0                     689 	.db #0xc0	; 192
      00027A C0                     690 	.db #0xc0	; 192
      00027B C0                     691 	.db #0xc0	; 192
      00027C C0                     692 	.db #0xc0	; 192
      00027D C0                     693 	.db #0xc0	; 192
      00027E C0                     694 	.db #0xc0	; 192
      00027F C0                     695 	.db #0xc0	; 192
      000280 0F                     696 	.db #0x0f	; 15
      000281 0F                     697 	.db #0x0f	; 15
      000282 0F                     698 	.db #0x0f	; 15
      000283 0F                     699 	.db #0x0f	; 15
      000284 00                     700 	.db #0x00	; 0
      000285 00                     701 	.db #0x00	; 0
      000286 00                     702 	.db #0x00	; 0
      000287 00                     703 	.db #0x00	; 0
      000288 3C                     704 	.db #0x3c	; 60
      000289 3C                     705 	.db #0x3c	; 60
      00028A 3C                     706 	.db #0x3c	; 60
      00028B 3C                     707 	.db #0x3c	; 60
      00028C 3C                     708 	.db #0x3c	; 60
      00028D 3C                     709 	.db #0x3c	; 60
      00028E 3C                     710 	.db #0x3c	; 60
      00028F 3C                     711 	.db #0x3c	; 60
      000290 C0                     712 	.db #0xc0	; 192
      000291 C0                     713 	.db #0xc0	; 192
      000292 C0                     714 	.db #0xc0	; 192
      000293 C0                     715 	.db #0xc0	; 192
      000294 F0                     716 	.db #0xf0	; 240
      000295 F0                     717 	.db #0xf0	; 240
      000296 F0                     718 	.db #0xf0	; 240
      000297 F0                     719 	.db #0xf0	; 240
      000298 3C                     720 	.db #0x3c	; 60
      000299 3C                     721 	.db #0x3c	; 60
      00029A 3C                     722 	.db #0x3c	; 60
      00029B 3C                     723 	.db #0x3c	; 60
      00029C 3C                     724 	.db #0x3c	; 60
      00029D 3C                     725 	.db #0x3c	; 60
      00029E 3C                     726 	.db #0x3c	; 60
      00029F 3C                     727 	.db #0x3c	; 60
      0002A0 03                     728 	.db #0x03	; 3
      0002A1 03                     729 	.db #0x03	; 3
      0002A2 03                     730 	.db #0x03	; 3
      0002A3 03                     731 	.db #0x03	; 3
      0002A4 03                     732 	.db #0x03	; 3
      0002A5 03                     733 	.db #0x03	; 3
      0002A6 03                     734 	.db #0x03	; 3
      0002A7 03                     735 	.db #0x03	; 3
      0002A8 03                     736 	.db #0x03	; 3
      0002A9 03                     737 	.db #0x03	; 3
      0002AA 03                     738 	.db #0x03	; 3
      0002AB 03                     739 	.db #0x03	; 3
      0002AC 03                     740 	.db #0x03	; 3
      0002AD 03                     741 	.db #0x03	; 3
      0002AE 03                     742 	.db #0x03	; 3
      0002AF 03                     743 	.db #0x03	; 3
      0002B0 C0                     744 	.db #0xc0	; 192
      0002B1 C0                     745 	.db #0xc0	; 192
      0002B2 C0                     746 	.db #0xc0	; 192
      0002B3 C0                     747 	.db #0xc0	; 192
      0002B4 C0                     748 	.db #0xc0	; 192
      0002B5 C0                     749 	.db #0xc0	; 192
      0002B6 C0                     750 	.db #0xc0	; 192
      0002B7 C0                     751 	.db #0xc0	; 192
      0002B8 C0                     752 	.db #0xc0	; 192
      0002B9 C0                     753 	.db #0xc0	; 192
      0002BA C0                     754 	.db #0xc0	; 192
      0002BB C0                     755 	.db #0xc0	; 192
      0002BC C0                     756 	.db #0xc0	; 192
      0002BD C0                     757 	.db #0xc0	; 192
      0002BE C0                     758 	.db #0xc0	; 192
      0002BF C0                     759 	.db #0xc0	; 192
      0002C0 0F                     760 	.db #0x0f	; 15
      0002C1 0F                     761 	.db #0x0f	; 15
      0002C2 0F                     762 	.db #0x0f	; 15
      0002C3 0F                     763 	.db #0x0f	; 15
      0002C4 00                     764 	.db #0x00	; 0
      0002C5 00                     765 	.db #0x00	; 0
      0002C6 00                     766 	.db #0x00	; 0
      0002C7 00                     767 	.db #0x00	; 0
      0002C8 00                     768 	.db #0x00	; 0
      0002C9 00                     769 	.db #0x00	; 0
      0002CA 00                     770 	.db #0x00	; 0
      0002CB 00                     771 	.db #0x00	; 0
      0002CC 00                     772 	.db #0x00	; 0
      0002CD 00                     773 	.db #0x00	; 0
      0002CE 00                     774 	.db #0x00	; 0
      0002CF 00                     775 	.db #0x00	; 0
      0002D0 F0                     776 	.db #0xf0	; 240
      0002D1 F0                     777 	.db #0xf0	; 240
      0002D2 F0                     778 	.db #0xf0	; 240
      0002D3 F0                     779 	.db #0xf0	; 240
      0002D4 00                     780 	.db #0x00	; 0
      0002D5 00                     781 	.db #0x00	; 0
      0002D6 00                     782 	.db #0x00	; 0
      0002D7 00                     783 	.db #0x00	; 0
      0002D8 00                     784 	.db #0x00	; 0
      0002D9 00                     785 	.db #0x00	; 0
      0002DA 00                     786 	.db #0x00	; 0
      0002DB 00                     787 	.db #0x00	; 0
      0002DC 00                     788 	.db #0x00	; 0
      0002DD 00                     789 	.db #0x00	; 0
      0002DE 00                     790 	.db #0x00	; 0
      0002DF 00                     791 	.db #0x00	; 0
      0002E0 3F                     792 	.db #0x3f	; 63
      0002E1 3F                     793 	.db #0x3f	; 63
      0002E2 3F                     794 	.db #0x3f	; 63
      0002E3 3F                     795 	.db #0x3f	; 63
      0002E4 00                     796 	.db #0x00	; 0
      0002E5 00                     797 	.db #0x00	; 0
      0002E6 00                     798 	.db #0x00	; 0
      0002E7 00                     799 	.db #0x00	; 0
      0002E8 00                     800 	.db #0x00	; 0
      0002E9 00                     801 	.db #0x00	; 0
      0002EA 00                     802 	.db #0x00	; 0
      0002EB 00                     803 	.db #0x00	; 0
      0002EC 00                     804 	.db #0x00	; 0
      0002ED 00                     805 	.db #0x00	; 0
      0002EE 00                     806 	.db #0x00	; 0
      0002EF 00                     807 	.db #0x00	; 0
      0002F0 FC                     808 	.db #0xfc	; 252
      0002F1 FC                     809 	.db #0xfc	; 252
      0002F2 FC                     810 	.db #0xfc	; 252
      0002F3 FC                     811 	.db #0xfc	; 252
      0002F4 00                     812 	.db #0x00	; 0
      0002F5 00                     813 	.db #0x00	; 0
      0002F6 00                     814 	.db #0x00	; 0
      0002F7 00                     815 	.db #0x00	; 0
      0002F8 00                     816 	.db #0x00	; 0
      0002F9 00                     817 	.db #0x00	; 0
      0002FA 00                     818 	.db #0x00	; 0
      0002FB 00                     819 	.db #0x00	; 0
      0002FC 00                     820 	.db #0x00	; 0
      0002FD 00                     821 	.db #0x00	; 0
      0002FE 00                     822 	.db #0x00	; 0
      0002FF 00                     823 	.db #0x00	; 0
      000300 00                     824 	.db #0x00	; 0
      000301 00                     825 	.db #0x00	; 0
      000302 00                     826 	.db #0x00	; 0
      000303 00                     827 	.db #0x00	; 0
      000304 00                     828 	.db #0x00	; 0
      000305 00                     829 	.db #0x00	; 0
      000306 00                     830 	.db #0x00	; 0
      000307 00                     831 	.db #0x00	; 0
      000308 00                     832 	.db #0x00	; 0
      000309 00                     833 	.db #0x00	; 0
      00030A 00                     834 	.db #0x00	; 0
      00030B 00                     835 	.db #0x00	; 0
      00030C 00                     836 	.db #0x00	; 0
      00030D 00                     837 	.db #0x00	; 0
      00030E 00                     838 	.db #0x00	; 0
      00030F 00                     839 	.db #0x00	; 0
      000310 00                     840 	.db #0x00	; 0
      000311 00                     841 	.db #0x00	; 0
      000312 00                     842 	.db #0x00	; 0
      000313 00                     843 	.db #0x00	; 0
      000314 00                     844 	.db #0x00	; 0
      000315 00                     845 	.db #0x00	; 0
      000316 00                     846 	.db #0x00	; 0
      000317 00                     847 	.db #0x00	; 0
      000318 00                     848 	.db #0x00	; 0
      000319 00                     849 	.db #0x00	; 0
      00031A 00                     850 	.db #0x00	; 0
      00031B 00                     851 	.db #0x00	; 0
      00031C 00                     852 	.db #0x00	; 0
      00031D 00                     853 	.db #0x00	; 0
      00031E 00                     854 	.db #0x00	; 0
      00031F 00                     855 	.db #0x00	; 0
      000320 00                     856 	.db #0x00	; 0
      000321 00                     857 	.db #0x00	; 0
      000322 00                     858 	.db #0x00	; 0
      000323 00                     859 	.db #0x00	; 0
      000324 00                     860 	.db #0x00	; 0
      000325 00                     861 	.db #0x00	; 0
      000326 00                     862 	.db #0x00	; 0
      000327 00                     863 	.db #0x00	; 0
      000328 00                     864 	.db #0x00	; 0
      000329 00                     865 	.db #0x00	; 0
      00032A 00                     866 	.db #0x00	; 0
      00032B 00                     867 	.db #0x00	; 0
      00032C 00                     868 	.db #0x00	; 0
      00032D 00                     869 	.db #0x00	; 0
      00032E 00                     870 	.db #0x00	; 0
      00032F 00                     871 	.db #0x00	; 0
      000330 00                     872 	.db #0x00	; 0
      000331 00                     873 	.db #0x00	; 0
      000332 00                     874 	.db #0x00	; 0
      000333 00                     875 	.db #0x00	; 0
      000334 00                     876 	.db #0x00	; 0
      000335 00                     877 	.db #0x00	; 0
      000336 00                     878 	.db #0x00	; 0
      000337 00                     879 	.db #0x00	; 0
      000338 00                     880 	.db #0x00	; 0
      000339 00                     881 	.db #0x00	; 0
      00033A 00                     882 	.db #0x00	; 0
      00033B 00                     883 	.db #0x00	; 0
      00033C 00                     884 	.db #0x00	; 0
      00033D 00                     885 	.db #0x00	; 0
      00033E 00                     886 	.db #0x00	; 0
      00033F 00                     887 	.db #0x00	; 0
      000340 0F                     888 	.db #0x0f	; 15
      000341 0F                     889 	.db #0x0f	; 15
      000342 0F                     890 	.db #0x0f	; 15
      000343 0F                     891 	.db #0x0f	; 15
      000344 3C                     892 	.db #0x3c	; 60
      000345 3C                     893 	.db #0x3c	; 60
      000346 3C                     894 	.db #0x3c	; 60
      000347 3C                     895 	.db #0x3c	; 60
      000348 3C                     896 	.db #0x3c	; 60
      000349 3C                     897 	.db #0x3c	; 60
      00034A 3C                     898 	.db #0x3c	; 60
      00034B 3C                     899 	.db #0x3c	; 60
      00034C 3C                     900 	.db #0x3c	; 60
      00034D 3C                     901 	.db #0x3c	; 60
      00034E 3C                     902 	.db #0x3c	; 60
      00034F 3C                     903 	.db #0x3c	; 60
      000350 F0                     904 	.db #0xf0	; 240
      000351 F0                     905 	.db #0xf0	; 240
      000352 F0                     906 	.db #0xf0	; 240
      000353 F0                     907 	.db #0xf0	; 240
      000354 3C                     908 	.db #0x3c	; 60
      000355 3C                     909 	.db #0x3c	; 60
      000356 3C                     910 	.db #0x3c	; 60
      000357 3C                     911 	.db #0x3c	; 60
      000358 3C                     912 	.db #0x3c	; 60
      000359 3C                     913 	.db #0x3c	; 60
      00035A 3C                     914 	.db #0x3c	; 60
      00035B 3C                     915 	.db #0x3c	; 60
      00035C 00                     916 	.db #0x00	; 0
      00035D 00                     917 	.db #0x00	; 0
      00035E 00                     918 	.db #0x00	; 0
      00035F 00                     919 	.db #0x00	; 0
      000360 0F                     920 	.db #0x0f	; 15
      000361 0F                     921 	.db #0x0f	; 15
      000362 0F                     922 	.db #0x0f	; 15
      000363 0F                     923 	.db #0x0f	; 15
      000364 3C                     924 	.db #0x3c	; 60
      000365 3C                     925 	.db #0x3c	; 60
      000366 3C                     926 	.db #0x3c	; 60
      000367 3C                     927 	.db #0x3c	; 60
      000368 3C                     928 	.db #0x3c	; 60
      000369 3C                     929 	.db #0x3c	; 60
      00036A 3C                     930 	.db #0x3c	; 60
      00036B 3C                     931 	.db #0x3c	; 60
      00036C 00                     932 	.db #0x00	; 0
      00036D 00                     933 	.db #0x00	; 0
      00036E 00                     934 	.db #0x00	; 0
      00036F 00                     935 	.db #0x00	; 0
      000370 F0                     936 	.db #0xf0	; 240
      000371 F0                     937 	.db #0xf0	; 240
      000372 F0                     938 	.db #0xf0	; 240
      000373 F0                     939 	.db #0xf0	; 240
      000374 3C                     940 	.db #0x3c	; 60
      000375 3C                     941 	.db #0x3c	; 60
      000376 3C                     942 	.db #0x3c	; 60
      000377 3C                     943 	.db #0x3c	; 60
      000378 3C                     944 	.db #0x3c	; 60
      000379 3C                     945 	.db #0x3c	; 60
      00037A 3C                     946 	.db #0x3c	; 60
      00037B 3C                     947 	.db #0x3c	; 60
      00037C 3C                     948 	.db #0x3c	; 60
      00037D 3C                     949 	.db #0x3c	; 60
      00037E 3C                     950 	.db #0x3c	; 60
      00037F 3C                     951 	.db #0x3c	; 60
      000380 0F                     952 	.db #0x0f	; 15
      000381 0F                     953 	.db #0x0f	; 15
      000382 0F                     954 	.db #0x0f	; 15
      000383 0F                     955 	.db #0x0f	; 15
      000384 00                     956 	.db #0x00	; 0
      000385 00                     957 	.db #0x00	; 0
      000386 00                     958 	.db #0x00	; 0
      000387 00                     959 	.db #0x00	; 0
      000388 3C                     960 	.db #0x3c	; 60
      000389 3C                     961 	.db #0x3c	; 60
      00038A 3C                     962 	.db #0x3c	; 60
      00038B 3C                     963 	.db #0x3c	; 60
      00038C 3C                     964 	.db #0x3c	; 60
      00038D 3C                     965 	.db #0x3c	; 60
      00038E 3C                     966 	.db #0x3c	; 60
      00038F 3C                     967 	.db #0x3c	; 60
      000390 C0                     968 	.db #0xc0	; 192
      000391 C0                     969 	.db #0xc0	; 192
      000392 C0                     970 	.db #0xc0	; 192
      000393 C0                     971 	.db #0xc0	; 192
      000394 F0                     972 	.db #0xf0	; 240
      000395 F0                     973 	.db #0xf0	; 240
      000396 F0                     974 	.db #0xf0	; 240
      000397 F0                     975 	.db #0xf0	; 240
      000398 3C                     976 	.db #0x3c	; 60
      000399 3C                     977 	.db #0x3c	; 60
      00039A 3C                     978 	.db #0x3c	; 60
      00039B 3C                     979 	.db #0x3c	; 60
      00039C 3C                     980 	.db #0x3c	; 60
      00039D 3C                     981 	.db #0x3c	; 60
      00039E 3C                     982 	.db #0x3c	; 60
      00039F 3C                     983 	.db #0x3c	; 60
      0003A0 00                     984 	.db #0x00	; 0
      0003A1 00                     985 	.db #0x00	; 0
      0003A2 00                     986 	.db #0x00	; 0
      0003A3 00                     987 	.db #0x00	; 0
      0003A4 03                     988 	.db #0x03	; 3
      0003A5 03                     989 	.db #0x03	; 3
      0003A6 03                     990 	.db #0x03	; 3
      0003A7 03                     991 	.db #0x03	; 3
      0003A8 0F                     992 	.db #0x0f	; 15
      0003A9 0F                     993 	.db #0x0f	; 15
      0003AA 0F                     994 	.db #0x0f	; 15
      0003AB 0F                     995 	.db #0x0f	; 15
      0003AC 3C                     996 	.db #0x3c	; 60
      0003AD 3C                     997 	.db #0x3c	; 60
      0003AE 3C                     998 	.db #0x3c	; 60
      0003AF 3C                     999 	.db #0x3c	; 60
      0003B0 F0                    1000 	.db #0xf0	; 240
      0003B1 F0                    1001 	.db #0xf0	; 240
      0003B2 F0                    1002 	.db #0xf0	; 240
      0003B3 F0                    1003 	.db #0xf0	; 240
      0003B4 C0                    1004 	.db #0xc0	; 192
      0003B5 C0                    1005 	.db #0xc0	; 192
      0003B6 C0                    1006 	.db #0xc0	; 192
      0003B7 C0                    1007 	.db #0xc0	; 192
      0003B8 00                    1008 	.db #0x00	; 0
      0003B9 00                    1009 	.db #0x00	; 0
      0003BA 00                    1010 	.db #0x00	; 0
      0003BB 00                    1011 	.db #0x00	; 0
      0003BC 3C                    1012 	.db #0x3c	; 60
      0003BD 3C                    1013 	.db #0x3c	; 60
      0003BE 3C                    1014 	.db #0x3c	; 60
      0003BF 3C                    1015 	.db #0x3c	; 60
      0003C0 0F                    1016 	.db #0x0f	; 15
      0003C1 0F                    1017 	.db #0x0f	; 15
      0003C2 0F                    1018 	.db #0x0f	; 15
      0003C3 0F                    1019 	.db #0x0f	; 15
      0003C4 00                    1020 	.db #0x00	; 0
      0003C5 00                    1021 	.db #0x00	; 0
      0003C6 00                    1022 	.db #0x00	; 0
      0003C7 00                    1023 	.db #0x00	; 0
      0003C8 00                    1024 	.db #0x00	; 0
      0003C9 00                    1025 	.db #0x00	; 0
      0003CA 00                    1026 	.db #0x00	; 0
      0003CB 00                    1027 	.db #0x00	; 0
      0003CC 00                    1028 	.db #0x00	; 0
      0003CD 00                    1029 	.db #0x00	; 0
      0003CE 00                    1030 	.db #0x00	; 0
      0003CF 00                    1031 	.db #0x00	; 0
      0003D0 F0                    1032 	.db #0xf0	; 240
      0003D1 F0                    1033 	.db #0xf0	; 240
      0003D2 F0                    1034 	.db #0xf0	; 240
      0003D3 F0                    1035 	.db #0xf0	; 240
      0003D4 00                    1036 	.db #0x00	; 0
      0003D5 00                    1037 	.db #0x00	; 0
      0003D6 00                    1038 	.db #0x00	; 0
      0003D7 00                    1039 	.db #0x00	; 0
      0003D8 00                    1040 	.db #0x00	; 0
      0003D9 00                    1041 	.db #0x00	; 0
      0003DA 00                    1042 	.db #0x00	; 0
      0003DB 00                    1043 	.db #0x00	; 0
      0003DC 00                    1044 	.db #0x00	; 0
      0003DD 00                    1045 	.db #0x00	; 0
      0003DE 00                    1046 	.db #0x00	; 0
      0003DF 00                    1047 	.db #0x00	; 0
      0003E0 3F                    1048 	.db #0x3f	; 63
      0003E1 3F                    1049 	.db #0x3f	; 63
      0003E2 3F                    1050 	.db #0x3f	; 63
      0003E3 3F                    1051 	.db #0x3f	; 63
      0003E4 00                    1052 	.db #0x00	; 0
      0003E5 00                    1053 	.db #0x00	; 0
      0003E6 00                    1054 	.db #0x00	; 0
      0003E7 00                    1055 	.db #0x00	; 0
      0003E8 00                    1056 	.db #0x00	; 0
      0003E9 00                    1057 	.db #0x00	; 0
      0003EA 00                    1058 	.db #0x00	; 0
      0003EB 00                    1059 	.db #0x00	; 0
      0003EC 00                    1060 	.db #0x00	; 0
      0003ED 00                    1061 	.db #0x00	; 0
      0003EE 00                    1062 	.db #0x00	; 0
      0003EF 00                    1063 	.db #0x00	; 0
      0003F0 FC                    1064 	.db #0xfc	; 252
      0003F1 FC                    1065 	.db #0xfc	; 252
      0003F2 FC                    1066 	.db #0xfc	; 252
      0003F3 FC                    1067 	.db #0xfc	; 252
      0003F4 00                    1068 	.db #0x00	; 0
      0003F5 00                    1069 	.db #0x00	; 0
      0003F6 00                    1070 	.db #0x00	; 0
      0003F7 00                    1071 	.db #0x00	; 0
      0003F8 00                    1072 	.db #0x00	; 0
      0003F9 00                    1073 	.db #0x00	; 0
      0003FA 00                    1074 	.db #0x00	; 0
      0003FB 00                    1075 	.db #0x00	; 0
      0003FC 00                    1076 	.db #0x00	; 0
      0003FD 00                    1077 	.db #0x00	; 0
      0003FE 00                    1078 	.db #0x00	; 0
      0003FF 00                    1079 	.db #0x00	; 0
                                   1080 	.area _INITIALIZER
                                   1081 	.area _CABS (ABS)
