                                      1 ;--------------------------------------------------------
                                      2 ; File Created by SDCC : free open source ANSI-C Compiler
                                      3 ; Version 4.1.6 #12539 (MINGW32)
                                      4 ;--------------------------------------------------------
                                      5 	.module ram_sprite
                                      6 	.optsdcc -mgbz80
                                      7 	
                                      8 ;--------------------------------------------------------
                                      9 ; Public variables in this module
                                     10 ;--------------------------------------------------------
                                     11 	.globl _RAM_SPRITE
                                     12 ;--------------------------------------------------------
                                     13 ; special function registers
                                     14 ;--------------------------------------------------------
                                     15 ;--------------------------------------------------------
                                     16 ; ram data
                                     17 ;--------------------------------------------------------
                                     18 	.area _DATA
                                     19 ;--------------------------------------------------------
                                     20 ; ram data
                                     21 ;--------------------------------------------------------
                                     22 	.area _INITIALIZED
                                     23 ;--------------------------------------------------------
                                     24 ; absolute external ram data
                                     25 ;--------------------------------------------------------
                                     26 	.area _DABS (ABS)
                                     27 ;--------------------------------------------------------
                                     28 ; global & static initialisations
                                     29 ;--------------------------------------------------------
                                     30 	.area _HOME
                                     31 	.area _GSINIT
                                     32 	.area _GSFINAL
                                     33 	.area _GSINIT
                                     34 ;--------------------------------------------------------
                                     35 ; Home
                                     36 ;--------------------------------------------------------
                                     37 	.area _HOME
                                     38 	.area _HOME
                                     39 ;--------------------------------------------------------
                                     40 ; code
                                     41 ;--------------------------------------------------------
                                     42 	.area _CODE_1
                                     43 	.area _CODE_1
      000000                         44 _RAM_SPRITE:
      000000 FF                      45 	.db #0xff	; 255
      000001 FF                      46 	.db #0xff	; 255
      000002 FF                      47 	.db #0xff	; 255
      000003 FF                      48 	.db #0xff	; 255
      000004 FF                      49 	.db #0xff	; 255
      000005 FF                      50 	.db #0xff	; 255
      000006 FF                      51 	.db #0xff	; 255
      000007 00                      52 	.db #0x00	; 0
      000008 FF                      53 	.db #0xff	; 255
      000009 00                      54 	.db #0x00	; 0
      00000A F0                      55 	.db #0xf0	; 240
      00000B 0F                      56 	.db #0x0f	; 15
      00000C F0                      57 	.db #0xf0	; 240
      00000D 0F                      58 	.db #0x0f	; 15
      00000E F0                      59 	.db #0xf0	; 240
      00000F CF                      60 	.db #0xcf	; 207
      000010 FF                      61 	.db #0xff	; 255
      000011 FF                      62 	.db #0xff	; 255
      000012 FF                      63 	.db #0xff	; 255
      000013 FF                      64 	.db #0xff	; 255
      000014 FF                      65 	.db #0xff	; 255
      000015 FF                      66 	.db #0xff	; 255
      000016 FF                      67 	.db #0xff	; 255
      000017 00                      68 	.db #0x00	; 0
      000018 FF                      69 	.db #0xff	; 255
      000019 00                      70 	.db #0x00	; 0
      00001A 01                      71 	.db #0x01	; 1
      00001B FE                      72 	.db #0xfe	; 254
      00001C 01                      73 	.db #0x01	; 1
      00001D FE                      74 	.db #0xfe	; 254
      00001E 01                      75 	.db #0x01	; 1
      00001F FE                      76 	.db #0xfe	; 254
      000020 FF                      77 	.db #0xff	; 255
      000021 FF                      78 	.db #0xff	; 255
      000022 FF                      79 	.db #0xff	; 255
      000023 FF                      80 	.db #0xff	; 255
      000024 FF                      81 	.db #0xff	; 255
      000025 FF                      82 	.db #0xff	; 255
      000026 FF                      83 	.db #0xff	; 255
      000027 00                      84 	.db #0x00	; 0
      000028 FF                      85 	.db #0xff	; 255
      000029 00                      86 	.db #0x00	; 0
      00002A 80                      87 	.db #0x80	; 128
      00002B 7F                      88 	.db #0x7f	; 127
      00002C 80                      89 	.db #0x80	; 128
      00002D 7F                      90 	.db #0x7f	; 127
      00002E 80                      91 	.db #0x80	; 128
      00002F 7F                      92 	.db #0x7f	; 127
      000030 FF                      93 	.db #0xff	; 255
      000031 FF                      94 	.db #0xff	; 255
      000032 FF                      95 	.db #0xff	; 255
      000033 FF                      96 	.db #0xff	; 255
      000034 FF                      97 	.db #0xff	; 255
      000035 FF                      98 	.db #0xff	; 255
      000036 FF                      99 	.db #0xff	; 255
      000037 00                     100 	.db #0x00	; 0
      000038 FF                     101 	.db #0xff	; 255
      000039 00                     102 	.db #0x00	; 0
      00003A 0C                     103 	.db #0x0c	; 12
      00003B F3                     104 	.db #0xf3	; 243
      00003C 0C                     105 	.db #0x0c	; 12
      00003D F3                     106 	.db #0xf3	; 243
      00003E 0C                     107 	.db #0x0c	; 12
      00003F F3                     108 	.db #0xf3	; 243
      000040 FF                     109 	.db #0xff	; 255
      000041 FF                     110 	.db #0xff	; 255
      000042 FF                     111 	.db #0xff	; 255
      000043 FF                     112 	.db #0xff	; 255
      000044 FF                     113 	.db #0xff	; 255
      000045 FF                     114 	.db #0xff	; 255
      000046 FF                     115 	.db #0xff	; 255
      000047 00                     116 	.db #0x00	; 0
      000048 FF                     117 	.db #0xff	; 255
      000049 00                     118 	.db #0x00	; 0
      00004A 00                     119 	.db #0x00	; 0
      00004B FF                     120 	.db #0xff	; 255
      00004C 00                     121 	.db #0x00	; 0
      00004D FF                     122 	.db #0xff	; 255
      00004E 00                     123 	.db #0x00	; 0
      00004F FF                     124 	.db #0xff	; 255
      000050 FF                     125 	.db #0xff	; 255
      000051 FF                     126 	.db #0xff	; 255
      000052 FF                     127 	.db #0xff	; 255
      000053 FF                     128 	.db #0xff	; 255
      000054 FF                     129 	.db #0xff	; 255
      000055 FF                     130 	.db #0xff	; 255
      000056 FF                     131 	.db #0xff	; 255
      000057 00                     132 	.db #0x00	; 0
      000058 FF                     133 	.db #0xff	; 255
      000059 00                     134 	.db #0x00	; 0
      00005A 7F                     135 	.db #0x7f	; 127
      00005B 80                     136 	.db #0x80	; 128
      00005C 7F                     137 	.db #0x7f	; 127
      00005D 80                     138 	.db #0x80	; 128
      00005E 7F                     139 	.db #0x7f	; 127
      00005F 80                     140 	.db #0x80	; 128
      000060 FF                     141 	.db #0xff	; 255
      000061 FF                     142 	.db #0xff	; 255
      000062 FF                     143 	.db #0xff	; 255
      000063 FF                     144 	.db #0xff	; 255
      000064 FF                     145 	.db #0xff	; 255
      000065 FF                     146 	.db #0xff	; 255
      000066 FF                     147 	.db #0xff	; 255
      000067 00                     148 	.db #0x00	; 0
      000068 FF                     149 	.db #0xff	; 255
      000069 00                     150 	.db #0x00	; 0
      00006A 80                     151 	.db #0x80	; 128
      00006B 7F                     152 	.db #0x7f	; 127
      00006C 80                     153 	.db #0x80	; 128
      00006D 7F                     154 	.db #0x7f	; 127
      00006E 80                     155 	.db #0x80	; 128
      00006F 7F                     156 	.db #0x7f	; 127
      000070 FF                     157 	.db #0xff	; 255
      000071 FF                     158 	.db #0xff	; 255
      000072 FF                     159 	.db #0xff	; 255
      000073 FF                     160 	.db #0xff	; 255
      000074 FF                     161 	.db #0xff	; 255
      000075 FF                     162 	.db #0xff	; 255
      000076 FF                     163 	.db #0xff	; 255
      000077 00                     164 	.db #0x00	; 0
      000078 FF                     165 	.db #0xff	; 255
      000079 00                     166 	.db #0x00	; 0
      00007A 0F                     167 	.db #0x0f	; 15
      00007B F0                     168 	.db #0xf0	; 240
      00007C 0F                     169 	.db #0x0f	; 15
      00007D F0                     170 	.db #0xf0	; 240
      00007E 0F                     171 	.db #0x0f	; 15
      00007F F3                     172 	.db #0xf3	; 243
      000080 F0                     173 	.db #0xf0	; 240
      000081 CF                     174 	.db #0xcf	; 207
      000082 F0                     175 	.db #0xf0	; 240
      000083 0F                     176 	.db #0x0f	; 15
      000084 F0                     177 	.db #0xf0	; 240
      000085 0F                     178 	.db #0x0f	; 15
      000086 F0                     179 	.db #0xf0	; 240
      000087 0F                     180 	.db #0x0f	; 15
      000088 F0                     181 	.db #0xf0	; 240
      000089 0F                     182 	.db #0x0f	; 15
      00008A F0                     183 	.db #0xf0	; 240
      00008B 0F                     184 	.db #0x0f	; 15
      00008C F0                     185 	.db #0xf0	; 240
      00008D CF                     186 	.db #0xcf	; 207
      00008E F0                     187 	.db #0xf0	; 240
      00008F CF                     188 	.db #0xcf	; 207
      000090 01                     189 	.db #0x01	; 1
      000091 FE                     190 	.db #0xfe	; 254
      000092 01                     191 	.db #0x01	; 1
      000093 FE                     192 	.db #0xfe	; 254
      000094 01                     193 	.db #0x01	; 1
      000095 FE                     194 	.db #0xfe	; 254
      000096 01                     195 	.db #0x01	; 1
      000097 FE                     196 	.db #0xfe	; 254
      000098 01                     197 	.db #0x01	; 1
      000099 FE                     198 	.db #0xfe	; 254
      00009A 01                     199 	.db #0x01	; 1
      00009B FE                     200 	.db #0xfe	; 254
      00009C 01                     201 	.db #0x01	; 1
      00009D FE                     202 	.db #0xfe	; 254
      00009E 01                     203 	.db #0x01	; 1
      00009F FE                     204 	.db #0xfe	; 254
      0000A0 80                     205 	.db #0x80	; 128
      0000A1 7F                     206 	.db #0x7f	; 127
      0000A2 80                     207 	.db #0x80	; 128
      0000A3 7F                     208 	.db #0x7f	; 127
      0000A4 80                     209 	.db #0x80	; 128
      0000A5 7F                     210 	.db #0x7f	; 127
      0000A6 80                     211 	.db #0x80	; 128
      0000A7 7F                     212 	.db #0x7f	; 127
      0000A8 80                     213 	.db #0x80	; 128
      0000A9 7F                     214 	.db #0x7f	; 127
      0000AA 80                     215 	.db #0x80	; 128
      0000AB 7F                     216 	.db #0x7f	; 127
      0000AC 80                     217 	.db #0x80	; 128
      0000AD 7F                     218 	.db #0x7f	; 127
      0000AE 80                     219 	.db #0x80	; 128
      0000AF 7F                     220 	.db #0x7f	; 127
      0000B0 0C                     221 	.db #0x0c	; 12
      0000B1 F3                     222 	.db #0xf3	; 243
      0000B2 0C                     223 	.db #0x0c	; 12
      0000B3 F3                     224 	.db #0xf3	; 243
      0000B4 0C                     225 	.db #0x0c	; 12
      0000B5 F3                     226 	.db #0xf3	; 243
      0000B6 0C                     227 	.db #0x0c	; 12
      0000B7 F3                     228 	.db #0xf3	; 243
      0000B8 0C                     229 	.db #0x0c	; 12
      0000B9 F3                     230 	.db #0xf3	; 243
      0000BA 0C                     231 	.db #0x0c	; 12
      0000BB F3                     232 	.db #0xf3	; 243
      0000BC 0C                     233 	.db #0x0c	; 12
      0000BD F3                     234 	.db #0xf3	; 243
      0000BE 0C                     235 	.db #0x0c	; 12
      0000BF F3                     236 	.db #0xf3	; 243
      0000C0 00                     237 	.db #0x00	; 0
      0000C1 FF                     238 	.db #0xff	; 255
      0000C2 00                     239 	.db #0x00	; 0
      0000C3 FF                     240 	.db #0xff	; 255
      0000C4 00                     241 	.db #0x00	; 0
      0000C5 FF                     242 	.db #0xff	; 255
      0000C6 00                     243 	.db #0x00	; 0
      0000C7 FF                     244 	.db #0xff	; 255
      0000C8 00                     245 	.db #0x00	; 0
      0000C9 FF                     246 	.db #0xff	; 255
      0000CA 00                     247 	.db #0x00	; 0
      0000CB FF                     248 	.db #0xff	; 255
      0000CC 00                     249 	.db #0x00	; 0
      0000CD FF                     250 	.db #0xff	; 255
      0000CE 00                     251 	.db #0x00	; 0
      0000CF FF                     252 	.db #0xff	; 255
      0000D0 7F                     253 	.db #0x7f	; 127
      0000D1 80                     254 	.db #0x80	; 128
      0000D2 7F                     255 	.db #0x7f	; 127
      0000D3 80                     256 	.db #0x80	; 128
      0000D4 7F                     257 	.db #0x7f	; 127
      0000D5 80                     258 	.db #0x80	; 128
      0000D6 7F                     259 	.db #0x7f	; 127
      0000D7 80                     260 	.db #0x80	; 128
      0000D8 7F                     261 	.db #0x7f	; 127
      0000D9 80                     262 	.db #0x80	; 128
      0000DA 7F                     263 	.db #0x7f	; 127
      0000DB 80                     264 	.db #0x80	; 128
      0000DC 7F                     265 	.db #0x7f	; 127
      0000DD 80                     266 	.db #0x80	; 128
      0000DE 7F                     267 	.db #0x7f	; 127
      0000DF 80                     268 	.db #0x80	; 128
      0000E0 80                     269 	.db #0x80	; 128
      0000E1 7F                     270 	.db #0x7f	; 127
      0000E2 80                     271 	.db #0x80	; 128
      0000E3 7F                     272 	.db #0x7f	; 127
      0000E4 80                     273 	.db #0x80	; 128
      0000E5 7F                     274 	.db #0x7f	; 127
      0000E6 80                     275 	.db #0x80	; 128
      0000E7 7F                     276 	.db #0x7f	; 127
      0000E8 80                     277 	.db #0x80	; 128
      0000E9 7F                     278 	.db #0x7f	; 127
      0000EA 80                     279 	.db #0x80	; 128
      0000EB 7F                     280 	.db #0x7f	; 127
      0000EC 80                     281 	.db #0x80	; 128
      0000ED 7F                     282 	.db #0x7f	; 127
      0000EE 80                     283 	.db #0x80	; 128
      0000EF 7F                     284 	.db #0x7f	; 127
      0000F0 0F                     285 	.db #0x0f	; 15
      0000F1 F3                     286 	.db #0xf3	; 243
      0000F2 0F                     287 	.db #0x0f	; 15
      0000F3 F0                     288 	.db #0xf0	; 240
      0000F4 0F                     289 	.db #0x0f	; 15
      0000F5 F0                     290 	.db #0xf0	; 240
      0000F6 0F                     291 	.db #0x0f	; 15
      0000F7 F0                     292 	.db #0xf0	; 240
      0000F8 0F                     293 	.db #0x0f	; 15
      0000F9 F0                     294 	.db #0xf0	; 240
      0000FA 0F                     295 	.db #0x0f	; 15
      0000FB F0                     296 	.db #0xf0	; 240
      0000FC 0F                     297 	.db #0x0f	; 15
      0000FD F3                     298 	.db #0xf3	; 243
      0000FE 0F                     299 	.db #0x0f	; 15
      0000FF F3                     300 	.db #0xf3	; 243
      000100 F0                     301 	.db #0xf0	; 240
      000101 0F                     302 	.db #0x0f	; 15
      000102 F0                     303 	.db #0xf0	; 240
      000103 0F                     304 	.db #0x0f	; 15
      000104 FF                     305 	.db #0xff	; 255
      000105 00                     306 	.db #0x00	; 0
      000106 FF                     307 	.db #0xff	; 255
      000107 00                     308 	.db #0x00	; 0
      000108 FF                     309 	.db #0xff	; 255
      000109 C0                     310 	.db #0xc0	; 192
      00010A FF                     311 	.db #0xff	; 255
      00010B C0                     312 	.db #0xc0	; 192
      00010C FC                     313 	.db #0xfc	; 252
      00010D 03                     314 	.db #0x03	; 3
      00010E FC                     315 	.db #0xfc	; 252
      00010F 03                     316 	.db #0x03	; 3
      000110 01                     317 	.db #0x01	; 1
      000111 FE                     318 	.db #0xfe	; 254
      000112 01                     319 	.db #0x01	; 1
      000113 FE                     320 	.db #0xfe	; 254
      000114 FF                     321 	.db #0xff	; 255
      000115 00                     322 	.db #0x00	; 0
      000116 FF                     323 	.db #0xff	; 255
      000117 00                     324 	.db #0x00	; 0
      000118 E1                     325 	.db #0xe1	; 225
      000119 1E                     326 	.db #0x1e	; 30
      00011A E1                     327 	.db #0xe1	; 225
      00011B 1E                     328 	.db #0x1e	; 30
      00011C 00                     329 	.db #0x00	; 0
      00011D FF                     330 	.db #0xff	; 255
      00011E 00                     331 	.db #0x00	; 0
      00011F FF                     332 	.db #0xff	; 255
      000120 80                     333 	.db #0x80	; 128
      000121 7F                     334 	.db #0x7f	; 127
      000122 80                     335 	.db #0x80	; 128
      000123 7F                     336 	.db #0x7f	; 127
      000124 FF                     337 	.db #0xff	; 255
      000125 00                     338 	.db #0x00	; 0
      000126 FF                     339 	.db #0xff	; 255
      000127 00                     340 	.db #0x00	; 0
      000128 80                     341 	.db #0x80	; 128
      000129 7F                     342 	.db #0x7f	; 127
      00012A 80                     343 	.db #0x80	; 128
      00012B 7F                     344 	.db #0x7f	; 127
      00012C 00                     345 	.db #0x00	; 0
      00012D FF                     346 	.db #0xff	; 255
      00012E 00                     347 	.db #0x00	; 0
      00012F FF                     348 	.db #0xff	; 255
      000130 0C                     349 	.db #0x0c	; 12
      000131 F3                     350 	.db #0xf3	; 243
      000132 0C                     351 	.db #0x0c	; 12
      000133 F3                     352 	.db #0xf3	; 243
      000134 FF                     353 	.db #0xff	; 255
      000135 00                     354 	.db #0x00	; 0
      000136 FF                     355 	.db #0xff	; 255
      000137 00                     356 	.db #0x00	; 0
      000138 0C                     357 	.db #0x0c	; 12
      000139 F3                     358 	.db #0xf3	; 243
      00013A 0C                     359 	.db #0x0c	; 12
      00013B F3                     360 	.db #0xf3	; 243
      00013C 00                     361 	.db #0x00	; 0
      00013D FF                     362 	.db #0xff	; 255
      00013E 00                     363 	.db #0x00	; 0
      00013F FF                     364 	.db #0xff	; 255
      000140 00                     365 	.db #0x00	; 0
      000141 FF                     366 	.db #0xff	; 255
      000142 00                     367 	.db #0x00	; 0
      000143 FF                     368 	.db #0xff	; 255
      000144 FF                     369 	.db #0xff	; 255
      000145 00                     370 	.db #0x00	; 0
      000146 FF                     371 	.db #0xff	; 255
      000147 00                     372 	.db #0x00	; 0
      000148 0F                     373 	.db #0x0f	; 15
      000149 F0                     374 	.db #0xf0	; 240
      00014A 0F                     375 	.db #0x0f	; 15
      00014B F0                     376 	.db #0xf0	; 240
      00014C 00                     377 	.db #0x00	; 0
      00014D FF                     378 	.db #0xff	; 255
      00014E 00                     379 	.db #0x00	; 0
      00014F FF                     380 	.db #0xff	; 255
      000150 7F                     381 	.db #0x7f	; 127
      000151 80                     382 	.db #0x80	; 128
      000152 7F                     383 	.db #0x7f	; 127
      000153 80                     384 	.db #0x80	; 128
      000154 FF                     385 	.db #0xff	; 255
      000155 00                     386 	.db #0x00	; 0
      000156 FF                     387 	.db #0xff	; 255
      000157 00                     388 	.db #0x00	; 0
      000158 E0                     389 	.db #0xe0	; 224
      000159 1F                     390 	.db #0x1f	; 31
      00015A E0                     391 	.db #0xe0	; 224
      00015B 1F                     392 	.db #0x1f	; 31
      00015C 00                     393 	.db #0x00	; 0
      00015D FF                     394 	.db #0xff	; 255
      00015E 00                     395 	.db #0x00	; 0
      00015F FF                     396 	.db #0xff	; 255
      000160 80                     397 	.db #0x80	; 128
      000161 7F                     398 	.db #0x7f	; 127
      000162 80                     399 	.db #0x80	; 128
      000163 7F                     400 	.db #0x7f	; 127
      000164 FF                     401 	.db #0xff	; 255
      000165 00                     402 	.db #0x00	; 0
      000166 FF                     403 	.db #0xff	; 255
      000167 00                     404 	.db #0x00	; 0
      000168 61                     405 	.db #0x61	; 97	'a'
      000169 9E                     406 	.db #0x9e	; 158
      00016A 61                     407 	.db #0x61	; 97	'a'
      00016B 9E                     408 	.db #0x9e	; 158
      00016C 00                     409 	.db #0x00	; 0
      00016D FF                     410 	.db #0xff	; 255
      00016E 00                     411 	.db #0x00	; 0
      00016F FF                     412 	.db #0xff	; 255
      000170 0F                     413 	.db #0x0f	; 15
      000171 F0                     414 	.db #0xf0	; 240
      000172 0F                     415 	.db #0x0f	; 15
      000173 F0                     416 	.db #0xf0	; 240
      000174 FF                     417 	.db #0xff	; 255
      000175 00                     418 	.db #0x00	; 0
      000176 FF                     419 	.db #0xff	; 255
      000177 00                     420 	.db #0x00	; 0
      000178 FF                     421 	.db #0xff	; 255
      000179 03                     422 	.db #0x03	; 3
      00017A FF                     423 	.db #0xff	; 255
      00017B 03                     424 	.db #0x03	; 3
      00017C 3F                     425 	.db #0x3f	; 63
      00017D C0                     426 	.db #0xc0	; 192
      00017E 3F                     427 	.db #0x3f	; 63
      00017F C0                     428 	.db #0xc0	; 192
      000180 FC                     429 	.db #0xfc	; 252
      000181 03                     430 	.db #0x03	; 3
      000182 FF                     431 	.db #0xff	; 255
      000183 30                     432 	.db #0x30	; 48	'0'
      000184 FF                     433 	.db #0xff	; 255
      000185 30                     434 	.db #0x30	; 48	'0'
      000186 FF                     435 	.db #0xff	; 255
      000187 00                     436 	.db #0x00	; 0
      000188 FF                     437 	.db #0xff	; 255
      000189 00                     438 	.db #0x00	; 0
      00018A FF                     439 	.db #0xff	; 255
      00018B FF                     440 	.db #0xff	; 255
      00018C FF                     441 	.db #0xff	; 255
      00018D FF                     442 	.db #0xff	; 255
      00018E FF                     443 	.db #0xff	; 255
      00018F FF                     444 	.db #0xff	; 255
      000190 00                     445 	.db #0x00	; 0
      000191 FF                     446 	.db #0xff	; 255
      000192 FF                     447 	.db #0xff	; 255
      000193 00                     448 	.db #0x00	; 0
      000194 FF                     449 	.db #0xff	; 255
      000195 00                     450 	.db #0x00	; 0
      000196 FF                     451 	.db #0xff	; 255
      000197 00                     452 	.db #0x00	; 0
      000198 FF                     453 	.db #0xff	; 255
      000199 00                     454 	.db #0x00	; 0
      00019A FF                     455 	.db #0xff	; 255
      00019B FF                     456 	.db #0xff	; 255
      00019C FF                     457 	.db #0xff	; 255
      00019D FF                     458 	.db #0xff	; 255
      00019E FF                     459 	.db #0xff	; 255
      00019F FF                     460 	.db #0xff	; 255
      0001A0 00                     461 	.db #0x00	; 0
      0001A1 FF                     462 	.db #0xff	; 255
      0001A2 FF                     463 	.db #0xff	; 255
      0001A3 00                     464 	.db #0x00	; 0
      0001A4 FF                     465 	.db #0xff	; 255
      0001A5 00                     466 	.db #0x00	; 0
      0001A6 FF                     467 	.db #0xff	; 255
      0001A7 00                     468 	.db #0x00	; 0
      0001A8 FF                     469 	.db #0xff	; 255
      0001A9 00                     470 	.db #0x00	; 0
      0001AA FF                     471 	.db #0xff	; 255
      0001AB FF                     472 	.db #0xff	; 255
      0001AC FF                     473 	.db #0xff	; 255
      0001AD FF                     474 	.db #0xff	; 255
      0001AE FF                     475 	.db #0xff	; 255
      0001AF FF                     476 	.db #0xff	; 255
      0001B0 00                     477 	.db #0x00	; 0
      0001B1 FF                     478 	.db #0xff	; 255
      0001B2 FF                     479 	.db #0xff	; 255
      0001B3 00                     480 	.db #0x00	; 0
      0001B4 FF                     481 	.db #0xff	; 255
      0001B5 00                     482 	.db #0x00	; 0
      0001B6 FF                     483 	.db #0xff	; 255
      0001B7 00                     484 	.db #0x00	; 0
      0001B8 FF                     485 	.db #0xff	; 255
      0001B9 00                     486 	.db #0x00	; 0
      0001BA FF                     487 	.db #0xff	; 255
      0001BB FF                     488 	.db #0xff	; 255
      0001BC FF                     489 	.db #0xff	; 255
      0001BD FF                     490 	.db #0xff	; 255
      0001BE FF                     491 	.db #0xff	; 255
      0001BF FF                     492 	.db #0xff	; 255
      0001C0 00                     493 	.db #0x00	; 0
      0001C1 FF                     494 	.db #0xff	; 255
      0001C2 FF                     495 	.db #0xff	; 255
      0001C3 03                     496 	.db #0x03	; 3
      0001C4 FF                     497 	.db #0xff	; 255
      0001C5 03                     498 	.db #0x03	; 3
      0001C6 FF                     499 	.db #0xff	; 255
      0001C7 03                     500 	.db #0x03	; 3
      0001C8 FF                     501 	.db #0xff	; 255
      0001C9 03                     502 	.db #0x03	; 3
      0001CA FF                     503 	.db #0xff	; 255
      0001CB FF                     504 	.db #0xff	; 255
      0001CC FF                     505 	.db #0xff	; 255
      0001CD FF                     506 	.db #0xff	; 255
      0001CE FF                     507 	.db #0xff	; 255
      0001CF FF                     508 	.db #0xff	; 255
      0001D0 00                     509 	.db #0x00	; 0
      0001D1 FF                     510 	.db #0xff	; 255
      0001D2 FF                     511 	.db #0xff	; 255
      0001D3 80                     512 	.db #0x80	; 128
      0001D4 FF                     513 	.db #0xff	; 255
      0001D5 80                     514 	.db #0x80	; 128
      0001D6 FF                     515 	.db #0xff	; 255
      0001D7 80                     516 	.db #0x80	; 128
      0001D8 FF                     517 	.db #0xff	; 255
      0001D9 80                     518 	.db #0x80	; 128
      0001DA FF                     519 	.db #0xff	; 255
      0001DB FF                     520 	.db #0xff	; 255
      0001DC FF                     521 	.db #0xff	; 255
      0001DD FF                     522 	.db #0xff	; 255
      0001DE FF                     523 	.db #0xff	; 255
      0001DF FF                     524 	.db #0xff	; 255
      0001E0 00                     525 	.db #0x00	; 0
      0001E1 FF                     526 	.db #0xff	; 255
      0001E2 FF                     527 	.db #0xff	; 255
      0001E3 00                     528 	.db #0x00	; 0
      0001E4 FF                     529 	.db #0xff	; 255
      0001E5 00                     530 	.db #0x00	; 0
      0001E6 FF                     531 	.db #0xff	; 255
      0001E7 00                     532 	.db #0x00	; 0
      0001E8 FF                     533 	.db #0xff	; 255
      0001E9 00                     534 	.db #0x00	; 0
      0001EA FF                     535 	.db #0xff	; 255
      0001EB FF                     536 	.db #0xff	; 255
      0001EC FF                     537 	.db #0xff	; 255
      0001ED FF                     538 	.db #0xff	; 255
      0001EE FF                     539 	.db #0xff	; 255
      0001EF FF                     540 	.db #0xff	; 255
      0001F0 3F                     541 	.db #0x3f	; 63
      0001F1 C0                     542 	.db #0xc0	; 192
      0001F2 FF                     543 	.db #0xff	; 255
      0001F3 0C                     544 	.db #0x0c	; 12
      0001F4 FF                     545 	.db #0xff	; 255
      0001F5 0C                     546 	.db #0x0c	; 12
      0001F6 FF                     547 	.db #0xff	; 255
      0001F7 00                     548 	.db #0x00	; 0
      0001F8 FF                     549 	.db #0xff	; 255
      0001F9 00                     550 	.db #0x00	; 0
      0001FA FF                     551 	.db #0xff	; 255
      0001FB FF                     552 	.db #0xff	; 255
      0001FC FF                     553 	.db #0xff	; 255
      0001FD FF                     554 	.db #0xff	; 255
      0001FE FF                     555 	.db #0xff	; 255
      0001FF FF                     556 	.db #0xff	; 255
                                    557 	.area _INITIALIZER
                                    558 	.area _CABS (ABS)
