                                      1 ;--------------------------------------------------------
                                      2 ; File Created by SDCC : free open source ANSI-C Compiler
                                      3 ; Version 4.1.6 #12539 (MINGW32)
                                      4 ;--------------------------------------------------------
                                      5 	.module alert_pattern
                                      6 	.optsdcc -mgbz80
                                      7 	
                                      8 ;--------------------------------------------------------
                                      9 ; Public variables in this module
                                     10 ;--------------------------------------------------------
                                     11 	.globl _alert_pattern_map_attributes
                                     12 	.globl _alert_pattern_map
                                     13 	.globl _alert_pattern_tiles
                                     14 	.globl _alert_pattern_palettes
                                     15 	.globl b___func_alert_pattern
                                     16 	.globl ___func_alert_pattern
                                     17 ;--------------------------------------------------------
                                     18 ; special function registers
                                     19 ;--------------------------------------------------------
                                     20 ;--------------------------------------------------------
                                     21 ; ram data
                                     22 ;--------------------------------------------------------
                                     23 	.area _DATA
                                     24 ;--------------------------------------------------------
                                     25 ; ram data
                                     26 ;--------------------------------------------------------
                                     27 	.area _INITIALIZED
                                     28 ;--------------------------------------------------------
                                     29 ; absolute external ram data
                                     30 ;--------------------------------------------------------
                                     31 	.area _DABS (ABS)
                                     32 ;--------------------------------------------------------
                                     33 ; global & static initialisations
                                     34 ;--------------------------------------------------------
                                     35 	.area _HOME
                                     36 	.area _GSINIT
                                     37 	.area _GSFINAL
                                     38 	.area _GSINIT
                                     39 ;--------------------------------------------------------
                                     40 ; Home
                                     41 ;--------------------------------------------------------
                                     42 	.area _HOME
                                     43 	.area _HOME
                                     44 ;--------------------------------------------------------
                                     45 ; code
                                     46 ;--------------------------------------------------------
                                     47 	.area _CODE
                                     48 ;src/gfx/alert_pattern.c:7: BANKREF(alert_pattern)
                                     49 ;	---------------------------------
                                     50 ; Function __func_alert_pattern
                                     51 ; ---------------------------------
                           000000    52 	b___func_alert_pattern	= 0
      000000                         53 ___func_alert_pattern::
                                     54 	.local b___func_alert_pattern 
                           000000    55 	___bank_alert_pattern = b___func_alert_pattern 
                                     56 	.globl ___bank_alert_pattern 
                                     57 	.area _CODE
      000000                         58 _alert_pattern_palettes:
      000000 FF 7F                   59 	.dw #0x7fff
      000002 F7 5E                   60 	.dw #0x5ef7
      000004 AD 35                   61 	.dw #0x35ad
      000006 00 00                   62 	.dw #0x0000
      000008                         63 _alert_pattern_tiles:
      000008 00                      64 	.db #0x00	; 0
      000009 FF                      65 	.db #0xff	; 255
      00000A 00                      66 	.db #0x00	; 0
      00000B FF                      67 	.db #0xff	; 255
      00000C 00                      68 	.db #0x00	; 0
      00000D FF                      69 	.db #0xff	; 255
      00000E 00                      70 	.db #0x00	; 0
      00000F FF                      71 	.db #0xff	; 255
      000010 00                      72 	.db #0x00	; 0
      000011 FF                      73 	.db #0xff	; 255
      000012 00                      74 	.db #0x00	; 0
      000013 FF                      75 	.db #0xff	; 255
      000014 00                      76 	.db #0x00	; 0
      000015 FF                      77 	.db #0xff	; 255
      000016 00                      78 	.db #0x00	; 0
      000017 FF                      79 	.db #0xff	; 255
      000018 00                      80 	.db #0x00	; 0
      000019 FF                      81 	.db #0xff	; 255
      00001A 00                      82 	.db #0x00	; 0
      00001B FF                      83 	.db #0xff	; 255
      00001C 00                      84 	.db #0x00	; 0
      00001D FF                      85 	.db #0xff	; 255
      00001E 00                      86 	.db #0x00	; 0
      00001F FF                      87 	.db #0xff	; 255
      000020 00                      88 	.db #0x00	; 0
      000021 FF                      89 	.db #0xff	; 255
      000022 00                      90 	.db #0x00	; 0
      000023 FF                      91 	.db #0xff	; 255
      000024 00                      92 	.db #0x00	; 0
      000025 F0                      93 	.db #0xf0	; 240
      000026 00                      94 	.db #0x00	; 0
      000027 F0                      95 	.db #0xf0	; 240
      000028 00                      96 	.db #0x00	; 0
      000029 FF                      97 	.db #0xff	; 255
      00002A 00                      98 	.db #0x00	; 0
      00002B FF                      99 	.db #0xff	; 255
      00002C F0                     100 	.db #0xf0	; 240
      00002D 00                     101 	.db #0x00	; 0
      00002E F0                     102 	.db #0xf0	; 240
      00002F 00                     103 	.db #0x00	; 0
      000030 F0                     104 	.db #0xf0	; 240
      000031 00                     105 	.db #0x00	; 0
      000032 F0                     106 	.db #0xf0	; 240
      000033 00                     107 	.db #0x00	; 0
      000034 0F                     108 	.db #0x0f	; 15
      000035 FF                     109 	.db #0xff	; 255
      000036 0F                     110 	.db #0x0f	; 15
      000037 FF                     111 	.db #0xff	; 255
      000038 00                     112 	.db #0x00	; 0
      000039 FF                     113 	.db #0xff	; 255
      00003A 00                     114 	.db #0x00	; 0
      00003B FF                     115 	.db #0xff	; 255
      00003C F0                     116 	.db #0xf0	; 240
      00003D 0F                     117 	.db #0x0f	; 15
      00003E F0                     118 	.db #0xf0	; 240
      00003F 0F                     119 	.db #0x0f	; 15
      000040 F0                     120 	.db #0xf0	; 240
      000041 0F                     121 	.db #0x0f	; 15
      000042 F0                     122 	.db #0xf0	; 240
      000043 0F                     123 	.db #0x0f	; 15
      000044 00                     124 	.db #0x00	; 0
      000045 F0                     125 	.db #0xf0	; 240
      000046 00                     126 	.db #0x00	; 0
      000047 F0                     127 	.db #0xf0	; 240
      000048 00                     128 	.db #0x00	; 0
      000049 F0                     129 	.db #0xf0	; 240
      00004A 00                     130 	.db #0x00	; 0
      00004B F0                     131 	.db #0xf0	; 240
      00004C FF                     132 	.db #0xff	; 255
      00004D 00                     133 	.db #0x00	; 0
      00004E FF                     134 	.db #0xff	; 255
      00004F 00                     135 	.db #0x00	; 0
      000050 FF                     136 	.db #0xff	; 255
      000051 00                     137 	.db #0x00	; 0
      000052 FF                     138 	.db #0xff	; 255
      000053 00                     139 	.db #0x00	; 0
      000054 0F                     140 	.db #0x0f	; 15
      000055 0F                     141 	.db #0x0f	; 15
      000056 0F                     142 	.db #0x0f	; 15
      000057 0F                     143 	.db #0x0f	; 15
      000058 0F                     144 	.db #0x0f	; 15
      000059 FF                     145 	.db #0xff	; 255
      00005A 0F                     146 	.db #0x0f	; 15
      00005B FF                     147 	.db #0xff	; 255
      00005C FF                     148 	.db #0xff	; 255
      00005D FF                     149 	.db #0xff	; 255
      00005E FF                     150 	.db #0xff	; 255
      00005F FF                     151 	.db #0xff	; 255
      000060 FF                     152 	.db #0xff	; 255
      000061 FF                     153 	.db #0xff	; 255
      000062 FF                     154 	.db #0xff	; 255
      000063 FF                     155 	.db #0xff	; 255
      000064 F0                     156 	.db #0xf0	; 240
      000065 FF                     157 	.db #0xff	; 255
      000066 F0                     158 	.db #0xf0	; 240
      000067 FF                     159 	.db #0xff	; 255
      000068 00                     160 	.db #0x00	; 0
      000069 F0                     161 	.db #0xf0	; 240
      00006A 00                     162 	.db #0x00	; 0
      00006B F0                     163 	.db #0xf0	; 240
      00006C FF                     164 	.db #0xff	; 255
      00006D F0                     165 	.db #0xf0	; 240
      00006E FF                     166 	.db #0xff	; 255
      00006F F0                     167 	.db #0xf0	; 240
      000070 FF                     168 	.db #0xff	; 255
      000071 F0                     169 	.db #0xf0	; 240
      000072 FF                     170 	.db #0xff	; 255
      000073 F0                     171 	.db #0xf0	; 240
      000074 FF                     172 	.db #0xff	; 255
      000075 FF                     173 	.db #0xff	; 255
      000076 FF                     174 	.db #0xff	; 255
      000077 FF                     175 	.db #0xff	; 255
      000078 00                     176 	.db #0x00	; 0
      000079 FF                     177 	.db #0xff	; 255
      00007A 00                     178 	.db #0x00	; 0
      00007B FF                     179 	.db #0xff	; 255
      00007C F0                     180 	.db #0xf0	; 240
      00007D 0F                     181 	.db #0x0f	; 15
      00007E F0                     182 	.db #0xf0	; 240
      00007F 0F                     183 	.db #0x0f	; 15
      000080 F0                     184 	.db #0xf0	; 240
      000081 0F                     185 	.db #0x0f	; 15
      000082 F0                     186 	.db #0xf0	; 240
      000083 0F                     187 	.db #0x0f	; 15
      000084 00                     188 	.db #0x00	; 0
      000085 0F                     189 	.db #0x0f	; 15
      000086 00                     190 	.db #0x00	; 0
      000087 0F                     191 	.db #0x0f	; 15
      000088 0F                     192 	.db #0x0f	; 15
      000089 0F                     193 	.db #0x0f	; 15
      00008A 0F                     194 	.db #0x0f	; 15
      00008B 0F                     195 	.db #0x0f	; 15
      00008C 0F                     196 	.db #0x0f	; 15
      00008D FF                     197 	.db #0xff	; 255
      00008E 0F                     198 	.db #0x0f	; 15
      00008F FF                     199 	.db #0xff	; 255
      000090 0F                     200 	.db #0x0f	; 15
      000091 FF                     201 	.db #0xff	; 255
      000092 0F                     202 	.db #0x0f	; 15
      000093 FF                     203 	.db #0xff	; 255
      000094 FF                     204 	.db #0xff	; 255
      000095 FF                     205 	.db #0xff	; 255
      000096 FF                     206 	.db #0xff	; 255
      000097 FF                     207 	.db #0xff	; 255
      000098 F0                     208 	.db #0xf0	; 240
      000099 FF                     209 	.db #0xff	; 255
      00009A F0                     210 	.db #0xf0	; 240
      00009B FF                     211 	.db #0xff	; 255
      00009C 00                     212 	.db #0x00	; 0
      00009D F0                     213 	.db #0xf0	; 240
      00009E 00                     214 	.db #0x00	; 0
      00009F F0                     215 	.db #0xf0	; 240
      0000A0 00                     216 	.db #0x00	; 0
      0000A1 F0                     217 	.db #0xf0	; 240
      0000A2 00                     218 	.db #0x00	; 0
      0000A3 F0                     219 	.db #0xf0	; 240
      0000A4 00                     220 	.db #0x00	; 0
      0000A5 00                     221 	.db #0x00	; 0
      0000A6 00                     222 	.db #0x00	; 0
      0000A7 00                     223 	.db #0x00	; 0
      0000A8 00                     224 	.db #0x00	; 0
      0000A9 0F                     225 	.db #0x0f	; 15
      0000AA 00                     226 	.db #0x00	; 0
      0000AB 0F                     227 	.db #0x0f	; 15
      0000AC 0F                     228 	.db #0x0f	; 15
      0000AD F0                     229 	.db #0xf0	; 240
      0000AE 0F                     230 	.db #0x0f	; 15
      0000AF F0                     231 	.db #0xf0	; 240
      0000B0 0F                     232 	.db #0x0f	; 15
      0000B1 F0                     233 	.db #0xf0	; 240
      0000B2 0F                     234 	.db #0x0f	; 15
      0000B3 F0                     235 	.db #0xf0	; 240
      0000B4 F0                     236 	.db #0xf0	; 240
      0000B5 F0                     237 	.db #0xf0	; 240
      0000B6 F0                     238 	.db #0xf0	; 240
      0000B7 F0                     239 	.db #0xf0	; 240
      0000B8 FF                     240 	.db #0xff	; 255
      0000B9 FF                     241 	.db #0xff	; 255
      0000BA FF                     242 	.db #0xff	; 255
      0000BB FF                     243 	.db #0xff	; 255
      0000BC FF                     244 	.db #0xff	; 255
      0000BD FF                     245 	.db #0xff	; 255
      0000BE FF                     246 	.db #0xff	; 255
      0000BF FF                     247 	.db #0xff	; 255
      0000C0 FF                     248 	.db #0xff	; 255
      0000C1 FF                     249 	.db #0xff	; 255
      0000C2 FF                     250 	.db #0xff	; 255
      0000C3 FF                     251 	.db #0xff	; 255
      0000C4 FF                     252 	.db #0xff	; 255
      0000C5 FF                     253 	.db #0xff	; 255
      0000C6 FF                     254 	.db #0xff	; 255
      0000C7 FF                     255 	.db #0xff	; 255
      0000C8 00                     256 	.db #0x00	; 0
      0000C9 00                     257 	.db #0x00	; 0
      0000CA 00                     258 	.db #0x00	; 0
      0000CB 00                     259 	.db #0x00	; 0
      0000CC 00                     260 	.db #0x00	; 0
      0000CD 00                     261 	.db #0x00	; 0
      0000CE 00                     262 	.db #0x00	; 0
      0000CF 00                     263 	.db #0x00	; 0
      0000D0 00                     264 	.db #0x00	; 0
      0000D1 00                     265 	.db #0x00	; 0
      0000D2 00                     266 	.db #0x00	; 0
      0000D3 00                     267 	.db #0x00	; 0
      0000D4 00                     268 	.db #0x00	; 0
      0000D5 00                     269 	.db #0x00	; 0
      0000D6 00                     270 	.db #0x00	; 0
      0000D7 00                     271 	.db #0x00	; 0
      0000D8 0F                     272 	.db #0x0f	; 15
      0000D9 0F                     273 	.db #0x0f	; 15
      0000DA 0F                     274 	.db #0x0f	; 15
      0000DB 0F                     275 	.db #0x0f	; 15
      0000DC 0F                     276 	.db #0x0f	; 15
      0000DD 0F                     277 	.db #0x0f	; 15
      0000DE 0F                     278 	.db #0x0f	; 15
      0000DF 0F                     279 	.db #0x0f	; 15
      0000E0 0F                     280 	.db #0x0f	; 15
      0000E1 0F                     281 	.db #0x0f	; 15
      0000E2 0F                     282 	.db #0x0f	; 15
      0000E3 0F                     283 	.db #0x0f	; 15
      0000E4 0F                     284 	.db #0x0f	; 15
      0000E5 0F                     285 	.db #0x0f	; 15
      0000E6 0F                     286 	.db #0x0f	; 15
      0000E7 0F                     287 	.db #0x0f	; 15
      0000E8 00                     288 	.db #0x00	; 0
      0000E9 00                     289 	.db #0x00	; 0
      0000EA 00                     290 	.db #0x00	; 0
      0000EB 00                     291 	.db #0x00	; 0
      0000EC 00                     292 	.db #0x00	; 0
      0000ED 00                     293 	.db #0x00	; 0
      0000EE 00                     294 	.db #0x00	; 0
      0000EF 00                     295 	.db #0x00	; 0
      0000F0 00                     296 	.db #0x00	; 0
      0000F1 00                     297 	.db #0x00	; 0
      0000F2 00                     298 	.db #0x00	; 0
      0000F3 00                     299 	.db #0x00	; 0
      0000F4 F0                     300 	.db #0xf0	; 240
      0000F5 00                     301 	.db #0x00	; 0
      0000F6 F0                     302 	.db #0xf0	; 240
      0000F7 00                     303 	.db #0x00	; 0
      0000F8 0F                     304 	.db #0x0f	; 15
      0000F9 0F                     305 	.db #0x0f	; 15
      0000FA 0F                     306 	.db #0x0f	; 15
      0000FB 0F                     307 	.db #0x0f	; 15
      0000FC 0F                     308 	.db #0x0f	; 15
      0000FD 0F                     309 	.db #0x0f	; 15
      0000FE 0F                     310 	.db #0x0f	; 15
      0000FF 0F                     311 	.db #0x0f	; 15
      000100 0F                     312 	.db #0x0f	; 15
      000101 0F                     313 	.db #0x0f	; 15
      000102 0F                     314 	.db #0x0f	; 15
      000103 0F                     315 	.db #0x0f	; 15
      000104 FF                     316 	.db #0xff	; 255
      000105 0F                     317 	.db #0x0f	; 15
      000106 FF                     318 	.db #0xff	; 255
      000107 0F                     319 	.db #0x0f	; 15
      000108 F0                     320 	.db #0xf0	; 240
      000109 00                     321 	.db #0x00	; 0
      00010A F0                     322 	.db #0xf0	; 240
      00010B 00                     323 	.db #0x00	; 0
      00010C 00                     324 	.db #0x00	; 0
      00010D F0                     325 	.db #0xf0	; 240
      00010E 00                     326 	.db #0x00	; 0
      00010F F0                     327 	.db #0xf0	; 240
      000110 00                     328 	.db #0x00	; 0
      000111 F0                     329 	.db #0xf0	; 240
      000112 00                     330 	.db #0x00	; 0
      000113 F0                     331 	.db #0xf0	; 240
      000114 F0                     332 	.db #0xf0	; 240
      000115 F0                     333 	.db #0xf0	; 240
      000116 F0                     334 	.db #0xf0	; 240
      000117 F0                     335 	.db #0xf0	; 240
      000118 FF                     336 	.db #0xff	; 255
      000119 0F                     337 	.db #0x0f	; 15
      00011A FF                     338 	.db #0xff	; 255
      00011B 0F                     339 	.db #0x0f	; 15
      00011C 0F                     340 	.db #0x0f	; 15
      00011D FF                     341 	.db #0xff	; 255
      00011E 0F                     342 	.db #0x0f	; 15
      00011F FF                     343 	.db #0xff	; 255
      000120 0F                     344 	.db #0x0f	; 15
      000121 FF                     345 	.db #0xff	; 255
      000122 0F                     346 	.db #0x0f	; 15
      000123 FF                     347 	.db #0xff	; 255
      000124 FF                     348 	.db #0xff	; 255
      000125 FF                     349 	.db #0xff	; 255
      000126 FF                     350 	.db #0xff	; 255
      000127 FF                     351 	.db #0xff	; 255
      000128 00                     352 	.db #0x00	; 0
      000129 FF                     353 	.db #0xff	; 255
      00012A 00                     354 	.db #0x00	; 0
      00012B FF                     355 	.db #0xff	; 255
      00012C 00                     356 	.db #0x00	; 0
      00012D F0                     357 	.db #0xf0	; 240
      00012E 00                     358 	.db #0x00	; 0
      00012F F0                     359 	.db #0xf0	; 240
      000130 00                     360 	.db #0x00	; 0
      000131 F0                     361 	.db #0xf0	; 240
      000132 00                     362 	.db #0x00	; 0
      000133 F0                     363 	.db #0xf0	; 240
      000134 0F                     364 	.db #0x0f	; 15
      000135 F0                     365 	.db #0xf0	; 240
      000136 0F                     366 	.db #0x0f	; 15
      000137 F0                     367 	.db #0xf0	; 240
      000138 F0                     368 	.db #0xf0	; 240
      000139 F0                     369 	.db #0xf0	; 240
      00013A F0                     370 	.db #0xf0	; 240
      00013B F0                     371 	.db #0xf0	; 240
      00013C F0                     372 	.db #0xf0	; 240
      00013D FF                     373 	.db #0xff	; 255
      00013E F0                     374 	.db #0xf0	; 240
      00013F FF                     375 	.db #0xff	; 255
      000140 F0                     376 	.db #0xf0	; 240
      000141 FF                     377 	.db #0xff	; 255
      000142 F0                     378 	.db #0xf0	; 240
      000143 FF                     379 	.db #0xff	; 255
      000144 00                     380 	.db #0x00	; 0
      000145 F0                     381 	.db #0xf0	; 240
      000146 00                     382 	.db #0x00	; 0
      000147 F0                     383 	.db #0xf0	; 240
      000148 FF                     384 	.db #0xff	; 255
      000149 FF                     385 	.db #0xff	; 255
      00014A FF                     386 	.db #0xff	; 255
      00014B FF                     387 	.db #0xff	; 255
      00014C FF                     388 	.db #0xff	; 255
      00014D FF                     389 	.db #0xff	; 255
      00014E FF                     390 	.db #0xff	; 255
      00014F FF                     391 	.db #0xff	; 255
      000150 FF                     392 	.db #0xff	; 255
      000151 FF                     393 	.db #0xff	; 255
      000152 FF                     394 	.db #0xff	; 255
      000153 FF                     395 	.db #0xff	; 255
      000154 0F                     396 	.db #0x0f	; 15
      000155 FF                     397 	.db #0xff	; 255
      000156 0F                     398 	.db #0x0f	; 15
      000157 FF                     399 	.db #0xff	; 255
      000158 00                     400 	.db #0x00	; 0
      000159 0F                     401 	.db #0x0f	; 15
      00015A 00                     402 	.db #0x00	; 0
      00015B 0F                     403 	.db #0x0f	; 15
      00015C 00                     404 	.db #0x00	; 0
      00015D F0                     405 	.db #0xf0	; 240
      00015E 00                     406 	.db #0x00	; 0
      00015F F0                     407 	.db #0xf0	; 240
      000160 00                     408 	.db #0x00	; 0
      000161 F0                     409 	.db #0xf0	; 240
      000162 00                     410 	.db #0x00	; 0
      000163 F0                     411 	.db #0xf0	; 240
      000164 FF                     412 	.db #0xff	; 255
      000165 F0                     413 	.db #0xf0	; 240
      000166 FF                     414 	.db #0xff	; 255
      000167 F0                     415 	.db #0xf0	; 240
      000168 0F                     416 	.db #0x0f	; 15
      000169 F0                     417 	.db #0xf0	; 240
      00016A 0F                     418 	.db #0x0f	; 15
      00016B F0                     419 	.db #0xf0	; 240
      00016C 00                     420 	.db #0x00	; 0
      00016D 0F                     421 	.db #0x0f	; 15
      00016E 00                     422 	.db #0x00	; 0
      00016F 0F                     423 	.db #0x0f	; 15
      000170 00                     424 	.db #0x00	; 0
      000171 0F                     425 	.db #0x0f	; 15
      000172 00                     426 	.db #0x00	; 0
      000173 0F                     427 	.db #0x0f	; 15
      000174 0F                     428 	.db #0x0f	; 15
      000175 0F                     429 	.db #0x0f	; 15
      000176 0F                     430 	.db #0x0f	; 15
      000177 0F                     431 	.db #0x0f	; 15
      000178 00                     432 	.db #0x00	; 0
      000179 F0                     433 	.db #0xf0	; 240
      00017A 00                     434 	.db #0x00	; 0
      00017B F0                     435 	.db #0xf0	; 240
      00017C 00                     436 	.db #0x00	; 0
      00017D 00                     437 	.db #0x00	; 0
      00017E 00                     438 	.db #0x00	; 0
      00017F 00                     439 	.db #0x00	; 0
      000180 00                     440 	.db #0x00	; 0
      000181 00                     441 	.db #0x00	; 0
      000182 00                     442 	.db #0x00	; 0
      000183 00                     443 	.db #0x00	; 0
      000184 00                     444 	.db #0x00	; 0
      000185 F0                     445 	.db #0xf0	; 240
      000186 00                     446 	.db #0x00	; 0
      000187 F0                     447 	.db #0xf0	; 240
      000188 0F                     448 	.db #0x0f	; 15
      000189 FF                     449 	.db #0xff	; 255
      00018A 0F                     450 	.db #0x0f	; 15
      00018B FF                     451 	.db #0xff	; 255
      00018C 0F                     452 	.db #0x0f	; 15
      00018D 0F                     453 	.db #0x0f	; 15
      00018E 0F                     454 	.db #0x0f	; 15
      00018F 0F                     455 	.db #0x0f	; 15
      000190 0F                     456 	.db #0x0f	; 15
      000191 0F                     457 	.db #0x0f	; 15
      000192 0F                     458 	.db #0x0f	; 15
      000193 0F                     459 	.db #0x0f	; 15
      000194 0F                     460 	.db #0x0f	; 15
      000195 FF                     461 	.db #0xff	; 255
      000196 0F                     462 	.db #0x0f	; 15
      000197 FF                     463 	.db #0xff	; 255
      000198 00                     464 	.db #0x00	; 0
      000199 FF                     465 	.db #0xff	; 255
      00019A 00                     466 	.db #0x00	; 0
      00019B FF                     467 	.db #0xff	; 255
      00019C 00                     468 	.db #0x00	; 0
      00019D 0F                     469 	.db #0x0f	; 15
      00019E 00                     470 	.db #0x00	; 0
      00019F 0F                     471 	.db #0x0f	; 15
      0001A0 00                     472 	.db #0x00	; 0
      0001A1 0F                     473 	.db #0x0f	; 15
      0001A2 00                     474 	.db #0x00	; 0
      0001A3 0F                     475 	.db #0x0f	; 15
      0001A4 00                     476 	.db #0x00	; 0
      0001A5 0F                     477 	.db #0x0f	; 15
      0001A6 00                     478 	.db #0x00	; 0
      0001A7 0F                     479 	.db #0x0f	; 15
      0001A8 0F                     480 	.db #0x0f	; 15
      0001A9 0F                     481 	.db #0x0f	; 15
      0001AA 0F                     482 	.db #0x0f	; 15
      0001AB 0F                     483 	.db #0x0f	; 15
      0001AC 00                     484 	.db #0x00	; 0
      0001AD 0F                     485 	.db #0x0f	; 15
      0001AE 00                     486 	.db #0x00	; 0
      0001AF 0F                     487 	.db #0x0f	; 15
      0001B0 00                     488 	.db #0x00	; 0
      0001B1 0F                     489 	.db #0x0f	; 15
      0001B2 00                     490 	.db #0x00	; 0
      0001B3 0F                     491 	.db #0x0f	; 15
      0001B4 00                     492 	.db #0x00	; 0
      0001B5 F0                     493 	.db #0xf0	; 240
      0001B6 00                     494 	.db #0x00	; 0
      0001B7 F0                     495 	.db #0xf0	; 240
      0001B8 FF                     496 	.db #0xff	; 255
      0001B9 FF                     497 	.db #0xff	; 255
      0001BA FF                     498 	.db #0xff	; 255
      0001BB FF                     499 	.db #0xff	; 255
      0001BC FF                     500 	.db #0xff	; 255
      0001BD FF                     501 	.db #0xff	; 255
      0001BE FF                     502 	.db #0xff	; 255
      0001BF FF                     503 	.db #0xff	; 255
      0001C0 FF                     504 	.db #0xff	; 255
      0001C1 FF                     505 	.db #0xff	; 255
      0001C2 FF                     506 	.db #0xff	; 255
      0001C3 FF                     507 	.db #0xff	; 255
      0001C4 00                     508 	.db #0x00	; 0
      0001C5 00                     509 	.db #0x00	; 0
      0001C6 00                     510 	.db #0x00	; 0
      0001C7 00                     511 	.db #0x00	; 0
      0001C8 00                     512 	.db #0x00	; 0
      0001C9 F0                     513 	.db #0xf0	; 240
      0001CA 00                     514 	.db #0x00	; 0
      0001CB F0                     515 	.db #0xf0	; 240
      0001CC FF                     516 	.db #0xff	; 255
      0001CD FF                     517 	.db #0xff	; 255
      0001CE FF                     518 	.db #0xff	; 255
      0001CF FF                     519 	.db #0xff	; 255
      0001D0 FF                     520 	.db #0xff	; 255
      0001D1 FF                     521 	.db #0xff	; 255
      0001D2 FF                     522 	.db #0xff	; 255
      0001D3 FF                     523 	.db #0xff	; 255
      0001D4 00                     524 	.db #0x00	; 0
      0001D5 00                     525 	.db #0x00	; 0
      0001D6 00                     526 	.db #0x00	; 0
      0001D7 00                     527 	.db #0x00	; 0
      0001D8 0F                     528 	.db #0x0f	; 15
      0001D9 FF                     529 	.db #0xff	; 255
      0001DA 0F                     530 	.db #0x0f	; 15
      0001DB FF                     531 	.db #0xff	; 255
      0001DC FF                     532 	.db #0xff	; 255
      0001DD FF                     533 	.db #0xff	; 255
      0001DE FF                     534 	.db #0xff	; 255
      0001DF FF                     535 	.db #0xff	; 255
      0001E0 FF                     536 	.db #0xff	; 255
      0001E1 FF                     537 	.db #0xff	; 255
      0001E2 FF                     538 	.db #0xff	; 255
      0001E3 FF                     539 	.db #0xff	; 255
      0001E4 00                     540 	.db #0x00	; 0
      0001E5 00                     541 	.db #0x00	; 0
      0001E6 00                     542 	.db #0x00	; 0
      0001E7 00                     543 	.db #0x00	; 0
      0001E8 FF                     544 	.db #0xff	; 255
      0001E9 FF                     545 	.db #0xff	; 255
      0001EA FF                     546 	.db #0xff	; 255
      0001EB FF                     547 	.db #0xff	; 255
      0001EC F0                     548 	.db #0xf0	; 240
      0001ED FF                     549 	.db #0xff	; 255
      0001EE F0                     550 	.db #0xf0	; 240
      0001EF FF                     551 	.db #0xff	; 255
      0001F0 F0                     552 	.db #0xf0	; 240
      0001F1 FF                     553 	.db #0xff	; 255
      0001F2 F0                     554 	.db #0xf0	; 240
      0001F3 FF                     555 	.db #0xff	; 255
      0001F4 00                     556 	.db #0x00	; 0
      0001F5 00                     557 	.db #0x00	; 0
      0001F6 00                     558 	.db #0x00	; 0
      0001F7 00                     559 	.db #0x00	; 0
      0001F8 00                     560 	.db #0x00	; 0
      0001F9 00                     561 	.db #0x00	; 0
      0001FA 00                     562 	.db #0x00	; 0
      0001FB 00                     563 	.db #0x00	; 0
      0001FC 00                     564 	.db #0x00	; 0
      0001FD FF                     565 	.db #0xff	; 255
      0001FE 00                     566 	.db #0x00	; 0
      0001FF FF                     567 	.db #0xff	; 255
      000200 00                     568 	.db #0x00	; 0
      000201 FF                     569 	.db #0xff	; 255
      000202 00                     570 	.db #0x00	; 0
      000203 FF                     571 	.db #0xff	; 255
      000204 00                     572 	.db #0x00	; 0
      000205 FF                     573 	.db #0xff	; 255
      000206 00                     574 	.db #0x00	; 0
      000207 FF                     575 	.db #0xff	; 255
      000208                        576 _alert_pattern_map:
      000208 00                     577 	.db #0x00	; 0
      000209 00                     578 	.db #0x00	; 0
      00020A 00                     579 	.db #0x00	; 0
      00020B 00                     580 	.db #0x00	; 0
      00020C 00                     581 	.db #0x00	; 0
      00020D 00                     582 	.db #0x00	; 0
      00020E 00                     583 	.db #0x00	; 0
      00020F 00                     584 	.db #0x00	; 0
      000210 00                     585 	.db #0x00	; 0
      000211 00                     586 	.db #0x00	; 0
      000212 00                     587 	.db #0x00	; 0
      000213 00                     588 	.db #0x00	; 0
      000214 00                     589 	.db #0x00	; 0
      000215 00                     590 	.db #0x00	; 0
      000216 00                     591 	.db #0x00	; 0
      000217 00                     592 	.db #0x00	; 0
      000218 00                     593 	.db #0x00	; 0
      000219 00                     594 	.db #0x00	; 0
      00021A 00                     595 	.db #0x00	; 0
      00021B 00                     596 	.db #0x00	; 0
      00021C 00                     597 	.db #0x00	; 0
      00021D 00                     598 	.db #0x00	; 0
      00021E 00                     599 	.db #0x00	; 0
      00021F 00                     600 	.db #0x00	; 0
      000220 00                     601 	.db #0x00	; 0
      000221 00                     602 	.db #0x00	; 0
      000222 00                     603 	.db #0x00	; 0
      000223 00                     604 	.db #0x00	; 0
      000224 00                     605 	.db #0x00	; 0
      000225 00                     606 	.db #0x00	; 0
      000226 00                     607 	.db #0x00	; 0
      000227 00                     608 	.db #0x00	; 0
      000228 00                     609 	.db #0x00	; 0
      000229 00                     610 	.db #0x00	; 0
      00022A 00                     611 	.db #0x00	; 0
      00022B 00                     612 	.db #0x00	; 0
      00022C 00                     613 	.db #0x00	; 0
      00022D 00                     614 	.db #0x00	; 0
      00022E 00                     615 	.db #0x00	; 0
      00022F 00                     616 	.db #0x00	; 0
      000230 00                     617 	.db #0x00	; 0
      000231 00                     618 	.db #0x00	; 0
      000232 00                     619 	.db #0x00	; 0
      000233 00                     620 	.db #0x00	; 0
      000234 00                     621 	.db #0x00	; 0
      000235 00                     622 	.db #0x00	; 0
      000236 00                     623 	.db #0x00	; 0
      000237 00                     624 	.db #0x00	; 0
      000238 00                     625 	.db #0x00	; 0
      000239 00                     626 	.db #0x00	; 0
      00023A 00                     627 	.db #0x00	; 0
      00023B 00                     628 	.db #0x00	; 0
      00023C 00                     629 	.db #0x00	; 0
      00023D 00                     630 	.db #0x00	; 0
      00023E 00                     631 	.db #0x00	; 0
      00023F 00                     632 	.db #0x00	; 0
      000240 00                     633 	.db #0x00	; 0
      000241 00                     634 	.db #0x00	; 0
      000242 00                     635 	.db #0x00	; 0
      000243 00                     636 	.db #0x00	; 0
      000244 00                     637 	.db #0x00	; 0
      000245 00                     638 	.db #0x00	; 0
      000246 00                     639 	.db #0x00	; 0
      000247 00                     640 	.db #0x00	; 0
      000248 00                     641 	.db #0x00	; 0
      000249 00                     642 	.db #0x00	; 0
      00024A 00                     643 	.db #0x00	; 0
      00024B 00                     644 	.db #0x00	; 0
      00024C 00                     645 	.db #0x00	; 0
      00024D 00                     646 	.db #0x00	; 0
      00024E 00                     647 	.db #0x00	; 0
      00024F 00                     648 	.db #0x00	; 0
      000250 00                     649 	.db #0x00	; 0
      000251 00                     650 	.db #0x00	; 0
      000252 00                     651 	.db #0x00	; 0
      000253 00                     652 	.db #0x00	; 0
      000254 00                     653 	.db #0x00	; 0
      000255 00                     654 	.db #0x00	; 0
      000256 00                     655 	.db #0x00	; 0
      000257 00                     656 	.db #0x00	; 0
      000258 00                     657 	.db #0x00	; 0
      000259 00                     658 	.db #0x00	; 0
      00025A 00                     659 	.db #0x00	; 0
      00025B 00                     660 	.db #0x00	; 0
      00025C 00                     661 	.db #0x00	; 0
      00025D 00                     662 	.db #0x00	; 0
      00025E 00                     663 	.db #0x00	; 0
      00025F 00                     664 	.db #0x00	; 0
      000260 01                     665 	.db #0x01	; 1
      000261 02                     666 	.db #0x02	; 2
      000262 03                     667 	.db #0x03	; 3
      000263 00                     668 	.db #0x00	; 0
      000264 00                     669 	.db #0x00	; 0
      000265 00                     670 	.db #0x00	; 0
      000266 00                     671 	.db #0x00	; 0
      000267 00                     672 	.db #0x00	; 0
      000268 00                     673 	.db #0x00	; 0
      000269 00                     674 	.db #0x00	; 0
      00026A 00                     675 	.db #0x00	; 0
      00026B 00                     676 	.db #0x00	; 0
      00026C 00                     677 	.db #0x00	; 0
      00026D 00                     678 	.db #0x00	; 0
      00026E 00                     679 	.db #0x00	; 0
      00026F 00                     680 	.db #0x00	; 0
      000270 00                     681 	.db #0x00	; 0
      000271 00                     682 	.db #0x00	; 0
      000272 00                     683 	.db #0x00	; 0
      000273 00                     684 	.db #0x00	; 0
      000274 04                     685 	.db #0x04	; 4
      000275 05                     686 	.db #0x05	; 5
      000276 06                     687 	.db #0x06	; 6
      000277 07                     688 	.db #0x07	; 7
      000278 00                     689 	.db #0x00	; 0
      000279 00                     690 	.db #0x00	; 0
      00027A 00                     691 	.db #0x00	; 0
      00027B 00                     692 	.db #0x00	; 0
      00027C 00                     693 	.db #0x00	; 0
      00027D 00                     694 	.db #0x00	; 0
      00027E 00                     695 	.db #0x00	; 0
      00027F 00                     696 	.db #0x00	; 0
      000280 00                     697 	.db #0x00	; 0
      000281 00                     698 	.db #0x00	; 0
      000282 00                     699 	.db #0x00	; 0
      000283 00                     700 	.db #0x00	; 0
      000284 00                     701 	.db #0x00	; 0
      000285 00                     702 	.db #0x00	; 0
      000286 00                     703 	.db #0x00	; 0
      000287 07                     704 	.db #0x07	; 7
      000288 08                     705 	.db #0x08	; 8
      000289 09                     706 	.db #0x09	; 9
      00028A 08                     707 	.db #0x08	; 8
      00028B 0A                     708 	.db #0x0a	; 10
      00028C 00                     709 	.db #0x00	; 0
      00028D 00                     710 	.db #0x00	; 0
      00028E 00                     711 	.db #0x00	; 0
      00028F 00                     712 	.db #0x00	; 0
      000290 00                     713 	.db #0x00	; 0
      000291 00                     714 	.db #0x00	; 0
      000292 00                     715 	.db #0x00	; 0
      000293 00                     716 	.db #0x00	; 0
      000294 00                     717 	.db #0x00	; 0
      000295 00                     718 	.db #0x00	; 0
      000296 00                     719 	.db #0x00	; 0
      000297 00                     720 	.db #0x00	; 0
      000298 00                     721 	.db #0x00	; 0
      000299 00                     722 	.db #0x00	; 0
      00029A 00                     723 	.db #0x00	; 0
      00029B 0A                     724 	.db #0x0a	; 10
      00029C 0B                     725 	.db #0x0b	; 11
      00029D 0C                     726 	.db #0x0c	; 12
      00029E 0D                     727 	.db #0x0d	; 13
      00029F 08                     728 	.db #0x08	; 8
      0002A0 07                     729 	.db #0x07	; 7
      0002A1 00                     730 	.db #0x00	; 0
      0002A2 00                     731 	.db #0x00	; 0
      0002A3 00                     732 	.db #0x00	; 0
      0002A4 00                     733 	.db #0x00	; 0
      0002A5 00                     734 	.db #0x00	; 0
      0002A6 00                     735 	.db #0x00	; 0
      0002A7 00                     736 	.db #0x00	; 0
      0002A8 00                     737 	.db #0x00	; 0
      0002A9 00                     738 	.db #0x00	; 0
      0002AA 00                     739 	.db #0x00	; 0
      0002AB 00                     740 	.db #0x00	; 0
      0002AC 00                     741 	.db #0x00	; 0
      0002AD 00                     742 	.db #0x00	; 0
      0002AE 07                     743 	.db #0x07	; 7
      0002AF 08                     744 	.db #0x08	; 8
      0002B0 0B                     745 	.db #0x0b	; 11
      0002B1 0E                     746 	.db #0x0e	; 14
      0002B2 0F                     747 	.db #0x0f	; 15
      0002B3 0B                     748 	.db #0x0b	; 11
      0002B4 0A                     749 	.db #0x0a	; 10
      0002B5 00                     750 	.db #0x00	; 0
      0002B6 00                     751 	.db #0x00	; 0
      0002B7 00                     752 	.db #0x00	; 0
      0002B8 00                     753 	.db #0x00	; 0
      0002B9 00                     754 	.db #0x00	; 0
      0002BA 00                     755 	.db #0x00	; 0
      0002BB 00                     756 	.db #0x00	; 0
      0002BC 00                     757 	.db #0x00	; 0
      0002BD 00                     758 	.db #0x00	; 0
      0002BE 00                     759 	.db #0x00	; 0
      0002BF 00                     760 	.db #0x00	; 0
      0002C0 00                     761 	.db #0x00	; 0
      0002C1 00                     762 	.db #0x00	; 0
      0002C2 0A                     763 	.db #0x0a	; 10
      0002C3 0B                     764 	.db #0x0b	; 11
      0002C4 0B                     765 	.db #0x0b	; 11
      0002C5 10                     766 	.db #0x10	; 16
      0002C6 11                     767 	.db #0x11	; 17
      0002C7 0B                     768 	.db #0x0b	; 11
      0002C8 08                     769 	.db #0x08	; 8
      0002C9 07                     770 	.db #0x07	; 7
      0002CA 00                     771 	.db #0x00	; 0
      0002CB 00                     772 	.db #0x00	; 0
      0002CC 00                     773 	.db #0x00	; 0
      0002CD 00                     774 	.db #0x00	; 0
      0002CE 00                     775 	.db #0x00	; 0
      0002CF 00                     776 	.db #0x00	; 0
      0002D0 00                     777 	.db #0x00	; 0
      0002D1 00                     778 	.db #0x00	; 0
      0002D2 00                     779 	.db #0x00	; 0
      0002D3 00                     780 	.db #0x00	; 0
      0002D4 00                     781 	.db #0x00	; 0
      0002D5 12                     782 	.db #0x12	; 18
      0002D6 08                     783 	.db #0x08	; 8
      0002D7 0B                     784 	.db #0x0b	; 11
      0002D8 0B                     785 	.db #0x0b	; 11
      0002D9 13                     786 	.db #0x13	; 19
      0002DA 14                     787 	.db #0x14	; 20
      0002DB 0B                     788 	.db #0x0b	; 11
      0002DC 0B                     789 	.db #0x0b	; 11
      0002DD 15                     790 	.db #0x15	; 21
      0002DE 00                     791 	.db #0x00	; 0
      0002DF 00                     792 	.db #0x00	; 0
      0002E0 00                     793 	.db #0x00	; 0
      0002E1 00                     794 	.db #0x00	; 0
      0002E2 00                     795 	.db #0x00	; 0
      0002E3 00                     796 	.db #0x00	; 0
      0002E4 00                     797 	.db #0x00	; 0
      0002E5 00                     798 	.db #0x00	; 0
      0002E6 00                     799 	.db #0x00	; 0
      0002E7 00                     800 	.db #0x00	; 0
      0002E8 00                     801 	.db #0x00	; 0
      0002E9 16                     802 	.db #0x16	; 22
      0002EA 0B                     803 	.db #0x0b	; 11
      0002EB 0B                     804 	.db #0x0b	; 11
      0002EC 0B                     805 	.db #0x0b	; 11
      0002ED 17                     806 	.db #0x17	; 23
      0002EE 18                     807 	.db #0x18	; 24
      0002EF 0B                     808 	.db #0x0b	; 11
      0002F0 0B                     809 	.db #0x0b	; 11
      0002F1 11                     810 	.db #0x11	; 17
      0002F2 19                     811 	.db #0x19	; 25
      0002F3 00                     812 	.db #0x00	; 0
      0002F4 00                     813 	.db #0x00	; 0
      0002F5 00                     814 	.db #0x00	; 0
      0002F6 00                     815 	.db #0x00	; 0
      0002F7 00                     816 	.db #0x00	; 0
      0002F8 00                     817 	.db #0x00	; 0
      0002F9 00                     818 	.db #0x00	; 0
      0002FA 00                     819 	.db #0x00	; 0
      0002FB 00                     820 	.db #0x00	; 0
      0002FC 00                     821 	.db #0x00	; 0
      0002FD 1A                     822 	.db #0x1a	; 26
      0002FE 1B                     823 	.db #0x1b	; 27
      0002FF 1B                     824 	.db #0x1b	; 27
      000300 1B                     825 	.db #0x1b	; 27
      000301 1C                     826 	.db #0x1c	; 28
      000302 1D                     827 	.db #0x1d	; 29
      000303 1B                     828 	.db #0x1b	; 27
      000304 1B                     829 	.db #0x1b	; 27
      000305 1E                     830 	.db #0x1e	; 30
      000306 19                     831 	.db #0x19	; 25
      000307 00                     832 	.db #0x00	; 0
      000308 00                     833 	.db #0x00	; 0
      000309 00                     834 	.db #0x00	; 0
      00030A 00                     835 	.db #0x00	; 0
      00030B 00                     836 	.db #0x00	; 0
      00030C 00                     837 	.db #0x00	; 0
      00030D 00                     838 	.db #0x00	; 0
      00030E 00                     839 	.db #0x00	; 0
      00030F 00                     840 	.db #0x00	; 0
      000310 00                     841 	.db #0x00	; 0
      000311 01                     842 	.db #0x01	; 1
      000312 1F                     843 	.db #0x1f	; 31
      000313 1F                     844 	.db #0x1f	; 31
      000314 1F                     845 	.db #0x1f	; 31
      000315 1F                     846 	.db #0x1f	; 31
      000316 1F                     847 	.db #0x1f	; 31
      000317 1F                     848 	.db #0x1f	; 31
      000318 1F                     849 	.db #0x1f	; 31
      000319 1F                     850 	.db #0x1f	; 31
      00031A 00                     851 	.db #0x00	; 0
      00031B 00                     852 	.db #0x00	; 0
      00031C 00                     853 	.db #0x00	; 0
      00031D 00                     854 	.db #0x00	; 0
      00031E 00                     855 	.db #0x00	; 0
      00031F 00                     856 	.db #0x00	; 0
      000320 00                     857 	.db #0x00	; 0
      000321 00                     858 	.db #0x00	; 0
      000322 00                     859 	.db #0x00	; 0
      000323 00                     860 	.db #0x00	; 0
      000324 00                     861 	.db #0x00	; 0
      000325 00                     862 	.db #0x00	; 0
      000326 00                     863 	.db #0x00	; 0
      000327 00                     864 	.db #0x00	; 0
      000328 00                     865 	.db #0x00	; 0
      000329 00                     866 	.db #0x00	; 0
      00032A 00                     867 	.db #0x00	; 0
      00032B 00                     868 	.db #0x00	; 0
      00032C 00                     869 	.db #0x00	; 0
      00032D 00                     870 	.db #0x00	; 0
      00032E 00                     871 	.db #0x00	; 0
      00032F 00                     872 	.db #0x00	; 0
      000330 00                     873 	.db #0x00	; 0
      000331 00                     874 	.db #0x00	; 0
      000332 00                     875 	.db #0x00	; 0
      000333 00                     876 	.db #0x00	; 0
      000334 00                     877 	.db #0x00	; 0
      000335 00                     878 	.db #0x00	; 0
      000336 00                     879 	.db #0x00	; 0
      000337 00                     880 	.db #0x00	; 0
      000338 00                     881 	.db #0x00	; 0
      000339 00                     882 	.db #0x00	; 0
      00033A 00                     883 	.db #0x00	; 0
      00033B 00                     884 	.db #0x00	; 0
      00033C 00                     885 	.db #0x00	; 0
      00033D 00                     886 	.db #0x00	; 0
      00033E 00                     887 	.db #0x00	; 0
      00033F 00                     888 	.db #0x00	; 0
      000340 00                     889 	.db #0x00	; 0
      000341 00                     890 	.db #0x00	; 0
      000342 00                     891 	.db #0x00	; 0
      000343 00                     892 	.db #0x00	; 0
      000344 00                     893 	.db #0x00	; 0
      000345 00                     894 	.db #0x00	; 0
      000346 00                     895 	.db #0x00	; 0
      000347 00                     896 	.db #0x00	; 0
      000348 00                     897 	.db #0x00	; 0
      000349 00                     898 	.db #0x00	; 0
      00034A 00                     899 	.db #0x00	; 0
      00034B 00                     900 	.db #0x00	; 0
      00034C 00                     901 	.db #0x00	; 0
      00034D 00                     902 	.db #0x00	; 0
      00034E 00                     903 	.db #0x00	; 0
      00034F 00                     904 	.db #0x00	; 0
      000350 00                     905 	.db #0x00	; 0
      000351 00                     906 	.db #0x00	; 0
      000352 00                     907 	.db #0x00	; 0
      000353 00                     908 	.db #0x00	; 0
      000354 00                     909 	.db #0x00	; 0
      000355 00                     910 	.db #0x00	; 0
      000356 00                     911 	.db #0x00	; 0
      000357 00                     912 	.db #0x00	; 0
      000358 00                     913 	.db #0x00	; 0
      000359 00                     914 	.db #0x00	; 0
      00035A 00                     915 	.db #0x00	; 0
      00035B 00                     916 	.db #0x00	; 0
      00035C 00                     917 	.db #0x00	; 0
      00035D 00                     918 	.db #0x00	; 0
      00035E 00                     919 	.db #0x00	; 0
      00035F 00                     920 	.db #0x00	; 0
      000360 00                     921 	.db #0x00	; 0
      000361 00                     922 	.db #0x00	; 0
      000362 00                     923 	.db #0x00	; 0
      000363 00                     924 	.db #0x00	; 0
      000364 00                     925 	.db #0x00	; 0
      000365 00                     926 	.db #0x00	; 0
      000366 00                     927 	.db #0x00	; 0
      000367 00                     928 	.db #0x00	; 0
      000368 00                     929 	.db #0x00	; 0
      000369 00                     930 	.db #0x00	; 0
      00036A 00                     931 	.db #0x00	; 0
      00036B 00                     932 	.db #0x00	; 0
      00036C 00                     933 	.db #0x00	; 0
      00036D 00                     934 	.db #0x00	; 0
      00036E 00                     935 	.db #0x00	; 0
      00036F 00                     936 	.db #0x00	; 0
      000370                        937 _alert_pattern_map_attributes:
      000370 00                     938 	.db #0x00	; 0
      000371 00                     939 	.db #0x00	; 0
      000372 00                     940 	.db #0x00	; 0
      000373 00                     941 	.db #0x00	; 0
      000374 00                     942 	.db #0x00	; 0
      000375 00                     943 	.db #0x00	; 0
      000376 00                     944 	.db #0x00	; 0
      000377 00                     945 	.db #0x00	; 0
      000378 00                     946 	.db #0x00	; 0
      000379 00                     947 	.db #0x00	; 0
      00037A 00                     948 	.db #0x00	; 0
      00037B 00                     949 	.db #0x00	; 0
      00037C 00                     950 	.db #0x00	; 0
      00037D 00                     951 	.db #0x00	; 0
      00037E 00                     952 	.db #0x00	; 0
      00037F 00                     953 	.db #0x00	; 0
      000380 00                     954 	.db #0x00	; 0
      000381 00                     955 	.db #0x00	; 0
      000382 00                     956 	.db #0x00	; 0
      000383 00                     957 	.db #0x00	; 0
      000384 00                     958 	.db #0x00	; 0
      000385 00                     959 	.db #0x00	; 0
      000386 00                     960 	.db #0x00	; 0
      000387 00                     961 	.db #0x00	; 0
      000388 00                     962 	.db #0x00	; 0
      000389 00                     963 	.db #0x00	; 0
      00038A 00                     964 	.db #0x00	; 0
      00038B 00                     965 	.db #0x00	; 0
      00038C 00                     966 	.db #0x00	; 0
      00038D 00                     967 	.db #0x00	; 0
      00038E 00                     968 	.db #0x00	; 0
      00038F 00                     969 	.db #0x00	; 0
      000390 00                     970 	.db #0x00	; 0
      000391 00                     971 	.db #0x00	; 0
      000392 00                     972 	.db #0x00	; 0
      000393 00                     973 	.db #0x00	; 0
      000394 00                     974 	.db #0x00	; 0
      000395 00                     975 	.db #0x00	; 0
      000396 00                     976 	.db #0x00	; 0
      000397 00                     977 	.db #0x00	; 0
      000398 00                     978 	.db #0x00	; 0
      000399 00                     979 	.db #0x00	; 0
      00039A 00                     980 	.db #0x00	; 0
      00039B 00                     981 	.db #0x00	; 0
      00039C 00                     982 	.db #0x00	; 0
      00039D 00                     983 	.db #0x00	; 0
      00039E 00                     984 	.db #0x00	; 0
      00039F 00                     985 	.db #0x00	; 0
      0003A0 00                     986 	.db #0x00	; 0
      0003A1 00                     987 	.db #0x00	; 0
      0003A2 00                     988 	.db #0x00	; 0
      0003A3 00                     989 	.db #0x00	; 0
      0003A4 00                     990 	.db #0x00	; 0
      0003A5 00                     991 	.db #0x00	; 0
      0003A6 00                     992 	.db #0x00	; 0
      0003A7 00                     993 	.db #0x00	; 0
      0003A8 00                     994 	.db #0x00	; 0
      0003A9 00                     995 	.db #0x00	; 0
      0003AA 00                     996 	.db #0x00	; 0
      0003AB 00                     997 	.db #0x00	; 0
      0003AC 00                     998 	.db #0x00	; 0
      0003AD 00                     999 	.db #0x00	; 0
      0003AE 00                    1000 	.db #0x00	; 0
      0003AF 00                    1001 	.db #0x00	; 0
      0003B0 00                    1002 	.db #0x00	; 0
      0003B1 00                    1003 	.db #0x00	; 0
      0003B2 00                    1004 	.db #0x00	; 0
      0003B3 00                    1005 	.db #0x00	; 0
      0003B4 00                    1006 	.db #0x00	; 0
      0003B5 00                    1007 	.db #0x00	; 0
      0003B6 00                    1008 	.db #0x00	; 0
      0003B7 00                    1009 	.db #0x00	; 0
      0003B8 00                    1010 	.db #0x00	; 0
      0003B9 00                    1011 	.db #0x00	; 0
      0003BA 00                    1012 	.db #0x00	; 0
      0003BB 00                    1013 	.db #0x00	; 0
      0003BC 00                    1014 	.db #0x00	; 0
      0003BD 00                    1015 	.db #0x00	; 0
      0003BE 00                    1016 	.db #0x00	; 0
      0003BF 00                    1017 	.db #0x00	; 0
      0003C0 00                    1018 	.db #0x00	; 0
      0003C1 00                    1019 	.db #0x00	; 0
      0003C2 00                    1020 	.db #0x00	; 0
      0003C3 00                    1021 	.db #0x00	; 0
      0003C4 00                    1022 	.db #0x00	; 0
      0003C5 00                    1023 	.db #0x00	; 0
      0003C6 00                    1024 	.db #0x00	; 0
      0003C7 00                    1025 	.db #0x00	; 0
      0003C8 00                    1026 	.db #0x00	; 0
      0003C9 00                    1027 	.db #0x00	; 0
      0003CA 00                    1028 	.db #0x00	; 0
      0003CB 00                    1029 	.db #0x00	; 0
      0003CC 00                    1030 	.db #0x00	; 0
      0003CD 00                    1031 	.db #0x00	; 0
      0003CE 00                    1032 	.db #0x00	; 0
      0003CF 00                    1033 	.db #0x00	; 0
      0003D0 00                    1034 	.db #0x00	; 0
      0003D1 00                    1035 	.db #0x00	; 0
      0003D2 00                    1036 	.db #0x00	; 0
      0003D3 00                    1037 	.db #0x00	; 0
      0003D4 00                    1038 	.db #0x00	; 0
      0003D5 00                    1039 	.db #0x00	; 0
      0003D6 00                    1040 	.db #0x00	; 0
      0003D7 00                    1041 	.db #0x00	; 0
      0003D8 00                    1042 	.db #0x00	; 0
      0003D9 00                    1043 	.db #0x00	; 0
      0003DA 00                    1044 	.db #0x00	; 0
      0003DB 00                    1045 	.db #0x00	; 0
      0003DC 00                    1046 	.db #0x00	; 0
      0003DD 00                    1047 	.db #0x00	; 0
      0003DE 00                    1048 	.db #0x00	; 0
      0003DF 00                    1049 	.db #0x00	; 0
      0003E0 00                    1050 	.db #0x00	; 0
      0003E1 00                    1051 	.db #0x00	; 0
      0003E2 00                    1052 	.db #0x00	; 0
      0003E3 00                    1053 	.db #0x00	; 0
      0003E4 00                    1054 	.db #0x00	; 0
      0003E5 00                    1055 	.db #0x00	; 0
      0003E6 00                    1056 	.db #0x00	; 0
      0003E7 00                    1057 	.db #0x00	; 0
      0003E8 00                    1058 	.db #0x00	; 0
      0003E9 00                    1059 	.db #0x00	; 0
      0003EA 00                    1060 	.db #0x00	; 0
      0003EB 00                    1061 	.db #0x00	; 0
      0003EC 00                    1062 	.db #0x00	; 0
      0003ED 00                    1063 	.db #0x00	; 0
      0003EE 00                    1064 	.db #0x00	; 0
      0003EF 20                    1065 	.db #0x20	; 32
      0003F0 00                    1066 	.db #0x00	; 0
      0003F1 00                    1067 	.db #0x00	; 0
      0003F2 40                    1068 	.db #0x40	; 64
      0003F3 00                    1069 	.db #0x00	; 0
      0003F4 00                    1070 	.db #0x00	; 0
      0003F5 00                    1071 	.db #0x00	; 0
      0003F6 00                    1072 	.db #0x00	; 0
      0003F7 00                    1073 	.db #0x00	; 0
      0003F8 00                    1074 	.db #0x00	; 0
      0003F9 00                    1075 	.db #0x00	; 0
      0003FA 00                    1076 	.db #0x00	; 0
      0003FB 00                    1077 	.db #0x00	; 0
      0003FC 00                    1078 	.db #0x00	; 0
      0003FD 00                    1079 	.db #0x00	; 0
      0003FE 00                    1080 	.db #0x00	; 0
      0003FF 00                    1081 	.db #0x00	; 0
      000400 00                    1082 	.db #0x00	; 0
      000401 00                    1083 	.db #0x00	; 0
      000402 00                    1084 	.db #0x00	; 0
      000403 20                    1085 	.db #0x20	; 32
      000404 00                    1086 	.db #0x00	; 0
      000405 00                    1087 	.db #0x00	; 0
      000406 00                    1088 	.db #0x00	; 0
      000407 20                    1089 	.db #0x20	; 32
      000408 00                    1090 	.db #0x00	; 0
      000409 00                    1091 	.db #0x00	; 0
      00040A 00                    1092 	.db #0x00	; 0
      00040B 00                    1093 	.db #0x00	; 0
      00040C 00                    1094 	.db #0x00	; 0
      00040D 00                    1095 	.db #0x00	; 0
      00040E 00                    1096 	.db #0x00	; 0
      00040F 00                    1097 	.db #0x00	; 0
      000410 00                    1098 	.db #0x00	; 0
      000411 00                    1099 	.db #0x00	; 0
      000412 00                    1100 	.db #0x00	; 0
      000413 00                    1101 	.db #0x00	; 0
      000414 00                    1102 	.db #0x00	; 0
      000415 00                    1103 	.db #0x00	; 0
      000416 20                    1104 	.db #0x20	; 32
      000417 00                    1105 	.db #0x00	; 0
      000418 00                    1106 	.db #0x00	; 0
      000419 00                    1107 	.db #0x00	; 0
      00041A 00                    1108 	.db #0x00	; 0
      00041B 00                    1109 	.db #0x00	; 0
      00041C 00                    1110 	.db #0x00	; 0
      00041D 00                    1111 	.db #0x00	; 0
      00041E 00                    1112 	.db #0x00	; 0
      00041F 00                    1113 	.db #0x00	; 0
      000420 00                    1114 	.db #0x00	; 0
      000421 00                    1115 	.db #0x00	; 0
      000422 00                    1116 	.db #0x00	; 0
      000423 00                    1117 	.db #0x00	; 0
      000424 00                    1118 	.db #0x00	; 0
      000425 00                    1119 	.db #0x00	; 0
      000426 00                    1120 	.db #0x00	; 0
      000427 00                    1121 	.db #0x00	; 0
      000428 00                    1122 	.db #0x00	; 0
      000429 00                    1123 	.db #0x00	; 0
      00042A 20                    1124 	.db #0x20	; 32
      00042B 00                    1125 	.db #0x00	; 0
      00042C 00                    1126 	.db #0x00	; 0
      00042D 00                    1127 	.db #0x00	; 0
      00042E 00                    1128 	.db #0x00	; 0
      00042F 00                    1129 	.db #0x00	; 0
      000430 20                    1130 	.db #0x20	; 32
      000431 00                    1131 	.db #0x00	; 0
      000432 00                    1132 	.db #0x00	; 0
      000433 00                    1133 	.db #0x00	; 0
      000434 00                    1134 	.db #0x00	; 0
      000435 00                    1135 	.db #0x00	; 0
      000436 00                    1136 	.db #0x00	; 0
      000437 00                    1137 	.db #0x00	; 0
      000438 00                    1138 	.db #0x00	; 0
      000439 00                    1139 	.db #0x00	; 0
      00043A 00                    1140 	.db #0x00	; 0
      00043B 00                    1141 	.db #0x00	; 0
      00043C 00                    1142 	.db #0x00	; 0
      00043D 00                    1143 	.db #0x00	; 0
      00043E 00                    1144 	.db #0x00	; 0
      00043F 00                    1145 	.db #0x00	; 0
      000440 00                    1146 	.db #0x00	; 0
      000441 00                    1147 	.db #0x00	; 0
      000442 00                    1148 	.db #0x00	; 0
      000443 00                    1149 	.db #0x00	; 0
      000444 00                    1150 	.db #0x00	; 0
      000445 00                    1151 	.db #0x00	; 0
      000446 00                    1152 	.db #0x00	; 0
      000447 00                    1153 	.db #0x00	; 0
      000448 00                    1154 	.db #0x00	; 0
      000449 00                    1155 	.db #0x00	; 0
      00044A 00                    1156 	.db #0x00	; 0
      00044B 00                    1157 	.db #0x00	; 0
      00044C 00                    1158 	.db #0x00	; 0
      00044D 00                    1159 	.db #0x00	; 0
      00044E 00                    1160 	.db #0x00	; 0
      00044F 00                    1161 	.db #0x00	; 0
      000450 00                    1162 	.db #0x00	; 0
      000451 00                    1163 	.db #0x00	; 0
      000452 00                    1164 	.db #0x00	; 0
      000453 00                    1165 	.db #0x00	; 0
      000454 00                    1166 	.db #0x00	; 0
      000455 00                    1167 	.db #0x00	; 0
      000456 00                    1168 	.db #0x00	; 0
      000457 00                    1169 	.db #0x00	; 0
      000458 00                    1170 	.db #0x00	; 0
      000459 20                    1171 	.db #0x20	; 32
      00045A 00                    1172 	.db #0x00	; 0
      00045B 00                    1173 	.db #0x00	; 0
      00045C 00                    1174 	.db #0x00	; 0
      00045D 00                    1175 	.db #0x00	; 0
      00045E 00                    1176 	.db #0x00	; 0
      00045F 00                    1177 	.db #0x00	; 0
      000460 00                    1178 	.db #0x00	; 0
      000461 00                    1179 	.db #0x00	; 0
      000462 00                    1180 	.db #0x00	; 0
      000463 00                    1181 	.db #0x00	; 0
      000464 00                    1182 	.db #0x00	; 0
      000465 00                    1183 	.db #0x00	; 0
      000466 00                    1184 	.db #0x00	; 0
      000467 00                    1185 	.db #0x00	; 0
      000468 00                    1186 	.db #0x00	; 0
      000469 00                    1187 	.db #0x00	; 0
      00046A 00                    1188 	.db #0x00	; 0
      00046B 00                    1189 	.db #0x00	; 0
      00046C 00                    1190 	.db #0x00	; 0
      00046D 00                    1191 	.db #0x00	; 0
      00046E 40                    1192 	.db #0x40	; 64
      00046F 00                    1193 	.db #0x00	; 0
      000470 00                    1194 	.db #0x00	; 0
      000471 00                    1195 	.db #0x00	; 0
      000472 00                    1196 	.db #0x00	; 0
      000473 00                    1197 	.db #0x00	; 0
      000474 00                    1198 	.db #0x00	; 0
      000475 00                    1199 	.db #0x00	; 0
      000476 00                    1200 	.db #0x00	; 0
      000477 00                    1201 	.db #0x00	; 0
      000478 00                    1202 	.db #0x00	; 0
      000479 40                    1203 	.db #0x40	; 64
      00047A 00                    1204 	.db #0x00	; 0
      00047B 00                    1205 	.db #0x00	; 0
      00047C 00                    1206 	.db #0x00	; 0
      00047D 00                    1207 	.db #0x00	; 0
      00047E 00                    1208 	.db #0x00	; 0
      00047F 00                    1209 	.db #0x00	; 0
      000480 00                    1210 	.db #0x00	; 0
      000481 00                    1211 	.db #0x00	; 0
      000482 00                    1212 	.db #0x00	; 0
      000483 00                    1213 	.db #0x00	; 0
      000484 00                    1214 	.db #0x00	; 0
      000485 00                    1215 	.db #0x00	; 0
      000486 00                    1216 	.db #0x00	; 0
      000487 00                    1217 	.db #0x00	; 0
      000488 00                    1218 	.db #0x00	; 0
      000489 00                    1219 	.db #0x00	; 0
      00048A 00                    1220 	.db #0x00	; 0
      00048B 00                    1221 	.db #0x00	; 0
      00048C 00                    1222 	.db #0x00	; 0
      00048D 00                    1223 	.db #0x00	; 0
      00048E 00                    1224 	.db #0x00	; 0
      00048F 00                    1225 	.db #0x00	; 0
      000490 00                    1226 	.db #0x00	; 0
      000491 00                    1227 	.db #0x00	; 0
      000492 00                    1228 	.db #0x00	; 0
      000493 00                    1229 	.db #0x00	; 0
      000494 00                    1230 	.db #0x00	; 0
      000495 00                    1231 	.db #0x00	; 0
      000496 00                    1232 	.db #0x00	; 0
      000497 00                    1233 	.db #0x00	; 0
      000498 00                    1234 	.db #0x00	; 0
      000499 00                    1235 	.db #0x00	; 0
      00049A 00                    1236 	.db #0x00	; 0
      00049B 00                    1237 	.db #0x00	; 0
      00049C 00                    1238 	.db #0x00	; 0
      00049D 00                    1239 	.db #0x00	; 0
      00049E 00                    1240 	.db #0x00	; 0
      00049F 00                    1241 	.db #0x00	; 0
      0004A0 00                    1242 	.db #0x00	; 0
      0004A1 00                    1243 	.db #0x00	; 0
      0004A2 00                    1244 	.db #0x00	; 0
      0004A3 00                    1245 	.db #0x00	; 0
      0004A4 00                    1246 	.db #0x00	; 0
      0004A5 00                    1247 	.db #0x00	; 0
      0004A6 00                    1248 	.db #0x00	; 0
      0004A7 00                    1249 	.db #0x00	; 0
      0004A8 00                    1250 	.db #0x00	; 0
      0004A9 00                    1251 	.db #0x00	; 0
      0004AA 00                    1252 	.db #0x00	; 0
      0004AB 00                    1253 	.db #0x00	; 0
      0004AC 00                    1254 	.db #0x00	; 0
      0004AD 00                    1255 	.db #0x00	; 0
      0004AE 00                    1256 	.db #0x00	; 0
      0004AF 00                    1257 	.db #0x00	; 0
      0004B0 00                    1258 	.db #0x00	; 0
      0004B1 00                    1259 	.db #0x00	; 0
      0004B2 00                    1260 	.db #0x00	; 0
      0004B3 00                    1261 	.db #0x00	; 0
      0004B4 00                    1262 	.db #0x00	; 0
      0004B5 00                    1263 	.db #0x00	; 0
      0004B6 00                    1264 	.db #0x00	; 0
      0004B7 00                    1265 	.db #0x00	; 0
      0004B8 00                    1266 	.db #0x00	; 0
      0004B9 00                    1267 	.db #0x00	; 0
      0004BA 00                    1268 	.db #0x00	; 0
      0004BB 00                    1269 	.db #0x00	; 0
      0004BC 00                    1270 	.db #0x00	; 0
      0004BD 00                    1271 	.db #0x00	; 0
      0004BE 00                    1272 	.db #0x00	; 0
      0004BF 00                    1273 	.db #0x00	; 0
      0004C0 00                    1274 	.db #0x00	; 0
      0004C1 00                    1275 	.db #0x00	; 0
      0004C2 00                    1276 	.db #0x00	; 0
      0004C3 00                    1277 	.db #0x00	; 0
      0004C4 00                    1278 	.db #0x00	; 0
      0004C5 00                    1279 	.db #0x00	; 0
      0004C6 00                    1280 	.db #0x00	; 0
      0004C7 00                    1281 	.db #0x00	; 0
      0004C8 00                    1282 	.db #0x00	; 0
      0004C9 00                    1283 	.db #0x00	; 0
      0004CA 00                    1284 	.db #0x00	; 0
      0004CB 00                    1285 	.db #0x00	; 0
      0004CC 00                    1286 	.db #0x00	; 0
      0004CD 00                    1287 	.db #0x00	; 0
      0004CE 00                    1288 	.db #0x00	; 0
      0004CF 00                    1289 	.db #0x00	; 0
      0004D0 00                    1290 	.db #0x00	; 0
      0004D1 00                    1291 	.db #0x00	; 0
      0004D2 00                    1292 	.db #0x00	; 0
      0004D3 00                    1293 	.db #0x00	; 0
      0004D4 00                    1294 	.db #0x00	; 0
      0004D5 00                    1295 	.db #0x00	; 0
      0004D6 00                    1296 	.db #0x00	; 0
      0004D7 00                    1297 	.db #0x00	; 0
                                   1298 	.area _INITIALIZER
                                   1299 	.area _CABS (ABS)
