                                      1 ;--------------------------------------------------------
                                      2 ; File Created by SDCC : free open source ANSI-C Compiler
                                      3 ; Version 4.1.6 #12539 (MINGW32)
                                      4 ;--------------------------------------------------------
                                      5 	.module bar_c
                                      6 	.optsdcc -mgbz80
                                      7 	
                                      8 ;--------------------------------------------------------
                                      9 ; Public variables in this module
                                     10 ;--------------------------------------------------------
                                     11 	.globl _bar_c
                                     12 	.globl _bar_cCGB
                                     13 	.globl b___func_bar_c
                                     14 	.globl ___func_bar_c
                                     15 	.globl b___func_bar_cCGB
                                     16 	.globl ___func_bar_cCGB
                                     17 ;--------------------------------------------------------
                                     18 ; special function registers
                                     19 ;--------------------------------------------------------
                                     20 ;--------------------------------------------------------
                                     21 ; ram data
                                     22 ;--------------------------------------------------------
                                     23 	.area _DATA
                                     24 ;--------------------------------------------------------
                                     25 ; ram data
                                     26 ;--------------------------------------------------------
                                     27 	.area _INITIALIZED
                                     28 ;--------------------------------------------------------
                                     29 ; absolute external ram data
                                     30 ;--------------------------------------------------------
                                     31 	.area _DABS (ABS)
                                     32 ;--------------------------------------------------------
                                     33 ; global & static initialisations
                                     34 ;--------------------------------------------------------
                                     35 	.area _HOME
                                     36 	.area _GSINIT
                                     37 	.area _GSFINAL
                                     38 	.area _GSINIT
                                     39 ;--------------------------------------------------------
                                     40 ; Home
                                     41 ;--------------------------------------------------------
                                     42 	.area _HOME
                                     43 	.area _HOME
                                     44 ;--------------------------------------------------------
                                     45 ; code
                                     46 ;--------------------------------------------------------
                                     47 	.area _CODE
                                     48 ;src/gfx/bar_c.c:26: BANKREF(bar_cCGB)
                                     49 ;	---------------------------------
                                     50 ; Function __func_bar_cCGB
                                     51 ; ---------------------------------
                           000000    52 	b___func_bar_cCGB	= 0
      000000                         53 ___func_bar_cCGB::
                                     54 	.local b___func_bar_cCGB 
                           000000    55 	___bank_bar_cCGB = b___func_bar_cCGB 
                                     56 	.globl ___bank_bar_cCGB 
                                     57 ;src/gfx/bar_c.c:36: BANKREF(bar_c)
                                     58 ;	---------------------------------
                                     59 ; Function __func_bar_c
                                     60 ; ---------------------------------
                           000000    61 	b___func_bar_c	= 0
      000000                         62 ___func_bar_c::
                                     63 	.local b___func_bar_c 
                           000000    64 	___bank_bar_c = b___func_bar_c 
                                     65 	.globl ___bank_bar_c 
                                     66 	.area _CODE
      000000                         67 _bar_cCGB:
      000000 00                      68 	.db #0x00	; 0
      000001 00                      69 	.db #0x00	; 0
      000002 00                      70 	.db #0x00	; 0
      000003 00                      71 	.db #0x00	; 0
      000004 01                      72 	.db #0x01	; 1
      000005 01                      73 	.db #0x01	; 1
      000006 01                      74 	.db #0x01	; 1
      000007 01                      75 	.db #0x01	; 1
      000008 02                      76 	.db #0x02	; 2
      000009 02                      77 	.db #0x02	; 2
      00000A 02                      78 	.db #0x02	; 2
      00000B 02                      79 	.db #0x02	; 2
      00000C 03                      80 	.db #0x03	; 3
      00000D 03                      81 	.db #0x03	; 3
      00000E 03                      82 	.db #0x03	; 3
      00000F 03                      83 	.db #0x03	; 3
      000010 04                      84 	.db #0x04	; 4
      000011 04                      85 	.db #0x04	; 4
      000012 04                      86 	.db #0x04	; 4
      000013 04                      87 	.db #0x04	; 4
      000014 05                      88 	.db #0x05	; 5
      000015 05                      89 	.db #0x05	; 5
      000016 05                      90 	.db #0x05	; 5
      000017 05                      91 	.db #0x05	; 5
      000018 06                      92 	.db #0x06	; 6
      000019 06                      93 	.db #0x06	; 6
      00001A 06                      94 	.db #0x06	; 6
      00001B 06                      95 	.db #0x06	; 6
      00001C 07                      96 	.db #0x07	; 7
      00001D 07                      97 	.db #0x07	; 7
      00001E 07                      98 	.db #0x07	; 7
      00001F 07                      99 	.db #0x07	; 7
      000020                        100 _bar_c:
      000020 00                     101 	.db #0x00	; 0
      000021 00                     102 	.db #0x00	; 0
      000022 00                     103 	.db #0x00	; 0
      000023 00                     104 	.db #0x00	; 0
      000024 00                     105 	.db #0x00	; 0
      000025 00                     106 	.db #0x00	; 0
      000026 00                     107 	.db #0x00	; 0
      000027 00                     108 	.db #0x00	; 0
      000028 00                     109 	.db #0x00	; 0
      000029 00                     110 	.db #0x00	; 0
      00002A 00                     111 	.db #0x00	; 0
      00002B 00                     112 	.db #0x00	; 0
      00002C 00                     113 	.db #0x00	; 0
      00002D 00                     114 	.db #0x00	; 0
      00002E 00                     115 	.db #0x00	; 0
      00002F 00                     116 	.db #0x00	; 0
      000030 FF                     117 	.db #0xff	; 255
      000031 00                     118 	.db #0x00	; 0
      000032 FF                     119 	.db #0xff	; 255
      000033 00                     120 	.db #0x00	; 0
      000034 FF                     121 	.db #0xff	; 255
      000035 00                     122 	.db #0x00	; 0
      000036 FF                     123 	.db #0xff	; 255
      000037 00                     124 	.db #0x00	; 0
      000038 FF                     125 	.db #0xff	; 255
      000039 00                     126 	.db #0x00	; 0
      00003A FF                     127 	.db #0xff	; 255
      00003B 00                     128 	.db #0x00	; 0
      00003C FF                     129 	.db #0xff	; 255
      00003D 00                     130 	.db #0x00	; 0
      00003E FF                     131 	.db #0xff	; 255
      00003F 00                     132 	.db #0x00	; 0
      000040 00                     133 	.db #0x00	; 0
      000041 FF                     134 	.db #0xff	; 255
      000042 00                     135 	.db #0x00	; 0
      000043 FF                     136 	.db #0xff	; 255
      000044 00                     137 	.db #0x00	; 0
      000045 FF                     138 	.db #0xff	; 255
      000046 00                     139 	.db #0x00	; 0
      000047 FF                     140 	.db #0xff	; 255
      000048 00                     141 	.db #0x00	; 0
      000049 FF                     142 	.db #0xff	; 255
      00004A 00                     143 	.db #0x00	; 0
      00004B FF                     144 	.db #0xff	; 255
      00004C 00                     145 	.db #0x00	; 0
      00004D FF                     146 	.db #0xff	; 255
      00004E 00                     147 	.db #0x00	; 0
      00004F FF                     148 	.db #0xff	; 255
      000050 FF                     149 	.db #0xff	; 255
      000051 FF                     150 	.db #0xff	; 255
      000052 FF                     151 	.db #0xff	; 255
      000053 FF                     152 	.db #0xff	; 255
      000054 FF                     153 	.db #0xff	; 255
      000055 FF                     154 	.db #0xff	; 255
      000056 FF                     155 	.db #0xff	; 255
      000057 FF                     156 	.db #0xff	; 255
      000058 FF                     157 	.db #0xff	; 255
      000059 FF                     158 	.db #0xff	; 255
      00005A FF                     159 	.db #0xff	; 255
      00005B FF                     160 	.db #0xff	; 255
      00005C FF                     161 	.db #0xff	; 255
      00005D FF                     162 	.db #0xff	; 255
      00005E FF                     163 	.db #0xff	; 255
      00005F FF                     164 	.db #0xff	; 255
      000060 00                     165 	.db #0x00	; 0
      000061 00                     166 	.db #0x00	; 0
      000062 00                     167 	.db #0x00	; 0
      000063 00                     168 	.db #0x00	; 0
      000064 00                     169 	.db #0x00	; 0
      000065 00                     170 	.db #0x00	; 0
      000066 00                     171 	.db #0x00	; 0
      000067 00                     172 	.db #0x00	; 0
      000068 00                     173 	.db #0x00	; 0
      000069 00                     174 	.db #0x00	; 0
      00006A 00                     175 	.db #0x00	; 0
      00006B 00                     176 	.db #0x00	; 0
      00006C 00                     177 	.db #0x00	; 0
      00006D 00                     178 	.db #0x00	; 0
      00006E 00                     179 	.db #0x00	; 0
      00006F 00                     180 	.db #0x00	; 0
      000070 FF                     181 	.db #0xff	; 255
      000071 00                     182 	.db #0x00	; 0
      000072 FF                     183 	.db #0xff	; 255
      000073 00                     184 	.db #0x00	; 0
      000074 FF                     185 	.db #0xff	; 255
      000075 00                     186 	.db #0x00	; 0
      000076 FF                     187 	.db #0xff	; 255
      000077 00                     188 	.db #0x00	; 0
      000078 FF                     189 	.db #0xff	; 255
      000079 00                     190 	.db #0x00	; 0
      00007A FF                     191 	.db #0xff	; 255
      00007B 00                     192 	.db #0x00	; 0
      00007C FF                     193 	.db #0xff	; 255
      00007D 00                     194 	.db #0x00	; 0
      00007E FF                     195 	.db #0xff	; 255
      00007F 00                     196 	.db #0x00	; 0
      000080 00                     197 	.db #0x00	; 0
      000081 FF                     198 	.db #0xff	; 255
      000082 00                     199 	.db #0x00	; 0
      000083 FF                     200 	.db #0xff	; 255
      000084 00                     201 	.db #0x00	; 0
      000085 FF                     202 	.db #0xff	; 255
      000086 00                     203 	.db #0x00	; 0
      000087 FF                     204 	.db #0xff	; 255
      000088 00                     205 	.db #0x00	; 0
      000089 FF                     206 	.db #0xff	; 255
      00008A 00                     207 	.db #0x00	; 0
      00008B FF                     208 	.db #0xff	; 255
      00008C 00                     209 	.db #0x00	; 0
      00008D FF                     210 	.db #0xff	; 255
      00008E 00                     211 	.db #0x00	; 0
      00008F FF                     212 	.db #0xff	; 255
      000090 FF                     213 	.db #0xff	; 255
      000091 FF                     214 	.db #0xff	; 255
      000092 FF                     215 	.db #0xff	; 255
      000093 FF                     216 	.db #0xff	; 255
      000094 FF                     217 	.db #0xff	; 255
      000095 FF                     218 	.db #0xff	; 255
      000096 FF                     219 	.db #0xff	; 255
      000097 FF                     220 	.db #0xff	; 255
      000098 FF                     221 	.db #0xff	; 255
      000099 FF                     222 	.db #0xff	; 255
      00009A FF                     223 	.db #0xff	; 255
      00009B FF                     224 	.db #0xff	; 255
      00009C FF                     225 	.db #0xff	; 255
      00009D FF                     226 	.db #0xff	; 255
      00009E FF                     227 	.db #0xff	; 255
      00009F FF                     228 	.db #0xff	; 255
      0000A0 00                     229 	.db #0x00	; 0
      0000A1 00                     230 	.db #0x00	; 0
      0000A2 00                     231 	.db #0x00	; 0
      0000A3 00                     232 	.db #0x00	; 0
      0000A4 00                     233 	.db #0x00	; 0
      0000A5 00                     234 	.db #0x00	; 0
      0000A6 00                     235 	.db #0x00	; 0
      0000A7 00                     236 	.db #0x00	; 0
      0000A8 00                     237 	.db #0x00	; 0
      0000A9 00                     238 	.db #0x00	; 0
      0000AA 00                     239 	.db #0x00	; 0
      0000AB 00                     240 	.db #0x00	; 0
      0000AC 00                     241 	.db #0x00	; 0
      0000AD 00                     242 	.db #0x00	; 0
      0000AE 00                     243 	.db #0x00	; 0
      0000AF 00                     244 	.db #0x00	; 0
      0000B0 FF                     245 	.db #0xff	; 255
      0000B1 00                     246 	.db #0x00	; 0
      0000B2 FF                     247 	.db #0xff	; 255
      0000B3 00                     248 	.db #0x00	; 0
      0000B4 FF                     249 	.db #0xff	; 255
      0000B5 00                     250 	.db #0x00	; 0
      0000B6 FF                     251 	.db #0xff	; 255
      0000B7 00                     252 	.db #0x00	; 0
      0000B8 FF                     253 	.db #0xff	; 255
      0000B9 00                     254 	.db #0x00	; 0
      0000BA FF                     255 	.db #0xff	; 255
      0000BB 00                     256 	.db #0x00	; 0
      0000BC FF                     257 	.db #0xff	; 255
      0000BD 00                     258 	.db #0x00	; 0
      0000BE FF                     259 	.db #0xff	; 255
      0000BF 00                     260 	.db #0x00	; 0
      0000C0 00                     261 	.db #0x00	; 0
      0000C1 FF                     262 	.db #0xff	; 255
      0000C2 00                     263 	.db #0x00	; 0
      0000C3 FF                     264 	.db #0xff	; 255
      0000C4 00                     265 	.db #0x00	; 0
      0000C5 FF                     266 	.db #0xff	; 255
      0000C6 00                     267 	.db #0x00	; 0
      0000C7 FF                     268 	.db #0xff	; 255
      0000C8 00                     269 	.db #0x00	; 0
      0000C9 FF                     270 	.db #0xff	; 255
      0000CA 00                     271 	.db #0x00	; 0
      0000CB FF                     272 	.db #0xff	; 255
      0000CC 00                     273 	.db #0x00	; 0
      0000CD FF                     274 	.db #0xff	; 255
      0000CE 00                     275 	.db #0x00	; 0
      0000CF FF                     276 	.db #0xff	; 255
      0000D0 FF                     277 	.db #0xff	; 255
      0000D1 FF                     278 	.db #0xff	; 255
      0000D2 FF                     279 	.db #0xff	; 255
      0000D3 FF                     280 	.db #0xff	; 255
      0000D4 FF                     281 	.db #0xff	; 255
      0000D5 FF                     282 	.db #0xff	; 255
      0000D6 FF                     283 	.db #0xff	; 255
      0000D7 FF                     284 	.db #0xff	; 255
      0000D8 FF                     285 	.db #0xff	; 255
      0000D9 FF                     286 	.db #0xff	; 255
      0000DA FF                     287 	.db #0xff	; 255
      0000DB FF                     288 	.db #0xff	; 255
      0000DC FF                     289 	.db #0xff	; 255
      0000DD FF                     290 	.db #0xff	; 255
      0000DE FF                     291 	.db #0xff	; 255
      0000DF FF                     292 	.db #0xff	; 255
      0000E0 00                     293 	.db #0x00	; 0
      0000E1 00                     294 	.db #0x00	; 0
      0000E2 00                     295 	.db #0x00	; 0
      0000E3 00                     296 	.db #0x00	; 0
      0000E4 00                     297 	.db #0x00	; 0
      0000E5 00                     298 	.db #0x00	; 0
      0000E6 00                     299 	.db #0x00	; 0
      0000E7 00                     300 	.db #0x00	; 0
      0000E8 00                     301 	.db #0x00	; 0
      0000E9 00                     302 	.db #0x00	; 0
      0000EA 00                     303 	.db #0x00	; 0
      0000EB 00                     304 	.db #0x00	; 0
      0000EC 00                     305 	.db #0x00	; 0
      0000ED 00                     306 	.db #0x00	; 0
      0000EE 00                     307 	.db #0x00	; 0
      0000EF 00                     308 	.db #0x00	; 0
      0000F0 FF                     309 	.db #0xff	; 255
      0000F1 00                     310 	.db #0x00	; 0
      0000F2 FF                     311 	.db #0xff	; 255
      0000F3 00                     312 	.db #0x00	; 0
      0000F4 FF                     313 	.db #0xff	; 255
      0000F5 00                     314 	.db #0x00	; 0
      0000F6 FF                     315 	.db #0xff	; 255
      0000F7 00                     316 	.db #0x00	; 0
      0000F8 FF                     317 	.db #0xff	; 255
      0000F9 00                     318 	.db #0x00	; 0
      0000FA FF                     319 	.db #0xff	; 255
      0000FB 00                     320 	.db #0x00	; 0
      0000FC FF                     321 	.db #0xff	; 255
      0000FD 00                     322 	.db #0x00	; 0
      0000FE FF                     323 	.db #0xff	; 255
      0000FF 00                     324 	.db #0x00	; 0
      000100 00                     325 	.db #0x00	; 0
      000101 FF                     326 	.db #0xff	; 255
      000102 00                     327 	.db #0x00	; 0
      000103 FF                     328 	.db #0xff	; 255
      000104 00                     329 	.db #0x00	; 0
      000105 FF                     330 	.db #0xff	; 255
      000106 00                     331 	.db #0x00	; 0
      000107 FF                     332 	.db #0xff	; 255
      000108 00                     333 	.db #0x00	; 0
      000109 FF                     334 	.db #0xff	; 255
      00010A 00                     335 	.db #0x00	; 0
      00010B FF                     336 	.db #0xff	; 255
      00010C 00                     337 	.db #0x00	; 0
      00010D FF                     338 	.db #0xff	; 255
      00010E 00                     339 	.db #0x00	; 0
      00010F FF                     340 	.db #0xff	; 255
      000110 FF                     341 	.db #0xff	; 255
      000111 FF                     342 	.db #0xff	; 255
      000112 FF                     343 	.db #0xff	; 255
      000113 FF                     344 	.db #0xff	; 255
      000114 FF                     345 	.db #0xff	; 255
      000115 FF                     346 	.db #0xff	; 255
      000116 FF                     347 	.db #0xff	; 255
      000117 FF                     348 	.db #0xff	; 255
      000118 FF                     349 	.db #0xff	; 255
      000119 FF                     350 	.db #0xff	; 255
      00011A FF                     351 	.db #0xff	; 255
      00011B FF                     352 	.db #0xff	; 255
      00011C FF                     353 	.db #0xff	; 255
      00011D FF                     354 	.db #0xff	; 255
      00011E FF                     355 	.db #0xff	; 255
      00011F FF                     356 	.db #0xff	; 255
      000120 00                     357 	.db #0x00	; 0
      000121 00                     358 	.db #0x00	; 0
      000122 00                     359 	.db #0x00	; 0
      000123 00                     360 	.db #0x00	; 0
      000124 00                     361 	.db #0x00	; 0
      000125 00                     362 	.db #0x00	; 0
      000126 00                     363 	.db #0x00	; 0
      000127 00                     364 	.db #0x00	; 0
      000128 00                     365 	.db #0x00	; 0
      000129 00                     366 	.db #0x00	; 0
      00012A 00                     367 	.db #0x00	; 0
      00012B 00                     368 	.db #0x00	; 0
      00012C 00                     369 	.db #0x00	; 0
      00012D 00                     370 	.db #0x00	; 0
      00012E 00                     371 	.db #0x00	; 0
      00012F 00                     372 	.db #0x00	; 0
      000130 FF                     373 	.db #0xff	; 255
      000131 00                     374 	.db #0x00	; 0
      000132 FF                     375 	.db #0xff	; 255
      000133 00                     376 	.db #0x00	; 0
      000134 FF                     377 	.db #0xff	; 255
      000135 00                     378 	.db #0x00	; 0
      000136 FF                     379 	.db #0xff	; 255
      000137 00                     380 	.db #0x00	; 0
      000138 FF                     381 	.db #0xff	; 255
      000139 00                     382 	.db #0x00	; 0
      00013A FF                     383 	.db #0xff	; 255
      00013B 00                     384 	.db #0x00	; 0
      00013C FF                     385 	.db #0xff	; 255
      00013D 00                     386 	.db #0x00	; 0
      00013E FF                     387 	.db #0xff	; 255
      00013F 00                     388 	.db #0x00	; 0
      000140 00                     389 	.db #0x00	; 0
      000141 FF                     390 	.db #0xff	; 255
      000142 00                     391 	.db #0x00	; 0
      000143 FF                     392 	.db #0xff	; 255
      000144 00                     393 	.db #0x00	; 0
      000145 FF                     394 	.db #0xff	; 255
      000146 00                     395 	.db #0x00	; 0
      000147 FF                     396 	.db #0xff	; 255
      000148 00                     397 	.db #0x00	; 0
      000149 FF                     398 	.db #0xff	; 255
      00014A 00                     399 	.db #0x00	; 0
      00014B FF                     400 	.db #0xff	; 255
      00014C 00                     401 	.db #0x00	; 0
      00014D FF                     402 	.db #0xff	; 255
      00014E 00                     403 	.db #0x00	; 0
      00014F FF                     404 	.db #0xff	; 255
      000150 FF                     405 	.db #0xff	; 255
      000151 FF                     406 	.db #0xff	; 255
      000152 FF                     407 	.db #0xff	; 255
      000153 FF                     408 	.db #0xff	; 255
      000154 FF                     409 	.db #0xff	; 255
      000155 FF                     410 	.db #0xff	; 255
      000156 FF                     411 	.db #0xff	; 255
      000157 FF                     412 	.db #0xff	; 255
      000158 FF                     413 	.db #0xff	; 255
      000159 FF                     414 	.db #0xff	; 255
      00015A FF                     415 	.db #0xff	; 255
      00015B FF                     416 	.db #0xff	; 255
      00015C FF                     417 	.db #0xff	; 255
      00015D FF                     418 	.db #0xff	; 255
      00015E FF                     419 	.db #0xff	; 255
      00015F FF                     420 	.db #0xff	; 255
      000160 00                     421 	.db #0x00	; 0
      000161 00                     422 	.db #0x00	; 0
      000162 00                     423 	.db #0x00	; 0
      000163 00                     424 	.db #0x00	; 0
      000164 00                     425 	.db #0x00	; 0
      000165 00                     426 	.db #0x00	; 0
      000166 00                     427 	.db #0x00	; 0
      000167 00                     428 	.db #0x00	; 0
      000168 00                     429 	.db #0x00	; 0
      000169 00                     430 	.db #0x00	; 0
      00016A 00                     431 	.db #0x00	; 0
      00016B 00                     432 	.db #0x00	; 0
      00016C 00                     433 	.db #0x00	; 0
      00016D 00                     434 	.db #0x00	; 0
      00016E 00                     435 	.db #0x00	; 0
      00016F 00                     436 	.db #0x00	; 0
      000170 FF                     437 	.db #0xff	; 255
      000171 00                     438 	.db #0x00	; 0
      000172 FF                     439 	.db #0xff	; 255
      000173 00                     440 	.db #0x00	; 0
      000174 FF                     441 	.db #0xff	; 255
      000175 00                     442 	.db #0x00	; 0
      000176 FF                     443 	.db #0xff	; 255
      000177 00                     444 	.db #0x00	; 0
      000178 FF                     445 	.db #0xff	; 255
      000179 00                     446 	.db #0x00	; 0
      00017A FF                     447 	.db #0xff	; 255
      00017B 00                     448 	.db #0x00	; 0
      00017C FF                     449 	.db #0xff	; 255
      00017D 00                     450 	.db #0x00	; 0
      00017E FF                     451 	.db #0xff	; 255
      00017F 00                     452 	.db #0x00	; 0
      000180 00                     453 	.db #0x00	; 0
      000181 FF                     454 	.db #0xff	; 255
      000182 00                     455 	.db #0x00	; 0
      000183 FF                     456 	.db #0xff	; 255
      000184 00                     457 	.db #0x00	; 0
      000185 FF                     458 	.db #0xff	; 255
      000186 00                     459 	.db #0x00	; 0
      000187 FF                     460 	.db #0xff	; 255
      000188 00                     461 	.db #0x00	; 0
      000189 FF                     462 	.db #0xff	; 255
      00018A 00                     463 	.db #0x00	; 0
      00018B FF                     464 	.db #0xff	; 255
      00018C 00                     465 	.db #0x00	; 0
      00018D FF                     466 	.db #0xff	; 255
      00018E 00                     467 	.db #0x00	; 0
      00018F FF                     468 	.db #0xff	; 255
      000190 FF                     469 	.db #0xff	; 255
      000191 FF                     470 	.db #0xff	; 255
      000192 FF                     471 	.db #0xff	; 255
      000193 FF                     472 	.db #0xff	; 255
      000194 FF                     473 	.db #0xff	; 255
      000195 FF                     474 	.db #0xff	; 255
      000196 FF                     475 	.db #0xff	; 255
      000197 FF                     476 	.db #0xff	; 255
      000198 FF                     477 	.db #0xff	; 255
      000199 FF                     478 	.db #0xff	; 255
      00019A FF                     479 	.db #0xff	; 255
      00019B FF                     480 	.db #0xff	; 255
      00019C FF                     481 	.db #0xff	; 255
      00019D FF                     482 	.db #0xff	; 255
      00019E FF                     483 	.db #0xff	; 255
      00019F FF                     484 	.db #0xff	; 255
      0001A0 00                     485 	.db #0x00	; 0
      0001A1 00                     486 	.db #0x00	; 0
      0001A2 00                     487 	.db #0x00	; 0
      0001A3 00                     488 	.db #0x00	; 0
      0001A4 00                     489 	.db #0x00	; 0
      0001A5 00                     490 	.db #0x00	; 0
      0001A6 00                     491 	.db #0x00	; 0
      0001A7 00                     492 	.db #0x00	; 0
      0001A8 00                     493 	.db #0x00	; 0
      0001A9 00                     494 	.db #0x00	; 0
      0001AA 00                     495 	.db #0x00	; 0
      0001AB 00                     496 	.db #0x00	; 0
      0001AC 00                     497 	.db #0x00	; 0
      0001AD 00                     498 	.db #0x00	; 0
      0001AE 00                     499 	.db #0x00	; 0
      0001AF 00                     500 	.db #0x00	; 0
      0001B0 FF                     501 	.db #0xff	; 255
      0001B1 00                     502 	.db #0x00	; 0
      0001B2 FF                     503 	.db #0xff	; 255
      0001B3 00                     504 	.db #0x00	; 0
      0001B4 FF                     505 	.db #0xff	; 255
      0001B5 00                     506 	.db #0x00	; 0
      0001B6 FF                     507 	.db #0xff	; 255
      0001B7 00                     508 	.db #0x00	; 0
      0001B8 FF                     509 	.db #0xff	; 255
      0001B9 00                     510 	.db #0x00	; 0
      0001BA FF                     511 	.db #0xff	; 255
      0001BB 00                     512 	.db #0x00	; 0
      0001BC FF                     513 	.db #0xff	; 255
      0001BD 00                     514 	.db #0x00	; 0
      0001BE FF                     515 	.db #0xff	; 255
      0001BF 00                     516 	.db #0x00	; 0
      0001C0 00                     517 	.db #0x00	; 0
      0001C1 FF                     518 	.db #0xff	; 255
      0001C2 00                     519 	.db #0x00	; 0
      0001C3 FF                     520 	.db #0xff	; 255
      0001C4 00                     521 	.db #0x00	; 0
      0001C5 FF                     522 	.db #0xff	; 255
      0001C6 00                     523 	.db #0x00	; 0
      0001C7 FF                     524 	.db #0xff	; 255
      0001C8 00                     525 	.db #0x00	; 0
      0001C9 FF                     526 	.db #0xff	; 255
      0001CA 00                     527 	.db #0x00	; 0
      0001CB FF                     528 	.db #0xff	; 255
      0001CC 00                     529 	.db #0x00	; 0
      0001CD FF                     530 	.db #0xff	; 255
      0001CE 00                     531 	.db #0x00	; 0
      0001CF FF                     532 	.db #0xff	; 255
      0001D0 FF                     533 	.db #0xff	; 255
      0001D1 FF                     534 	.db #0xff	; 255
      0001D2 FF                     535 	.db #0xff	; 255
      0001D3 FF                     536 	.db #0xff	; 255
      0001D4 FF                     537 	.db #0xff	; 255
      0001D5 FF                     538 	.db #0xff	; 255
      0001D6 FF                     539 	.db #0xff	; 255
      0001D7 FF                     540 	.db #0xff	; 255
      0001D8 FF                     541 	.db #0xff	; 255
      0001D9 FF                     542 	.db #0xff	; 255
      0001DA FF                     543 	.db #0xff	; 255
      0001DB FF                     544 	.db #0xff	; 255
      0001DC FF                     545 	.db #0xff	; 255
      0001DD FF                     546 	.db #0xff	; 255
      0001DE FF                     547 	.db #0xff	; 255
      0001DF FF                     548 	.db #0xff	; 255
      0001E0 00                     549 	.db #0x00	; 0
      0001E1 00                     550 	.db #0x00	; 0
      0001E2 00                     551 	.db #0x00	; 0
      0001E3 00                     552 	.db #0x00	; 0
      0001E4 00                     553 	.db #0x00	; 0
      0001E5 00                     554 	.db #0x00	; 0
      0001E6 00                     555 	.db #0x00	; 0
      0001E7 00                     556 	.db #0x00	; 0
      0001E8 00                     557 	.db #0x00	; 0
      0001E9 00                     558 	.db #0x00	; 0
      0001EA 00                     559 	.db #0x00	; 0
      0001EB 00                     560 	.db #0x00	; 0
      0001EC 00                     561 	.db #0x00	; 0
      0001ED 00                     562 	.db #0x00	; 0
      0001EE 00                     563 	.db #0x00	; 0
      0001EF 00                     564 	.db #0x00	; 0
      0001F0 FF                     565 	.db #0xff	; 255
      0001F1 00                     566 	.db #0x00	; 0
      0001F2 FF                     567 	.db #0xff	; 255
      0001F3 00                     568 	.db #0x00	; 0
      0001F4 FF                     569 	.db #0xff	; 255
      0001F5 00                     570 	.db #0x00	; 0
      0001F6 FF                     571 	.db #0xff	; 255
      0001F7 00                     572 	.db #0x00	; 0
      0001F8 FF                     573 	.db #0xff	; 255
      0001F9 00                     574 	.db #0x00	; 0
      0001FA FF                     575 	.db #0xff	; 255
      0001FB 00                     576 	.db #0x00	; 0
      0001FC FF                     577 	.db #0xff	; 255
      0001FD 00                     578 	.db #0x00	; 0
      0001FE FF                     579 	.db #0xff	; 255
      0001FF 00                     580 	.db #0x00	; 0
      000200 00                     581 	.db #0x00	; 0
      000201 FF                     582 	.db #0xff	; 255
      000202 00                     583 	.db #0x00	; 0
      000203 FF                     584 	.db #0xff	; 255
      000204 00                     585 	.db #0x00	; 0
      000205 FF                     586 	.db #0xff	; 255
      000206 00                     587 	.db #0x00	; 0
      000207 FF                     588 	.db #0xff	; 255
      000208 00                     589 	.db #0x00	; 0
      000209 FF                     590 	.db #0xff	; 255
      00020A 00                     591 	.db #0x00	; 0
      00020B FF                     592 	.db #0xff	; 255
      00020C 00                     593 	.db #0x00	; 0
      00020D FF                     594 	.db #0xff	; 255
      00020E 00                     595 	.db #0x00	; 0
      00020F FF                     596 	.db #0xff	; 255
      000210 FF                     597 	.db #0xff	; 255
      000211 FF                     598 	.db #0xff	; 255
      000212 FF                     599 	.db #0xff	; 255
      000213 FF                     600 	.db #0xff	; 255
      000214 FF                     601 	.db #0xff	; 255
      000215 FF                     602 	.db #0xff	; 255
      000216 FF                     603 	.db #0xff	; 255
      000217 FF                     604 	.db #0xff	; 255
      000218 FF                     605 	.db #0xff	; 255
      000219 FF                     606 	.db #0xff	; 255
      00021A FF                     607 	.db #0xff	; 255
      00021B FF                     608 	.db #0xff	; 255
      00021C FF                     609 	.db #0xff	; 255
      00021D FF                     610 	.db #0xff	; 255
      00021E FF                     611 	.db #0xff	; 255
      00021F FF                     612 	.db #0xff	; 255
                                    613 	.area _INITIALIZER
                                    614 	.area _CABS (ABS)
