                                      1 ;--------------------------------------------------------
                                      2 ; File Created by SDCC : free open source ANSI-C Compiler
                                      3 ; Version 4.1.6 #12539 (MINGW32)
                                      4 ;--------------------------------------------------------
                                      5 	.module checkerboard_32x32
                                      6 	.optsdcc -mgbz80
                                      7 	
                                      8 ;--------------------------------------------------------
                                      9 ; Public variables in this module
                                     10 ;--------------------------------------------------------
                                     11 	.globl _checkerboard_32x32_map_attributes
                                     12 	.globl _checkerboard_32x32_map
                                     13 	.globl _checkerboard_32x32_tiles
                                     14 	.globl _checkerboard_32x32_palettes
                                     15 	.globl b___func_checkerboard_32x32_map_attributes
                                     16 	.globl ___func_checkerboard_32x32_map_attributes
                                     17 	.globl b___func_checkerboard_32x32_map
                                     18 	.globl ___func_checkerboard_32x32_map
                                     19 	.globl b___func_checkerboard_32x32_tiles
                                     20 	.globl ___func_checkerboard_32x32_tiles
                                     21 	.globl b___func_checkerboard_32x32_palettes
                                     22 	.globl ___func_checkerboard_32x32_palettes
                                     23 ;--------------------------------------------------------
                                     24 ; special function registers
                                     25 ;--------------------------------------------------------
                                     26 ;--------------------------------------------------------
                                     27 ; ram data
                                     28 ;--------------------------------------------------------
                                     29 	.area _DATA
                                     30 ;--------------------------------------------------------
                                     31 ; ram data
                                     32 ;--------------------------------------------------------
                                     33 	.area _INITIALIZED
                                     34 ;--------------------------------------------------------
                                     35 ; absolute external ram data
                                     36 ;--------------------------------------------------------
                                     37 	.area _DABS (ABS)
                                     38 ;--------------------------------------------------------
                                     39 ; global & static initialisations
                                     40 ;--------------------------------------------------------
                                     41 	.area _HOME
                                     42 	.area _GSINIT
                                     43 	.area _GSFINAL
                                     44 	.area _GSINIT
                                     45 ;--------------------------------------------------------
                                     46 ; Home
                                     47 ;--------------------------------------------------------
                                     48 	.area _HOME
                                     49 	.area _HOME
                                     50 ;--------------------------------------------------------
                                     51 ; code
                                     52 ;--------------------------------------------------------
                                     53 	.area _CODE
                                     54 ;src/gfx/checkerboard_32x32.c:7: BANKREF(checkerboard_32x32_palettes)
                                     55 ;	---------------------------------
                                     56 ; Function __func_checkerboard_32x32_palettes
                                     57 ; ---------------------------------
                           000000    58 	b___func_checkerboard_32x32_palettes	= 0
      000000                         59 ___func_checkerboard_32x32_palettes::
                                     60 	.local b___func_checkerboard_32x32_palettes 
                           000000    61 	___bank_checkerboard_32x32_palettes = b___func_checkerboard_32x32_palettes 
                                     62 	.globl ___bank_checkerboard_32x32_palettes 
                                     63 ;src/gfx/checkerboard_32x32.c:12: BANKREF(checkerboard_32x32_tiles)
                                     64 ;	---------------------------------
                                     65 ; Function __func_checkerboard_32x32_tiles
                                     66 ; ---------------------------------
                           000000    67 	b___func_checkerboard_32x32_tiles	= 0
      000000                         68 ___func_checkerboard_32x32_tiles::
                                     69 	.local b___func_checkerboard_32x32_tiles 
                           000000    70 	___bank_checkerboard_32x32_tiles = b___func_checkerboard_32x32_tiles 
                                     71 	.globl ___bank_checkerboard_32x32_tiles 
                                     72 ;src/gfx/checkerboard_32x32.c:18: BANKREF(checkerboard_32x32_map)
                                     73 ;	---------------------------------
                                     74 ; Function __func_checkerboard_32x32_map
                                     75 ; ---------------------------------
                           000000    76 	b___func_checkerboard_32x32_map	= 0
      000000                         77 ___func_checkerboard_32x32_map::
                                     78 	.local b___func_checkerboard_32x32_map 
                           000000    79 	___bank_checkerboard_32x32_map = b___func_checkerboard_32x32_map 
                                     80 	.globl ___bank_checkerboard_32x32_map 
                                     81 ;src/gfx/checkerboard_32x32.c:40: BANKREF(checkerboard_32x32_map_attributes)
                                     82 ;	---------------------------------
                                     83 ; Function __func_checkerboard_32x32_map_attributes
                                     84 ; ---------------------------------
                           000000    85 	b___func_checkerboard_32x32_map_attributes	= 0
      000000                         86 ___func_checkerboard_32x32_map_attributes::
                                     87 	.local b___func_checkerboard_32x32_map_attributes 
                           000000    88 	___bank_checkerboard_32x32_map_attributes = b___func_checkerboard_32x32_map_attributes 
                                     89 	.globl ___bank_checkerboard_32x32_map_attributes 
                                     90 	.area _CODE
      000000                         91 _checkerboard_32x32_palettes:
      000000 FF 7F                   92 	.dw #0x7fff
      000002 00 00                   93 	.dw #0x0000
      000004 0A 7C                   94 	.dw #0x7c0a
      000006 1F 00                   95 	.dw #0x001f
      000008                         96 _checkerboard_32x32_tiles:
      000008 FF                      97 	.db #0xff	; 255
      000009 00                      98 	.db #0x00	; 0
      00000A FF                      99 	.db #0xff	; 255
      00000B 00                     100 	.db #0x00	; 0
      00000C FF                     101 	.db #0xff	; 255
      00000D 00                     102 	.db #0x00	; 0
      00000E FF                     103 	.db #0xff	; 255
      00000F 00                     104 	.db #0x00	; 0
      000010 FF                     105 	.db #0xff	; 255
      000011 00                     106 	.db #0x00	; 0
      000012 FF                     107 	.db #0xff	; 255
      000013 00                     108 	.db #0x00	; 0
      000014 FF                     109 	.db #0xff	; 255
      000015 00                     110 	.db #0x00	; 0
      000016 FF                     111 	.db #0xff	; 255
      000017 00                     112 	.db #0x00	; 0
      000018 00                     113 	.db #0x00	; 0
      000019 00                     114 	.db #0x00	; 0
      00001A 00                     115 	.db #0x00	; 0
      00001B 00                     116 	.db #0x00	; 0
      00001C 00                     117 	.db #0x00	; 0
      00001D 00                     118 	.db #0x00	; 0
      00001E 00                     119 	.db #0x00	; 0
      00001F 00                     120 	.db #0x00	; 0
      000020 00                     121 	.db #0x00	; 0
      000021 00                     122 	.db #0x00	; 0
      000022 00                     123 	.db #0x00	; 0
      000023 00                     124 	.db #0x00	; 0
      000024 00                     125 	.db #0x00	; 0
      000025 00                     126 	.db #0x00	; 0
      000026 00                     127 	.db #0x00	; 0
      000027 00                     128 	.db #0x00	; 0
      000028                        129 _checkerboard_32x32_map:
      000028 00                     130 	.db #0x00	; 0
      000029 00                     131 	.db #0x00	; 0
      00002A 01                     132 	.db #0x01	; 1
      00002B 01                     133 	.db #0x01	; 1
      00002C 00                     134 	.db #0x00	; 0
      00002D 00                     135 	.db #0x00	; 0
      00002E 01                     136 	.db #0x01	; 1
      00002F 01                     137 	.db #0x01	; 1
      000030 00                     138 	.db #0x00	; 0
      000031 00                     139 	.db #0x00	; 0
      000032 01                     140 	.db #0x01	; 1
      000033 01                     141 	.db #0x01	; 1
      000034 00                     142 	.db #0x00	; 0
      000035 00                     143 	.db #0x00	; 0
      000036 01                     144 	.db #0x01	; 1
      000037 01                     145 	.db #0x01	; 1
      000038 00                     146 	.db #0x00	; 0
      000039 00                     147 	.db #0x00	; 0
      00003A 01                     148 	.db #0x01	; 1
      00003B 01                     149 	.db #0x01	; 1
      00003C 00                     150 	.db #0x00	; 0
      00003D 00                     151 	.db #0x00	; 0
      00003E 01                     152 	.db #0x01	; 1
      00003F 01                     153 	.db #0x01	; 1
      000040 00                     154 	.db #0x00	; 0
      000041 00                     155 	.db #0x00	; 0
      000042 01                     156 	.db #0x01	; 1
      000043 01                     157 	.db #0x01	; 1
      000044 00                     158 	.db #0x00	; 0
      000045 00                     159 	.db #0x00	; 0
      000046 01                     160 	.db #0x01	; 1
      000047 01                     161 	.db #0x01	; 1
      000048 00                     162 	.db #0x00	; 0
      000049 00                     163 	.db #0x00	; 0
      00004A 01                     164 	.db #0x01	; 1
      00004B 01                     165 	.db #0x01	; 1
      00004C 00                     166 	.db #0x00	; 0
      00004D 00                     167 	.db #0x00	; 0
      00004E 01                     168 	.db #0x01	; 1
      00004F 01                     169 	.db #0x01	; 1
      000050 01                     170 	.db #0x01	; 1
      000051 01                     171 	.db #0x01	; 1
      000052 00                     172 	.db #0x00	; 0
      000053 00                     173 	.db #0x00	; 0
      000054 01                     174 	.db #0x01	; 1
      000055 01                     175 	.db #0x01	; 1
      000056 00                     176 	.db #0x00	; 0
      000057 00                     177 	.db #0x00	; 0
      000058 01                     178 	.db #0x01	; 1
      000059 01                     179 	.db #0x01	; 1
      00005A 00                     180 	.db #0x00	; 0
      00005B 00                     181 	.db #0x00	; 0
      00005C 01                     182 	.db #0x01	; 1
      00005D 01                     183 	.db #0x01	; 1
      00005E 00                     184 	.db #0x00	; 0
      00005F 00                     185 	.db #0x00	; 0
      000060 01                     186 	.db #0x01	; 1
      000061 01                     187 	.db #0x01	; 1
      000062 00                     188 	.db #0x00	; 0
      000063 00                     189 	.db #0x00	; 0
      000064 01                     190 	.db #0x01	; 1
      000065 01                     191 	.db #0x01	; 1
      000066 00                     192 	.db #0x00	; 0
      000067 00                     193 	.db #0x00	; 0
      000068 01                     194 	.db #0x01	; 1
      000069 01                     195 	.db #0x01	; 1
      00006A 00                     196 	.db #0x00	; 0
      00006B 00                     197 	.db #0x00	; 0
      00006C 01                     198 	.db #0x01	; 1
      00006D 01                     199 	.db #0x01	; 1
      00006E 00                     200 	.db #0x00	; 0
      00006F 00                     201 	.db #0x00	; 0
      000070 01                     202 	.db #0x01	; 1
      000071 01                     203 	.db #0x01	; 1
      000072 00                     204 	.db #0x00	; 0
      000073 00                     205 	.db #0x00	; 0
      000074 01                     206 	.db #0x01	; 1
      000075 01                     207 	.db #0x01	; 1
      000076 00                     208 	.db #0x00	; 0
      000077 00                     209 	.db #0x00	; 0
      000078 00                     210 	.db #0x00	; 0
      000079 00                     211 	.db #0x00	; 0
      00007A 01                     212 	.db #0x01	; 1
      00007B 01                     213 	.db #0x01	; 1
      00007C 00                     214 	.db #0x00	; 0
      00007D 00                     215 	.db #0x00	; 0
      00007E 01                     216 	.db #0x01	; 1
      00007F 01                     217 	.db #0x01	; 1
      000080 00                     218 	.db #0x00	; 0
      000081 00                     219 	.db #0x00	; 0
      000082 01                     220 	.db #0x01	; 1
      000083 01                     221 	.db #0x01	; 1
      000084 00                     222 	.db #0x00	; 0
      000085 00                     223 	.db #0x00	; 0
      000086 01                     224 	.db #0x01	; 1
      000087 01                     225 	.db #0x01	; 1
      000088 00                     226 	.db #0x00	; 0
      000089 00                     227 	.db #0x00	; 0
      00008A 01                     228 	.db #0x01	; 1
      00008B 01                     229 	.db #0x01	; 1
      00008C 00                     230 	.db #0x00	; 0
      00008D 00                     231 	.db #0x00	; 0
      00008E 01                     232 	.db #0x01	; 1
      00008F 01                     233 	.db #0x01	; 1
      000090 00                     234 	.db #0x00	; 0
      000091 00                     235 	.db #0x00	; 0
      000092 01                     236 	.db #0x01	; 1
      000093 01                     237 	.db #0x01	; 1
      000094 00                     238 	.db #0x00	; 0
      000095 00                     239 	.db #0x00	; 0
      000096 01                     240 	.db #0x01	; 1
      000097 01                     241 	.db #0x01	; 1
      000098 00                     242 	.db #0x00	; 0
      000099 00                     243 	.db #0x00	; 0
      00009A 01                     244 	.db #0x01	; 1
      00009B 01                     245 	.db #0x01	; 1
      00009C 00                     246 	.db #0x00	; 0
      00009D 00                     247 	.db #0x00	; 0
      00009E 01                     248 	.db #0x01	; 1
      00009F 01                     249 	.db #0x01	; 1
      0000A0 01                     250 	.db #0x01	; 1
      0000A1 01                     251 	.db #0x01	; 1
      0000A2 00                     252 	.db #0x00	; 0
      0000A3 00                     253 	.db #0x00	; 0
      0000A4 01                     254 	.db #0x01	; 1
      0000A5 01                     255 	.db #0x01	; 1
      0000A6 00                     256 	.db #0x00	; 0
      0000A7 00                     257 	.db #0x00	; 0
      0000A8 01                     258 	.db #0x01	; 1
      0000A9 01                     259 	.db #0x01	; 1
      0000AA 00                     260 	.db #0x00	; 0
      0000AB 00                     261 	.db #0x00	; 0
      0000AC 01                     262 	.db #0x01	; 1
      0000AD 01                     263 	.db #0x01	; 1
      0000AE 00                     264 	.db #0x00	; 0
      0000AF 00                     265 	.db #0x00	; 0
      0000B0 01                     266 	.db #0x01	; 1
      0000B1 01                     267 	.db #0x01	; 1
      0000B2 00                     268 	.db #0x00	; 0
      0000B3 00                     269 	.db #0x00	; 0
      0000B4 01                     270 	.db #0x01	; 1
      0000B5 01                     271 	.db #0x01	; 1
      0000B6 00                     272 	.db #0x00	; 0
      0000B7 00                     273 	.db #0x00	; 0
      0000B8 01                     274 	.db #0x01	; 1
      0000B9 01                     275 	.db #0x01	; 1
      0000BA 00                     276 	.db #0x00	; 0
      0000BB 00                     277 	.db #0x00	; 0
      0000BC 01                     278 	.db #0x01	; 1
      0000BD 01                     279 	.db #0x01	; 1
      0000BE 00                     280 	.db #0x00	; 0
      0000BF 00                     281 	.db #0x00	; 0
      0000C0 01                     282 	.db #0x01	; 1
      0000C1 01                     283 	.db #0x01	; 1
      0000C2 00                     284 	.db #0x00	; 0
      0000C3 00                     285 	.db #0x00	; 0
      0000C4 01                     286 	.db #0x01	; 1
      0000C5 01                     287 	.db #0x01	; 1
      0000C6 00                     288 	.db #0x00	; 0
      0000C7 00                     289 	.db #0x00	; 0
      0000C8 00                     290 	.db #0x00	; 0
      0000C9 00                     291 	.db #0x00	; 0
      0000CA 01                     292 	.db #0x01	; 1
      0000CB 01                     293 	.db #0x01	; 1
      0000CC 00                     294 	.db #0x00	; 0
      0000CD 00                     295 	.db #0x00	; 0
      0000CE 01                     296 	.db #0x01	; 1
      0000CF 01                     297 	.db #0x01	; 1
      0000D0 00                     298 	.db #0x00	; 0
      0000D1 00                     299 	.db #0x00	; 0
      0000D2 01                     300 	.db #0x01	; 1
      0000D3 01                     301 	.db #0x01	; 1
      0000D4 00                     302 	.db #0x00	; 0
      0000D5 00                     303 	.db #0x00	; 0
      0000D6 01                     304 	.db #0x01	; 1
      0000D7 01                     305 	.db #0x01	; 1
      0000D8 00                     306 	.db #0x00	; 0
      0000D9 00                     307 	.db #0x00	; 0
      0000DA 01                     308 	.db #0x01	; 1
      0000DB 01                     309 	.db #0x01	; 1
      0000DC 00                     310 	.db #0x00	; 0
      0000DD 00                     311 	.db #0x00	; 0
      0000DE 01                     312 	.db #0x01	; 1
      0000DF 01                     313 	.db #0x01	; 1
      0000E0 00                     314 	.db #0x00	; 0
      0000E1 00                     315 	.db #0x00	; 0
      0000E2 01                     316 	.db #0x01	; 1
      0000E3 01                     317 	.db #0x01	; 1
      0000E4 00                     318 	.db #0x00	; 0
      0000E5 00                     319 	.db #0x00	; 0
      0000E6 01                     320 	.db #0x01	; 1
      0000E7 01                     321 	.db #0x01	; 1
      0000E8 00                     322 	.db #0x00	; 0
      0000E9 00                     323 	.db #0x00	; 0
      0000EA 01                     324 	.db #0x01	; 1
      0000EB 01                     325 	.db #0x01	; 1
      0000EC 00                     326 	.db #0x00	; 0
      0000ED 00                     327 	.db #0x00	; 0
      0000EE 01                     328 	.db #0x01	; 1
      0000EF 01                     329 	.db #0x01	; 1
      0000F0 01                     330 	.db #0x01	; 1
      0000F1 01                     331 	.db #0x01	; 1
      0000F2 00                     332 	.db #0x00	; 0
      0000F3 00                     333 	.db #0x00	; 0
      0000F4 01                     334 	.db #0x01	; 1
      0000F5 01                     335 	.db #0x01	; 1
      0000F6 00                     336 	.db #0x00	; 0
      0000F7 00                     337 	.db #0x00	; 0
      0000F8 01                     338 	.db #0x01	; 1
      0000F9 01                     339 	.db #0x01	; 1
      0000FA 00                     340 	.db #0x00	; 0
      0000FB 00                     341 	.db #0x00	; 0
      0000FC 01                     342 	.db #0x01	; 1
      0000FD 01                     343 	.db #0x01	; 1
      0000FE 00                     344 	.db #0x00	; 0
      0000FF 00                     345 	.db #0x00	; 0
      000100 01                     346 	.db #0x01	; 1
      000101 01                     347 	.db #0x01	; 1
      000102 00                     348 	.db #0x00	; 0
      000103 00                     349 	.db #0x00	; 0
      000104 01                     350 	.db #0x01	; 1
      000105 01                     351 	.db #0x01	; 1
      000106 00                     352 	.db #0x00	; 0
      000107 00                     353 	.db #0x00	; 0
      000108 01                     354 	.db #0x01	; 1
      000109 01                     355 	.db #0x01	; 1
      00010A 00                     356 	.db #0x00	; 0
      00010B 00                     357 	.db #0x00	; 0
      00010C 01                     358 	.db #0x01	; 1
      00010D 01                     359 	.db #0x01	; 1
      00010E 00                     360 	.db #0x00	; 0
      00010F 00                     361 	.db #0x00	; 0
      000110 01                     362 	.db #0x01	; 1
      000111 01                     363 	.db #0x01	; 1
      000112 00                     364 	.db #0x00	; 0
      000113 00                     365 	.db #0x00	; 0
      000114 01                     366 	.db #0x01	; 1
      000115 01                     367 	.db #0x01	; 1
      000116 00                     368 	.db #0x00	; 0
      000117 00                     369 	.db #0x00	; 0
      000118 00                     370 	.db #0x00	; 0
      000119 00                     371 	.db #0x00	; 0
      00011A 01                     372 	.db #0x01	; 1
      00011B 01                     373 	.db #0x01	; 1
      00011C 00                     374 	.db #0x00	; 0
      00011D 00                     375 	.db #0x00	; 0
      00011E 01                     376 	.db #0x01	; 1
      00011F 01                     377 	.db #0x01	; 1
      000120 00                     378 	.db #0x00	; 0
      000121 00                     379 	.db #0x00	; 0
      000122 01                     380 	.db #0x01	; 1
      000123 01                     381 	.db #0x01	; 1
      000124 00                     382 	.db #0x00	; 0
      000125 00                     383 	.db #0x00	; 0
      000126 01                     384 	.db #0x01	; 1
      000127 01                     385 	.db #0x01	; 1
      000128 00                     386 	.db #0x00	; 0
      000129 00                     387 	.db #0x00	; 0
      00012A 01                     388 	.db #0x01	; 1
      00012B 01                     389 	.db #0x01	; 1
      00012C 00                     390 	.db #0x00	; 0
      00012D 00                     391 	.db #0x00	; 0
      00012E 01                     392 	.db #0x01	; 1
      00012F 01                     393 	.db #0x01	; 1
      000130 00                     394 	.db #0x00	; 0
      000131 00                     395 	.db #0x00	; 0
      000132 01                     396 	.db #0x01	; 1
      000133 01                     397 	.db #0x01	; 1
      000134 00                     398 	.db #0x00	; 0
      000135 00                     399 	.db #0x00	; 0
      000136 01                     400 	.db #0x01	; 1
      000137 01                     401 	.db #0x01	; 1
      000138 00                     402 	.db #0x00	; 0
      000139 00                     403 	.db #0x00	; 0
      00013A 01                     404 	.db #0x01	; 1
      00013B 01                     405 	.db #0x01	; 1
      00013C 00                     406 	.db #0x00	; 0
      00013D 00                     407 	.db #0x00	; 0
      00013E 01                     408 	.db #0x01	; 1
      00013F 01                     409 	.db #0x01	; 1
      000140 01                     410 	.db #0x01	; 1
      000141 01                     411 	.db #0x01	; 1
      000142 00                     412 	.db #0x00	; 0
      000143 00                     413 	.db #0x00	; 0
      000144 01                     414 	.db #0x01	; 1
      000145 01                     415 	.db #0x01	; 1
      000146 00                     416 	.db #0x00	; 0
      000147 00                     417 	.db #0x00	; 0
      000148 01                     418 	.db #0x01	; 1
      000149 01                     419 	.db #0x01	; 1
      00014A 00                     420 	.db #0x00	; 0
      00014B 00                     421 	.db #0x00	; 0
      00014C 01                     422 	.db #0x01	; 1
      00014D 01                     423 	.db #0x01	; 1
      00014E 00                     424 	.db #0x00	; 0
      00014F 00                     425 	.db #0x00	; 0
      000150 01                     426 	.db #0x01	; 1
      000151 01                     427 	.db #0x01	; 1
      000152 00                     428 	.db #0x00	; 0
      000153 00                     429 	.db #0x00	; 0
      000154 01                     430 	.db #0x01	; 1
      000155 01                     431 	.db #0x01	; 1
      000156 00                     432 	.db #0x00	; 0
      000157 00                     433 	.db #0x00	; 0
      000158 01                     434 	.db #0x01	; 1
      000159 01                     435 	.db #0x01	; 1
      00015A 00                     436 	.db #0x00	; 0
      00015B 00                     437 	.db #0x00	; 0
      00015C 01                     438 	.db #0x01	; 1
      00015D 01                     439 	.db #0x01	; 1
      00015E 00                     440 	.db #0x00	; 0
      00015F 00                     441 	.db #0x00	; 0
      000160 01                     442 	.db #0x01	; 1
      000161 01                     443 	.db #0x01	; 1
      000162 00                     444 	.db #0x00	; 0
      000163 00                     445 	.db #0x00	; 0
      000164 01                     446 	.db #0x01	; 1
      000165 01                     447 	.db #0x01	; 1
      000166 00                     448 	.db #0x00	; 0
      000167 00                     449 	.db #0x00	; 0
      000168 00                     450 	.db #0x00	; 0
      000169 00                     451 	.db #0x00	; 0
      00016A 01                     452 	.db #0x01	; 1
      00016B 01                     453 	.db #0x01	; 1
      00016C 00                     454 	.db #0x00	; 0
      00016D 00                     455 	.db #0x00	; 0
      00016E 01                     456 	.db #0x01	; 1
      00016F 01                     457 	.db #0x01	; 1
      000170 00                     458 	.db #0x00	; 0
      000171 00                     459 	.db #0x00	; 0
      000172 01                     460 	.db #0x01	; 1
      000173 01                     461 	.db #0x01	; 1
      000174 00                     462 	.db #0x00	; 0
      000175 00                     463 	.db #0x00	; 0
      000176 01                     464 	.db #0x01	; 1
      000177 01                     465 	.db #0x01	; 1
      000178 00                     466 	.db #0x00	; 0
      000179 00                     467 	.db #0x00	; 0
      00017A 01                     468 	.db #0x01	; 1
      00017B 01                     469 	.db #0x01	; 1
      00017C 00                     470 	.db #0x00	; 0
      00017D 00                     471 	.db #0x00	; 0
      00017E 01                     472 	.db #0x01	; 1
      00017F 01                     473 	.db #0x01	; 1
      000180 00                     474 	.db #0x00	; 0
      000181 00                     475 	.db #0x00	; 0
      000182 01                     476 	.db #0x01	; 1
      000183 01                     477 	.db #0x01	; 1
      000184 00                     478 	.db #0x00	; 0
      000185 00                     479 	.db #0x00	; 0
      000186 01                     480 	.db #0x01	; 1
      000187 01                     481 	.db #0x01	; 1
      000188 00                     482 	.db #0x00	; 0
      000189 00                     483 	.db #0x00	; 0
      00018A 01                     484 	.db #0x01	; 1
      00018B 01                     485 	.db #0x01	; 1
      00018C 00                     486 	.db #0x00	; 0
      00018D 00                     487 	.db #0x00	; 0
      00018E 01                     488 	.db #0x01	; 1
      00018F 01                     489 	.db #0x01	; 1
      000190                        490 _checkerboard_32x32_map_attributes:
      000190 00                     491 	.db #0x00	; 0
      000191 00                     492 	.db #0x00	; 0
      000192 00                     493 	.db #0x00	; 0
      000193 00                     494 	.db #0x00	; 0
      000194 00                     495 	.db #0x00	; 0
      000195 00                     496 	.db #0x00	; 0
      000196 00                     497 	.db #0x00	; 0
      000197 00                     498 	.db #0x00	; 0
      000198 00                     499 	.db #0x00	; 0
      000199 00                     500 	.db #0x00	; 0
      00019A 00                     501 	.db #0x00	; 0
      00019B 00                     502 	.db #0x00	; 0
      00019C 00                     503 	.db #0x00	; 0
      00019D 00                     504 	.db #0x00	; 0
      00019E 00                     505 	.db #0x00	; 0
      00019F 00                     506 	.db #0x00	; 0
      0001A0 00                     507 	.db #0x00	; 0
      0001A1 00                     508 	.db #0x00	; 0
      0001A2 00                     509 	.db #0x00	; 0
      0001A3 00                     510 	.db #0x00	; 0
      0001A4 00                     511 	.db #0x00	; 0
      0001A5 00                     512 	.db #0x00	; 0
      0001A6 00                     513 	.db #0x00	; 0
      0001A7 00                     514 	.db #0x00	; 0
      0001A8 00                     515 	.db #0x00	; 0
      0001A9 00                     516 	.db #0x00	; 0
      0001AA 00                     517 	.db #0x00	; 0
      0001AB 00                     518 	.db #0x00	; 0
      0001AC 00                     519 	.db #0x00	; 0
      0001AD 00                     520 	.db #0x00	; 0
      0001AE 00                     521 	.db #0x00	; 0
      0001AF 00                     522 	.db #0x00	; 0
      0001B0 00                     523 	.db #0x00	; 0
      0001B1 00                     524 	.db #0x00	; 0
      0001B2 00                     525 	.db #0x00	; 0
      0001B3 00                     526 	.db #0x00	; 0
      0001B4 00                     527 	.db #0x00	; 0
      0001B5 00                     528 	.db #0x00	; 0
      0001B6 00                     529 	.db #0x00	; 0
      0001B7 00                     530 	.db #0x00	; 0
      0001B8 00                     531 	.db #0x00	; 0
      0001B9 00                     532 	.db #0x00	; 0
      0001BA 00                     533 	.db #0x00	; 0
      0001BB 00                     534 	.db #0x00	; 0
      0001BC 00                     535 	.db #0x00	; 0
      0001BD 00                     536 	.db #0x00	; 0
      0001BE 00                     537 	.db #0x00	; 0
      0001BF 00                     538 	.db #0x00	; 0
      0001C0 00                     539 	.db #0x00	; 0
      0001C1 00                     540 	.db #0x00	; 0
      0001C2 00                     541 	.db #0x00	; 0
      0001C3 00                     542 	.db #0x00	; 0
      0001C4 00                     543 	.db #0x00	; 0
      0001C5 00                     544 	.db #0x00	; 0
      0001C6 00                     545 	.db #0x00	; 0
      0001C7 00                     546 	.db #0x00	; 0
      0001C8 00                     547 	.db #0x00	; 0
      0001C9 00                     548 	.db #0x00	; 0
      0001CA 00                     549 	.db #0x00	; 0
      0001CB 00                     550 	.db #0x00	; 0
      0001CC 00                     551 	.db #0x00	; 0
      0001CD 00                     552 	.db #0x00	; 0
      0001CE 00                     553 	.db #0x00	; 0
      0001CF 00                     554 	.db #0x00	; 0
      0001D0 00                     555 	.db #0x00	; 0
      0001D1 00                     556 	.db #0x00	; 0
      0001D2 00                     557 	.db #0x00	; 0
      0001D3 00                     558 	.db #0x00	; 0
      0001D4 00                     559 	.db #0x00	; 0
      0001D5 00                     560 	.db #0x00	; 0
      0001D6 00                     561 	.db #0x00	; 0
      0001D7 00                     562 	.db #0x00	; 0
      0001D8 00                     563 	.db #0x00	; 0
      0001D9 00                     564 	.db #0x00	; 0
      0001DA 00                     565 	.db #0x00	; 0
      0001DB 00                     566 	.db #0x00	; 0
      0001DC 00                     567 	.db #0x00	; 0
      0001DD 00                     568 	.db #0x00	; 0
      0001DE 00                     569 	.db #0x00	; 0
      0001DF 00                     570 	.db #0x00	; 0
      0001E0 00                     571 	.db #0x00	; 0
      0001E1 00                     572 	.db #0x00	; 0
      0001E2 00                     573 	.db #0x00	; 0
      0001E3 00                     574 	.db #0x00	; 0
      0001E4 00                     575 	.db #0x00	; 0
      0001E5 00                     576 	.db #0x00	; 0
      0001E6 00                     577 	.db #0x00	; 0
      0001E7 00                     578 	.db #0x00	; 0
      0001E8 00                     579 	.db #0x00	; 0
      0001E9 00                     580 	.db #0x00	; 0
      0001EA 00                     581 	.db #0x00	; 0
      0001EB 00                     582 	.db #0x00	; 0
      0001EC 00                     583 	.db #0x00	; 0
      0001ED 00                     584 	.db #0x00	; 0
      0001EE 00                     585 	.db #0x00	; 0
      0001EF 00                     586 	.db #0x00	; 0
      0001F0 00                     587 	.db #0x00	; 0
      0001F1 00                     588 	.db #0x00	; 0
      0001F2 00                     589 	.db #0x00	; 0
      0001F3 00                     590 	.db #0x00	; 0
      0001F4 00                     591 	.db #0x00	; 0
      0001F5 00                     592 	.db #0x00	; 0
      0001F6 00                     593 	.db #0x00	; 0
      0001F7 00                     594 	.db #0x00	; 0
      0001F8 00                     595 	.db #0x00	; 0
      0001F9 00                     596 	.db #0x00	; 0
      0001FA 00                     597 	.db #0x00	; 0
      0001FB 00                     598 	.db #0x00	; 0
      0001FC 00                     599 	.db #0x00	; 0
      0001FD 00                     600 	.db #0x00	; 0
      0001FE 00                     601 	.db #0x00	; 0
      0001FF 00                     602 	.db #0x00	; 0
      000200 00                     603 	.db #0x00	; 0
      000201 00                     604 	.db #0x00	; 0
      000202 00                     605 	.db #0x00	; 0
      000203 00                     606 	.db #0x00	; 0
      000204 00                     607 	.db #0x00	; 0
      000205 00                     608 	.db #0x00	; 0
      000206 00                     609 	.db #0x00	; 0
      000207 00                     610 	.db #0x00	; 0
      000208 00                     611 	.db #0x00	; 0
      000209 00                     612 	.db #0x00	; 0
      00020A 00                     613 	.db #0x00	; 0
      00020B 00                     614 	.db #0x00	; 0
      00020C 00                     615 	.db #0x00	; 0
      00020D 00                     616 	.db #0x00	; 0
      00020E 00                     617 	.db #0x00	; 0
      00020F 00                     618 	.db #0x00	; 0
      000210 00                     619 	.db #0x00	; 0
      000211 00                     620 	.db #0x00	; 0
      000212 00                     621 	.db #0x00	; 0
      000213 00                     622 	.db #0x00	; 0
      000214 00                     623 	.db #0x00	; 0
      000215 00                     624 	.db #0x00	; 0
      000216 00                     625 	.db #0x00	; 0
      000217 00                     626 	.db #0x00	; 0
      000218 00                     627 	.db #0x00	; 0
      000219 00                     628 	.db #0x00	; 0
      00021A 00                     629 	.db #0x00	; 0
      00021B 00                     630 	.db #0x00	; 0
      00021C 00                     631 	.db #0x00	; 0
      00021D 00                     632 	.db #0x00	; 0
      00021E 00                     633 	.db #0x00	; 0
      00021F 00                     634 	.db #0x00	; 0
      000220 00                     635 	.db #0x00	; 0
      000221 00                     636 	.db #0x00	; 0
      000222 00                     637 	.db #0x00	; 0
      000223 00                     638 	.db #0x00	; 0
      000224 00                     639 	.db #0x00	; 0
      000225 00                     640 	.db #0x00	; 0
      000226 00                     641 	.db #0x00	; 0
      000227 00                     642 	.db #0x00	; 0
      000228 00                     643 	.db #0x00	; 0
      000229 00                     644 	.db #0x00	; 0
      00022A 00                     645 	.db #0x00	; 0
      00022B 00                     646 	.db #0x00	; 0
      00022C 00                     647 	.db #0x00	; 0
      00022D 00                     648 	.db #0x00	; 0
      00022E 00                     649 	.db #0x00	; 0
      00022F 00                     650 	.db #0x00	; 0
      000230 00                     651 	.db #0x00	; 0
      000231 00                     652 	.db #0x00	; 0
      000232 00                     653 	.db #0x00	; 0
      000233 00                     654 	.db #0x00	; 0
      000234 00                     655 	.db #0x00	; 0
      000235 00                     656 	.db #0x00	; 0
      000236 00                     657 	.db #0x00	; 0
      000237 00                     658 	.db #0x00	; 0
      000238 00                     659 	.db #0x00	; 0
      000239 00                     660 	.db #0x00	; 0
      00023A 00                     661 	.db #0x00	; 0
      00023B 00                     662 	.db #0x00	; 0
      00023C 00                     663 	.db #0x00	; 0
      00023D 00                     664 	.db #0x00	; 0
      00023E 00                     665 	.db #0x00	; 0
      00023F 00                     666 	.db #0x00	; 0
      000240 00                     667 	.db #0x00	; 0
      000241 00                     668 	.db #0x00	; 0
      000242 00                     669 	.db #0x00	; 0
      000243 00                     670 	.db #0x00	; 0
      000244 00                     671 	.db #0x00	; 0
      000245 00                     672 	.db #0x00	; 0
      000246 00                     673 	.db #0x00	; 0
      000247 00                     674 	.db #0x00	; 0
      000248 00                     675 	.db #0x00	; 0
      000249 00                     676 	.db #0x00	; 0
      00024A 00                     677 	.db #0x00	; 0
      00024B 00                     678 	.db #0x00	; 0
      00024C 00                     679 	.db #0x00	; 0
      00024D 00                     680 	.db #0x00	; 0
      00024E 00                     681 	.db #0x00	; 0
      00024F 00                     682 	.db #0x00	; 0
      000250 00                     683 	.db #0x00	; 0
      000251 00                     684 	.db #0x00	; 0
      000252 00                     685 	.db #0x00	; 0
      000253 00                     686 	.db #0x00	; 0
      000254 00                     687 	.db #0x00	; 0
      000255 00                     688 	.db #0x00	; 0
      000256 00                     689 	.db #0x00	; 0
      000257 00                     690 	.db #0x00	; 0
      000258 00                     691 	.db #0x00	; 0
      000259 00                     692 	.db #0x00	; 0
      00025A 00                     693 	.db #0x00	; 0
      00025B 00                     694 	.db #0x00	; 0
      00025C 00                     695 	.db #0x00	; 0
      00025D 00                     696 	.db #0x00	; 0
      00025E 00                     697 	.db #0x00	; 0
      00025F 00                     698 	.db #0x00	; 0
      000260 00                     699 	.db #0x00	; 0
      000261 00                     700 	.db #0x00	; 0
      000262 00                     701 	.db #0x00	; 0
      000263 00                     702 	.db #0x00	; 0
      000264 00                     703 	.db #0x00	; 0
      000265 00                     704 	.db #0x00	; 0
      000266 00                     705 	.db #0x00	; 0
      000267 00                     706 	.db #0x00	; 0
      000268 00                     707 	.db #0x00	; 0
      000269 00                     708 	.db #0x00	; 0
      00026A 00                     709 	.db #0x00	; 0
      00026B 00                     710 	.db #0x00	; 0
      00026C 00                     711 	.db #0x00	; 0
      00026D 00                     712 	.db #0x00	; 0
      00026E 00                     713 	.db #0x00	; 0
      00026F 00                     714 	.db #0x00	; 0
      000270 00                     715 	.db #0x00	; 0
      000271 00                     716 	.db #0x00	; 0
      000272 00                     717 	.db #0x00	; 0
      000273 00                     718 	.db #0x00	; 0
      000274 00                     719 	.db #0x00	; 0
      000275 00                     720 	.db #0x00	; 0
      000276 00                     721 	.db #0x00	; 0
      000277 00                     722 	.db #0x00	; 0
      000278 00                     723 	.db #0x00	; 0
      000279 00                     724 	.db #0x00	; 0
      00027A 00                     725 	.db #0x00	; 0
      00027B 00                     726 	.db #0x00	; 0
      00027C 00                     727 	.db #0x00	; 0
      00027D 00                     728 	.db #0x00	; 0
      00027E 00                     729 	.db #0x00	; 0
      00027F 00                     730 	.db #0x00	; 0
      000280 00                     731 	.db #0x00	; 0
      000281 00                     732 	.db #0x00	; 0
      000282 00                     733 	.db #0x00	; 0
      000283 00                     734 	.db #0x00	; 0
      000284 00                     735 	.db #0x00	; 0
      000285 00                     736 	.db #0x00	; 0
      000286 00                     737 	.db #0x00	; 0
      000287 00                     738 	.db #0x00	; 0
      000288 00                     739 	.db #0x00	; 0
      000289 00                     740 	.db #0x00	; 0
      00028A 00                     741 	.db #0x00	; 0
      00028B 00                     742 	.db #0x00	; 0
      00028C 00                     743 	.db #0x00	; 0
      00028D 00                     744 	.db #0x00	; 0
      00028E 00                     745 	.db #0x00	; 0
      00028F 00                     746 	.db #0x00	; 0
      000290 00                     747 	.db #0x00	; 0
      000291 00                     748 	.db #0x00	; 0
      000292 00                     749 	.db #0x00	; 0
      000293 00                     750 	.db #0x00	; 0
      000294 00                     751 	.db #0x00	; 0
      000295 00                     752 	.db #0x00	; 0
      000296 00                     753 	.db #0x00	; 0
      000297 00                     754 	.db #0x00	; 0
      000298 00                     755 	.db #0x00	; 0
      000299 00                     756 	.db #0x00	; 0
      00029A 00                     757 	.db #0x00	; 0
      00029B 00                     758 	.db #0x00	; 0
      00029C 00                     759 	.db #0x00	; 0
      00029D 00                     760 	.db #0x00	; 0
      00029E 00                     761 	.db #0x00	; 0
      00029F 00                     762 	.db #0x00	; 0
      0002A0 00                     763 	.db #0x00	; 0
      0002A1 00                     764 	.db #0x00	; 0
      0002A2 00                     765 	.db #0x00	; 0
      0002A3 00                     766 	.db #0x00	; 0
      0002A4 00                     767 	.db #0x00	; 0
      0002A5 00                     768 	.db #0x00	; 0
      0002A6 00                     769 	.db #0x00	; 0
      0002A7 00                     770 	.db #0x00	; 0
      0002A8 00                     771 	.db #0x00	; 0
      0002A9 00                     772 	.db #0x00	; 0
      0002AA 00                     773 	.db #0x00	; 0
      0002AB 00                     774 	.db #0x00	; 0
      0002AC 00                     775 	.db #0x00	; 0
      0002AD 00                     776 	.db #0x00	; 0
      0002AE 00                     777 	.db #0x00	; 0
      0002AF 00                     778 	.db #0x00	; 0
      0002B0 00                     779 	.db #0x00	; 0
      0002B1 00                     780 	.db #0x00	; 0
      0002B2 00                     781 	.db #0x00	; 0
      0002B3 00                     782 	.db #0x00	; 0
      0002B4 00                     783 	.db #0x00	; 0
      0002B5 00                     784 	.db #0x00	; 0
      0002B6 00                     785 	.db #0x00	; 0
      0002B7 00                     786 	.db #0x00	; 0
      0002B8 00                     787 	.db #0x00	; 0
      0002B9 00                     788 	.db #0x00	; 0
      0002BA 00                     789 	.db #0x00	; 0
      0002BB 00                     790 	.db #0x00	; 0
      0002BC 00                     791 	.db #0x00	; 0
      0002BD 00                     792 	.db #0x00	; 0
      0002BE 00                     793 	.db #0x00	; 0
      0002BF 00                     794 	.db #0x00	; 0
      0002C0 00                     795 	.db #0x00	; 0
      0002C1 00                     796 	.db #0x00	; 0
      0002C2 00                     797 	.db #0x00	; 0
      0002C3 00                     798 	.db #0x00	; 0
      0002C4 00                     799 	.db #0x00	; 0
      0002C5 00                     800 	.db #0x00	; 0
      0002C6 00                     801 	.db #0x00	; 0
      0002C7 00                     802 	.db #0x00	; 0
      0002C8 00                     803 	.db #0x00	; 0
      0002C9 00                     804 	.db #0x00	; 0
      0002CA 00                     805 	.db #0x00	; 0
      0002CB 00                     806 	.db #0x00	; 0
      0002CC 00                     807 	.db #0x00	; 0
      0002CD 00                     808 	.db #0x00	; 0
      0002CE 00                     809 	.db #0x00	; 0
      0002CF 00                     810 	.db #0x00	; 0
      0002D0 00                     811 	.db #0x00	; 0
      0002D1 00                     812 	.db #0x00	; 0
      0002D2 00                     813 	.db #0x00	; 0
      0002D3 00                     814 	.db #0x00	; 0
      0002D4 00                     815 	.db #0x00	; 0
      0002D5 00                     816 	.db #0x00	; 0
      0002D6 00                     817 	.db #0x00	; 0
      0002D7 00                     818 	.db #0x00	; 0
      0002D8 00                     819 	.db #0x00	; 0
      0002D9 00                     820 	.db #0x00	; 0
      0002DA 00                     821 	.db #0x00	; 0
      0002DB 00                     822 	.db #0x00	; 0
      0002DC 00                     823 	.db #0x00	; 0
      0002DD 00                     824 	.db #0x00	; 0
      0002DE 00                     825 	.db #0x00	; 0
      0002DF 00                     826 	.db #0x00	; 0
      0002E0 00                     827 	.db #0x00	; 0
      0002E1 00                     828 	.db #0x00	; 0
      0002E2 00                     829 	.db #0x00	; 0
      0002E3 00                     830 	.db #0x00	; 0
      0002E4 00                     831 	.db #0x00	; 0
      0002E5 00                     832 	.db #0x00	; 0
      0002E6 00                     833 	.db #0x00	; 0
      0002E7 00                     834 	.db #0x00	; 0
      0002E8 00                     835 	.db #0x00	; 0
      0002E9 00                     836 	.db #0x00	; 0
      0002EA 00                     837 	.db #0x00	; 0
      0002EB 00                     838 	.db #0x00	; 0
      0002EC 00                     839 	.db #0x00	; 0
      0002ED 00                     840 	.db #0x00	; 0
      0002EE 00                     841 	.db #0x00	; 0
      0002EF 00                     842 	.db #0x00	; 0
      0002F0 00                     843 	.db #0x00	; 0
      0002F1 00                     844 	.db #0x00	; 0
      0002F2 00                     845 	.db #0x00	; 0
      0002F3 00                     846 	.db #0x00	; 0
      0002F4 00                     847 	.db #0x00	; 0
      0002F5 00                     848 	.db #0x00	; 0
      0002F6 00                     849 	.db #0x00	; 0
      0002F7 00                     850 	.db #0x00	; 0
                                    851 	.area _INITIALIZER
                                    852 	.area _CABS (ABS)
