                                      1 ;--------------------------------------------------------
                                      2 ; File Created by SDCC : free open source ANSI-C Compiler
                                      3 ; Version 4.1.6 #12539 (MINGW32)
                                      4 ;--------------------------------------------------------
                                      5 	.module colorbars_leftright
                                      6 	.optsdcc -mgbz80
                                      7 	
                                      8 ;--------------------------------------------------------
                                      9 ; Public variables in this module
                                     10 ;--------------------------------------------------------
                                     11 	.globl _ColorbarsLeftToRight
                                     12 	.globl b___func_ColorbarsLeftToRight
                                     13 	.globl ___func_ColorbarsLeftToRight
                                     14 ;--------------------------------------------------------
                                     15 ; special function registers
                                     16 ;--------------------------------------------------------
                                     17 ;--------------------------------------------------------
                                     18 ; ram data
                                     19 ;--------------------------------------------------------
                                     20 	.area _DATA
                                     21 ;--------------------------------------------------------
                                     22 ; ram data
                                     23 ;--------------------------------------------------------
                                     24 	.area _INITIALIZED
                                     25 ;--------------------------------------------------------
                                     26 ; absolute external ram data
                                     27 ;--------------------------------------------------------
                                     28 	.area _DABS (ABS)
                                     29 ;--------------------------------------------------------
                                     30 ; global & static initialisations
                                     31 ;--------------------------------------------------------
                                     32 	.area _HOME
                                     33 	.area _GSINIT
                                     34 	.area _GSFINAL
                                     35 	.area _GSINIT
                                     36 ;--------------------------------------------------------
                                     37 ; Home
                                     38 ;--------------------------------------------------------
                                     39 	.area _HOME
                                     40 	.area _HOME
                                     41 ;--------------------------------------------------------
                                     42 ; code
                                     43 ;--------------------------------------------------------
                                     44 	.area _CODE
                                     45 ;src/gfx/colorbars_leftright.c:23: BANKREF(ColorbarsLeftToRight)
                                     46 ;	---------------------------------
                                     47 ; Function __func_ColorbarsLeftToRight
                                     48 ; ---------------------------------
                           000000    49 	b___func_ColorbarsLeftToRight	= 0
      000000                         50 ___func_ColorbarsLeftToRight::
                                     51 	.local b___func_ColorbarsLeftToRight 
                           000000    52 	___bank_ColorbarsLeftToRight = b___func_ColorbarsLeftToRight 
                                     53 	.globl ___bank_ColorbarsLeftToRight 
                                     54 	.area _CODE
      000000                         55 _ColorbarsLeftToRight:
      000000 00                      56 	.db #0x00	; 0
      000001 01                      57 	.db #0x01	; 1
      000002 02                      58 	.db #0x02	; 2
      000003 03                      59 	.db #0x03	; 3
      000004 04                      60 	.db #0x04	; 4
      000005 05                      61 	.db #0x05	; 5
      000006 06                      62 	.db #0x06	; 6
      000007 07                      63 	.db #0x07	; 7
      000008 08                      64 	.db #0x08	; 8
      000009 09                      65 	.db #0x09	; 9
      00000A 0A                      66 	.db #0x0a	; 10
      00000B 0B                      67 	.db #0x0b	; 11
      00000C 0C                      68 	.db #0x0c	; 12
      00000D 0D                      69 	.db #0x0d	; 13
      00000E 0E                      70 	.db #0x0e	; 14
      00000F 0F                      71 	.db #0x0f	; 15
      000010 10                      72 	.db #0x10	; 16
      000011 11                      73 	.db #0x11	; 17
      000012 12                      74 	.db #0x12	; 18
      000013 13                      75 	.db #0x13	; 19
      000014 00                      76 	.db #0x00	; 0
      000015 01                      77 	.db #0x01	; 1
      000016 02                      78 	.db #0x02	; 2
      000017 03                      79 	.db #0x03	; 3
      000018 04                      80 	.db #0x04	; 4
      000019 05                      81 	.db #0x05	; 5
      00001A 06                      82 	.db #0x06	; 6
      00001B 07                      83 	.db #0x07	; 7
      00001C 08                      84 	.db #0x08	; 8
      00001D 09                      85 	.db #0x09	; 9
      00001E 0A                      86 	.db #0x0a	; 10
      00001F 0B                      87 	.db #0x0b	; 11
      000020 0C                      88 	.db #0x0c	; 12
      000021 0D                      89 	.db #0x0d	; 13
      000022 0E                      90 	.db #0x0e	; 14
      000023 0F                      91 	.db #0x0f	; 15
      000024 10                      92 	.db #0x10	; 16
      000025 11                      93 	.db #0x11	; 17
      000026 12                      94 	.db #0x12	; 18
      000027 13                      95 	.db #0x13	; 19
      000028 00                      96 	.db #0x00	; 0
      000029 01                      97 	.db #0x01	; 1
      00002A 02                      98 	.db #0x02	; 2
      00002B 03                      99 	.db #0x03	; 3
      00002C 04                     100 	.db #0x04	; 4
      00002D 05                     101 	.db #0x05	; 5
      00002E 06                     102 	.db #0x06	; 6
      00002F 07                     103 	.db #0x07	; 7
      000030 08                     104 	.db #0x08	; 8
      000031 09                     105 	.db #0x09	; 9
      000032 0A                     106 	.db #0x0a	; 10
      000033 0B                     107 	.db #0x0b	; 11
      000034 0C                     108 	.db #0x0c	; 12
      000035 0D                     109 	.db #0x0d	; 13
      000036 0E                     110 	.db #0x0e	; 14
      000037 0F                     111 	.db #0x0f	; 15
      000038 10                     112 	.db #0x10	; 16
      000039 11                     113 	.db #0x11	; 17
      00003A 12                     114 	.db #0x12	; 18
      00003B 13                     115 	.db #0x13	; 19
      00003C 00                     116 	.db #0x00	; 0
      00003D 01                     117 	.db #0x01	; 1
      00003E 02                     118 	.db #0x02	; 2
      00003F 03                     119 	.db #0x03	; 3
      000040 04                     120 	.db #0x04	; 4
      000041 05                     121 	.db #0x05	; 5
      000042 06                     122 	.db #0x06	; 6
      000043 07                     123 	.db #0x07	; 7
      000044 08                     124 	.db #0x08	; 8
      000045 09                     125 	.db #0x09	; 9
      000046 0A                     126 	.db #0x0a	; 10
      000047 0B                     127 	.db #0x0b	; 11
      000048 0C                     128 	.db #0x0c	; 12
      000049 0D                     129 	.db #0x0d	; 13
      00004A 0E                     130 	.db #0x0e	; 14
      00004B 0F                     131 	.db #0x0f	; 15
      00004C 10                     132 	.db #0x10	; 16
      00004D 11                     133 	.db #0x11	; 17
      00004E 12                     134 	.db #0x12	; 18
      00004F 13                     135 	.db #0x13	; 19
      000050 00                     136 	.db #0x00	; 0
      000051 01                     137 	.db #0x01	; 1
      000052 02                     138 	.db #0x02	; 2
      000053 03                     139 	.db #0x03	; 3
      000054 04                     140 	.db #0x04	; 4
      000055 05                     141 	.db #0x05	; 5
      000056 06                     142 	.db #0x06	; 6
      000057 07                     143 	.db #0x07	; 7
      000058 08                     144 	.db #0x08	; 8
      000059 09                     145 	.db #0x09	; 9
      00005A 0A                     146 	.db #0x0a	; 10
      00005B 0B                     147 	.db #0x0b	; 11
      00005C 0C                     148 	.db #0x0c	; 12
      00005D 0D                     149 	.db #0x0d	; 13
      00005E 0E                     150 	.db #0x0e	; 14
      00005F 0F                     151 	.db #0x0f	; 15
      000060 10                     152 	.db #0x10	; 16
      000061 11                     153 	.db #0x11	; 17
      000062 12                     154 	.db #0x12	; 18
      000063 13                     155 	.db #0x13	; 19
      000064 00                     156 	.db #0x00	; 0
      000065 01                     157 	.db #0x01	; 1
      000066 02                     158 	.db #0x02	; 2
      000067 03                     159 	.db #0x03	; 3
      000068 04                     160 	.db #0x04	; 4
      000069 05                     161 	.db #0x05	; 5
      00006A 06                     162 	.db #0x06	; 6
      00006B 07                     163 	.db #0x07	; 7
      00006C 08                     164 	.db #0x08	; 8
      00006D 09                     165 	.db #0x09	; 9
      00006E 0A                     166 	.db #0x0a	; 10
      00006F 0B                     167 	.db #0x0b	; 11
      000070 0C                     168 	.db #0x0c	; 12
      000071 0D                     169 	.db #0x0d	; 13
      000072 0E                     170 	.db #0x0e	; 14
      000073 0F                     171 	.db #0x0f	; 15
      000074 10                     172 	.db #0x10	; 16
      000075 11                     173 	.db #0x11	; 17
      000076 12                     174 	.db #0x12	; 18
      000077 13                     175 	.db #0x13	; 19
      000078 00                     176 	.db #0x00	; 0
      000079 01                     177 	.db #0x01	; 1
      00007A 02                     178 	.db #0x02	; 2
      00007B 03                     179 	.db #0x03	; 3
      00007C 04                     180 	.db #0x04	; 4
      00007D 05                     181 	.db #0x05	; 5
      00007E 06                     182 	.db #0x06	; 6
      00007F 07                     183 	.db #0x07	; 7
      000080 08                     184 	.db #0x08	; 8
      000081 09                     185 	.db #0x09	; 9
      000082 0A                     186 	.db #0x0a	; 10
      000083 0B                     187 	.db #0x0b	; 11
      000084 0C                     188 	.db #0x0c	; 12
      000085 0D                     189 	.db #0x0d	; 13
      000086 0E                     190 	.db #0x0e	; 14
      000087 0F                     191 	.db #0x0f	; 15
      000088 10                     192 	.db #0x10	; 16
      000089 11                     193 	.db #0x11	; 17
      00008A 12                     194 	.db #0x12	; 18
      00008B 13                     195 	.db #0x13	; 19
      00008C 00                     196 	.db #0x00	; 0
      00008D 01                     197 	.db #0x01	; 1
      00008E 02                     198 	.db #0x02	; 2
      00008F 03                     199 	.db #0x03	; 3
      000090 04                     200 	.db #0x04	; 4
      000091 05                     201 	.db #0x05	; 5
      000092 06                     202 	.db #0x06	; 6
      000093 07                     203 	.db #0x07	; 7
      000094 08                     204 	.db #0x08	; 8
      000095 09                     205 	.db #0x09	; 9
      000096 0A                     206 	.db #0x0a	; 10
      000097 0B                     207 	.db #0x0b	; 11
      000098 0C                     208 	.db #0x0c	; 12
      000099 0D                     209 	.db #0x0d	; 13
      00009A 0E                     210 	.db #0x0e	; 14
      00009B 0F                     211 	.db #0x0f	; 15
      00009C 10                     212 	.db #0x10	; 16
      00009D 11                     213 	.db #0x11	; 17
      00009E 12                     214 	.db #0x12	; 18
      00009F 13                     215 	.db #0x13	; 19
      0000A0 00                     216 	.db #0x00	; 0
      0000A1 01                     217 	.db #0x01	; 1
      0000A2 02                     218 	.db #0x02	; 2
      0000A3 03                     219 	.db #0x03	; 3
      0000A4 04                     220 	.db #0x04	; 4
      0000A5 05                     221 	.db #0x05	; 5
      0000A6 06                     222 	.db #0x06	; 6
      0000A7 07                     223 	.db #0x07	; 7
      0000A8 08                     224 	.db #0x08	; 8
      0000A9 09                     225 	.db #0x09	; 9
      0000AA 0A                     226 	.db #0x0a	; 10
      0000AB 0B                     227 	.db #0x0b	; 11
      0000AC 0C                     228 	.db #0x0c	; 12
      0000AD 0D                     229 	.db #0x0d	; 13
      0000AE 0E                     230 	.db #0x0e	; 14
      0000AF 0F                     231 	.db #0x0f	; 15
      0000B0 10                     232 	.db #0x10	; 16
      0000B1 11                     233 	.db #0x11	; 17
      0000B2 12                     234 	.db #0x12	; 18
      0000B3 13                     235 	.db #0x13	; 19
      0000B4 00                     236 	.db #0x00	; 0
      0000B5 01                     237 	.db #0x01	; 1
      0000B6 02                     238 	.db #0x02	; 2
      0000B7 03                     239 	.db #0x03	; 3
      0000B8 04                     240 	.db #0x04	; 4
      0000B9 05                     241 	.db #0x05	; 5
      0000BA 06                     242 	.db #0x06	; 6
      0000BB 07                     243 	.db #0x07	; 7
      0000BC 08                     244 	.db #0x08	; 8
      0000BD 09                     245 	.db #0x09	; 9
      0000BE 0A                     246 	.db #0x0a	; 10
      0000BF 0B                     247 	.db #0x0b	; 11
      0000C0 0C                     248 	.db #0x0c	; 12
      0000C1 0D                     249 	.db #0x0d	; 13
      0000C2 0E                     250 	.db #0x0e	; 14
      0000C3 0F                     251 	.db #0x0f	; 15
      0000C4 10                     252 	.db #0x10	; 16
      0000C5 11                     253 	.db #0x11	; 17
      0000C6 12                     254 	.db #0x12	; 18
      0000C7 13                     255 	.db #0x13	; 19
      0000C8 00                     256 	.db #0x00	; 0
      0000C9 01                     257 	.db #0x01	; 1
      0000CA 02                     258 	.db #0x02	; 2
      0000CB 03                     259 	.db #0x03	; 3
      0000CC 04                     260 	.db #0x04	; 4
      0000CD 05                     261 	.db #0x05	; 5
      0000CE 06                     262 	.db #0x06	; 6
      0000CF 07                     263 	.db #0x07	; 7
      0000D0 08                     264 	.db #0x08	; 8
      0000D1 09                     265 	.db #0x09	; 9
      0000D2 0A                     266 	.db #0x0a	; 10
      0000D3 0B                     267 	.db #0x0b	; 11
      0000D4 0C                     268 	.db #0x0c	; 12
      0000D5 0D                     269 	.db #0x0d	; 13
      0000D6 0E                     270 	.db #0x0e	; 14
      0000D7 0F                     271 	.db #0x0f	; 15
      0000D8 10                     272 	.db #0x10	; 16
      0000D9 11                     273 	.db #0x11	; 17
      0000DA 12                     274 	.db #0x12	; 18
      0000DB 13                     275 	.db #0x13	; 19
      0000DC 00                     276 	.db #0x00	; 0
      0000DD 01                     277 	.db #0x01	; 1
      0000DE 02                     278 	.db #0x02	; 2
      0000DF 03                     279 	.db #0x03	; 3
      0000E0 04                     280 	.db #0x04	; 4
      0000E1 05                     281 	.db #0x05	; 5
      0000E2 06                     282 	.db #0x06	; 6
      0000E3 07                     283 	.db #0x07	; 7
      0000E4 08                     284 	.db #0x08	; 8
      0000E5 09                     285 	.db #0x09	; 9
      0000E6 0A                     286 	.db #0x0a	; 10
      0000E7 0B                     287 	.db #0x0b	; 11
      0000E8 0C                     288 	.db #0x0c	; 12
      0000E9 0D                     289 	.db #0x0d	; 13
      0000EA 0E                     290 	.db #0x0e	; 14
      0000EB 0F                     291 	.db #0x0f	; 15
      0000EC 10                     292 	.db #0x10	; 16
      0000ED 11                     293 	.db #0x11	; 17
      0000EE 12                     294 	.db #0x12	; 18
      0000EF 13                     295 	.db #0x13	; 19
      0000F0 00                     296 	.db #0x00	; 0
      0000F1 01                     297 	.db #0x01	; 1
      0000F2 02                     298 	.db #0x02	; 2
      0000F3 03                     299 	.db #0x03	; 3
      0000F4 04                     300 	.db #0x04	; 4
      0000F5 05                     301 	.db #0x05	; 5
      0000F6 06                     302 	.db #0x06	; 6
      0000F7 07                     303 	.db #0x07	; 7
      0000F8 08                     304 	.db #0x08	; 8
      0000F9 09                     305 	.db #0x09	; 9
      0000FA 0A                     306 	.db #0x0a	; 10
      0000FB 0B                     307 	.db #0x0b	; 11
      0000FC 0C                     308 	.db #0x0c	; 12
      0000FD 0D                     309 	.db #0x0d	; 13
      0000FE 0E                     310 	.db #0x0e	; 14
      0000FF 0F                     311 	.db #0x0f	; 15
      000100 10                     312 	.db #0x10	; 16
      000101 11                     313 	.db #0x11	; 17
      000102 12                     314 	.db #0x12	; 18
      000103 13                     315 	.db #0x13	; 19
      000104 00                     316 	.db #0x00	; 0
      000105 01                     317 	.db #0x01	; 1
      000106 02                     318 	.db #0x02	; 2
      000107 03                     319 	.db #0x03	; 3
      000108 04                     320 	.db #0x04	; 4
      000109 05                     321 	.db #0x05	; 5
      00010A 06                     322 	.db #0x06	; 6
      00010B 07                     323 	.db #0x07	; 7
      00010C 08                     324 	.db #0x08	; 8
      00010D 09                     325 	.db #0x09	; 9
      00010E 0A                     326 	.db #0x0a	; 10
      00010F 0B                     327 	.db #0x0b	; 11
      000110 0C                     328 	.db #0x0c	; 12
      000111 0D                     329 	.db #0x0d	; 13
      000112 0E                     330 	.db #0x0e	; 14
      000113 0F                     331 	.db #0x0f	; 15
      000114 10                     332 	.db #0x10	; 16
      000115 11                     333 	.db #0x11	; 17
      000116 12                     334 	.db #0x12	; 18
      000117 13                     335 	.db #0x13	; 19
      000118 00                     336 	.db #0x00	; 0
      000119 01                     337 	.db #0x01	; 1
      00011A 02                     338 	.db #0x02	; 2
      00011B 03                     339 	.db #0x03	; 3
      00011C 04                     340 	.db #0x04	; 4
      00011D 05                     341 	.db #0x05	; 5
      00011E 06                     342 	.db #0x06	; 6
      00011F 07                     343 	.db #0x07	; 7
      000120 08                     344 	.db #0x08	; 8
      000121 09                     345 	.db #0x09	; 9
      000122 0A                     346 	.db #0x0a	; 10
      000123 0B                     347 	.db #0x0b	; 11
      000124 0C                     348 	.db #0x0c	; 12
      000125 0D                     349 	.db #0x0d	; 13
      000126 0E                     350 	.db #0x0e	; 14
      000127 0F                     351 	.db #0x0f	; 15
      000128 10                     352 	.db #0x10	; 16
      000129 11                     353 	.db #0x11	; 17
      00012A 12                     354 	.db #0x12	; 18
      00012B 13                     355 	.db #0x13	; 19
      00012C 00                     356 	.db #0x00	; 0
      00012D 01                     357 	.db #0x01	; 1
      00012E 02                     358 	.db #0x02	; 2
      00012F 03                     359 	.db #0x03	; 3
      000130 04                     360 	.db #0x04	; 4
      000131 05                     361 	.db #0x05	; 5
      000132 06                     362 	.db #0x06	; 6
      000133 07                     363 	.db #0x07	; 7
      000134 08                     364 	.db #0x08	; 8
      000135 09                     365 	.db #0x09	; 9
      000136 0A                     366 	.db #0x0a	; 10
      000137 0B                     367 	.db #0x0b	; 11
      000138 0C                     368 	.db #0x0c	; 12
      000139 0D                     369 	.db #0x0d	; 13
      00013A 0E                     370 	.db #0x0e	; 14
      00013B 0F                     371 	.db #0x0f	; 15
      00013C 10                     372 	.db #0x10	; 16
      00013D 11                     373 	.db #0x11	; 17
      00013E 12                     374 	.db #0x12	; 18
      00013F 13                     375 	.db #0x13	; 19
      000140 00                     376 	.db #0x00	; 0
      000141 01                     377 	.db #0x01	; 1
      000142 02                     378 	.db #0x02	; 2
      000143 03                     379 	.db #0x03	; 3
      000144 04                     380 	.db #0x04	; 4
      000145 05                     381 	.db #0x05	; 5
      000146 06                     382 	.db #0x06	; 6
      000147 07                     383 	.db #0x07	; 7
      000148 08                     384 	.db #0x08	; 8
      000149 09                     385 	.db #0x09	; 9
      00014A 0A                     386 	.db #0x0a	; 10
      00014B 0B                     387 	.db #0x0b	; 11
      00014C 0C                     388 	.db #0x0c	; 12
      00014D 0D                     389 	.db #0x0d	; 13
      00014E 0E                     390 	.db #0x0e	; 14
      00014F 0F                     391 	.db #0x0f	; 15
      000150 10                     392 	.db #0x10	; 16
      000151 11                     393 	.db #0x11	; 17
      000152 12                     394 	.db #0x12	; 18
      000153 13                     395 	.db #0x13	; 19
      000154 00                     396 	.db #0x00	; 0
      000155 01                     397 	.db #0x01	; 1
      000156 02                     398 	.db #0x02	; 2
      000157 03                     399 	.db #0x03	; 3
      000158 04                     400 	.db #0x04	; 4
      000159 05                     401 	.db #0x05	; 5
      00015A 06                     402 	.db #0x06	; 6
      00015B 07                     403 	.db #0x07	; 7
      00015C 08                     404 	.db #0x08	; 8
      00015D 09                     405 	.db #0x09	; 9
      00015E 0A                     406 	.db #0x0a	; 10
      00015F 0B                     407 	.db #0x0b	; 11
      000160 0C                     408 	.db #0x0c	; 12
      000161 0D                     409 	.db #0x0d	; 13
      000162 0E                     410 	.db #0x0e	; 14
      000163 0F                     411 	.db #0x0f	; 15
      000164 10                     412 	.db #0x10	; 16
      000165 11                     413 	.db #0x11	; 17
      000166 12                     414 	.db #0x12	; 18
      000167 13                     415 	.db #0x13	; 19
                                    416 	.area _INITIALIZER
                                    417 	.area _CABS (ABS)
