                                      1 ;--------------------------------------------------------
                                      2 ; File Created by SDCC : free open source ANSI-C Compiler
                                      3 ; Version 4.1.6 #12539 (MINGW32)
                                      4 ;--------------------------------------------------------
                                      5 	.module font_tileset
                                      6 	.optsdcc -mgbz80
                                      7 	
                                      8 ;--------------------------------------------------------
                                      9 ; Public variables in this module
                                     10 ;--------------------------------------------------------
                                     11 	.globl _font_metasprites
                                     12 	.globl _font_metasprite0
                                     13 	.globl _font_tiles
                                     14 	.globl _font_palettes
                                     15 	.globl b___func_font
                                     16 	.globl ___func_font
                                     17 ;--------------------------------------------------------
                                     18 ; special function registers
                                     19 ;--------------------------------------------------------
                                     20 ;--------------------------------------------------------
                                     21 ; ram data
                                     22 ;--------------------------------------------------------
                                     23 	.area _DATA
                                     24 ;--------------------------------------------------------
                                     25 ; ram data
                                     26 ;--------------------------------------------------------
                                     27 	.area _INITIALIZED
                                     28 ;--------------------------------------------------------
                                     29 ; absolute external ram data
                                     30 ;--------------------------------------------------------
                                     31 	.area _DABS (ABS)
                                     32 ;--------------------------------------------------------
                                     33 ; global & static initialisations
                                     34 ;--------------------------------------------------------
                                     35 	.area _HOME
                                     36 	.area _GSINIT
                                     37 	.area _GSFINAL
                                     38 	.area _GSINIT
                                     39 ;--------------------------------------------------------
                                     40 ; Home
                                     41 ;--------------------------------------------------------
                                     42 	.area _HOME
                                     43 	.area _HOME
                                     44 ;--------------------------------------------------------
                                     45 ; code
                                     46 ;--------------------------------------------------------
                                     47 	.area _CODE
                                     48 ;src/font.tileset.c:6: BANKREF(font)
                                     49 ;	---------------------------------
                                     50 ; Function __func_font
                                     51 ; ---------------------------------
                           000000    52 	b___func_font	= 0
      000000                         53 ___func_font::
                                     54 	.local b___func_font 
                           000000    55 	___bank_font = b___func_font 
                                     56 	.globl ___bank_font 
                                     57 	.area _CODE
      000000                         58 _font_palettes:
      000000 FF 7F                   59 	.dw #0x7fff
      000002 00 00                   60 	.dw #0x0000
      000004 00 00                   61 	.dw #0x0000
      000006 0F 00                   62 	.dw #0x000f
      000008                         63 _font_tiles:
      000008 00                      64 	.db #0x00	; 0
      000009 3C                      65 	.db #0x3c	; 60
      00000A 00                      66 	.db #0x00	; 0
      00000B 66                      67 	.db #0x66	; 102	'f'
      00000C 00                      68 	.db #0x00	; 0
      00000D 66                      69 	.db #0x66	; 102	'f'
      00000E 00                      70 	.db #0x00	; 0
      00000F 7E                      71 	.db #0x7e	; 126
      000010 00                      72 	.db #0x00	; 0
      000011 66                      73 	.db #0x66	; 102	'f'
      000012 00                      74 	.db #0x00	; 0
      000013 66                      75 	.db #0x66	; 102	'f'
      000014 00                      76 	.db #0x00	; 0
      000015 66                      77 	.db #0x66	; 102	'f'
      000016 00                      78 	.db #0x00	; 0
      000017 00                      79 	.db #0x00	; 0
      000018 00                      80 	.db #0x00	; 0
      000019 7C                      81 	.db #0x7c	; 124
      00001A 00                      82 	.db #0x00	; 0
      00001B 66                      83 	.db #0x66	; 102	'f'
      00001C 00                      84 	.db #0x00	; 0
      00001D 66                      85 	.db #0x66	; 102	'f'
      00001E 00                      86 	.db #0x00	; 0
      00001F 7C                      87 	.db #0x7c	; 124
      000020 00                      88 	.db #0x00	; 0
      000021 66                      89 	.db #0x66	; 102	'f'
      000022 00                      90 	.db #0x00	; 0
      000023 66                      91 	.db #0x66	; 102	'f'
      000024 00                      92 	.db #0x00	; 0
      000025 7C                      93 	.db #0x7c	; 124
      000026 00                      94 	.db #0x00	; 0
      000027 00                      95 	.db #0x00	; 0
      000028 00                      96 	.db #0x00	; 0
      000029 3C                      97 	.db #0x3c	; 60
      00002A 00                      98 	.db #0x00	; 0
      00002B 62                      99 	.db #0x62	; 98	'b'
      00002C 00                     100 	.db #0x00	; 0
      00002D 60                     101 	.db #0x60	; 96
      00002E 00                     102 	.db #0x00	; 0
      00002F 60                     103 	.db #0x60	; 96
      000030 00                     104 	.db #0x00	; 0
      000031 60                     105 	.db #0x60	; 96
      000032 00                     106 	.db #0x00	; 0
      000033 62                     107 	.db #0x62	; 98	'b'
      000034 00                     108 	.db #0x00	; 0
      000035 3C                     109 	.db #0x3c	; 60
      000036 00                     110 	.db #0x00	; 0
      000037 00                     111 	.db #0x00	; 0
      000038 00                     112 	.db #0x00	; 0
      000039 7C                     113 	.db #0x7c	; 124
      00003A 00                     114 	.db #0x00	; 0
      00003B 66                     115 	.db #0x66	; 102	'f'
      00003C 00                     116 	.db #0x00	; 0
      00003D 66                     117 	.db #0x66	; 102	'f'
      00003E 00                     118 	.db #0x00	; 0
      00003F 66                     119 	.db #0x66	; 102	'f'
      000040 00                     120 	.db #0x00	; 0
      000041 66                     121 	.db #0x66	; 102	'f'
      000042 00                     122 	.db #0x00	; 0
      000043 66                     123 	.db #0x66	; 102	'f'
      000044 00                     124 	.db #0x00	; 0
      000045 7C                     125 	.db #0x7c	; 124
      000046 00                     126 	.db #0x00	; 0
      000047 00                     127 	.db #0x00	; 0
      000048 00                     128 	.db #0x00	; 0
      000049 7E                     129 	.db #0x7e	; 126
      00004A 00                     130 	.db #0x00	; 0
      00004B 60                     131 	.db #0x60	; 96
      00004C 00                     132 	.db #0x00	; 0
      00004D 60                     133 	.db #0x60	; 96
      00004E 00                     134 	.db #0x00	; 0
      00004F 7C                     135 	.db #0x7c	; 124
      000050 00                     136 	.db #0x00	; 0
      000051 60                     137 	.db #0x60	; 96
      000052 00                     138 	.db #0x00	; 0
      000053 60                     139 	.db #0x60	; 96
      000054 00                     140 	.db #0x00	; 0
      000055 7E                     141 	.db #0x7e	; 126
      000056 00                     142 	.db #0x00	; 0
      000057 00                     143 	.db #0x00	; 0
      000058 00                     144 	.db #0x00	; 0
      000059 7E                     145 	.db #0x7e	; 126
      00005A 00                     146 	.db #0x00	; 0
      00005B 60                     147 	.db #0x60	; 96
      00005C 00                     148 	.db #0x00	; 0
      00005D 60                     149 	.db #0x60	; 96
      00005E 00                     150 	.db #0x00	; 0
      00005F 7C                     151 	.db #0x7c	; 124
      000060 00                     152 	.db #0x00	; 0
      000061 60                     153 	.db #0x60	; 96
      000062 00                     154 	.db #0x00	; 0
      000063 60                     155 	.db #0x60	; 96
      000064 00                     156 	.db #0x00	; 0
      000065 60                     157 	.db #0x60	; 96
      000066 00                     158 	.db #0x00	; 0
      000067 00                     159 	.db #0x00	; 0
      000068 00                     160 	.db #0x00	; 0
      000069 3C                     161 	.db #0x3c	; 60
      00006A 00                     162 	.db #0x00	; 0
      00006B 62                     163 	.db #0x62	; 98	'b'
      00006C 00                     164 	.db #0x00	; 0
      00006D 60                     165 	.db #0x60	; 96
      00006E 00                     166 	.db #0x00	; 0
      00006F 6E                     167 	.db #0x6e	; 110	'n'
      000070 00                     168 	.db #0x00	; 0
      000071 66                     169 	.db #0x66	; 102	'f'
      000072 00                     170 	.db #0x00	; 0
      000073 66                     171 	.db #0x66	; 102	'f'
      000074 00                     172 	.db #0x00	; 0
      000075 3E                     173 	.db #0x3e	; 62
      000076 00                     174 	.db #0x00	; 0
      000077 00                     175 	.db #0x00	; 0
      000078 00                     176 	.db #0x00	; 0
      000079 66                     177 	.db #0x66	; 102	'f'
      00007A 00                     178 	.db #0x00	; 0
      00007B 66                     179 	.db #0x66	; 102	'f'
      00007C 00                     180 	.db #0x00	; 0
      00007D 66                     181 	.db #0x66	; 102	'f'
      00007E 00                     182 	.db #0x00	; 0
      00007F 7E                     183 	.db #0x7e	; 126
      000080 00                     184 	.db #0x00	; 0
      000081 66                     185 	.db #0x66	; 102	'f'
      000082 00                     186 	.db #0x00	; 0
      000083 66                     187 	.db #0x66	; 102	'f'
      000084 00                     188 	.db #0x00	; 0
      000085 66                     189 	.db #0x66	; 102	'f'
      000086 00                     190 	.db #0x00	; 0
      000087 00                     191 	.db #0x00	; 0
      000088 00                     192 	.db #0x00	; 0
      000089 18                     193 	.db #0x18	; 24
      00008A 00                     194 	.db #0x00	; 0
      00008B 18                     195 	.db #0x18	; 24
      00008C 00                     196 	.db #0x00	; 0
      00008D 18                     197 	.db #0x18	; 24
      00008E 00                     198 	.db #0x00	; 0
      00008F 18                     199 	.db #0x18	; 24
      000090 00                     200 	.db #0x00	; 0
      000091 18                     201 	.db #0x18	; 24
      000092 00                     202 	.db #0x00	; 0
      000093 18                     203 	.db #0x18	; 24
      000094 00                     204 	.db #0x00	; 0
      000095 18                     205 	.db #0x18	; 24
      000096 00                     206 	.db #0x00	; 0
      000097 00                     207 	.db #0x00	; 0
      000098 00                     208 	.db #0x00	; 0
      000099 06                     209 	.db #0x06	; 6
      00009A 00                     210 	.db #0x00	; 0
      00009B 06                     211 	.db #0x06	; 6
      00009C 00                     212 	.db #0x00	; 0
      00009D 06                     213 	.db #0x06	; 6
      00009E 00                     214 	.db #0x00	; 0
      00009F 06                     215 	.db #0x06	; 6
      0000A0 00                     216 	.db #0x00	; 0
      0000A1 06                     217 	.db #0x06	; 6
      0000A2 00                     218 	.db #0x00	; 0
      0000A3 46                     219 	.db #0x46	; 70	'F'
      0000A4 00                     220 	.db #0x00	; 0
      0000A5 3C                     221 	.db #0x3c	; 60
      0000A6 00                     222 	.db #0x00	; 0
      0000A7 00                     223 	.db #0x00	; 0
      0000A8 00                     224 	.db #0x00	; 0
      0000A9 66                     225 	.db #0x66	; 102	'f'
      0000AA 00                     226 	.db #0x00	; 0
      0000AB 6C                     227 	.db #0x6c	; 108	'l'
      0000AC 00                     228 	.db #0x00	; 0
      0000AD 78                     229 	.db #0x78	; 120	'x'
      0000AE 00                     230 	.db #0x00	; 0
      0000AF 70                     231 	.db #0x70	; 112	'p'
      0000B0 00                     232 	.db #0x00	; 0
      0000B1 78                     233 	.db #0x78	; 120	'x'
      0000B2 00                     234 	.db #0x00	; 0
      0000B3 6C                     235 	.db #0x6c	; 108	'l'
      0000B4 00                     236 	.db #0x00	; 0
      0000B5 66                     237 	.db #0x66	; 102	'f'
      0000B6 00                     238 	.db #0x00	; 0
      0000B7 00                     239 	.db #0x00	; 0
      0000B8 00                     240 	.db #0x00	; 0
      0000B9 60                     241 	.db #0x60	; 96
      0000BA 00                     242 	.db #0x00	; 0
      0000BB 60                     243 	.db #0x60	; 96
      0000BC 00                     244 	.db #0x00	; 0
      0000BD 60                     245 	.db #0x60	; 96
      0000BE 00                     246 	.db #0x00	; 0
      0000BF 60                     247 	.db #0x60	; 96
      0000C0 00                     248 	.db #0x00	; 0
      0000C1 60                     249 	.db #0x60	; 96
      0000C2 00                     250 	.db #0x00	; 0
      0000C3 60                     251 	.db #0x60	; 96
      0000C4 00                     252 	.db #0x00	; 0
      0000C5 7C                     253 	.db #0x7c	; 124
      0000C6 00                     254 	.db #0x00	; 0
      0000C7 00                     255 	.db #0x00	; 0
      0000C8 00                     256 	.db #0x00	; 0
      0000C9 FC                     257 	.db #0xfc	; 252
      0000CA 00                     258 	.db #0x00	; 0
      0000CB D6                     259 	.db #0xd6	; 214
      0000CC 00                     260 	.db #0x00	; 0
      0000CD D6                     261 	.db #0xd6	; 214
      0000CE 00                     262 	.db #0x00	; 0
      0000CF D6                     263 	.db #0xd6	; 214
      0000D0 00                     264 	.db #0x00	; 0
      0000D1 D6                     265 	.db #0xd6	; 214
      0000D2 00                     266 	.db #0x00	; 0
      0000D3 C6                     267 	.db #0xc6	; 198
      0000D4 00                     268 	.db #0x00	; 0
      0000D5 C6                     269 	.db #0xc6	; 198
      0000D6 00                     270 	.db #0x00	; 0
      0000D7 00                     271 	.db #0x00	; 0
      0000D8 00                     272 	.db #0x00	; 0
      0000D9 62                     273 	.db #0x62	; 98	'b'
      0000DA 00                     274 	.db #0x00	; 0
      0000DB 72                     275 	.db #0x72	; 114	'r'
      0000DC 00                     276 	.db #0x00	; 0
      0000DD 7A                     277 	.db #0x7a	; 122	'z'
      0000DE 00                     278 	.db #0x00	; 0
      0000DF 5E                     279 	.db #0x5e	; 94
      0000E0 00                     280 	.db #0x00	; 0
      0000E1 4E                     281 	.db #0x4e	; 78	'N'
      0000E2 00                     282 	.db #0x00	; 0
      0000E3 46                     283 	.db #0x46	; 70	'F'
      0000E4 00                     284 	.db #0x00	; 0
      0000E5 42                     285 	.db #0x42	; 66	'B'
      0000E6 00                     286 	.db #0x00	; 0
      0000E7 00                     287 	.db #0x00	; 0
      0000E8 00                     288 	.db #0x00	; 0
      0000E9 3C                     289 	.db #0x3c	; 60
      0000EA 00                     290 	.db #0x00	; 0
      0000EB 66                     291 	.db #0x66	; 102	'f'
      0000EC 00                     292 	.db #0x00	; 0
      0000ED 66                     293 	.db #0x66	; 102	'f'
      0000EE 00                     294 	.db #0x00	; 0
      0000EF 66                     295 	.db #0x66	; 102	'f'
      0000F0 00                     296 	.db #0x00	; 0
      0000F1 66                     297 	.db #0x66	; 102	'f'
      0000F2 00                     298 	.db #0x00	; 0
      0000F3 66                     299 	.db #0x66	; 102	'f'
      0000F4 00                     300 	.db #0x00	; 0
      0000F5 3C                     301 	.db #0x3c	; 60
      0000F6 00                     302 	.db #0x00	; 0
      0000F7 00                     303 	.db #0x00	; 0
      0000F8 00                     304 	.db #0x00	; 0
      0000F9 7C                     305 	.db #0x7c	; 124
      0000FA 00                     306 	.db #0x00	; 0
      0000FB 66                     307 	.db #0x66	; 102	'f'
      0000FC 00                     308 	.db #0x00	; 0
      0000FD 66                     309 	.db #0x66	; 102	'f'
      0000FE 00                     310 	.db #0x00	; 0
      0000FF 7C                     311 	.db #0x7c	; 124
      000100 00                     312 	.db #0x00	; 0
      000101 60                     313 	.db #0x60	; 96
      000102 00                     314 	.db #0x00	; 0
      000103 60                     315 	.db #0x60	; 96
      000104 00                     316 	.db #0x00	; 0
      000105 60                     317 	.db #0x60	; 96
      000106 00                     318 	.db #0x00	; 0
      000107 00                     319 	.db #0x00	; 0
      000108 00                     320 	.db #0x00	; 0
      000109 3C                     321 	.db #0x3c	; 60
      00010A 00                     322 	.db #0x00	; 0
      00010B 66                     323 	.db #0x66	; 102	'f'
      00010C 00                     324 	.db #0x00	; 0
      00010D 66                     325 	.db #0x66	; 102	'f'
      00010E 00                     326 	.db #0x00	; 0
      00010F 66                     327 	.db #0x66	; 102	'f'
      000110 00                     328 	.db #0x00	; 0
      000111 66                     329 	.db #0x66	; 102	'f'
      000112 00                     330 	.db #0x00	; 0
      000113 66                     331 	.db #0x66	; 102	'f'
      000114 00                     332 	.db #0x00	; 0
      000115 3C                     333 	.db #0x3c	; 60
      000116 00                     334 	.db #0x00	; 0
      000117 06                     335 	.db #0x06	; 6
      000118 00                     336 	.db #0x00	; 0
      000119 7C                     337 	.db #0x7c	; 124
      00011A 00                     338 	.db #0x00	; 0
      00011B 66                     339 	.db #0x66	; 102	'f'
      00011C 00                     340 	.db #0x00	; 0
      00011D 66                     341 	.db #0x66	; 102	'f'
      00011E 00                     342 	.db #0x00	; 0
      00011F 7C                     343 	.db #0x7c	; 124
      000120 00                     344 	.db #0x00	; 0
      000121 66                     345 	.db #0x66	; 102	'f'
      000122 00                     346 	.db #0x00	; 0
      000123 66                     347 	.db #0x66	; 102	'f'
      000124 00                     348 	.db #0x00	; 0
      000125 66                     349 	.db #0x66	; 102	'f'
      000126 00                     350 	.db #0x00	; 0
      000127 00                     351 	.db #0x00	; 0
      000128 00                     352 	.db #0x00	; 0
      000129 3C                     353 	.db #0x3c	; 60
      00012A 00                     354 	.db #0x00	; 0
      00012B 62                     355 	.db #0x62	; 98	'b'
      00012C 00                     356 	.db #0x00	; 0
      00012D 70                     357 	.db #0x70	; 112	'p'
      00012E 00                     358 	.db #0x00	; 0
      00012F 3C                     359 	.db #0x3c	; 60
      000130 00                     360 	.db #0x00	; 0
      000131 0E                     361 	.db #0x0e	; 14
      000132 00                     362 	.db #0x00	; 0
      000133 46                     363 	.db #0x46	; 70	'F'
      000134 00                     364 	.db #0x00	; 0
      000135 3C                     365 	.db #0x3c	; 60
      000136 00                     366 	.db #0x00	; 0
      000137 00                     367 	.db #0x00	; 0
      000138 00                     368 	.db #0x00	; 0
      000139 7E                     369 	.db #0x7e	; 126
      00013A 00                     370 	.db #0x00	; 0
      00013B 18                     371 	.db #0x18	; 24
      00013C 00                     372 	.db #0x00	; 0
      00013D 18                     373 	.db #0x18	; 24
      00013E 00                     374 	.db #0x00	; 0
      00013F 18                     375 	.db #0x18	; 24
      000140 00                     376 	.db #0x00	; 0
      000141 18                     377 	.db #0x18	; 24
      000142 00                     378 	.db #0x00	; 0
      000143 18                     379 	.db #0x18	; 24
      000144 00                     380 	.db #0x00	; 0
      000145 18                     381 	.db #0x18	; 24
      000146 00                     382 	.db #0x00	; 0
      000147 00                     383 	.db #0x00	; 0
      000148 00                     384 	.db #0x00	; 0
      000149 66                     385 	.db #0x66	; 102	'f'
      00014A 00                     386 	.db #0x00	; 0
      00014B 66                     387 	.db #0x66	; 102	'f'
      00014C 00                     388 	.db #0x00	; 0
      00014D 66                     389 	.db #0x66	; 102	'f'
      00014E 00                     390 	.db #0x00	; 0
      00014F 66                     391 	.db #0x66	; 102	'f'
      000150 00                     392 	.db #0x00	; 0
      000151 66                     393 	.db #0x66	; 102	'f'
      000152 00                     394 	.db #0x00	; 0
      000153 66                     395 	.db #0x66	; 102	'f'
      000154 00                     396 	.db #0x00	; 0
      000155 3C                     397 	.db #0x3c	; 60
      000156 00                     398 	.db #0x00	; 0
      000157 00                     399 	.db #0x00	; 0
      000158 00                     400 	.db #0x00	; 0
      000159 66                     401 	.db #0x66	; 102	'f'
      00015A 00                     402 	.db #0x00	; 0
      00015B 66                     403 	.db #0x66	; 102	'f'
      00015C 00                     404 	.db #0x00	; 0
      00015D 66                     405 	.db #0x66	; 102	'f'
      00015E 00                     406 	.db #0x00	; 0
      00015F 66                     407 	.db #0x66	; 102	'f'
      000160 00                     408 	.db #0x00	; 0
      000161 66                     409 	.db #0x66	; 102	'f'
      000162 00                     410 	.db #0x00	; 0
      000163 64                     411 	.db #0x64	; 100	'd'
      000164 00                     412 	.db #0x00	; 0
      000165 78                     413 	.db #0x78	; 120	'x'
      000166 00                     414 	.db #0x00	; 0
      000167 00                     415 	.db #0x00	; 0
      000168 00                     416 	.db #0x00	; 0
      000169 C6                     417 	.db #0xc6	; 198
      00016A 00                     418 	.db #0x00	; 0
      00016B C6                     419 	.db #0xc6	; 198
      00016C 00                     420 	.db #0x00	; 0
      00016D C6                     421 	.db #0xc6	; 198
      00016E 00                     422 	.db #0x00	; 0
      00016F D6                     423 	.db #0xd6	; 214
      000170 00                     424 	.db #0x00	; 0
      000171 D6                     425 	.db #0xd6	; 214
      000172 00                     426 	.db #0x00	; 0
      000173 D6                     427 	.db #0xd6	; 214
      000174 00                     428 	.db #0x00	; 0
      000175 FC                     429 	.db #0xfc	; 252
      000176 00                     430 	.db #0x00	; 0
      000177 00                     431 	.db #0x00	; 0
      000178 00                     432 	.db #0x00	; 0
      000179 66                     433 	.db #0x66	; 102	'f'
      00017A 00                     434 	.db #0x00	; 0
      00017B 66                     435 	.db #0x66	; 102	'f'
      00017C 00                     436 	.db #0x00	; 0
      00017D 66                     437 	.db #0x66	; 102	'f'
      00017E 00                     438 	.db #0x00	; 0
      00017F 3C                     439 	.db #0x3c	; 60
      000180 00                     440 	.db #0x00	; 0
      000181 66                     441 	.db #0x66	; 102	'f'
      000182 00                     442 	.db #0x00	; 0
      000183 66                     443 	.db #0x66	; 102	'f'
      000184 00                     444 	.db #0x00	; 0
      000185 66                     445 	.db #0x66	; 102	'f'
      000186 00                     446 	.db #0x00	; 0
      000187 00                     447 	.db #0x00	; 0
      000188 00                     448 	.db #0x00	; 0
      000189 66                     449 	.db #0x66	; 102	'f'
      00018A 00                     450 	.db #0x00	; 0
      00018B 66                     451 	.db #0x66	; 102	'f'
      00018C 00                     452 	.db #0x00	; 0
      00018D 66                     453 	.db #0x66	; 102	'f'
      00018E 00                     454 	.db #0x00	; 0
      00018F 3C                     455 	.db #0x3c	; 60
      000190 00                     456 	.db #0x00	; 0
      000191 18                     457 	.db #0x18	; 24
      000192 00                     458 	.db #0x00	; 0
      000193 18                     459 	.db #0x18	; 24
      000194 00                     460 	.db #0x00	; 0
      000195 18                     461 	.db #0x18	; 24
      000196 00                     462 	.db #0x00	; 0
      000197 00                     463 	.db #0x00	; 0
      000198 00                     464 	.db #0x00	; 0
      000199 7E                     465 	.db #0x7e	; 126
      00019A 00                     466 	.db #0x00	; 0
      00019B 0E                     467 	.db #0x0e	; 14
      00019C 00                     468 	.db #0x00	; 0
      00019D 1C                     469 	.db #0x1c	; 28
      00019E 00                     470 	.db #0x00	; 0
      00019F 38                     471 	.db #0x38	; 56	'8'
      0001A0 00                     472 	.db #0x00	; 0
      0001A1 70                     473 	.db #0x70	; 112	'p'
      0001A2 00                     474 	.db #0x00	; 0
      0001A3 60                     475 	.db #0x60	; 96
      0001A4 00                     476 	.db #0x00	; 0
      0001A5 7E                     477 	.db #0x7e	; 126
      0001A6 00                     478 	.db #0x00	; 0
      0001A7 00                     479 	.db #0x00	; 0
      0001A8 00                     480 	.db #0x00	; 0
      0001A9 3C                     481 	.db #0x3c	; 60
      0001AA 00                     482 	.db #0x00	; 0
      0001AB 66                     483 	.db #0x66	; 102	'f'
      0001AC 00                     484 	.db #0x00	; 0
      0001AD 6E                     485 	.db #0x6e	; 110	'n'
      0001AE 00                     486 	.db #0x00	; 0
      0001AF 76                     487 	.db #0x76	; 118	'v'
      0001B0 00                     488 	.db #0x00	; 0
      0001B1 66                     489 	.db #0x66	; 102	'f'
      0001B2 00                     490 	.db #0x00	; 0
      0001B3 66                     491 	.db #0x66	; 102	'f'
      0001B4 00                     492 	.db #0x00	; 0
      0001B5 3C                     493 	.db #0x3c	; 60
      0001B6 00                     494 	.db #0x00	; 0
      0001B7 00                     495 	.db #0x00	; 0
      0001B8 00                     496 	.db #0x00	; 0
      0001B9 18                     497 	.db #0x18	; 24
      0001BA 00                     498 	.db #0x00	; 0
      0001BB 38                     499 	.db #0x38	; 56	'8'
      0001BC 00                     500 	.db #0x00	; 0
      0001BD 18                     501 	.db #0x18	; 24
      0001BE 00                     502 	.db #0x00	; 0
      0001BF 18                     503 	.db #0x18	; 24
      0001C0 00                     504 	.db #0x00	; 0
      0001C1 18                     505 	.db #0x18	; 24
      0001C2 00                     506 	.db #0x00	; 0
      0001C3 18                     507 	.db #0x18	; 24
      0001C4 00                     508 	.db #0x00	; 0
      0001C5 18                     509 	.db #0x18	; 24
      0001C6 00                     510 	.db #0x00	; 0
      0001C7 00                     511 	.db #0x00	; 0
      0001C8 00                     512 	.db #0x00	; 0
      0001C9 3C                     513 	.db #0x3c	; 60
      0001CA 00                     514 	.db #0x00	; 0
      0001CB 66                     515 	.db #0x66	; 102	'f'
      0001CC 00                     516 	.db #0x00	; 0
      0001CD 0E                     517 	.db #0x0e	; 14
      0001CE 00                     518 	.db #0x00	; 0
      0001CF 1C                     519 	.db #0x1c	; 28
      0001D0 00                     520 	.db #0x00	; 0
      0001D1 38                     521 	.db #0x38	; 56	'8'
      0001D2 00                     522 	.db #0x00	; 0
      0001D3 70                     523 	.db #0x70	; 112	'p'
      0001D4 00                     524 	.db #0x00	; 0
      0001D5 7E                     525 	.db #0x7e	; 126
      0001D6 00                     526 	.db #0x00	; 0
      0001D7 00                     527 	.db #0x00	; 0
      0001D8 00                     528 	.db #0x00	; 0
      0001D9 7E                     529 	.db #0x7e	; 126
      0001DA 00                     530 	.db #0x00	; 0
      0001DB 0C                     531 	.db #0x0c	; 12
      0001DC 00                     532 	.db #0x00	; 0
      0001DD 18                     533 	.db #0x18	; 24
      0001DE 00                     534 	.db #0x00	; 0
      0001DF 3C                     535 	.db #0x3c	; 60
      0001E0 00                     536 	.db #0x00	; 0
      0001E1 06                     537 	.db #0x06	; 6
      0001E2 00                     538 	.db #0x00	; 0
      0001E3 46                     539 	.db #0x46	; 70	'F'
      0001E4 00                     540 	.db #0x00	; 0
      0001E5 3C                     541 	.db #0x3c	; 60
      0001E6 00                     542 	.db #0x00	; 0
      0001E7 00                     543 	.db #0x00	; 0
      0001E8 00                     544 	.db #0x00	; 0
      0001E9 0C                     545 	.db #0x0c	; 12
      0001EA 00                     546 	.db #0x00	; 0
      0001EB 1C                     547 	.db #0x1c	; 28
      0001EC 00                     548 	.db #0x00	; 0
      0001ED 2C                     549 	.db #0x2c	; 44
      0001EE 00                     550 	.db #0x00	; 0
      0001EF 4C                     551 	.db #0x4c	; 76	'L'
      0001F0 00                     552 	.db #0x00	; 0
      0001F1 7E                     553 	.db #0x7e	; 126
      0001F2 00                     554 	.db #0x00	; 0
      0001F3 0C                     555 	.db #0x0c	; 12
      0001F4 00                     556 	.db #0x00	; 0
      0001F5 0C                     557 	.db #0x0c	; 12
      0001F6 00                     558 	.db #0x00	; 0
      0001F7 00                     559 	.db #0x00	; 0
      0001F8 00                     560 	.db #0x00	; 0
      0001F9 7E                     561 	.db #0x7e	; 126
      0001FA 00                     562 	.db #0x00	; 0
      0001FB 60                     563 	.db #0x60	; 96
      0001FC 00                     564 	.db #0x00	; 0
      0001FD 7C                     565 	.db #0x7c	; 124
      0001FE 00                     566 	.db #0x00	; 0
      0001FF 06                     567 	.db #0x06	; 6
      000200 00                     568 	.db #0x00	; 0
      000201 06                     569 	.db #0x06	; 6
      000202 00                     570 	.db #0x00	; 0
      000203 46                     571 	.db #0x46	; 70	'F'
      000204 00                     572 	.db #0x00	; 0
      000205 3C                     573 	.db #0x3c	; 60
      000206 00                     574 	.db #0x00	; 0
      000207 00                     575 	.db #0x00	; 0
      000208 00                     576 	.db #0x00	; 0
      000209 1C                     577 	.db #0x1c	; 28
      00020A 00                     578 	.db #0x00	; 0
      00020B 20                     579 	.db #0x20	; 32
      00020C 00                     580 	.db #0x00	; 0
      00020D 60                     581 	.db #0x60	; 96
      00020E 00                     582 	.db #0x00	; 0
      00020F 7C                     583 	.db #0x7c	; 124
      000210 00                     584 	.db #0x00	; 0
      000211 66                     585 	.db #0x66	; 102	'f'
      000212 00                     586 	.db #0x00	; 0
      000213 66                     587 	.db #0x66	; 102	'f'
      000214 00                     588 	.db #0x00	; 0
      000215 3C                     589 	.db #0x3c	; 60
      000216 00                     590 	.db #0x00	; 0
      000217 00                     591 	.db #0x00	; 0
      000218 00                     592 	.db #0x00	; 0
      000219 7E                     593 	.db #0x7e	; 126
      00021A 00                     594 	.db #0x00	; 0
      00021B 06                     595 	.db #0x06	; 6
      00021C 00                     596 	.db #0x00	; 0
      00021D 0E                     597 	.db #0x0e	; 14
      00021E 00                     598 	.db #0x00	; 0
      00021F 1C                     599 	.db #0x1c	; 28
      000220 00                     600 	.db #0x00	; 0
      000221 18                     601 	.db #0x18	; 24
      000222 00                     602 	.db #0x00	; 0
      000223 18                     603 	.db #0x18	; 24
      000224 00                     604 	.db #0x00	; 0
      000225 18                     605 	.db #0x18	; 24
      000226 00                     606 	.db #0x00	; 0
      000227 00                     607 	.db #0x00	; 0
      000228 00                     608 	.db #0x00	; 0
      000229 3C                     609 	.db #0x3c	; 60
      00022A 00                     610 	.db #0x00	; 0
      00022B 66                     611 	.db #0x66	; 102	'f'
      00022C 00                     612 	.db #0x00	; 0
      00022D 66                     613 	.db #0x66	; 102	'f'
      00022E 00                     614 	.db #0x00	; 0
      00022F 3C                     615 	.db #0x3c	; 60
      000230 00                     616 	.db #0x00	; 0
      000231 66                     617 	.db #0x66	; 102	'f'
      000232 00                     618 	.db #0x00	; 0
      000233 66                     619 	.db #0x66	; 102	'f'
      000234 00                     620 	.db #0x00	; 0
      000235 3C                     621 	.db #0x3c	; 60
      000236 00                     622 	.db #0x00	; 0
      000237 00                     623 	.db #0x00	; 0
      000238 00                     624 	.db #0x00	; 0
      000239 3C                     625 	.db #0x3c	; 60
      00023A 00                     626 	.db #0x00	; 0
      00023B 66                     627 	.db #0x66	; 102	'f'
      00023C 00                     628 	.db #0x00	; 0
      00023D 66                     629 	.db #0x66	; 102	'f'
      00023E 00                     630 	.db #0x00	; 0
      00023F 3E                     631 	.db #0x3e	; 62
      000240 00                     632 	.db #0x00	; 0
      000241 06                     633 	.db #0x06	; 6
      000242 00                     634 	.db #0x00	; 0
      000243 0C                     635 	.db #0x0c	; 12
      000244 00                     636 	.db #0x00	; 0
      000245 38                     637 	.db #0x38	; 56	'8'
      000246 00                     638 	.db #0x00	; 0
      000247 00                     639 	.db #0x00	; 0
      000248 00                     640 	.db #0x00	; 0
      000249 18                     641 	.db #0x18	; 24
      00024A 00                     642 	.db #0x00	; 0
      00024B 18                     643 	.db #0x18	; 24
      00024C 00                     644 	.db #0x00	; 0
      00024D 10                     645 	.db #0x10	; 16
      00024E 00                     646 	.db #0x00	; 0
      00024F 00                     647 	.db #0x00	; 0
      000250 00                     648 	.db #0x00	; 0
      000251 00                     649 	.db #0x00	; 0
      000252 00                     650 	.db #0x00	; 0
      000253 00                     651 	.db #0x00	; 0
      000254 00                     652 	.db #0x00	; 0
      000255 00                     653 	.db #0x00	; 0
      000256 00                     654 	.db #0x00	; 0
      000257 00                     655 	.db #0x00	; 0
      000258 00                     656 	.db #0x00	; 0
      000259 00                     657 	.db #0x00	; 0
      00025A 00                     658 	.db #0x00	; 0
      00025B 00                     659 	.db #0x00	; 0
      00025C 00                     660 	.db #0x00	; 0
      00025D 00                     661 	.db #0x00	; 0
      00025E 00                     662 	.db #0x00	; 0
      00025F 3C                     663 	.db #0x3c	; 60
      000260 00                     664 	.db #0x00	; 0
      000261 00                     665 	.db #0x00	; 0
      000262 00                     666 	.db #0x00	; 0
      000263 00                     667 	.db #0x00	; 0
      000264 00                     668 	.db #0x00	; 0
      000265 00                     669 	.db #0x00	; 0
      000266 00                     670 	.db #0x00	; 0
      000267 00                     671 	.db #0x00	; 0
      000268 00                     672 	.db #0x00	; 0
      000269 00                     673 	.db #0x00	; 0
      00026A 00                     674 	.db #0x00	; 0
      00026B 00                     675 	.db #0x00	; 0
      00026C 00                     676 	.db #0x00	; 0
      00026D 00                     677 	.db #0x00	; 0
      00026E 00                     678 	.db #0x00	; 0
      00026F 00                     679 	.db #0x00	; 0
      000270 00                     680 	.db #0x00	; 0
      000271 00                     681 	.db #0x00	; 0
      000272 00                     682 	.db #0x00	; 0
      000273 18                     683 	.db #0x18	; 24
      000274 00                     684 	.db #0x00	; 0
      000275 18                     685 	.db #0x18	; 24
      000276 00                     686 	.db #0x00	; 0
      000277 00                     687 	.db #0x00	; 0
      000278 00                     688 	.db #0x00	; 0
      000279 00                     689 	.db #0x00	; 0
      00027A 00                     690 	.db #0x00	; 0
      00027B 00                     691 	.db #0x00	; 0
      00027C 00                     692 	.db #0x00	; 0
      00027D 00                     693 	.db #0x00	; 0
      00027E 00                     694 	.db #0x00	; 0
      00027F 00                     695 	.db #0x00	; 0
      000280 00                     696 	.db #0x00	; 0
      000281 00                     697 	.db #0x00	; 0
      000282 00                     698 	.db #0x00	; 0
      000283 30                     699 	.db #0x30	; 48	'0'
      000284 00                     700 	.db #0x00	; 0
      000285 30                     701 	.db #0x30	; 48	'0'
      000286 00                     702 	.db #0x00	; 0
      000287 20                     703 	.db #0x20	; 32
      000288 00                     704 	.db #0x00	; 0
      000289 00                     705 	.db #0x00	; 0
      00028A 00                     706 	.db #0x00	; 0
      00028B 18                     707 	.db #0x18	; 24
      00028C 00                     708 	.db #0x00	; 0
      00028D 18                     709 	.db #0x18	; 24
      00028E 00                     710 	.db #0x00	; 0
      00028F 00                     711 	.db #0x00	; 0
      000290 00                     712 	.db #0x00	; 0
      000291 00                     713 	.db #0x00	; 0
      000292 00                     714 	.db #0x00	; 0
      000293 18                     715 	.db #0x18	; 24
      000294 00                     716 	.db #0x00	; 0
      000295 18                     717 	.db #0x18	; 24
      000296 00                     718 	.db #0x00	; 0
      000297 00                     719 	.db #0x00	; 0
      000298 00                     720 	.db #0x00	; 0
      000299 18                     721 	.db #0x18	; 24
      00029A 00                     722 	.db #0x00	; 0
      00029B 18                     723 	.db #0x18	; 24
      00029C 00                     724 	.db #0x00	; 0
      00029D 18                     725 	.db #0x18	; 24
      00029E 00                     726 	.db #0x00	; 0
      00029F 18                     727 	.db #0x18	; 24
      0002A0 00                     728 	.db #0x00	; 0
      0002A1 18                     729 	.db #0x18	; 24
      0002A2 00                     730 	.db #0x00	; 0
      0002A3 00                     731 	.db #0x00	; 0
      0002A4 00                     732 	.db #0x00	; 0
      0002A5 18                     733 	.db #0x18	; 24
      0002A6 00                     734 	.db #0x00	; 0
      0002A7 00                     735 	.db #0x00	; 0
      0002A8 00                     736 	.db #0x00	; 0
      0002A9 3C                     737 	.db #0x3c	; 60
      0002AA 00                     738 	.db #0x00	; 0
      0002AB 46                     739 	.db #0x46	; 70	'F'
      0002AC 00                     740 	.db #0x00	; 0
      0002AD 06                     741 	.db #0x06	; 6
      0002AE 00                     742 	.db #0x00	; 0
      0002AF 0C                     743 	.db #0x0c	; 12
      0002B0 00                     744 	.db #0x00	; 0
      0002B1 18                     745 	.db #0x18	; 24
      0002B2 00                     746 	.db #0x00	; 0
      0002B3 18                     747 	.db #0x18	; 24
      0002B4 00                     748 	.db #0x00	; 0
      0002B5 00                     749 	.db #0x00	; 0
      0002B6 00                     750 	.db #0x00	; 0
      0002B7 18                     751 	.db #0x18	; 24
      0002B8 00                     752 	.db #0x00	; 0
      0002B9 04                     753 	.db #0x04	; 4
      0002BA 00                     754 	.db #0x00	; 0
      0002BB 08                     755 	.db #0x08	; 8
      0002BC 00                     756 	.db #0x00	; 0
      0002BD 18                     757 	.db #0x18	; 24
      0002BE 00                     758 	.db #0x00	; 0
      0002BF 18                     759 	.db #0x18	; 24
      0002C0 00                     760 	.db #0x00	; 0
      0002C1 18                     761 	.db #0x18	; 24
      0002C2 00                     762 	.db #0x00	; 0
      0002C3 18                     763 	.db #0x18	; 24
      0002C4 00                     764 	.db #0x00	; 0
      0002C5 08                     765 	.db #0x08	; 8
      0002C6 00                     766 	.db #0x00	; 0
      0002C7 04                     767 	.db #0x04	; 4
      0002C8 00                     768 	.db #0x00	; 0
      0002C9 00                     769 	.db #0x00	; 0
      0002CA 00                     770 	.db #0x00	; 0
      0002CB 00                     771 	.db #0x00	; 0
      0002CC 00                     772 	.db #0x00	; 0
      0002CD 00                     773 	.db #0x00	; 0
      0002CE 00                     774 	.db #0x00	; 0
      0002CF 00                     775 	.db #0x00	; 0
      0002D0 00                     776 	.db #0x00	; 0
      0002D1 00                     777 	.db #0x00	; 0
      0002D2 00                     778 	.db #0x00	; 0
      0002D3 00                     779 	.db #0x00	; 0
      0002D4 00                     780 	.db #0x00	; 0
      0002D5 00                     781 	.db #0x00	; 0
      0002D6 FF                     782 	.db #0xff	; 255
      0002D7 00                     783 	.db #0x00	; 0
      0002D8 00                     784 	.db #0x00	; 0
      0002D9 FF                     785 	.db #0xff	; 255
      0002DA 00                     786 	.db #0x00	; 0
      0002DB 00                     787 	.db #0x00	; 0
      0002DC 00                     788 	.db #0x00	; 0
      0002DD FF                     789 	.db #0xff	; 255
      0002DE 00                     790 	.db #0x00	; 0
      0002DF FF                     791 	.db #0xff	; 255
      0002E0 00                     792 	.db #0x00	; 0
      0002E1 00                     793 	.db #0x00	; 0
      0002E2 00                     794 	.db #0x00	; 0
      0002E3 00                     795 	.db #0x00	; 0
      0002E4 00                     796 	.db #0x00	; 0
      0002E5 00                     797 	.db #0x00	; 0
      0002E6 00                     798 	.db #0x00	; 0
      0002E7 00                     799 	.db #0x00	; 0
      0002E8                        800 _font_metasprite0:
      0002E8 F4                     801 	.db #0xf4	; -12
      0002E9 C0                     802 	.db #0xc0	; -64
      0002EA 00                     803 	.db #0x00	; 0
      0002EB 00                     804 	.db #0x00	; 0
      0002EC 00                     805 	.db #0x00	;  0
      0002ED 08                     806 	.db #0x08	;  8
      0002EE 01                     807 	.db #0x01	; 1
      0002EF 00                     808 	.db #0x00	; 0
      0002F0 00                     809 	.db #0x00	;  0
      0002F1 08                     810 	.db #0x08	;  8
      0002F2 02                     811 	.db #0x02	; 2
      0002F3 00                     812 	.db #0x00	; 0
      0002F4 00                     813 	.db #0x00	;  0
      0002F5 08                     814 	.db #0x08	;  8
      0002F6 03                     815 	.db #0x03	; 3
      0002F7 00                     816 	.db #0x00	; 0
      0002F8 00                     817 	.db #0x00	;  0
      0002F9 08                     818 	.db #0x08	;  8
      0002FA 04                     819 	.db #0x04	; 4
      0002FB 00                     820 	.db #0x00	; 0
      0002FC 00                     821 	.db #0x00	;  0
      0002FD 08                     822 	.db #0x08	;  8
      0002FE 05                     823 	.db #0x05	; 5
      0002FF 00                     824 	.db #0x00	; 0
      000300 00                     825 	.db #0x00	;  0
      000301 08                     826 	.db #0x08	;  8
      000302 06                     827 	.db #0x06	; 6
      000303 00                     828 	.db #0x00	; 0
      000304 00                     829 	.db #0x00	;  0
      000305 08                     830 	.db #0x08	;  8
      000306 07                     831 	.db #0x07	; 7
      000307 00                     832 	.db #0x00	; 0
      000308 00                     833 	.db #0x00	;  0
      000309 08                     834 	.db #0x08	;  8
      00030A 08                     835 	.db #0x08	; 8
      00030B 00                     836 	.db #0x00	; 0
      00030C 00                     837 	.db #0x00	;  0
      00030D 08                     838 	.db #0x08	;  8
      00030E 09                     839 	.db #0x09	; 9
      00030F 00                     840 	.db #0x00	; 0
      000310 00                     841 	.db #0x00	;  0
      000311 08                     842 	.db #0x08	;  8
      000312 0A                     843 	.db #0x0a	; 10
      000313 00                     844 	.db #0x00	; 0
      000314 00                     845 	.db #0x00	;  0
      000315 08                     846 	.db #0x08	;  8
      000316 0B                     847 	.db #0x0b	; 11
      000317 00                     848 	.db #0x00	; 0
      000318 00                     849 	.db #0x00	;  0
      000319 08                     850 	.db #0x08	;  8
      00031A 0C                     851 	.db #0x0c	; 12
      00031B 00                     852 	.db #0x00	; 0
      00031C 00                     853 	.db #0x00	;  0
      00031D 08                     854 	.db #0x08	;  8
      00031E 0D                     855 	.db #0x0d	; 13
      00031F 00                     856 	.db #0x00	; 0
      000320 00                     857 	.db #0x00	;  0
      000321 08                     858 	.db #0x08	;  8
      000322 0E                     859 	.db #0x0e	; 14
      000323 00                     860 	.db #0x00	; 0
      000324 00                     861 	.db #0x00	;  0
      000325 08                     862 	.db #0x08	;  8
      000326 0F                     863 	.db #0x0f	; 15
      000327 00                     864 	.db #0x00	; 0
      000328 08                     865 	.db #0x08	;  8
      000329 88                     866 	.db #0x88	; -120
      00032A 10                     867 	.db #0x10	; 16
      00032B 00                     868 	.db #0x00	; 0
      00032C 00                     869 	.db #0x00	;  0
      00032D 08                     870 	.db #0x08	;  8
      00032E 11                     871 	.db #0x11	; 17
      00032F 00                     872 	.db #0x00	; 0
      000330 00                     873 	.db #0x00	;  0
      000331 08                     874 	.db #0x08	;  8
      000332 12                     875 	.db #0x12	; 18
      000333 00                     876 	.db #0x00	; 0
      000334 00                     877 	.db #0x00	;  0
      000335 08                     878 	.db #0x08	;  8
      000336 13                     879 	.db #0x13	; 19
      000337 00                     880 	.db #0x00	; 0
      000338 00                     881 	.db #0x00	;  0
      000339 08                     882 	.db #0x08	;  8
      00033A 14                     883 	.db #0x14	; 20
      00033B 00                     884 	.db #0x00	; 0
      00033C 00                     885 	.db #0x00	;  0
      00033D 08                     886 	.db #0x08	;  8
      00033E 15                     887 	.db #0x15	; 21
      00033F 00                     888 	.db #0x00	; 0
      000340 00                     889 	.db #0x00	;  0
      000341 08                     890 	.db #0x08	;  8
      000342 16                     891 	.db #0x16	; 22
      000343 00                     892 	.db #0x00	; 0
      000344 00                     893 	.db #0x00	;  0
      000345 08                     894 	.db #0x08	;  8
      000346 17                     895 	.db #0x17	; 23
      000347 00                     896 	.db #0x00	; 0
      000348 00                     897 	.db #0x00	;  0
      000349 08                     898 	.db #0x08	;  8
      00034A 18                     899 	.db #0x18	; 24
      00034B 00                     900 	.db #0x00	; 0
      00034C 00                     901 	.db #0x00	;  0
      00034D 08                     902 	.db #0x08	;  8
      00034E 19                     903 	.db #0x19	; 25
      00034F 00                     904 	.db #0x00	; 0
      000350 00                     905 	.db #0x00	;  0
      000351 08                     906 	.db #0x08	;  8
      000352 1A                     907 	.db #0x1a	; 26
      000353 00                     908 	.db #0x00	; 0
      000354 00                     909 	.db #0x00	;  0
      000355 08                     910 	.db #0x08	;  8
      000356 1B                     911 	.db #0x1b	; 27
      000357 00                     912 	.db #0x00	; 0
      000358 00                     913 	.db #0x00	;  0
      000359 08                     914 	.db #0x08	;  8
      00035A 1C                     915 	.db #0x1c	; 28
      00035B 00                     916 	.db #0x00	; 0
      00035C 00                     917 	.db #0x00	;  0
      00035D 08                     918 	.db #0x08	;  8
      00035E 1D                     919 	.db #0x1d	; 29
      00035F 00                     920 	.db #0x00	; 0
      000360 00                     921 	.db #0x00	;  0
      000361 08                     922 	.db #0x08	;  8
      000362 1E                     923 	.db #0x1e	; 30
      000363 00                     924 	.db #0x00	; 0
      000364 00                     925 	.db #0x00	;  0
      000365 08                     926 	.db #0x08	;  8
      000366 1F                     927 	.db #0x1f	; 31
      000367 00                     928 	.db #0x00	; 0
      000368 08                     929 	.db #0x08	;  8
      000369 88                     930 	.db #0x88	; -120
      00036A 20                     931 	.db #0x20	; 32
      00036B 00                     932 	.db #0x00	; 0
      00036C 00                     933 	.db #0x00	;  0
      00036D 08                     934 	.db #0x08	;  8
      00036E 21                     935 	.db #0x21	; 33
      00036F 00                     936 	.db #0x00	; 0
      000370 00                     937 	.db #0x00	;  0
      000371 08                     938 	.db #0x08	;  8
      000372 22                     939 	.db #0x22	; 34
      000373 00                     940 	.db #0x00	; 0
      000374 00                     941 	.db #0x00	;  0
      000375 08                     942 	.db #0x08	;  8
      000376 23                     943 	.db #0x23	; 35
      000377 00                     944 	.db #0x00	; 0
      000378 00                     945 	.db #0x00	;  0
      000379 08                     946 	.db #0x08	;  8
      00037A 24                     947 	.db #0x24	; 36
      00037B 00                     948 	.db #0x00	; 0
      00037C 00                     949 	.db #0x00	;  0
      00037D 08                     950 	.db #0x08	;  8
      00037E 25                     951 	.db #0x25	; 37
      00037F 00                     952 	.db #0x00	; 0
      000380 00                     953 	.db #0x00	;  0
      000381 08                     954 	.db #0x08	;  8
      000382 26                     955 	.db #0x26	; 38
      000383 00                     956 	.db #0x00	; 0
      000384 00                     957 	.db #0x00	;  0
      000385 08                     958 	.db #0x08	;  8
      000386 27                     959 	.db #0x27	; 39
      000387 00                     960 	.db #0x00	; 0
      000388 00                     961 	.db #0x00	;  0
      000389 08                     962 	.db #0x08	;  8
      00038A 28                     963 	.db #0x28	; 40
      00038B 00                     964 	.db #0x00	; 0
      00038C 00                     965 	.db #0x00	;  0
      00038D 08                     966 	.db #0x08	;  8
      00038E 29                     967 	.db #0x29	; 41
      00038F 00                     968 	.db #0x00	; 0
      000390 00                     969 	.db #0x00	;  0
      000391 08                     970 	.db #0x08	;  8
      000392 2A                     971 	.db #0x2a	; 42
      000393 00                     972 	.db #0x00	; 0
      000394 00                     973 	.db #0x00	;  0
      000395 08                     974 	.db #0x08	;  8
      000396 2B                     975 	.db #0x2b	; 43
      000397 00                     976 	.db #0x00	; 0
      000398 00                     977 	.db #0x00	;  0
      000399 08                     978 	.db #0x08	;  8
      00039A 2B                     979 	.db #0x2b	; 43
      00039B 20                     980 	.db #0x20	; 32
      00039C 00                     981 	.db #0x00	;  0
      00039D 08                     982 	.db #0x08	;  8
      00039E 2C                     983 	.db #0x2c	; 44
      00039F 00                     984 	.db #0x00	; 0
      0003A0 00                     985 	.db #0x00	;  0
      0003A1 08                     986 	.db #0x08	;  8
      0003A2 2D                     987 	.db #0x2d	; 45
      0003A3 00                     988 	.db #0x00	; 0
      0003A4 80                     989 	.db #0x80	; -128
      0003A5 00                     990 	.db #0x00	;  0
      0003A6 00                     991 	.db #0x00	; 0
      0003A7 00                     992 	.db #0x00	; 0
      0003A8                        993 _font_metasprites:
      0003A8rE8r02                  994 	.dw _font_metasprite0
                                    995 	.area _INITIALIZER
                                    996 	.area _CABS (ABS)
