                                      1 ;--------------------------------------------------------
                                      2 ; File Created by SDCC : free open source ANSI-C Compiler
                                      3 ; Version 4.1.6 #12539 (MINGW32)
                                      4 ;--------------------------------------------------------
                                      5 	.module menu_arrow
                                      6 	.optsdcc -mgbz80
                                      7 	
                                      8 ;--------------------------------------------------------
                                      9 ; Public variables in this module
                                     10 ;--------------------------------------------------------
                                     11 	.globl _menu_arrow_tiles
                                     12 	.globl b___func_menu_arrow_tiles
                                     13 	.globl ___func_menu_arrow_tiles
                                     14 ;--------------------------------------------------------
                                     15 ; special function registers
                                     16 ;--------------------------------------------------------
                                     17 ;--------------------------------------------------------
                                     18 ; ram data
                                     19 ;--------------------------------------------------------
                                     20 	.area _DATA
                                     21 ;--------------------------------------------------------
                                     22 ; ram data
                                     23 ;--------------------------------------------------------
                                     24 	.area _INITIALIZED
                                     25 ;--------------------------------------------------------
                                     26 ; absolute external ram data
                                     27 ;--------------------------------------------------------
                                     28 	.area _DABS (ABS)
                                     29 ;--------------------------------------------------------
                                     30 ; global & static initialisations
                                     31 ;--------------------------------------------------------
                                     32 	.area _HOME
                                     33 	.area _GSINIT
                                     34 	.area _GSFINAL
                                     35 	.area _GSINIT
                                     36 ;--------------------------------------------------------
                                     37 ; Home
                                     38 ;--------------------------------------------------------
                                     39 	.area _HOME
                                     40 	.area _HOME
                                     41 ;--------------------------------------------------------
                                     42 ; code
                                     43 ;--------------------------------------------------------
                                     44 	.area _CODE
                                     45 ;src/gfx/menu_arrow.c:12: BANKREF(menu_arrow_tiles)
                                     46 ;	---------------------------------
                                     47 ; Function __func_menu_arrow_tiles
                                     48 ; ---------------------------------
                           000000    49 	b___func_menu_arrow_tiles	= 0
      000000                         50 ___func_menu_arrow_tiles::
                                     51 	.local b___func_menu_arrow_tiles 
                           000000    52 	___bank_menu_arrow_tiles = b___func_menu_arrow_tiles 
                                     53 	.globl ___bank_menu_arrow_tiles 
                                     54 	.area _CODE
      000000                         55 _menu_arrow_tiles:
      000000 10                      56 	.db #0x10	; 16
      000001 00                      57 	.db #0x00	; 0
      000002 30                      58 	.db #0x30	; 48	'0'
      000003 00                      59 	.db #0x00	; 0
      000004 70                      60 	.db #0x70	; 112	'p'
      000005 00                      61 	.db #0x00	; 0
      000006 FF                      62 	.db #0xff	; 255
      000007 00                      63 	.db #0x00	; 0
      000008 FF                      64 	.db #0xff	; 255
      000009 00                      65 	.db #0x00	; 0
      00000A 70                      66 	.db #0x70	; 112	'p'
      00000B 00                      67 	.db #0x00	; 0
      00000C 30                      68 	.db #0x30	; 48	'0'
      00000D 00                      69 	.db #0x00	; 0
      00000E 10                      70 	.db #0x10	; 16
      00000F 00                      71 	.db #0x00	; 0
                                     72 	.area _INITIALIZER
                                     73 	.area _CABS (ABS)
