                                      1 ;--------------------------------------------------------
                                      2 ; File Created by SDCC : free open source ANSI-C Compiler
                                      3 ; Version 4.1.6 #12539 (MINGW32)
                                      4 ;--------------------------------------------------------
                                      5 	.module scroll_pattern
                                      6 	.optsdcc -mgbz80
                                      7 	
                                      8 ;--------------------------------------------------------
                                      9 ; Public variables in this module
                                     10 ;--------------------------------------------------------
                                     11 	.globl _scroll_pattern_map_attributes
                                     12 	.globl _scroll_pattern_map
                                     13 	.globl _scroll_pattern_tiles
                                     14 	.globl _scroll_pattern_palettes
                                     15 	.globl b___func_scroll_pattern
                                     16 	.globl ___func_scroll_pattern
                                     17 ;--------------------------------------------------------
                                     18 ; special function registers
                                     19 ;--------------------------------------------------------
                                     20 ;--------------------------------------------------------
                                     21 ; ram data
                                     22 ;--------------------------------------------------------
                                     23 	.area _DATA
                                     24 ;--------------------------------------------------------
                                     25 ; ram data
                                     26 ;--------------------------------------------------------
                                     27 	.area _INITIALIZED
                                     28 ;--------------------------------------------------------
                                     29 ; absolute external ram data
                                     30 ;--------------------------------------------------------
                                     31 	.area _DABS (ABS)
                                     32 ;--------------------------------------------------------
                                     33 ; global & static initialisations
                                     34 ;--------------------------------------------------------
                                     35 	.area _HOME
                                     36 	.area _GSINIT
                                     37 	.area _GSFINAL
                                     38 	.area _GSINIT
                                     39 ;--------------------------------------------------------
                                     40 ; Home
                                     41 ;--------------------------------------------------------
                                     42 	.area _HOME
                                     43 	.area _HOME
                                     44 ;--------------------------------------------------------
                                     45 ; code
                                     46 ;--------------------------------------------------------
                                     47 	.area _CODE
                                     48 ;src/gfx/scroll_pattern.c:7: BANKREF(scroll_pattern)
                                     49 ;	---------------------------------
                                     50 ; Function __func_scroll_pattern
                                     51 ; ---------------------------------
                           000000    52 	b___func_scroll_pattern	= 0
      000000                         53 ___func_scroll_pattern::
                                     54 	.local b___func_scroll_pattern 
                           000000    55 	___bank_scroll_pattern = b___func_scroll_pattern 
                                     56 	.globl ___bank_scroll_pattern 
                                     57 	.area _CODE
      000000                         58 _scroll_pattern_palettes:
      000000 FF 7F                   59 	.dw #0x7fff
      000002 00 00                   60 	.dw #0x0000
      000004 0A 00                   61 	.dw #0x000a
      000006 16 00                   62 	.dw #0x0016
      000008                         63 _scroll_pattern_tiles:
      000008 00                      64 	.db #0x00	; 0
      000009 00                      65 	.db #0x00	; 0
      00000A 00                      66 	.db #0x00	; 0
      00000B 00                      67 	.db #0x00	; 0
      00000C 00                      68 	.db #0x00	; 0
      00000D 00                      69 	.db #0x00	; 0
      00000E 00                      70 	.db #0x00	; 0
      00000F 00                      71 	.db #0x00	; 0
      000010 00                      72 	.db #0x00	; 0
      000011 00                      73 	.db #0x00	; 0
      000012 00                      74 	.db #0x00	; 0
      000013 00                      75 	.db #0x00	; 0
      000014 00                      76 	.db #0x00	; 0
      000015 00                      77 	.db #0x00	; 0
      000016 00                      78 	.db #0x00	; 0
      000017 00                      79 	.db #0x00	; 0
      000018 0F                      80 	.db #0x0f	; 15
      000019 00                      81 	.db #0x00	; 0
      00001A 0F                      82 	.db #0x0f	; 15
      00001B 00                      83 	.db #0x00	; 0
      00001C 0F                      84 	.db #0x0f	; 15
      00001D 00                      85 	.db #0x00	; 0
      00001E 0F                      86 	.db #0x0f	; 15
      00001F 00                      87 	.db #0x00	; 0
      000020 0F                      88 	.db #0x0f	; 15
      000021 00                      89 	.db #0x00	; 0
      000022 0F                      90 	.db #0x0f	; 15
      000023 00                      91 	.db #0x00	; 0
      000024 0F                      92 	.db #0x0f	; 15
      000025 00                      93 	.db #0x00	; 0
      000026 0F                      94 	.db #0x0f	; 15
      000027 00                      95 	.db #0x00	; 0
      000028                         96 _scroll_pattern_map:
      000028 00                      97 	.db #0x00	; 0
      000029 00                      98 	.db #0x00	; 0
      00002A 00                      99 	.db #0x00	; 0
      00002B 00                     100 	.db #0x00	; 0
      00002C 00                     101 	.db #0x00	; 0
      00002D 00                     102 	.db #0x00	; 0
      00002E 00                     103 	.db #0x00	; 0
      00002F 00                     104 	.db #0x00	; 0
      000030 00                     105 	.db #0x00	; 0
      000031 00                     106 	.db #0x00	; 0
      000032 00                     107 	.db #0x00	; 0
      000033 00                     108 	.db #0x00	; 0
      000034 00                     109 	.db #0x00	; 0
      000035 00                     110 	.db #0x00	; 0
      000036 00                     111 	.db #0x00	; 0
      000037 00                     112 	.db #0x00	; 0
      000038 00                     113 	.db #0x00	; 0
      000039 00                     114 	.db #0x00	; 0
      00003A 00                     115 	.db #0x00	; 0
      00003B 00                     116 	.db #0x00	; 0
      00003C 01                     117 	.db #0x01	; 1
      00003D 01                     118 	.db #0x01	; 1
      00003E 01                     119 	.db #0x01	; 1
      00003F 01                     120 	.db #0x01	; 1
      000040 01                     121 	.db #0x01	; 1
      000041 01                     122 	.db #0x01	; 1
      000042 01                     123 	.db #0x01	; 1
      000043 01                     124 	.db #0x01	; 1
      000044 01                     125 	.db #0x01	; 1
      000045 01                     126 	.db #0x01	; 1
      000046 01                     127 	.db #0x01	; 1
      000047 01                     128 	.db #0x01	; 1
      000048 01                     129 	.db #0x01	; 1
      000049 01                     130 	.db #0x01	; 1
      00004A 01                     131 	.db #0x01	; 1
      00004B 01                     132 	.db #0x01	; 1
      00004C 01                     133 	.db #0x01	; 1
      00004D 01                     134 	.db #0x01	; 1
      00004E 01                     135 	.db #0x01	; 1
      00004F 01                     136 	.db #0x01	; 1
      000050 00                     137 	.db #0x00	; 0
      000051 00                     138 	.db #0x00	; 0
      000052 00                     139 	.db #0x00	; 0
      000053 00                     140 	.db #0x00	; 0
      000054 00                     141 	.db #0x00	; 0
      000055 00                     142 	.db #0x00	; 0
      000056 00                     143 	.db #0x00	; 0
      000057 00                     144 	.db #0x00	; 0
      000058 00                     145 	.db #0x00	; 0
      000059 00                     146 	.db #0x00	; 0
      00005A 00                     147 	.db #0x00	; 0
      00005B 00                     148 	.db #0x00	; 0
      00005C 00                     149 	.db #0x00	; 0
      00005D 00                     150 	.db #0x00	; 0
      00005E 00                     151 	.db #0x00	; 0
      00005F 00                     152 	.db #0x00	; 0
      000060 00                     153 	.db #0x00	; 0
      000061 00                     154 	.db #0x00	; 0
      000062 00                     155 	.db #0x00	; 0
      000063 00                     156 	.db #0x00	; 0
      000064 01                     157 	.db #0x01	; 1
      000065 01                     158 	.db #0x01	; 1
      000066 01                     159 	.db #0x01	; 1
      000067 01                     160 	.db #0x01	; 1
      000068 01                     161 	.db #0x01	; 1
      000069 01                     162 	.db #0x01	; 1
      00006A 01                     163 	.db #0x01	; 1
      00006B 01                     164 	.db #0x01	; 1
      00006C 01                     165 	.db #0x01	; 1
      00006D 01                     166 	.db #0x01	; 1
      00006E 01                     167 	.db #0x01	; 1
      00006F 01                     168 	.db #0x01	; 1
      000070 01                     169 	.db #0x01	; 1
      000071 01                     170 	.db #0x01	; 1
      000072 01                     171 	.db #0x01	; 1
      000073 01                     172 	.db #0x01	; 1
      000074 01                     173 	.db #0x01	; 1
      000075 01                     174 	.db #0x01	; 1
      000076 01                     175 	.db #0x01	; 1
      000077 01                     176 	.db #0x01	; 1
      000078 00                     177 	.db #0x00	; 0
      000079 00                     178 	.db #0x00	; 0
      00007A 00                     179 	.db #0x00	; 0
      00007B 00                     180 	.db #0x00	; 0
      00007C 00                     181 	.db #0x00	; 0
      00007D 00                     182 	.db #0x00	; 0
      00007E 00                     183 	.db #0x00	; 0
      00007F 00                     184 	.db #0x00	; 0
      000080 00                     185 	.db #0x00	; 0
      000081 00                     186 	.db #0x00	; 0
      000082 00                     187 	.db #0x00	; 0
      000083 00                     188 	.db #0x00	; 0
      000084 00                     189 	.db #0x00	; 0
      000085 00                     190 	.db #0x00	; 0
      000086 00                     191 	.db #0x00	; 0
      000087 00                     192 	.db #0x00	; 0
      000088 00                     193 	.db #0x00	; 0
      000089 00                     194 	.db #0x00	; 0
      00008A 00                     195 	.db #0x00	; 0
      00008B 00                     196 	.db #0x00	; 0
      00008C 01                     197 	.db #0x01	; 1
      00008D 01                     198 	.db #0x01	; 1
      00008E 01                     199 	.db #0x01	; 1
      00008F 01                     200 	.db #0x01	; 1
      000090 01                     201 	.db #0x01	; 1
      000091 01                     202 	.db #0x01	; 1
      000092 01                     203 	.db #0x01	; 1
      000093 01                     204 	.db #0x01	; 1
      000094 01                     205 	.db #0x01	; 1
      000095 01                     206 	.db #0x01	; 1
      000096 01                     207 	.db #0x01	; 1
      000097 01                     208 	.db #0x01	; 1
      000098 01                     209 	.db #0x01	; 1
      000099 01                     210 	.db #0x01	; 1
      00009A 01                     211 	.db #0x01	; 1
      00009B 01                     212 	.db #0x01	; 1
      00009C 01                     213 	.db #0x01	; 1
      00009D 01                     214 	.db #0x01	; 1
      00009E 01                     215 	.db #0x01	; 1
      00009F 01                     216 	.db #0x01	; 1
      0000A0 00                     217 	.db #0x00	; 0
      0000A1 00                     218 	.db #0x00	; 0
      0000A2 00                     219 	.db #0x00	; 0
      0000A3 00                     220 	.db #0x00	; 0
      0000A4 00                     221 	.db #0x00	; 0
      0000A5 00                     222 	.db #0x00	; 0
      0000A6 00                     223 	.db #0x00	; 0
      0000A7 00                     224 	.db #0x00	; 0
      0000A8 00                     225 	.db #0x00	; 0
      0000A9 00                     226 	.db #0x00	; 0
      0000AA 00                     227 	.db #0x00	; 0
      0000AB 00                     228 	.db #0x00	; 0
      0000AC 00                     229 	.db #0x00	; 0
      0000AD 00                     230 	.db #0x00	; 0
      0000AE 00                     231 	.db #0x00	; 0
      0000AF 00                     232 	.db #0x00	; 0
      0000B0 00                     233 	.db #0x00	; 0
      0000B1 00                     234 	.db #0x00	; 0
      0000B2 00                     235 	.db #0x00	; 0
      0000B3 00                     236 	.db #0x00	; 0
      0000B4 01                     237 	.db #0x01	; 1
      0000B5 01                     238 	.db #0x01	; 1
      0000B6 01                     239 	.db #0x01	; 1
      0000B7 01                     240 	.db #0x01	; 1
      0000B8 01                     241 	.db #0x01	; 1
      0000B9 01                     242 	.db #0x01	; 1
      0000BA 01                     243 	.db #0x01	; 1
      0000BB 01                     244 	.db #0x01	; 1
      0000BC 01                     245 	.db #0x01	; 1
      0000BD 01                     246 	.db #0x01	; 1
      0000BE 01                     247 	.db #0x01	; 1
      0000BF 01                     248 	.db #0x01	; 1
      0000C0 01                     249 	.db #0x01	; 1
      0000C1 01                     250 	.db #0x01	; 1
      0000C2 01                     251 	.db #0x01	; 1
      0000C3 01                     252 	.db #0x01	; 1
      0000C4 01                     253 	.db #0x01	; 1
      0000C5 01                     254 	.db #0x01	; 1
      0000C6 01                     255 	.db #0x01	; 1
      0000C7 01                     256 	.db #0x01	; 1
      0000C8 00                     257 	.db #0x00	; 0
      0000C9 00                     258 	.db #0x00	; 0
      0000CA 00                     259 	.db #0x00	; 0
      0000CB 00                     260 	.db #0x00	; 0
      0000CC 00                     261 	.db #0x00	; 0
      0000CD 00                     262 	.db #0x00	; 0
      0000CE 00                     263 	.db #0x00	; 0
      0000CF 00                     264 	.db #0x00	; 0
      0000D0 00                     265 	.db #0x00	; 0
      0000D1 00                     266 	.db #0x00	; 0
      0000D2 00                     267 	.db #0x00	; 0
      0000D3 00                     268 	.db #0x00	; 0
      0000D4 00                     269 	.db #0x00	; 0
      0000D5 00                     270 	.db #0x00	; 0
      0000D6 00                     271 	.db #0x00	; 0
      0000D7 00                     272 	.db #0x00	; 0
      0000D8 00                     273 	.db #0x00	; 0
      0000D9 00                     274 	.db #0x00	; 0
      0000DA 00                     275 	.db #0x00	; 0
      0000DB 00                     276 	.db #0x00	; 0
      0000DC 01                     277 	.db #0x01	; 1
      0000DD 01                     278 	.db #0x01	; 1
      0000DE 01                     279 	.db #0x01	; 1
      0000DF 01                     280 	.db #0x01	; 1
      0000E0 01                     281 	.db #0x01	; 1
      0000E1 01                     282 	.db #0x01	; 1
      0000E2 01                     283 	.db #0x01	; 1
      0000E3 01                     284 	.db #0x01	; 1
      0000E4 01                     285 	.db #0x01	; 1
      0000E5 01                     286 	.db #0x01	; 1
      0000E6 01                     287 	.db #0x01	; 1
      0000E7 01                     288 	.db #0x01	; 1
      0000E8 01                     289 	.db #0x01	; 1
      0000E9 01                     290 	.db #0x01	; 1
      0000EA 01                     291 	.db #0x01	; 1
      0000EB 01                     292 	.db #0x01	; 1
      0000EC 01                     293 	.db #0x01	; 1
      0000ED 01                     294 	.db #0x01	; 1
      0000EE 01                     295 	.db #0x01	; 1
      0000EF 01                     296 	.db #0x01	; 1
      0000F0 00                     297 	.db #0x00	; 0
      0000F1 00                     298 	.db #0x00	; 0
      0000F2 00                     299 	.db #0x00	; 0
      0000F3 00                     300 	.db #0x00	; 0
      0000F4 00                     301 	.db #0x00	; 0
      0000F5 00                     302 	.db #0x00	; 0
      0000F6 00                     303 	.db #0x00	; 0
      0000F7 00                     304 	.db #0x00	; 0
      0000F8 00                     305 	.db #0x00	; 0
      0000F9 00                     306 	.db #0x00	; 0
      0000FA 00                     307 	.db #0x00	; 0
      0000FB 00                     308 	.db #0x00	; 0
      0000FC 00                     309 	.db #0x00	; 0
      0000FD 00                     310 	.db #0x00	; 0
      0000FE 00                     311 	.db #0x00	; 0
      0000FF 00                     312 	.db #0x00	; 0
      000100 00                     313 	.db #0x00	; 0
      000101 00                     314 	.db #0x00	; 0
      000102 00                     315 	.db #0x00	; 0
      000103 00                     316 	.db #0x00	; 0
      000104 01                     317 	.db #0x01	; 1
      000105 01                     318 	.db #0x01	; 1
      000106 01                     319 	.db #0x01	; 1
      000107 01                     320 	.db #0x01	; 1
      000108 01                     321 	.db #0x01	; 1
      000109 01                     322 	.db #0x01	; 1
      00010A 01                     323 	.db #0x01	; 1
      00010B 01                     324 	.db #0x01	; 1
      00010C 01                     325 	.db #0x01	; 1
      00010D 01                     326 	.db #0x01	; 1
      00010E 01                     327 	.db #0x01	; 1
      00010F 01                     328 	.db #0x01	; 1
      000110 01                     329 	.db #0x01	; 1
      000111 01                     330 	.db #0x01	; 1
      000112 01                     331 	.db #0x01	; 1
      000113 01                     332 	.db #0x01	; 1
      000114 01                     333 	.db #0x01	; 1
      000115 01                     334 	.db #0x01	; 1
      000116 01                     335 	.db #0x01	; 1
      000117 01                     336 	.db #0x01	; 1
      000118 00                     337 	.db #0x00	; 0
      000119 00                     338 	.db #0x00	; 0
      00011A 00                     339 	.db #0x00	; 0
      00011B 00                     340 	.db #0x00	; 0
      00011C 00                     341 	.db #0x00	; 0
      00011D 00                     342 	.db #0x00	; 0
      00011E 00                     343 	.db #0x00	; 0
      00011F 00                     344 	.db #0x00	; 0
      000120 00                     345 	.db #0x00	; 0
      000121 00                     346 	.db #0x00	; 0
      000122 00                     347 	.db #0x00	; 0
      000123 00                     348 	.db #0x00	; 0
      000124 00                     349 	.db #0x00	; 0
      000125 00                     350 	.db #0x00	; 0
      000126 00                     351 	.db #0x00	; 0
      000127 00                     352 	.db #0x00	; 0
      000128 00                     353 	.db #0x00	; 0
      000129 00                     354 	.db #0x00	; 0
      00012A 00                     355 	.db #0x00	; 0
      00012B 00                     356 	.db #0x00	; 0
      00012C 01                     357 	.db #0x01	; 1
      00012D 01                     358 	.db #0x01	; 1
      00012E 01                     359 	.db #0x01	; 1
      00012F 01                     360 	.db #0x01	; 1
      000130 01                     361 	.db #0x01	; 1
      000131 01                     362 	.db #0x01	; 1
      000132 01                     363 	.db #0x01	; 1
      000133 01                     364 	.db #0x01	; 1
      000134 01                     365 	.db #0x01	; 1
      000135 01                     366 	.db #0x01	; 1
      000136 01                     367 	.db #0x01	; 1
      000137 01                     368 	.db #0x01	; 1
      000138 01                     369 	.db #0x01	; 1
      000139 01                     370 	.db #0x01	; 1
      00013A 01                     371 	.db #0x01	; 1
      00013B 01                     372 	.db #0x01	; 1
      00013C 01                     373 	.db #0x01	; 1
      00013D 01                     374 	.db #0x01	; 1
      00013E 01                     375 	.db #0x01	; 1
      00013F 01                     376 	.db #0x01	; 1
      000140 00                     377 	.db #0x00	; 0
      000141 00                     378 	.db #0x00	; 0
      000142 00                     379 	.db #0x00	; 0
      000143 00                     380 	.db #0x00	; 0
      000144 00                     381 	.db #0x00	; 0
      000145 00                     382 	.db #0x00	; 0
      000146 00                     383 	.db #0x00	; 0
      000147 00                     384 	.db #0x00	; 0
      000148 00                     385 	.db #0x00	; 0
      000149 00                     386 	.db #0x00	; 0
      00014A 00                     387 	.db #0x00	; 0
      00014B 00                     388 	.db #0x00	; 0
      00014C 00                     389 	.db #0x00	; 0
      00014D 00                     390 	.db #0x00	; 0
      00014E 00                     391 	.db #0x00	; 0
      00014F 00                     392 	.db #0x00	; 0
      000150 00                     393 	.db #0x00	; 0
      000151 00                     394 	.db #0x00	; 0
      000152 00                     395 	.db #0x00	; 0
      000153 00                     396 	.db #0x00	; 0
      000154 01                     397 	.db #0x01	; 1
      000155 01                     398 	.db #0x01	; 1
      000156 01                     399 	.db #0x01	; 1
      000157 01                     400 	.db #0x01	; 1
      000158 01                     401 	.db #0x01	; 1
      000159 01                     402 	.db #0x01	; 1
      00015A 01                     403 	.db #0x01	; 1
      00015B 01                     404 	.db #0x01	; 1
      00015C 01                     405 	.db #0x01	; 1
      00015D 01                     406 	.db #0x01	; 1
      00015E 01                     407 	.db #0x01	; 1
      00015F 01                     408 	.db #0x01	; 1
      000160 01                     409 	.db #0x01	; 1
      000161 01                     410 	.db #0x01	; 1
      000162 01                     411 	.db #0x01	; 1
      000163 01                     412 	.db #0x01	; 1
      000164 01                     413 	.db #0x01	; 1
      000165 01                     414 	.db #0x01	; 1
      000166 01                     415 	.db #0x01	; 1
      000167 01                     416 	.db #0x01	; 1
      000168 00                     417 	.db #0x00	; 0
      000169 00                     418 	.db #0x00	; 0
      00016A 00                     419 	.db #0x00	; 0
      00016B 00                     420 	.db #0x00	; 0
      00016C 00                     421 	.db #0x00	; 0
      00016D 00                     422 	.db #0x00	; 0
      00016E 00                     423 	.db #0x00	; 0
      00016F 00                     424 	.db #0x00	; 0
      000170 00                     425 	.db #0x00	; 0
      000171 00                     426 	.db #0x00	; 0
      000172 00                     427 	.db #0x00	; 0
      000173 00                     428 	.db #0x00	; 0
      000174 00                     429 	.db #0x00	; 0
      000175 00                     430 	.db #0x00	; 0
      000176 00                     431 	.db #0x00	; 0
      000177 00                     432 	.db #0x00	; 0
      000178 00                     433 	.db #0x00	; 0
      000179 00                     434 	.db #0x00	; 0
      00017A 00                     435 	.db #0x00	; 0
      00017B 00                     436 	.db #0x00	; 0
      00017C 01                     437 	.db #0x01	; 1
      00017D 01                     438 	.db #0x01	; 1
      00017E 01                     439 	.db #0x01	; 1
      00017F 01                     440 	.db #0x01	; 1
      000180 01                     441 	.db #0x01	; 1
      000181 01                     442 	.db #0x01	; 1
      000182 01                     443 	.db #0x01	; 1
      000183 01                     444 	.db #0x01	; 1
      000184 01                     445 	.db #0x01	; 1
      000185 01                     446 	.db #0x01	; 1
      000186 01                     447 	.db #0x01	; 1
      000187 01                     448 	.db #0x01	; 1
      000188 01                     449 	.db #0x01	; 1
      000189 01                     450 	.db #0x01	; 1
      00018A 01                     451 	.db #0x01	; 1
      00018B 01                     452 	.db #0x01	; 1
      00018C 01                     453 	.db #0x01	; 1
      00018D 01                     454 	.db #0x01	; 1
      00018E 01                     455 	.db #0x01	; 1
      00018F 01                     456 	.db #0x01	; 1
      000190                        457 _scroll_pattern_map_attributes:
      000190 00                     458 	.db #0x00	; 0
      000191 00                     459 	.db #0x00	; 0
      000192 00                     460 	.db #0x00	; 0
      000193 00                     461 	.db #0x00	; 0
      000194 00                     462 	.db #0x00	; 0
      000195 00                     463 	.db #0x00	; 0
      000196 00                     464 	.db #0x00	; 0
      000197 00                     465 	.db #0x00	; 0
      000198 00                     466 	.db #0x00	; 0
      000199 00                     467 	.db #0x00	; 0
      00019A 00                     468 	.db #0x00	; 0
      00019B 00                     469 	.db #0x00	; 0
      00019C 00                     470 	.db #0x00	; 0
      00019D 00                     471 	.db #0x00	; 0
      00019E 00                     472 	.db #0x00	; 0
      00019F 00                     473 	.db #0x00	; 0
      0001A0 00                     474 	.db #0x00	; 0
      0001A1 00                     475 	.db #0x00	; 0
      0001A2 00                     476 	.db #0x00	; 0
      0001A3 00                     477 	.db #0x00	; 0
      0001A4 00                     478 	.db #0x00	; 0
      0001A5 20                     479 	.db #0x20	; 32
      0001A6 00                     480 	.db #0x00	; 0
      0001A7 20                     481 	.db #0x20	; 32
      0001A8 00                     482 	.db #0x00	; 0
      0001A9 20                     483 	.db #0x20	; 32
      0001AA 00                     484 	.db #0x00	; 0
      0001AB 20                     485 	.db #0x20	; 32
      0001AC 00                     486 	.db #0x00	; 0
      0001AD 20                     487 	.db #0x20	; 32
      0001AE 00                     488 	.db #0x00	; 0
      0001AF 20                     489 	.db #0x20	; 32
      0001B0 00                     490 	.db #0x00	; 0
      0001B1 20                     491 	.db #0x20	; 32
      0001B2 00                     492 	.db #0x00	; 0
      0001B3 20                     493 	.db #0x20	; 32
      0001B4 00                     494 	.db #0x00	; 0
      0001B5 20                     495 	.db #0x20	; 32
      0001B6 00                     496 	.db #0x00	; 0
      0001B7 20                     497 	.db #0x20	; 32
      0001B8 00                     498 	.db #0x00	; 0
      0001B9 00                     499 	.db #0x00	; 0
      0001BA 00                     500 	.db #0x00	; 0
      0001BB 00                     501 	.db #0x00	; 0
      0001BC 00                     502 	.db #0x00	; 0
      0001BD 00                     503 	.db #0x00	; 0
      0001BE 00                     504 	.db #0x00	; 0
      0001BF 00                     505 	.db #0x00	; 0
      0001C0 00                     506 	.db #0x00	; 0
      0001C1 00                     507 	.db #0x00	; 0
      0001C2 00                     508 	.db #0x00	; 0
      0001C3 00                     509 	.db #0x00	; 0
      0001C4 00                     510 	.db #0x00	; 0
      0001C5 00                     511 	.db #0x00	; 0
      0001C6 00                     512 	.db #0x00	; 0
      0001C7 00                     513 	.db #0x00	; 0
      0001C8 00                     514 	.db #0x00	; 0
      0001C9 00                     515 	.db #0x00	; 0
      0001CA 00                     516 	.db #0x00	; 0
      0001CB 00                     517 	.db #0x00	; 0
      0001CC 00                     518 	.db #0x00	; 0
      0001CD 20                     519 	.db #0x20	; 32
      0001CE 00                     520 	.db #0x00	; 0
      0001CF 20                     521 	.db #0x20	; 32
      0001D0 00                     522 	.db #0x00	; 0
      0001D1 20                     523 	.db #0x20	; 32
      0001D2 00                     524 	.db #0x00	; 0
      0001D3 20                     525 	.db #0x20	; 32
      0001D4 00                     526 	.db #0x00	; 0
      0001D5 20                     527 	.db #0x20	; 32
      0001D6 00                     528 	.db #0x00	; 0
      0001D7 20                     529 	.db #0x20	; 32
      0001D8 00                     530 	.db #0x00	; 0
      0001D9 20                     531 	.db #0x20	; 32
      0001DA 00                     532 	.db #0x00	; 0
      0001DB 20                     533 	.db #0x20	; 32
      0001DC 00                     534 	.db #0x00	; 0
      0001DD 20                     535 	.db #0x20	; 32
      0001DE 00                     536 	.db #0x00	; 0
      0001DF 20                     537 	.db #0x20	; 32
      0001E0 00                     538 	.db #0x00	; 0
      0001E1 00                     539 	.db #0x00	; 0
      0001E2 00                     540 	.db #0x00	; 0
      0001E3 00                     541 	.db #0x00	; 0
      0001E4 00                     542 	.db #0x00	; 0
      0001E5 00                     543 	.db #0x00	; 0
      0001E6 00                     544 	.db #0x00	; 0
      0001E7 00                     545 	.db #0x00	; 0
      0001E8 00                     546 	.db #0x00	; 0
      0001E9 00                     547 	.db #0x00	; 0
      0001EA 00                     548 	.db #0x00	; 0
      0001EB 00                     549 	.db #0x00	; 0
      0001EC 00                     550 	.db #0x00	; 0
      0001ED 00                     551 	.db #0x00	; 0
      0001EE 00                     552 	.db #0x00	; 0
      0001EF 00                     553 	.db #0x00	; 0
      0001F0 00                     554 	.db #0x00	; 0
      0001F1 00                     555 	.db #0x00	; 0
      0001F2 00                     556 	.db #0x00	; 0
      0001F3 00                     557 	.db #0x00	; 0
      0001F4 00                     558 	.db #0x00	; 0
      0001F5 20                     559 	.db #0x20	; 32
      0001F6 00                     560 	.db #0x00	; 0
      0001F7 20                     561 	.db #0x20	; 32
      0001F8 00                     562 	.db #0x00	; 0
      0001F9 20                     563 	.db #0x20	; 32
      0001FA 00                     564 	.db #0x00	; 0
      0001FB 20                     565 	.db #0x20	; 32
      0001FC 00                     566 	.db #0x00	; 0
      0001FD 20                     567 	.db #0x20	; 32
      0001FE 00                     568 	.db #0x00	; 0
      0001FF 20                     569 	.db #0x20	; 32
      000200 00                     570 	.db #0x00	; 0
      000201 20                     571 	.db #0x20	; 32
      000202 00                     572 	.db #0x00	; 0
      000203 20                     573 	.db #0x20	; 32
      000204 00                     574 	.db #0x00	; 0
      000205 20                     575 	.db #0x20	; 32
      000206 00                     576 	.db #0x00	; 0
      000207 20                     577 	.db #0x20	; 32
      000208 00                     578 	.db #0x00	; 0
      000209 00                     579 	.db #0x00	; 0
      00020A 00                     580 	.db #0x00	; 0
      00020B 00                     581 	.db #0x00	; 0
      00020C 00                     582 	.db #0x00	; 0
      00020D 00                     583 	.db #0x00	; 0
      00020E 00                     584 	.db #0x00	; 0
      00020F 00                     585 	.db #0x00	; 0
      000210 00                     586 	.db #0x00	; 0
      000211 00                     587 	.db #0x00	; 0
      000212 00                     588 	.db #0x00	; 0
      000213 00                     589 	.db #0x00	; 0
      000214 00                     590 	.db #0x00	; 0
      000215 00                     591 	.db #0x00	; 0
      000216 00                     592 	.db #0x00	; 0
      000217 00                     593 	.db #0x00	; 0
      000218 00                     594 	.db #0x00	; 0
      000219 00                     595 	.db #0x00	; 0
      00021A 00                     596 	.db #0x00	; 0
      00021B 00                     597 	.db #0x00	; 0
      00021C 00                     598 	.db #0x00	; 0
      00021D 20                     599 	.db #0x20	; 32
      00021E 00                     600 	.db #0x00	; 0
      00021F 20                     601 	.db #0x20	; 32
      000220 00                     602 	.db #0x00	; 0
      000221 20                     603 	.db #0x20	; 32
      000222 00                     604 	.db #0x00	; 0
      000223 20                     605 	.db #0x20	; 32
      000224 00                     606 	.db #0x00	; 0
      000225 20                     607 	.db #0x20	; 32
      000226 00                     608 	.db #0x00	; 0
      000227 20                     609 	.db #0x20	; 32
      000228 00                     610 	.db #0x00	; 0
      000229 20                     611 	.db #0x20	; 32
      00022A 00                     612 	.db #0x00	; 0
      00022B 20                     613 	.db #0x20	; 32
      00022C 00                     614 	.db #0x00	; 0
      00022D 20                     615 	.db #0x20	; 32
      00022E 00                     616 	.db #0x00	; 0
      00022F 20                     617 	.db #0x20	; 32
      000230 00                     618 	.db #0x00	; 0
      000231 00                     619 	.db #0x00	; 0
      000232 00                     620 	.db #0x00	; 0
      000233 00                     621 	.db #0x00	; 0
      000234 00                     622 	.db #0x00	; 0
      000235 00                     623 	.db #0x00	; 0
      000236 00                     624 	.db #0x00	; 0
      000237 00                     625 	.db #0x00	; 0
      000238 00                     626 	.db #0x00	; 0
      000239 00                     627 	.db #0x00	; 0
      00023A 00                     628 	.db #0x00	; 0
      00023B 00                     629 	.db #0x00	; 0
      00023C 00                     630 	.db #0x00	; 0
      00023D 00                     631 	.db #0x00	; 0
      00023E 00                     632 	.db #0x00	; 0
      00023F 00                     633 	.db #0x00	; 0
      000240 00                     634 	.db #0x00	; 0
      000241 00                     635 	.db #0x00	; 0
      000242 00                     636 	.db #0x00	; 0
      000243 00                     637 	.db #0x00	; 0
      000244 00                     638 	.db #0x00	; 0
      000245 20                     639 	.db #0x20	; 32
      000246 00                     640 	.db #0x00	; 0
      000247 20                     641 	.db #0x20	; 32
      000248 00                     642 	.db #0x00	; 0
      000249 20                     643 	.db #0x20	; 32
      00024A 00                     644 	.db #0x00	; 0
      00024B 20                     645 	.db #0x20	; 32
      00024C 00                     646 	.db #0x00	; 0
      00024D 20                     647 	.db #0x20	; 32
      00024E 00                     648 	.db #0x00	; 0
      00024F 20                     649 	.db #0x20	; 32
      000250 00                     650 	.db #0x00	; 0
      000251 20                     651 	.db #0x20	; 32
      000252 00                     652 	.db #0x00	; 0
      000253 20                     653 	.db #0x20	; 32
      000254 00                     654 	.db #0x00	; 0
      000255 20                     655 	.db #0x20	; 32
      000256 00                     656 	.db #0x00	; 0
      000257 20                     657 	.db #0x20	; 32
      000258 00                     658 	.db #0x00	; 0
      000259 00                     659 	.db #0x00	; 0
      00025A 00                     660 	.db #0x00	; 0
      00025B 00                     661 	.db #0x00	; 0
      00025C 00                     662 	.db #0x00	; 0
      00025D 00                     663 	.db #0x00	; 0
      00025E 00                     664 	.db #0x00	; 0
      00025F 00                     665 	.db #0x00	; 0
      000260 00                     666 	.db #0x00	; 0
      000261 00                     667 	.db #0x00	; 0
      000262 00                     668 	.db #0x00	; 0
      000263 00                     669 	.db #0x00	; 0
      000264 00                     670 	.db #0x00	; 0
      000265 00                     671 	.db #0x00	; 0
      000266 00                     672 	.db #0x00	; 0
      000267 00                     673 	.db #0x00	; 0
      000268 00                     674 	.db #0x00	; 0
      000269 00                     675 	.db #0x00	; 0
      00026A 00                     676 	.db #0x00	; 0
      00026B 00                     677 	.db #0x00	; 0
      00026C 00                     678 	.db #0x00	; 0
      00026D 20                     679 	.db #0x20	; 32
      00026E 00                     680 	.db #0x00	; 0
      00026F 20                     681 	.db #0x20	; 32
      000270 00                     682 	.db #0x00	; 0
      000271 20                     683 	.db #0x20	; 32
      000272 00                     684 	.db #0x00	; 0
      000273 20                     685 	.db #0x20	; 32
      000274 00                     686 	.db #0x00	; 0
      000275 20                     687 	.db #0x20	; 32
      000276 00                     688 	.db #0x00	; 0
      000277 20                     689 	.db #0x20	; 32
      000278 00                     690 	.db #0x00	; 0
      000279 20                     691 	.db #0x20	; 32
      00027A 00                     692 	.db #0x00	; 0
      00027B 20                     693 	.db #0x20	; 32
      00027C 00                     694 	.db #0x00	; 0
      00027D 20                     695 	.db #0x20	; 32
      00027E 00                     696 	.db #0x00	; 0
      00027F 20                     697 	.db #0x20	; 32
      000280 00                     698 	.db #0x00	; 0
      000281 00                     699 	.db #0x00	; 0
      000282 00                     700 	.db #0x00	; 0
      000283 00                     701 	.db #0x00	; 0
      000284 00                     702 	.db #0x00	; 0
      000285 00                     703 	.db #0x00	; 0
      000286 00                     704 	.db #0x00	; 0
      000287 00                     705 	.db #0x00	; 0
      000288 00                     706 	.db #0x00	; 0
      000289 00                     707 	.db #0x00	; 0
      00028A 00                     708 	.db #0x00	; 0
      00028B 00                     709 	.db #0x00	; 0
      00028C 00                     710 	.db #0x00	; 0
      00028D 00                     711 	.db #0x00	; 0
      00028E 00                     712 	.db #0x00	; 0
      00028F 00                     713 	.db #0x00	; 0
      000290 00                     714 	.db #0x00	; 0
      000291 00                     715 	.db #0x00	; 0
      000292 00                     716 	.db #0x00	; 0
      000293 00                     717 	.db #0x00	; 0
      000294 00                     718 	.db #0x00	; 0
      000295 20                     719 	.db #0x20	; 32
      000296 00                     720 	.db #0x00	; 0
      000297 20                     721 	.db #0x20	; 32
      000298 00                     722 	.db #0x00	; 0
      000299 20                     723 	.db #0x20	; 32
      00029A 00                     724 	.db #0x00	; 0
      00029B 20                     725 	.db #0x20	; 32
      00029C 00                     726 	.db #0x00	; 0
      00029D 20                     727 	.db #0x20	; 32
      00029E 00                     728 	.db #0x00	; 0
      00029F 20                     729 	.db #0x20	; 32
      0002A0 00                     730 	.db #0x00	; 0
      0002A1 20                     731 	.db #0x20	; 32
      0002A2 00                     732 	.db #0x00	; 0
      0002A3 20                     733 	.db #0x20	; 32
      0002A4 00                     734 	.db #0x00	; 0
      0002A5 20                     735 	.db #0x20	; 32
      0002A6 00                     736 	.db #0x00	; 0
      0002A7 20                     737 	.db #0x20	; 32
      0002A8 00                     738 	.db #0x00	; 0
      0002A9 00                     739 	.db #0x00	; 0
      0002AA 00                     740 	.db #0x00	; 0
      0002AB 00                     741 	.db #0x00	; 0
      0002AC 00                     742 	.db #0x00	; 0
      0002AD 00                     743 	.db #0x00	; 0
      0002AE 00                     744 	.db #0x00	; 0
      0002AF 00                     745 	.db #0x00	; 0
      0002B0 00                     746 	.db #0x00	; 0
      0002B1 00                     747 	.db #0x00	; 0
      0002B2 00                     748 	.db #0x00	; 0
      0002B3 00                     749 	.db #0x00	; 0
      0002B4 00                     750 	.db #0x00	; 0
      0002B5 00                     751 	.db #0x00	; 0
      0002B6 00                     752 	.db #0x00	; 0
      0002B7 00                     753 	.db #0x00	; 0
      0002B8 00                     754 	.db #0x00	; 0
      0002B9 00                     755 	.db #0x00	; 0
      0002BA 00                     756 	.db #0x00	; 0
      0002BB 00                     757 	.db #0x00	; 0
      0002BC 00                     758 	.db #0x00	; 0
      0002BD 20                     759 	.db #0x20	; 32
      0002BE 00                     760 	.db #0x00	; 0
      0002BF 20                     761 	.db #0x20	; 32
      0002C0 00                     762 	.db #0x00	; 0
      0002C1 20                     763 	.db #0x20	; 32
      0002C2 00                     764 	.db #0x00	; 0
      0002C3 20                     765 	.db #0x20	; 32
      0002C4 00                     766 	.db #0x00	; 0
      0002C5 20                     767 	.db #0x20	; 32
      0002C6 00                     768 	.db #0x00	; 0
      0002C7 20                     769 	.db #0x20	; 32
      0002C8 00                     770 	.db #0x00	; 0
      0002C9 20                     771 	.db #0x20	; 32
      0002CA 00                     772 	.db #0x00	; 0
      0002CB 20                     773 	.db #0x20	; 32
      0002CC 00                     774 	.db #0x00	; 0
      0002CD 20                     775 	.db #0x20	; 32
      0002CE 00                     776 	.db #0x00	; 0
      0002CF 20                     777 	.db #0x20	; 32
      0002D0 00                     778 	.db #0x00	; 0
      0002D1 00                     779 	.db #0x00	; 0
      0002D2 00                     780 	.db #0x00	; 0
      0002D3 00                     781 	.db #0x00	; 0
      0002D4 00                     782 	.db #0x00	; 0
      0002D5 00                     783 	.db #0x00	; 0
      0002D6 00                     784 	.db #0x00	; 0
      0002D7 00                     785 	.db #0x00	; 0
      0002D8 00                     786 	.db #0x00	; 0
      0002D9 00                     787 	.db #0x00	; 0
      0002DA 00                     788 	.db #0x00	; 0
      0002DB 00                     789 	.db #0x00	; 0
      0002DC 00                     790 	.db #0x00	; 0
      0002DD 00                     791 	.db #0x00	; 0
      0002DE 00                     792 	.db #0x00	; 0
      0002DF 00                     793 	.db #0x00	; 0
      0002E0 00                     794 	.db #0x00	; 0
      0002E1 00                     795 	.db #0x00	; 0
      0002E2 00                     796 	.db #0x00	; 0
      0002E3 00                     797 	.db #0x00	; 0
      0002E4 00                     798 	.db #0x00	; 0
      0002E5 20                     799 	.db #0x20	; 32
      0002E6 00                     800 	.db #0x00	; 0
      0002E7 20                     801 	.db #0x20	; 32
      0002E8 00                     802 	.db #0x00	; 0
      0002E9 20                     803 	.db #0x20	; 32
      0002EA 00                     804 	.db #0x00	; 0
      0002EB 20                     805 	.db #0x20	; 32
      0002EC 00                     806 	.db #0x00	; 0
      0002ED 20                     807 	.db #0x20	; 32
      0002EE 00                     808 	.db #0x00	; 0
      0002EF 20                     809 	.db #0x20	; 32
      0002F0 00                     810 	.db #0x00	; 0
      0002F1 20                     811 	.db #0x20	; 32
      0002F2 00                     812 	.db #0x00	; 0
      0002F3 20                     813 	.db #0x20	; 32
      0002F4 00                     814 	.db #0x00	; 0
      0002F5 20                     815 	.db #0x20	; 32
      0002F6 00                     816 	.db #0x00	; 0
      0002F7 20                     817 	.db #0x20	; 32
                                    818 	.area _INITIALIZER
                                    819 	.area _CABS (ABS)
