                                      1 ;--------------------------------------------------------
                                      2 ; File Created by SDCC : free open source ANSI-C Compiler
                                      3 ; Version 4.1.6 #12539 (MINGW32)
                                      4 ;--------------------------------------------------------
                                      5 	.module button_arrow
                                      6 	.optsdcc -mgbz80
                                      7 	
                                      8 ;--------------------------------------------------------
                                      9 ; Public variables in this module
                                     10 ;--------------------------------------------------------
                                     11 	.globl _BUTTON_ARROW
                                     12 	.globl b___func_BUTTON_ARROW
                                     13 	.globl ___func_BUTTON_ARROW
                                     14 ;--------------------------------------------------------
                                     15 ; special function registers
                                     16 ;--------------------------------------------------------
                                     17 ;--------------------------------------------------------
                                     18 ; ram data
                                     19 ;--------------------------------------------------------
                                     20 	.area _DATA
                                     21 ;--------------------------------------------------------
                                     22 ; ram data
                                     23 ;--------------------------------------------------------
                                     24 	.area _INITIALIZED
                                     25 ;--------------------------------------------------------
                                     26 ; absolute external ram data
                                     27 ;--------------------------------------------------------
                                     28 	.area _DABS (ABS)
                                     29 ;--------------------------------------------------------
                                     30 ; global & static initialisations
                                     31 ;--------------------------------------------------------
                                     32 	.area _HOME
                                     33 	.area _GSINIT
                                     34 	.area _GSFINAL
                                     35 	.area _GSINIT
                                     36 ;--------------------------------------------------------
                                     37 ; Home
                                     38 ;--------------------------------------------------------
                                     39 	.area _HOME
                                     40 	.area _HOME
                                     41 ;--------------------------------------------------------
                                     42 ; code
                                     43 ;--------------------------------------------------------
                                     44 	.area _CODE_2
                                     45 ;src/gfx/button_arrow.c:7: BANKREF(BUTTON_ARROW)
                                     46 ;	---------------------------------
                                     47 ; Function __func_BUTTON_ARROW
                                     48 ; ---------------------------------
                           000002    49 	b___func_BUTTON_ARROW	= 2
      000000                         50 ___func_BUTTON_ARROW::
                                     51 	.local b___func_BUTTON_ARROW 
                           000002    52 	___bank_BUTTON_ARROW = b___func_BUTTON_ARROW 
                                     53 	.globl ___bank_BUTTON_ARROW 
                                     54 	.area _CODE_2
      000000                         55 _BUTTON_ARROW:
      000000 00                      56 	.db #0x00	; 0
      000001 00                      57 	.db #0x00	; 0
      000002 00                      58 	.db #0x00	; 0
      000003 00                      59 	.db #0x00	; 0
      000004 00                      60 	.db #0x00	; 0
      000005 00                      61 	.db #0x00	; 0
      000006 00                      62 	.db #0x00	; 0
      000007 00                      63 	.db #0x00	; 0
      000008 00                      64 	.db #0x00	; 0
      000009 00                      65 	.db #0x00	; 0
      00000A 00                      66 	.db #0x00	; 0
      00000B 00                      67 	.db #0x00	; 0
      00000C 00                      68 	.db #0x00	; 0
      00000D 00                      69 	.db #0x00	; 0
      00000E 00                      70 	.db #0x00	; 0
      00000F 00                      71 	.db #0x00	; 0
      000010 01                      72 	.db #0x01	; 1
      000011 01                      73 	.db #0x01	; 1
      000012 03                      74 	.db #0x03	; 3
      000013 03                      75 	.db #0x03	; 3
      000014 07                      76 	.db #0x07	; 7
      000015 07                      77 	.db #0x07	; 7
      000016 0F                      78 	.db #0x0f	; 15
      000017 0F                      79 	.db #0x0f	; 15
      000018 1F                      80 	.db #0x1f	; 31
      000019 1F                      81 	.db #0x1f	; 31
      00001A 3F                      82 	.db #0x3f	; 63
      00001B 3F                      83 	.db #0x3f	; 63
      00001C 7F                      84 	.db #0x7f	; 127
      00001D 7F                      85 	.db #0x7f	; 127
      00001E FF                      86 	.db #0xff	; 255
      00001F FF                      87 	.db #0xff	; 255
      000020 80                      88 	.db #0x80	; 128
      000021 80                      89 	.db #0x80	; 128
      000022 C0                      90 	.db #0xc0	; 192
      000023 C0                      91 	.db #0xc0	; 192
      000024 E0                      92 	.db #0xe0	; 224
      000025 E0                      93 	.db #0xe0	; 224
      000026 F0                      94 	.db #0xf0	; 240
      000027 F0                      95 	.db #0xf0	; 240
      000028 F8                      96 	.db #0xf8	; 248
      000029 F8                      97 	.db #0xf8	; 248
      00002A FC                      98 	.db #0xfc	; 252
      00002B FC                      99 	.db #0xfc	; 252
      00002C FE                     100 	.db #0xfe	; 254
      00002D FE                     101 	.db #0xfe	; 254
      00002E FF                     102 	.db #0xff	; 255
      00002F FF                     103 	.db #0xff	; 255
      000030 00                     104 	.db #0x00	; 0
      000031 00                     105 	.db #0x00	; 0
      000032 00                     106 	.db #0x00	; 0
      000033 00                     107 	.db #0x00	; 0
      000034 00                     108 	.db #0x00	; 0
      000035 00                     109 	.db #0x00	; 0
      000036 00                     110 	.db #0x00	; 0
      000037 00                     111 	.db #0x00	; 0
      000038 00                     112 	.db #0x00	; 0
      000039 00                     113 	.db #0x00	; 0
      00003A 00                     114 	.db #0x00	; 0
      00003B 00                     115 	.db #0x00	; 0
      00003C 00                     116 	.db #0x00	; 0
      00003D 00                     117 	.db #0x00	; 0
      00003E 00                     118 	.db #0x00	; 0
      00003F 00                     119 	.db #0x00	; 0
      000040 01                     120 	.db #0x01	; 1
      000041 01                     121 	.db #0x01	; 1
      000042 03                     122 	.db #0x03	; 3
      000043 03                     123 	.db #0x03	; 3
      000044 07                     124 	.db #0x07	; 7
      000045 07                     125 	.db #0x07	; 7
      000046 0F                     126 	.db #0x0f	; 15
      000047 0F                     127 	.db #0x0f	; 15
      000048 1F                     128 	.db #0x1f	; 31
      000049 1F                     129 	.db #0x1f	; 31
      00004A 3F                     130 	.db #0x3f	; 63
      00004B 3F                     131 	.db #0x3f	; 63
      00004C 7F                     132 	.db #0x7f	; 127
      00004D 7F                     133 	.db #0x7f	; 127
      00004E 00                     134 	.db #0x00	; 0
      00004F 00                     135 	.db #0x00	; 0
      000050 FF                     136 	.db #0xff	; 255
      000051 FF                     137 	.db #0xff	; 255
      000052 FF                     138 	.db #0xff	; 255
      000053 FF                     139 	.db #0xff	; 255
      000054 FF                     140 	.db #0xff	; 255
      000055 FF                     141 	.db #0xff	; 255
      000056 FF                     142 	.db #0xff	; 255
      000057 FF                     143 	.db #0xff	; 255
      000058 FF                     144 	.db #0xff	; 255
      000059 FF                     145 	.db #0xff	; 255
      00005A FF                     146 	.db #0xff	; 255
      00005B FF                     147 	.db #0xff	; 255
      00005C FF                     148 	.db #0xff	; 255
      00005D FF                     149 	.db #0xff	; 255
      00005E 07                     150 	.db #0x07	; 7
      00005F 07                     151 	.db #0x07	; 7
      000060 FF                     152 	.db #0xff	; 255
      000061 FF                     153 	.db #0xff	; 255
      000062 FF                     154 	.db #0xff	; 255
      000063 FF                     155 	.db #0xff	; 255
      000064 FF                     156 	.db #0xff	; 255
      000065 FF                     157 	.db #0xff	; 255
      000066 FF                     158 	.db #0xff	; 255
      000067 FF                     159 	.db #0xff	; 255
      000068 FF                     160 	.db #0xff	; 255
      000069 FF                     161 	.db #0xff	; 255
      00006A FF                     162 	.db #0xff	; 255
      00006B FF                     163 	.db #0xff	; 255
      00006C FF                     164 	.db #0xff	; 255
      00006D FF                     165 	.db #0xff	; 255
      00006E E0                     166 	.db #0xe0	; 224
      00006F E0                     167 	.db #0xe0	; 224
      000070 80                     168 	.db #0x80	; 128
      000071 80                     169 	.db #0x80	; 128
      000072 C0                     170 	.db #0xc0	; 192
      000073 C0                     171 	.db #0xc0	; 192
      000074 E0                     172 	.db #0xe0	; 224
      000075 E0                     173 	.db #0xe0	; 224
      000076 F0                     174 	.db #0xf0	; 240
      000077 F0                     175 	.db #0xf0	; 240
      000078 F8                     176 	.db #0xf8	; 248
      000079 F8                     177 	.db #0xf8	; 248
      00007A FC                     178 	.db #0xfc	; 252
      00007B FC                     179 	.db #0xfc	; 252
      00007C FE                     180 	.db #0xfe	; 254
      00007D FE                     181 	.db #0xfe	; 254
      00007E 00                     182 	.db #0x00	; 0
      00007F 00                     183 	.db #0x00	; 0
      000080 00                     184 	.db #0x00	; 0
      000081 00                     185 	.db #0x00	; 0
      000082 00                     186 	.db #0x00	; 0
      000083 00                     187 	.db #0x00	; 0
      000084 00                     188 	.db #0x00	; 0
      000085 00                     189 	.db #0x00	; 0
      000086 00                     190 	.db #0x00	; 0
      000087 00                     191 	.db #0x00	; 0
      000088 00                     192 	.db #0x00	; 0
      000089 00                     193 	.db #0x00	; 0
      00008A 00                     194 	.db #0x00	; 0
      00008B 00                     195 	.db #0x00	; 0
      00008C 00                     196 	.db #0x00	; 0
      00008D 00                     197 	.db #0x00	; 0
      00008E 00                     198 	.db #0x00	; 0
      00008F 00                     199 	.db #0x00	; 0
      000090 07                     200 	.db #0x07	; 7
      000091 07                     201 	.db #0x07	; 7
      000092 07                     202 	.db #0x07	; 7
      000093 07                     203 	.db #0x07	; 7
      000094 07                     204 	.db #0x07	; 7
      000095 07                     205 	.db #0x07	; 7
      000096 07                     206 	.db #0x07	; 7
      000097 07                     207 	.db #0x07	; 7
      000098 07                     208 	.db #0x07	; 7
      000099 07                     209 	.db #0x07	; 7
      00009A 07                     210 	.db #0x07	; 7
      00009B 07                     211 	.db #0x07	; 7
      00009C 07                     212 	.db #0x07	; 7
      00009D 07                     213 	.db #0x07	; 7
      00009E 07                     214 	.db #0x07	; 7
      00009F 07                     215 	.db #0x07	; 7
      0000A0 E0                     216 	.db #0xe0	; 224
      0000A1 E0                     217 	.db #0xe0	; 224
      0000A2 E0                     218 	.db #0xe0	; 224
      0000A3 E0                     219 	.db #0xe0	; 224
      0000A4 E0                     220 	.db #0xe0	; 224
      0000A5 E0                     221 	.db #0xe0	; 224
      0000A6 E0                     222 	.db #0xe0	; 224
      0000A7 E0                     223 	.db #0xe0	; 224
      0000A8 E0                     224 	.db #0xe0	; 224
      0000A9 E0                     225 	.db #0xe0	; 224
      0000AA E0                     226 	.db #0xe0	; 224
      0000AB E0                     227 	.db #0xe0	; 224
      0000AC E0                     228 	.db #0xe0	; 224
      0000AD E0                     229 	.db #0xe0	; 224
      0000AE E0                     230 	.db #0xe0	; 224
      0000AF E0                     231 	.db #0xe0	; 224
      0000B0 00                     232 	.db #0x00	; 0
      0000B1 00                     233 	.db #0x00	; 0
      0000B2 00                     234 	.db #0x00	; 0
      0000B3 00                     235 	.db #0x00	; 0
      0000B4 00                     236 	.db #0x00	; 0
      0000B5 00                     237 	.db #0x00	; 0
      0000B6 00                     238 	.db #0x00	; 0
      0000B7 00                     239 	.db #0x00	; 0
      0000B8 00                     240 	.db #0x00	; 0
      0000B9 00                     241 	.db #0x00	; 0
      0000BA 00                     242 	.db #0x00	; 0
      0000BB 00                     243 	.db #0x00	; 0
      0000BC 00                     244 	.db #0x00	; 0
      0000BD 00                     245 	.db #0x00	; 0
      0000BE 00                     246 	.db #0x00	; 0
      0000BF 00                     247 	.db #0x00	; 0
      0000C0 00                     248 	.db #0x00	; 0
      0000C1 00                     249 	.db #0x00	; 0
      0000C2 00                     250 	.db #0x00	; 0
      0000C3 00                     251 	.db #0x00	; 0
      0000C4 00                     252 	.db #0x00	; 0
      0000C5 00                     253 	.db #0x00	; 0
      0000C6 00                     254 	.db #0x00	; 0
      0000C7 00                     255 	.db #0x00	; 0
      0000C8 00                     256 	.db #0x00	; 0
      0000C9 00                     257 	.db #0x00	; 0
      0000CA 00                     258 	.db #0x00	; 0
      0000CB 00                     259 	.db #0x00	; 0
      0000CC 00                     260 	.db #0x00	; 0
      0000CD 00                     261 	.db #0x00	; 0
      0000CE 00                     262 	.db #0x00	; 0
      0000CF 00                     263 	.db #0x00	; 0
      0000D0 07                     264 	.db #0x07	; 7
      0000D1 07                     265 	.db #0x07	; 7
      0000D2 07                     266 	.db #0x07	; 7
      0000D3 07                     267 	.db #0x07	; 7
      0000D4 07                     268 	.db #0x07	; 7
      0000D5 07                     269 	.db #0x07	; 7
      0000D6 07                     270 	.db #0x07	; 7
      0000D7 07                     271 	.db #0x07	; 7
      0000D8 07                     272 	.db #0x07	; 7
      0000D9 07                     273 	.db #0x07	; 7
      0000DA 07                     274 	.db #0x07	; 7
      0000DB 07                     275 	.db #0x07	; 7
      0000DC 07                     276 	.db #0x07	; 7
      0000DD 07                     277 	.db #0x07	; 7
      0000DE 07                     278 	.db #0x07	; 7
      0000DF 07                     279 	.db #0x07	; 7
      0000E0 E0                     280 	.db #0xe0	; 224
      0000E1 E0                     281 	.db #0xe0	; 224
      0000E2 E0                     282 	.db #0xe0	; 224
      0000E3 E0                     283 	.db #0xe0	; 224
      0000E4 E0                     284 	.db #0xe0	; 224
      0000E5 E0                     285 	.db #0xe0	; 224
      0000E6 E0                     286 	.db #0xe0	; 224
      0000E7 E0                     287 	.db #0xe0	; 224
      0000E8 E0                     288 	.db #0xe0	; 224
      0000E9 E0                     289 	.db #0xe0	; 224
      0000EA E0                     290 	.db #0xe0	; 224
      0000EB E0                     291 	.db #0xe0	; 224
      0000EC E0                     292 	.db #0xe0	; 224
      0000ED E0                     293 	.db #0xe0	; 224
      0000EE E0                     294 	.db #0xe0	; 224
      0000EF E0                     295 	.db #0xe0	; 224
      0000F0 00                     296 	.db #0x00	; 0
      0000F1 00                     297 	.db #0x00	; 0
      0000F2 00                     298 	.db #0x00	; 0
      0000F3 00                     299 	.db #0x00	; 0
      0000F4 00                     300 	.db #0x00	; 0
      0000F5 00                     301 	.db #0x00	; 0
      0000F6 00                     302 	.db #0x00	; 0
      0000F7 00                     303 	.db #0x00	; 0
      0000F8 00                     304 	.db #0x00	; 0
      0000F9 00                     305 	.db #0x00	; 0
      0000FA 00                     306 	.db #0x00	; 0
      0000FB 00                     307 	.db #0x00	; 0
      0000FC 00                     308 	.db #0x00	; 0
      0000FD 00                     309 	.db #0x00	; 0
      0000FE 00                     310 	.db #0x00	; 0
      0000FF 00                     311 	.db #0x00	; 0
      000100 00                     312 	.db #0x00	; 0
      000101 00                     313 	.db #0x00	; 0
      000102 00                     314 	.db #0x00	; 0
      000103 00                     315 	.db #0x00	; 0
      000104 00                     316 	.db #0x00	; 0
      000105 00                     317 	.db #0x00	; 0
      000106 00                     318 	.db #0x00	; 0
      000107 00                     319 	.db #0x00	; 0
      000108 00                     320 	.db #0x00	; 0
      000109 00                     321 	.db #0x00	; 0
      00010A 00                     322 	.db #0x00	; 0
      00010B 00                     323 	.db #0x00	; 0
      00010C 00                     324 	.db #0x00	; 0
      00010D 00                     325 	.db #0x00	; 0
      00010E 00                     326 	.db #0x00	; 0
      00010F 00                     327 	.db #0x00	; 0
      000110 00                     328 	.db #0x00	; 0
      000111 00                     329 	.db #0x00	; 0
      000112 00                     330 	.db #0x00	; 0
      000113 00                     331 	.db #0x00	; 0
      000114 00                     332 	.db #0x00	; 0
      000115 00                     333 	.db #0x00	; 0
      000116 00                     334 	.db #0x00	; 0
      000117 00                     335 	.db #0x00	; 0
      000118 00                     336 	.db #0x00	; 0
      000119 00                     337 	.db #0x00	; 0
      00011A 00                     338 	.db #0x00	; 0
      00011B 00                     339 	.db #0x00	; 0
      00011C 00                     340 	.db #0x00	; 0
      00011D 00                     341 	.db #0x00	; 0
      00011E 00                     342 	.db #0x00	; 0
      00011F 00                     343 	.db #0x00	; 0
      000120 00                     344 	.db #0x00	; 0
      000121 00                     345 	.db #0x00	; 0
      000122 40                     346 	.db #0x40	; 64
      000123 40                     347 	.db #0x40	; 64
      000124 60                     348 	.db #0x60	; 96
      000125 60                     349 	.db #0x60	; 96
      000126 70                     350 	.db #0x70	; 112	'p'
      000127 70                     351 	.db #0x70	; 112	'p'
      000128 78                     352 	.db #0x78	; 120	'x'
      000129 78                     353 	.db #0x78	; 120	'x'
      00012A 7C                     354 	.db #0x7c	; 124
      00012B 7C                     355 	.db #0x7c	; 124
      00012C 7E                     356 	.db #0x7e	; 126
      00012D 7E                     357 	.db #0x7e	; 126
      00012E 7F                     358 	.db #0x7f	; 127
      00012F 7F                     359 	.db #0x7f	; 127
      000130 00                     360 	.db #0x00	; 0
      000131 00                     361 	.db #0x00	; 0
      000132 00                     362 	.db #0x00	; 0
      000133 00                     363 	.db #0x00	; 0
      000134 00                     364 	.db #0x00	; 0
      000135 00                     365 	.db #0x00	; 0
      000136 00                     366 	.db #0x00	; 0
      000137 00                     367 	.db #0x00	; 0
      000138 00                     368 	.db #0x00	; 0
      000139 00                     369 	.db #0x00	; 0
      00013A 00                     370 	.db #0x00	; 0
      00013B 00                     371 	.db #0x00	; 0
      00013C 00                     372 	.db #0x00	; 0
      00013D 00                     373 	.db #0x00	; 0
      00013E 00                     374 	.db #0x00	; 0
      00013F 00                     375 	.db #0x00	; 0
      000140 00                     376 	.db #0x00	; 0
      000141 00                     377 	.db #0x00	; 0
      000142 00                     378 	.db #0x00	; 0
      000143 00                     379 	.db #0x00	; 0
      000144 00                     380 	.db #0x00	; 0
      000145 00                     381 	.db #0x00	; 0
      000146 00                     382 	.db #0x00	; 0
      000147 00                     383 	.db #0x00	; 0
      000148 00                     384 	.db #0x00	; 0
      000149 00                     385 	.db #0x00	; 0
      00014A FF                     386 	.db #0xff	; 255
      00014B FF                     387 	.db #0xff	; 255
      00014C FF                     388 	.db #0xff	; 255
      00014D FF                     389 	.db #0xff	; 255
      00014E FF                     390 	.db #0xff	; 255
      00014F FF                     391 	.db #0xff	; 255
      000150 00                     392 	.db #0x00	; 0
      000151 00                     393 	.db #0x00	; 0
      000152 00                     394 	.db #0x00	; 0
      000153 00                     395 	.db #0x00	; 0
      000154 00                     396 	.db #0x00	; 0
      000155 00                     397 	.db #0x00	; 0
      000156 00                     398 	.db #0x00	; 0
      000157 00                     399 	.db #0x00	; 0
      000158 00                     400 	.db #0x00	; 0
      000159 00                     401 	.db #0x00	; 0
      00015A FF                     402 	.db #0xff	; 255
      00015B FF                     403 	.db #0xff	; 255
      00015C FF                     404 	.db #0xff	; 255
      00015D FF                     405 	.db #0xff	; 255
      00015E FF                     406 	.db #0xff	; 255
      00015F FF                     407 	.db #0xff	; 255
      000160 7F                     408 	.db #0x7f	; 127
      000161 7F                     409 	.db #0x7f	; 127
      000162 7F                     410 	.db #0x7f	; 127
      000163 7F                     411 	.db #0x7f	; 127
      000164 7F                     412 	.db #0x7f	; 127
      000165 7F                     413 	.db #0x7f	; 127
      000166 7F                     414 	.db #0x7f	; 127
      000167 7F                     415 	.db #0x7f	; 127
      000168 7F                     416 	.db #0x7f	; 127
      000169 7F                     417 	.db #0x7f	; 127
      00016A FF                     418 	.db #0xff	; 255
      00016B FF                     419 	.db #0xff	; 255
      00016C FF                     420 	.db #0xff	; 255
      00016D FF                     421 	.db #0xff	; 255
      00016E FF                     422 	.db #0xff	; 255
      00016F FF                     423 	.db #0xff	; 255
      000170 80                     424 	.db #0x80	; 128
      000171 80                     425 	.db #0x80	; 128
      000172 C0                     426 	.db #0xc0	; 192
      000173 C0                     427 	.db #0xc0	; 192
      000174 E0                     428 	.db #0xe0	; 224
      000175 E0                     429 	.db #0xe0	; 224
      000176 F0                     430 	.db #0xf0	; 240
      000177 F0                     431 	.db #0xf0	; 240
      000178 F8                     432 	.db #0xf8	; 248
      000179 F8                     433 	.db #0xf8	; 248
      00017A FC                     434 	.db #0xfc	; 252
      00017B FC                     435 	.db #0xfc	; 252
      00017C FE                     436 	.db #0xfe	; 254
      00017D FE                     437 	.db #0xfe	; 254
      00017E FF                     438 	.db #0xff	; 255
      00017F FF                     439 	.db #0xff	; 255
      000180 FF                     440 	.db #0xff	; 255
      000181 FF                     441 	.db #0xff	; 255
      000182 FF                     442 	.db #0xff	; 255
      000183 FF                     443 	.db #0xff	; 255
      000184 FF                     444 	.db #0xff	; 255
      000185 FF                     445 	.db #0xff	; 255
      000186 00                     446 	.db #0x00	; 0
      000187 00                     447 	.db #0x00	; 0
      000188 00                     448 	.db #0x00	; 0
      000189 00                     449 	.db #0x00	; 0
      00018A 00                     450 	.db #0x00	; 0
      00018B 00                     451 	.db #0x00	; 0
      00018C 00                     452 	.db #0x00	; 0
      00018D 00                     453 	.db #0x00	; 0
      00018E 00                     454 	.db #0x00	; 0
      00018F 00                     455 	.db #0x00	; 0
      000190 FF                     456 	.db #0xff	; 255
      000191 FF                     457 	.db #0xff	; 255
      000192 FF                     458 	.db #0xff	; 255
      000193 FF                     459 	.db #0xff	; 255
      000194 FF                     460 	.db #0xff	; 255
      000195 FF                     461 	.db #0xff	; 255
      000196 00                     462 	.db #0x00	; 0
      000197 00                     463 	.db #0x00	; 0
      000198 00                     464 	.db #0x00	; 0
      000199 00                     465 	.db #0x00	; 0
      00019A 00                     466 	.db #0x00	; 0
      00019B 00                     467 	.db #0x00	; 0
      00019C 00                     468 	.db #0x00	; 0
      00019D 00                     469 	.db #0x00	; 0
      00019E 00                     470 	.db #0x00	; 0
      00019F 00                     471 	.db #0x00	; 0
      0001A0 FF                     472 	.db #0xff	; 255
      0001A1 FF                     473 	.db #0xff	; 255
      0001A2 FF                     474 	.db #0xff	; 255
      0001A3 FF                     475 	.db #0xff	; 255
      0001A4 FF                     476 	.db #0xff	; 255
      0001A5 FF                     477 	.db #0xff	; 255
      0001A6 7F                     478 	.db #0x7f	; 127
      0001A7 7F                     479 	.db #0x7f	; 127
      0001A8 7F                     480 	.db #0x7f	; 127
      0001A9 7F                     481 	.db #0x7f	; 127
      0001AA 7F                     482 	.db #0x7f	; 127
      0001AB 7F                     483 	.db #0x7f	; 127
      0001AC 7F                     484 	.db #0x7f	; 127
      0001AD 7F                     485 	.db #0x7f	; 127
      0001AE 7F                     486 	.db #0x7f	; 127
      0001AF 7F                     487 	.db #0x7f	; 127
      0001B0 FF                     488 	.db #0xff	; 255
      0001B1 FF                     489 	.db #0xff	; 255
      0001B2 FE                     490 	.db #0xfe	; 254
      0001B3 FE                     491 	.db #0xfe	; 254
      0001B4 FC                     492 	.db #0xfc	; 252
      0001B5 FC                     493 	.db #0xfc	; 252
      0001B6 F8                     494 	.db #0xf8	; 248
      0001B7 F8                     495 	.db #0xf8	; 248
      0001B8 F0                     496 	.db #0xf0	; 240
      0001B9 F0                     497 	.db #0xf0	; 240
      0001BA E0                     498 	.db #0xe0	; 224
      0001BB E0                     499 	.db #0xe0	; 224
      0001BC C0                     500 	.db #0xc0	; 192
      0001BD C0                     501 	.db #0xc0	; 192
      0001BE 80                     502 	.db #0x80	; 128
      0001BF 80                     503 	.db #0x80	; 128
      0001C0 00                     504 	.db #0x00	; 0
      0001C1 00                     505 	.db #0x00	; 0
      0001C2 00                     506 	.db #0x00	; 0
      0001C3 00                     507 	.db #0x00	; 0
      0001C4 00                     508 	.db #0x00	; 0
      0001C5 00                     509 	.db #0x00	; 0
      0001C6 00                     510 	.db #0x00	; 0
      0001C7 00                     511 	.db #0x00	; 0
      0001C8 00                     512 	.db #0x00	; 0
      0001C9 00                     513 	.db #0x00	; 0
      0001CA 00                     514 	.db #0x00	; 0
      0001CB 00                     515 	.db #0x00	; 0
      0001CC 00                     516 	.db #0x00	; 0
      0001CD 00                     517 	.db #0x00	; 0
      0001CE 00                     518 	.db #0x00	; 0
      0001CF 00                     519 	.db #0x00	; 0
      0001D0 00                     520 	.db #0x00	; 0
      0001D1 00                     521 	.db #0x00	; 0
      0001D2 00                     522 	.db #0x00	; 0
      0001D3 00                     523 	.db #0x00	; 0
      0001D4 00                     524 	.db #0x00	; 0
      0001D5 00                     525 	.db #0x00	; 0
      0001D6 00                     526 	.db #0x00	; 0
      0001D7 00                     527 	.db #0x00	; 0
      0001D8 00                     528 	.db #0x00	; 0
      0001D9 00                     529 	.db #0x00	; 0
      0001DA 00                     530 	.db #0x00	; 0
      0001DB 00                     531 	.db #0x00	; 0
      0001DC 00                     532 	.db #0x00	; 0
      0001DD 00                     533 	.db #0x00	; 0
      0001DE 00                     534 	.db #0x00	; 0
      0001DF 00                     535 	.db #0x00	; 0
      0001E0 7F                     536 	.db #0x7f	; 127
      0001E1 7F                     537 	.db #0x7f	; 127
      0001E2 7E                     538 	.db #0x7e	; 126
      0001E3 7E                     539 	.db #0x7e	; 126
      0001E4 7C                     540 	.db #0x7c	; 124
      0001E5 7C                     541 	.db #0x7c	; 124
      0001E6 78                     542 	.db #0x78	; 120	'x'
      0001E7 78                     543 	.db #0x78	; 120	'x'
      0001E8 70                     544 	.db #0x70	; 112	'p'
      0001E9 70                     545 	.db #0x70	; 112	'p'
      0001EA 60                     546 	.db #0x60	; 96
      0001EB 60                     547 	.db #0x60	; 96
      0001EC 40                     548 	.db #0x40	; 64
      0001ED 40                     549 	.db #0x40	; 64
      0001EE 00                     550 	.db #0x00	; 0
      0001EF 00                     551 	.db #0x00	; 0
      0001F0 00                     552 	.db #0x00	; 0
      0001F1 00                     553 	.db #0x00	; 0
      0001F2 00                     554 	.db #0x00	; 0
      0001F3 00                     555 	.db #0x00	; 0
      0001F4 00                     556 	.db #0x00	; 0
      0001F5 00                     557 	.db #0x00	; 0
      0001F6 00                     558 	.db #0x00	; 0
      0001F7 00                     559 	.db #0x00	; 0
      0001F8 00                     560 	.db #0x00	; 0
      0001F9 00                     561 	.db #0x00	; 0
      0001FA 00                     562 	.db #0x00	; 0
      0001FB 00                     563 	.db #0x00	; 0
      0001FC 00                     564 	.db #0x00	; 0
      0001FD 00                     565 	.db #0x00	; 0
      0001FE 00                     566 	.db #0x00	; 0
      0001FF 00                     567 	.db #0x00	; 0
      000200 00                     568 	.db #0x00	; 0
      000201 00                     569 	.db #0x00	; 0
      000202 00                     570 	.db #0x00	; 0
      000203 00                     571 	.db #0x00	; 0
      000204 00                     572 	.db #0x00	; 0
      000205 00                     573 	.db #0x00	; 0
      000206 00                     574 	.db #0x00	; 0
      000207 00                     575 	.db #0x00	; 0
      000208 00                     576 	.db #0x00	; 0
      000209 00                     577 	.db #0x00	; 0
      00020A 00                     578 	.db #0x00	; 0
      00020B 00                     579 	.db #0x00	; 0
      00020C 00                     580 	.db #0x00	; 0
      00020D 00                     581 	.db #0x00	; 0
      00020E 00                     582 	.db #0x00	; 0
      00020F 00                     583 	.db #0x00	; 0
      000210 07                     584 	.db #0x07	; 7
      000211 07                     585 	.db #0x07	; 7
      000212 07                     586 	.db #0x07	; 7
      000213 07                     587 	.db #0x07	; 7
      000214 07                     588 	.db #0x07	; 7
      000215 07                     589 	.db #0x07	; 7
      000216 07                     590 	.db #0x07	; 7
      000217 07                     591 	.db #0x07	; 7
      000218 07                     592 	.db #0x07	; 7
      000219 07                     593 	.db #0x07	; 7
      00021A 07                     594 	.db #0x07	; 7
      00021B 07                     595 	.db #0x07	; 7
      00021C 07                     596 	.db #0x07	; 7
      00021D 07                     597 	.db #0x07	; 7
      00021E 07                     598 	.db #0x07	; 7
      00021F 07                     599 	.db #0x07	; 7
      000220 E0                     600 	.db #0xe0	; 224
      000221 E0                     601 	.db #0xe0	; 224
      000222 E0                     602 	.db #0xe0	; 224
      000223 E0                     603 	.db #0xe0	; 224
      000224 E0                     604 	.db #0xe0	; 224
      000225 E0                     605 	.db #0xe0	; 224
      000226 E0                     606 	.db #0xe0	; 224
      000227 E0                     607 	.db #0xe0	; 224
      000228 E0                     608 	.db #0xe0	; 224
      000229 E0                     609 	.db #0xe0	; 224
      00022A E0                     610 	.db #0xe0	; 224
      00022B E0                     611 	.db #0xe0	; 224
      00022C E0                     612 	.db #0xe0	; 224
      00022D E0                     613 	.db #0xe0	; 224
      00022E E0                     614 	.db #0xe0	; 224
      00022F E0                     615 	.db #0xe0	; 224
      000230 00                     616 	.db #0x00	; 0
      000231 00                     617 	.db #0x00	; 0
      000232 00                     618 	.db #0x00	; 0
      000233 00                     619 	.db #0x00	; 0
      000234 00                     620 	.db #0x00	; 0
      000235 00                     621 	.db #0x00	; 0
      000236 00                     622 	.db #0x00	; 0
      000237 00                     623 	.db #0x00	; 0
      000238 00                     624 	.db #0x00	; 0
      000239 00                     625 	.db #0x00	; 0
      00023A 00                     626 	.db #0x00	; 0
      00023B 00                     627 	.db #0x00	; 0
      00023C 00                     628 	.db #0x00	; 0
      00023D 00                     629 	.db #0x00	; 0
      00023E 00                     630 	.db #0x00	; 0
      00023F 00                     631 	.db #0x00	; 0
      000240 00                     632 	.db #0x00	; 0
      000241 00                     633 	.db #0x00	; 0
      000242 00                     634 	.db #0x00	; 0
      000243 00                     635 	.db #0x00	; 0
      000244 00                     636 	.db #0x00	; 0
      000245 00                     637 	.db #0x00	; 0
      000246 00                     638 	.db #0x00	; 0
      000247 00                     639 	.db #0x00	; 0
      000248 00                     640 	.db #0x00	; 0
      000249 00                     641 	.db #0x00	; 0
      00024A 00                     642 	.db #0x00	; 0
      00024B 00                     643 	.db #0x00	; 0
      00024C 00                     644 	.db #0x00	; 0
      00024D 00                     645 	.db #0x00	; 0
      00024E 00                     646 	.db #0x00	; 0
      00024F 00                     647 	.db #0x00	; 0
      000250 07                     648 	.db #0x07	; 7
      000251 07                     649 	.db #0x07	; 7
      000252 07                     650 	.db #0x07	; 7
      000253 07                     651 	.db #0x07	; 7
      000254 07                     652 	.db #0x07	; 7
      000255 07                     653 	.db #0x07	; 7
      000256 07                     654 	.db #0x07	; 7
      000257 07                     655 	.db #0x07	; 7
      000258 07                     656 	.db #0x07	; 7
      000259 07                     657 	.db #0x07	; 7
      00025A 07                     658 	.db #0x07	; 7
      00025B 07                     659 	.db #0x07	; 7
      00025C 07                     660 	.db #0x07	; 7
      00025D 07                     661 	.db #0x07	; 7
      00025E 07                     662 	.db #0x07	; 7
      00025F 07                     663 	.db #0x07	; 7
      000260 E0                     664 	.db #0xe0	; 224
      000261 E0                     665 	.db #0xe0	; 224
      000262 E0                     666 	.db #0xe0	; 224
      000263 E0                     667 	.db #0xe0	; 224
      000264 E0                     668 	.db #0xe0	; 224
      000265 E0                     669 	.db #0xe0	; 224
      000266 E0                     670 	.db #0xe0	; 224
      000267 E0                     671 	.db #0xe0	; 224
      000268 E0                     672 	.db #0xe0	; 224
      000269 E0                     673 	.db #0xe0	; 224
      00026A E0                     674 	.db #0xe0	; 224
      00026B E0                     675 	.db #0xe0	; 224
      00026C E0                     676 	.db #0xe0	; 224
      00026D E0                     677 	.db #0xe0	; 224
      00026E E0                     678 	.db #0xe0	; 224
      00026F E0                     679 	.db #0xe0	; 224
      000270 00                     680 	.db #0x00	; 0
      000271 00                     681 	.db #0x00	; 0
      000272 00                     682 	.db #0x00	; 0
      000273 00                     683 	.db #0x00	; 0
      000274 00                     684 	.db #0x00	; 0
      000275 00                     685 	.db #0x00	; 0
      000276 00                     686 	.db #0x00	; 0
      000277 00                     687 	.db #0x00	; 0
      000278 00                     688 	.db #0x00	; 0
      000279 00                     689 	.db #0x00	; 0
      00027A 00                     690 	.db #0x00	; 0
      00027B 00                     691 	.db #0x00	; 0
      00027C 00                     692 	.db #0x00	; 0
      00027D 00                     693 	.db #0x00	; 0
      00027E 00                     694 	.db #0x00	; 0
      00027F 00                     695 	.db #0x00	; 0
      000280 00                     696 	.db #0x00	; 0
      000281 00                     697 	.db #0x00	; 0
      000282 7F                     698 	.db #0x7f	; 127
      000283 7F                     699 	.db #0x7f	; 127
      000284 3F                     700 	.db #0x3f	; 63
      000285 3F                     701 	.db #0x3f	; 63
      000286 1F                     702 	.db #0x1f	; 31
      000287 1F                     703 	.db #0x1f	; 31
      000288 0F                     704 	.db #0x0f	; 15
      000289 0F                     705 	.db #0x0f	; 15
      00028A 07                     706 	.db #0x07	; 7
      00028B 07                     707 	.db #0x07	; 7
      00028C 03                     708 	.db #0x03	; 3
      00028D 03                     709 	.db #0x03	; 3
      00028E 01                     710 	.db #0x01	; 1
      00028F 01                     711 	.db #0x01	; 1
      000290 07                     712 	.db #0x07	; 7
      000291 07                     713 	.db #0x07	; 7
      000292 FF                     714 	.db #0xff	; 255
      000293 FF                     715 	.db #0xff	; 255
      000294 FF                     716 	.db #0xff	; 255
      000295 FF                     717 	.db #0xff	; 255
      000296 FF                     718 	.db #0xff	; 255
      000297 FF                     719 	.db #0xff	; 255
      000298 FF                     720 	.db #0xff	; 255
      000299 FF                     721 	.db #0xff	; 255
      00029A FF                     722 	.db #0xff	; 255
      00029B FF                     723 	.db #0xff	; 255
      00029C FF                     724 	.db #0xff	; 255
      00029D FF                     725 	.db #0xff	; 255
      00029E FF                     726 	.db #0xff	; 255
      00029F FF                     727 	.db #0xff	; 255
      0002A0 E0                     728 	.db #0xe0	; 224
      0002A1 E0                     729 	.db #0xe0	; 224
      0002A2 FF                     730 	.db #0xff	; 255
      0002A3 FF                     731 	.db #0xff	; 255
      0002A4 FF                     732 	.db #0xff	; 255
      0002A5 FF                     733 	.db #0xff	; 255
      0002A6 FF                     734 	.db #0xff	; 255
      0002A7 FF                     735 	.db #0xff	; 255
      0002A8 FF                     736 	.db #0xff	; 255
      0002A9 FF                     737 	.db #0xff	; 255
      0002AA FF                     738 	.db #0xff	; 255
      0002AB FF                     739 	.db #0xff	; 255
      0002AC FF                     740 	.db #0xff	; 255
      0002AD FF                     741 	.db #0xff	; 255
      0002AE FF                     742 	.db #0xff	; 255
      0002AF FF                     743 	.db #0xff	; 255
      0002B0 00                     744 	.db #0x00	; 0
      0002B1 00                     745 	.db #0x00	; 0
      0002B2 FE                     746 	.db #0xfe	; 254
      0002B3 FE                     747 	.db #0xfe	; 254
      0002B4 FC                     748 	.db #0xfc	; 252
      0002B5 FC                     749 	.db #0xfc	; 252
      0002B6 F8                     750 	.db #0xf8	; 248
      0002B7 F8                     751 	.db #0xf8	; 248
      0002B8 F0                     752 	.db #0xf0	; 240
      0002B9 F0                     753 	.db #0xf0	; 240
      0002BA E0                     754 	.db #0xe0	; 224
      0002BB E0                     755 	.db #0xe0	; 224
      0002BC C0                     756 	.db #0xc0	; 192
      0002BD C0                     757 	.db #0xc0	; 192
      0002BE 80                     758 	.db #0x80	; 128
      0002BF 80                     759 	.db #0x80	; 128
      0002C0 00                     760 	.db #0x00	; 0
      0002C1 00                     761 	.db #0x00	; 0
      0002C2 00                     762 	.db #0x00	; 0
      0002C3 00                     763 	.db #0x00	; 0
      0002C4 00                     764 	.db #0x00	; 0
      0002C5 00                     765 	.db #0x00	; 0
      0002C6 00                     766 	.db #0x00	; 0
      0002C7 00                     767 	.db #0x00	; 0
      0002C8 00                     768 	.db #0x00	; 0
      0002C9 00                     769 	.db #0x00	; 0
      0002CA 00                     770 	.db #0x00	; 0
      0002CB 00                     771 	.db #0x00	; 0
      0002CC 00                     772 	.db #0x00	; 0
      0002CD 00                     773 	.db #0x00	; 0
      0002CE 00                     774 	.db #0x00	; 0
      0002CF 00                     775 	.db #0x00	; 0
      0002D0 FF                     776 	.db #0xff	; 255
      0002D1 FF                     777 	.db #0xff	; 255
      0002D2 7F                     778 	.db #0x7f	; 127
      0002D3 7F                     779 	.db #0x7f	; 127
      0002D4 3F                     780 	.db #0x3f	; 63
      0002D5 3F                     781 	.db #0x3f	; 63
      0002D6 1F                     782 	.db #0x1f	; 31
      0002D7 1F                     783 	.db #0x1f	; 31
      0002D8 0F                     784 	.db #0x0f	; 15
      0002D9 0F                     785 	.db #0x0f	; 15
      0002DA 07                     786 	.db #0x07	; 7
      0002DB 07                     787 	.db #0x07	; 7
      0002DC 03                     788 	.db #0x03	; 3
      0002DD 03                     789 	.db #0x03	; 3
      0002DE 01                     790 	.db #0x01	; 1
      0002DF 01                     791 	.db #0x01	; 1
      0002E0 FF                     792 	.db #0xff	; 255
      0002E1 FF                     793 	.db #0xff	; 255
      0002E2 FE                     794 	.db #0xfe	; 254
      0002E3 FE                     795 	.db #0xfe	; 254
      0002E4 FC                     796 	.db #0xfc	; 252
      0002E5 FC                     797 	.db #0xfc	; 252
      0002E6 F8                     798 	.db #0xf8	; 248
      0002E7 F8                     799 	.db #0xf8	; 248
      0002E8 F0                     800 	.db #0xf0	; 240
      0002E9 F0                     801 	.db #0xf0	; 240
      0002EA E0                     802 	.db #0xe0	; 224
      0002EB E0                     803 	.db #0xe0	; 224
      0002EC C0                     804 	.db #0xc0	; 192
      0002ED C0                     805 	.db #0xc0	; 192
      0002EE 80                     806 	.db #0x80	; 128
      0002EF 80                     807 	.db #0x80	; 128
      0002F0 00                     808 	.db #0x00	; 0
      0002F1 00                     809 	.db #0x00	; 0
      0002F2 00                     810 	.db #0x00	; 0
      0002F3 00                     811 	.db #0x00	; 0
      0002F4 00                     812 	.db #0x00	; 0
      0002F5 00                     813 	.db #0x00	; 0
      0002F6 00                     814 	.db #0x00	; 0
      0002F7 00                     815 	.db #0x00	; 0
      0002F8 00                     816 	.db #0x00	; 0
      0002F9 00                     817 	.db #0x00	; 0
      0002FA 00                     818 	.db #0x00	; 0
      0002FB 00                     819 	.db #0x00	; 0
      0002FC 00                     820 	.db #0x00	; 0
      0002FD 00                     821 	.db #0x00	; 0
      0002FE 00                     822 	.db #0x00	; 0
      0002FF 00                     823 	.db #0x00	; 0
      000300 00                     824 	.db #0x00	; 0
      000301 00                     825 	.db #0x00	; 0
      000302 00                     826 	.db #0x00	; 0
      000303 00                     827 	.db #0x00	; 0
      000304 00                     828 	.db #0x00	; 0
      000305 00                     829 	.db #0x00	; 0
      000306 00                     830 	.db #0x00	; 0
      000307 00                     831 	.db #0x00	; 0
      000308 00                     832 	.db #0x00	; 0
      000309 00                     833 	.db #0x00	; 0
      00030A 00                     834 	.db #0x00	; 0
      00030B 00                     835 	.db #0x00	; 0
      00030C 00                     836 	.db #0x00	; 0
      00030D 00                     837 	.db #0x00	; 0
      00030E 00                     838 	.db #0x00	; 0
      00030F 00                     839 	.db #0x00	; 0
      000310 00                     840 	.db #0x00	; 0
      000311 00                     841 	.db #0x00	; 0
      000312 02                     842 	.db #0x02	; 2
      000313 02                     843 	.db #0x02	; 2
      000314 06                     844 	.db #0x06	; 6
      000315 06                     845 	.db #0x06	; 6
      000316 0E                     846 	.db #0x0e	; 14
      000317 0E                     847 	.db #0x0e	; 14
      000318 1E                     848 	.db #0x1e	; 30
      000319 1E                     849 	.db #0x1e	; 30
      00031A 3E                     850 	.db #0x3e	; 62
      00031B 3E                     851 	.db #0x3e	; 62
      00031C 7E                     852 	.db #0x7e	; 126
      00031D 7E                     853 	.db #0x7e	; 126
      00031E FE                     854 	.db #0xfe	; 254
      00031F FE                     855 	.db #0xfe	; 254
      000320 00                     856 	.db #0x00	; 0
      000321 00                     857 	.db #0x00	; 0
      000322 00                     858 	.db #0x00	; 0
      000323 00                     859 	.db #0x00	; 0
      000324 00                     860 	.db #0x00	; 0
      000325 00                     861 	.db #0x00	; 0
      000326 00                     862 	.db #0x00	; 0
      000327 00                     863 	.db #0x00	; 0
      000328 00                     864 	.db #0x00	; 0
      000329 00                     865 	.db #0x00	; 0
      00032A 00                     866 	.db #0x00	; 0
      00032B 00                     867 	.db #0x00	; 0
      00032C 00                     868 	.db #0x00	; 0
      00032D 00                     869 	.db #0x00	; 0
      00032E 00                     870 	.db #0x00	; 0
      00032F 00                     871 	.db #0x00	; 0
      000330 00                     872 	.db #0x00	; 0
      000331 00                     873 	.db #0x00	; 0
      000332 00                     874 	.db #0x00	; 0
      000333 00                     875 	.db #0x00	; 0
      000334 00                     876 	.db #0x00	; 0
      000335 00                     877 	.db #0x00	; 0
      000336 00                     878 	.db #0x00	; 0
      000337 00                     879 	.db #0x00	; 0
      000338 00                     880 	.db #0x00	; 0
      000339 00                     881 	.db #0x00	; 0
      00033A 00                     882 	.db #0x00	; 0
      00033B 00                     883 	.db #0x00	; 0
      00033C 00                     884 	.db #0x00	; 0
      00033D 00                     885 	.db #0x00	; 0
      00033E 00                     886 	.db #0x00	; 0
      00033F 00                     887 	.db #0x00	; 0
      000340 01                     888 	.db #0x01	; 1
      000341 01                     889 	.db #0x01	; 1
      000342 03                     890 	.db #0x03	; 3
      000343 03                     891 	.db #0x03	; 3
      000344 07                     892 	.db #0x07	; 7
      000345 07                     893 	.db #0x07	; 7
      000346 0F                     894 	.db #0x0f	; 15
      000347 0F                     895 	.db #0x0f	; 15
      000348 1F                     896 	.db #0x1f	; 31
      000349 1F                     897 	.db #0x1f	; 31
      00034A 3F                     898 	.db #0x3f	; 63
      00034B 3F                     899 	.db #0x3f	; 63
      00034C 7F                     900 	.db #0x7f	; 127
      00034D 7F                     901 	.db #0x7f	; 127
      00034E FF                     902 	.db #0xff	; 255
      00034F FF                     903 	.db #0xff	; 255
      000350 FE                     904 	.db #0xfe	; 254
      000351 FE                     905 	.db #0xfe	; 254
      000352 FE                     906 	.db #0xfe	; 254
      000353 FE                     907 	.db #0xfe	; 254
      000354 FE                     908 	.db #0xfe	; 254
      000355 FE                     909 	.db #0xfe	; 254
      000356 FE                     910 	.db #0xfe	; 254
      000357 FE                     911 	.db #0xfe	; 254
      000358 FE                     912 	.db #0xfe	; 254
      000359 FE                     913 	.db #0xfe	; 254
      00035A FF                     914 	.db #0xff	; 255
      00035B FF                     915 	.db #0xff	; 255
      00035C FF                     916 	.db #0xff	; 255
      00035D FF                     917 	.db #0xff	; 255
      00035E FF                     918 	.db #0xff	; 255
      00035F FF                     919 	.db #0xff	; 255
      000360 00                     920 	.db #0x00	; 0
      000361 00                     921 	.db #0x00	; 0
      000362 00                     922 	.db #0x00	; 0
      000363 00                     923 	.db #0x00	; 0
      000364 00                     924 	.db #0x00	; 0
      000365 00                     925 	.db #0x00	; 0
      000366 00                     926 	.db #0x00	; 0
      000367 00                     927 	.db #0x00	; 0
      000368 00                     928 	.db #0x00	; 0
      000369 00                     929 	.db #0x00	; 0
      00036A FF                     930 	.db #0xff	; 255
      00036B FF                     931 	.db #0xff	; 255
      00036C FF                     932 	.db #0xff	; 255
      00036D FF                     933 	.db #0xff	; 255
      00036E FF                     934 	.db #0xff	; 255
      00036F FF                     935 	.db #0xff	; 255
      000370 00                     936 	.db #0x00	; 0
      000371 00                     937 	.db #0x00	; 0
      000372 00                     938 	.db #0x00	; 0
      000373 00                     939 	.db #0x00	; 0
      000374 00                     940 	.db #0x00	; 0
      000375 00                     941 	.db #0x00	; 0
      000376 00                     942 	.db #0x00	; 0
      000377 00                     943 	.db #0x00	; 0
      000378 00                     944 	.db #0x00	; 0
      000379 00                     945 	.db #0x00	; 0
      00037A FF                     946 	.db #0xff	; 255
      00037B FF                     947 	.db #0xff	; 255
      00037C FF                     948 	.db #0xff	; 255
      00037D FF                     949 	.db #0xff	; 255
      00037E FF                     950 	.db #0xff	; 255
      00037F FF                     951 	.db #0xff	; 255
      000380 FF                     952 	.db #0xff	; 255
      000381 FF                     953 	.db #0xff	; 255
      000382 7F                     954 	.db #0x7f	; 127
      000383 7F                     955 	.db #0x7f	; 127
      000384 3F                     956 	.db #0x3f	; 63
      000385 3F                     957 	.db #0x3f	; 63
      000386 1F                     958 	.db #0x1f	; 31
      000387 1F                     959 	.db #0x1f	; 31
      000388 0F                     960 	.db #0x0f	; 15
      000389 0F                     961 	.db #0x0f	; 15
      00038A 07                     962 	.db #0x07	; 7
      00038B 07                     963 	.db #0x07	; 7
      00038C 03                     964 	.db #0x03	; 3
      00038D 03                     965 	.db #0x03	; 3
      00038E 01                     966 	.db #0x01	; 1
      00038F 01                     967 	.db #0x01	; 1
      000390 FF                     968 	.db #0xff	; 255
      000391 FF                     969 	.db #0xff	; 255
      000392 FF                     970 	.db #0xff	; 255
      000393 FF                     971 	.db #0xff	; 255
      000394 FF                     972 	.db #0xff	; 255
      000395 FF                     973 	.db #0xff	; 255
      000396 FE                     974 	.db #0xfe	; 254
      000397 FE                     975 	.db #0xfe	; 254
      000398 FE                     976 	.db #0xfe	; 254
      000399 FE                     977 	.db #0xfe	; 254
      00039A FE                     978 	.db #0xfe	; 254
      00039B FE                     979 	.db #0xfe	; 254
      00039C FE                     980 	.db #0xfe	; 254
      00039D FE                     981 	.db #0xfe	; 254
      00039E FE                     982 	.db #0xfe	; 254
      00039F FE                     983 	.db #0xfe	; 254
      0003A0 FF                     984 	.db #0xff	; 255
      0003A1 FF                     985 	.db #0xff	; 255
      0003A2 FF                     986 	.db #0xff	; 255
      0003A3 FF                     987 	.db #0xff	; 255
      0003A4 FF                     988 	.db #0xff	; 255
      0003A5 FF                     989 	.db #0xff	; 255
      0003A6 00                     990 	.db #0x00	; 0
      0003A7 00                     991 	.db #0x00	; 0
      0003A8 00                     992 	.db #0x00	; 0
      0003A9 00                     993 	.db #0x00	; 0
      0003AA 00                     994 	.db #0x00	; 0
      0003AB 00                     995 	.db #0x00	; 0
      0003AC 00                     996 	.db #0x00	; 0
      0003AD 00                     997 	.db #0x00	; 0
      0003AE 00                     998 	.db #0x00	; 0
      0003AF 00                     999 	.db #0x00	; 0
      0003B0 FF                    1000 	.db #0xff	; 255
      0003B1 FF                    1001 	.db #0xff	; 255
      0003B2 FF                    1002 	.db #0xff	; 255
      0003B3 FF                    1003 	.db #0xff	; 255
      0003B4 FF                    1004 	.db #0xff	; 255
      0003B5 FF                    1005 	.db #0xff	; 255
      0003B6 00                    1006 	.db #0x00	; 0
      0003B7 00                    1007 	.db #0x00	; 0
      0003B8 00                    1008 	.db #0x00	; 0
      0003B9 00                    1009 	.db #0x00	; 0
      0003BA 00                    1010 	.db #0x00	; 0
      0003BB 00                    1011 	.db #0x00	; 0
      0003BC 00                    1012 	.db #0x00	; 0
      0003BD 00                    1013 	.db #0x00	; 0
      0003BE 00                    1014 	.db #0x00	; 0
      0003BF 00                    1015 	.db #0x00	; 0
      0003C0 00                    1016 	.db #0x00	; 0
      0003C1 00                    1017 	.db #0x00	; 0
      0003C2 00                    1018 	.db #0x00	; 0
      0003C3 00                    1019 	.db #0x00	; 0
      0003C4 00                    1020 	.db #0x00	; 0
      0003C5 00                    1021 	.db #0x00	; 0
      0003C6 00                    1022 	.db #0x00	; 0
      0003C7 00                    1023 	.db #0x00	; 0
      0003C8 00                    1024 	.db #0x00	; 0
      0003C9 00                    1025 	.db #0x00	; 0
      0003CA 00                    1026 	.db #0x00	; 0
      0003CB 00                    1027 	.db #0x00	; 0
      0003CC 00                    1028 	.db #0x00	; 0
      0003CD 00                    1029 	.db #0x00	; 0
      0003CE 00                    1030 	.db #0x00	; 0
      0003CF 00                    1031 	.db #0x00	; 0
      0003D0 FE                    1032 	.db #0xfe	; 254
      0003D1 FE                    1033 	.db #0xfe	; 254
      0003D2 7E                    1034 	.db #0x7e	; 126
      0003D3 7E                    1035 	.db #0x7e	; 126
      0003D4 3E                    1036 	.db #0x3e	; 62
      0003D5 3E                    1037 	.db #0x3e	; 62
      0003D6 1E                    1038 	.db #0x1e	; 30
      0003D7 1E                    1039 	.db #0x1e	; 30
      0003D8 0E                    1040 	.db #0x0e	; 14
      0003D9 0E                    1041 	.db #0x0e	; 14
      0003DA 06                    1042 	.db #0x06	; 6
      0003DB 06                    1043 	.db #0x06	; 6
      0003DC 02                    1044 	.db #0x02	; 2
      0003DD 02                    1045 	.db #0x02	; 2
      0003DE 00                    1046 	.db #0x00	; 0
      0003DF 00                    1047 	.db #0x00	; 0
      0003E0 00                    1048 	.db #0x00	; 0
      0003E1 00                    1049 	.db #0x00	; 0
      0003E2 00                    1050 	.db #0x00	; 0
      0003E3 00                    1051 	.db #0x00	; 0
      0003E4 00                    1052 	.db #0x00	; 0
      0003E5 00                    1053 	.db #0x00	; 0
      0003E6 00                    1054 	.db #0x00	; 0
      0003E7 00                    1055 	.db #0x00	; 0
      0003E8 00                    1056 	.db #0x00	; 0
      0003E9 00                    1057 	.db #0x00	; 0
      0003EA 00                    1058 	.db #0x00	; 0
      0003EB 00                    1059 	.db #0x00	; 0
      0003EC 00                    1060 	.db #0x00	; 0
      0003ED 00                    1061 	.db #0x00	; 0
      0003EE 00                    1062 	.db #0x00	; 0
      0003EF 00                    1063 	.db #0x00	; 0
      0003F0 00                    1064 	.db #0x00	; 0
      0003F1 00                    1065 	.db #0x00	; 0
      0003F2 00                    1066 	.db #0x00	; 0
      0003F3 00                    1067 	.db #0x00	; 0
      0003F4 00                    1068 	.db #0x00	; 0
      0003F5 00                    1069 	.db #0x00	; 0
      0003F6 00                    1070 	.db #0x00	; 0
      0003F7 00                    1071 	.db #0x00	; 0
      0003F8 00                    1072 	.db #0x00	; 0
      0003F9 00                    1073 	.db #0x00	; 0
      0003FA 00                    1074 	.db #0x00	; 0
      0003FB 00                    1075 	.db #0x00	; 0
      0003FC 00                    1076 	.db #0x00	; 0
      0003FD 00                    1077 	.db #0x00	; 0
      0003FE 00                    1078 	.db #0x00	; 0
      0003FF 00                    1079 	.db #0x00	; 0
                                   1080 	.area _INITIALIZER
                                   1081 	.area _CABS (ABS)
