                                      1 ;--------------------------------------------------------
                                      2 ; File Created by SDCC : free open source ANSI-C Compiler
                                      3 ; Version 4.1.6 #12539 (MINGW32)
                                      4 ;--------------------------------------------------------
                                      5 	.module scroll_pattern
                                      6 	.optsdcc -mgbz80
                                      7 	
                                      8 ;--------------------------------------------------------
                                      9 ; Public variables in this module
                                     10 ;--------------------------------------------------------
                                     11 	.globl _scroll_pattern_map_attributes
                                     12 	.globl _scroll_pattern_map
                                     13 	.globl _scroll_pattern_tiles
                                     14 	.globl _scroll_pattern_palettes
                                     15 	.globl b___func_scroll_pattern
                                     16 	.globl ___func_scroll_pattern
                                     17 ;--------------------------------------------------------
                                     18 ; special function registers
                                     19 ;--------------------------------------------------------
                                     20 ;--------------------------------------------------------
                                     21 ; ram data
                                     22 ;--------------------------------------------------------
                                     23 	.area _DATA
                                     24 ;--------------------------------------------------------
                                     25 ; ram data
                                     26 ;--------------------------------------------------------
                                     27 	.area _INITIALIZED
                                     28 ;--------------------------------------------------------
                                     29 ; absolute external ram data
                                     30 ;--------------------------------------------------------
                                     31 	.area _DABS (ABS)
                                     32 ;--------------------------------------------------------
                                     33 ; global & static initialisations
                                     34 ;--------------------------------------------------------
                                     35 	.area _HOME
                                     36 	.area _GSINIT
                                     37 	.area _GSFINAL
                                     38 	.area _GSINIT
                                     39 ;--------------------------------------------------------
                                     40 ; Home
                                     41 ;--------------------------------------------------------
                                     42 	.area _HOME
                                     43 	.area _HOME
                                     44 ;--------------------------------------------------------
                                     45 ; code
                                     46 ;--------------------------------------------------------
                                     47 	.area _CODE_2
                                     48 ;src/gfx/scroll_pattern.c:9: BANKREF(scroll_pattern)
                                     49 ;	---------------------------------
                                     50 ; Function __func_scroll_pattern
                                     51 ; ---------------------------------
                           000002    52 	b___func_scroll_pattern	= 2
      000000                         53 ___func_scroll_pattern::
                                     54 	.local b___func_scroll_pattern 
                           000002    55 	___bank_scroll_pattern = b___func_scroll_pattern 
                                     56 	.globl ___bank_scroll_pattern 
                                     57 	.area _CODE_2
      000000                         58 _scroll_pattern_palettes:
      000000 FF 7F                   59 	.dw #0x7fff
      000002 00 00                   60 	.dw #0x0000
      000004 C6 18                   61 	.dw #0x18c6
      000006 C6 18                   62 	.dw #0x18c6
      000008                         63 _scroll_pattern_tiles:
      000008 00                      64 	.db #0x00	; 0
      000009 00                      65 	.db #0x00	; 0
      00000A 00                      66 	.db #0x00	; 0
      00000B 00                      67 	.db #0x00	; 0
      00000C 00                      68 	.db #0x00	; 0
      00000D 00                      69 	.db #0x00	; 0
      00000E 00                      70 	.db #0x00	; 0
      00000F 00                      71 	.db #0x00	; 0
      000010 00                      72 	.db #0x00	; 0
      000011 00                      73 	.db #0x00	; 0
      000012 00                      74 	.db #0x00	; 0
      000013 00                      75 	.db #0x00	; 0
      000014 00                      76 	.db #0x00	; 0
      000015 00                      77 	.db #0x00	; 0
      000016 00                      78 	.db #0x00	; 0
      000017 00                      79 	.db #0x00	; 0
      000018 0F                      80 	.db #0x0f	; 15
      000019 00                      81 	.db #0x00	; 0
      00001A 0F                      82 	.db #0x0f	; 15
      00001B 00                      83 	.db #0x00	; 0
      00001C 0F                      84 	.db #0x0f	; 15
      00001D 00                      85 	.db #0x00	; 0
      00001E 0F                      86 	.db #0x0f	; 15
      00001F 00                      87 	.db #0x00	; 0
      000020 0F                      88 	.db #0x0f	; 15
      000021 00                      89 	.db #0x00	; 0
      000022 0F                      90 	.db #0x0f	; 15
      000023 00                      91 	.db #0x00	; 0
      000024 0F                      92 	.db #0x0f	; 15
      000025 00                      93 	.db #0x00	; 0
      000026 0F                      94 	.db #0x0f	; 15
      000027 00                      95 	.db #0x00	; 0
      000028 F0                      96 	.db #0xf0	; 240
      000029 00                      97 	.db #0x00	; 0
      00002A F0                      98 	.db #0xf0	; 240
      00002B 00                      99 	.db #0x00	; 0
      00002C F0                     100 	.db #0xf0	; 240
      00002D 00                     101 	.db #0x00	; 0
      00002E F0                     102 	.db #0xf0	; 240
      00002F 00                     103 	.db #0x00	; 0
      000030 F0                     104 	.db #0xf0	; 240
      000031 00                     105 	.db #0x00	; 0
      000032 F0                     106 	.db #0xf0	; 240
      000033 00                     107 	.db #0x00	; 0
      000034 F0                     108 	.db #0xf0	; 240
      000035 00                     109 	.db #0x00	; 0
      000036 F0                     110 	.db #0xf0	; 240
      000037 00                     111 	.db #0x00	; 0
      000038                        112 _scroll_pattern_map:
      000038 00                     113 	.db #0x00	; 0
      000039 00                     114 	.db #0x00	; 0
      00003A 00                     115 	.db #0x00	; 0
      00003B 00                     116 	.db #0x00	; 0
      00003C 00                     117 	.db #0x00	; 0
      00003D 00                     118 	.db #0x00	; 0
      00003E 00                     119 	.db #0x00	; 0
      00003F 00                     120 	.db #0x00	; 0
      000040 00                     121 	.db #0x00	; 0
      000041 00                     122 	.db #0x00	; 0
      000042 00                     123 	.db #0x00	; 0
      000043 00                     124 	.db #0x00	; 0
      000044 00                     125 	.db #0x00	; 0
      000045 00                     126 	.db #0x00	; 0
      000046 00                     127 	.db #0x00	; 0
      000047 00                     128 	.db #0x00	; 0
      000048 00                     129 	.db #0x00	; 0
      000049 00                     130 	.db #0x00	; 0
      00004A 00                     131 	.db #0x00	; 0
      00004B 00                     132 	.db #0x00	; 0
      00004C 01                     133 	.db #0x01	; 1
      00004D 02                     134 	.db #0x02	; 2
      00004E 01                     135 	.db #0x01	; 1
      00004F 02                     136 	.db #0x02	; 2
      000050 01                     137 	.db #0x01	; 1
      000051 02                     138 	.db #0x02	; 2
      000052 01                     139 	.db #0x01	; 1
      000053 02                     140 	.db #0x02	; 2
      000054 01                     141 	.db #0x01	; 1
      000055 02                     142 	.db #0x02	; 2
      000056 01                     143 	.db #0x01	; 1
      000057 02                     144 	.db #0x02	; 2
      000058 01                     145 	.db #0x01	; 1
      000059 02                     146 	.db #0x02	; 2
      00005A 01                     147 	.db #0x01	; 1
      00005B 02                     148 	.db #0x02	; 2
      00005C 01                     149 	.db #0x01	; 1
      00005D 02                     150 	.db #0x02	; 2
      00005E 01                     151 	.db #0x01	; 1
      00005F 02                     152 	.db #0x02	; 2
      000060 00                     153 	.db #0x00	; 0
      000061 00                     154 	.db #0x00	; 0
      000062 00                     155 	.db #0x00	; 0
      000063 00                     156 	.db #0x00	; 0
      000064 00                     157 	.db #0x00	; 0
      000065 00                     158 	.db #0x00	; 0
      000066 00                     159 	.db #0x00	; 0
      000067 00                     160 	.db #0x00	; 0
      000068 00                     161 	.db #0x00	; 0
      000069 00                     162 	.db #0x00	; 0
      00006A 00                     163 	.db #0x00	; 0
      00006B 00                     164 	.db #0x00	; 0
      00006C 00                     165 	.db #0x00	; 0
      00006D 00                     166 	.db #0x00	; 0
      00006E 00                     167 	.db #0x00	; 0
      00006F 00                     168 	.db #0x00	; 0
      000070 00                     169 	.db #0x00	; 0
      000071 00                     170 	.db #0x00	; 0
      000072 00                     171 	.db #0x00	; 0
      000073 00                     172 	.db #0x00	; 0
      000074 01                     173 	.db #0x01	; 1
      000075 02                     174 	.db #0x02	; 2
      000076 01                     175 	.db #0x01	; 1
      000077 02                     176 	.db #0x02	; 2
      000078 01                     177 	.db #0x01	; 1
      000079 02                     178 	.db #0x02	; 2
      00007A 01                     179 	.db #0x01	; 1
      00007B 02                     180 	.db #0x02	; 2
      00007C 01                     181 	.db #0x01	; 1
      00007D 02                     182 	.db #0x02	; 2
      00007E 01                     183 	.db #0x01	; 1
      00007F 02                     184 	.db #0x02	; 2
      000080 01                     185 	.db #0x01	; 1
      000081 02                     186 	.db #0x02	; 2
      000082 01                     187 	.db #0x01	; 1
      000083 02                     188 	.db #0x02	; 2
      000084 01                     189 	.db #0x01	; 1
      000085 02                     190 	.db #0x02	; 2
      000086 01                     191 	.db #0x01	; 1
      000087 02                     192 	.db #0x02	; 2
      000088 00                     193 	.db #0x00	; 0
      000089 00                     194 	.db #0x00	; 0
      00008A 00                     195 	.db #0x00	; 0
      00008B 00                     196 	.db #0x00	; 0
      00008C 00                     197 	.db #0x00	; 0
      00008D 00                     198 	.db #0x00	; 0
      00008E 00                     199 	.db #0x00	; 0
      00008F 00                     200 	.db #0x00	; 0
      000090 00                     201 	.db #0x00	; 0
      000091 00                     202 	.db #0x00	; 0
      000092 00                     203 	.db #0x00	; 0
      000093 00                     204 	.db #0x00	; 0
      000094 00                     205 	.db #0x00	; 0
      000095 00                     206 	.db #0x00	; 0
      000096 00                     207 	.db #0x00	; 0
      000097 00                     208 	.db #0x00	; 0
      000098 00                     209 	.db #0x00	; 0
      000099 00                     210 	.db #0x00	; 0
      00009A 00                     211 	.db #0x00	; 0
      00009B 00                     212 	.db #0x00	; 0
      00009C 01                     213 	.db #0x01	; 1
      00009D 02                     214 	.db #0x02	; 2
      00009E 01                     215 	.db #0x01	; 1
      00009F 02                     216 	.db #0x02	; 2
      0000A0 01                     217 	.db #0x01	; 1
      0000A1 02                     218 	.db #0x02	; 2
      0000A2 01                     219 	.db #0x01	; 1
      0000A3 02                     220 	.db #0x02	; 2
      0000A4 01                     221 	.db #0x01	; 1
      0000A5 02                     222 	.db #0x02	; 2
      0000A6 01                     223 	.db #0x01	; 1
      0000A7 02                     224 	.db #0x02	; 2
      0000A8 01                     225 	.db #0x01	; 1
      0000A9 02                     226 	.db #0x02	; 2
      0000AA 01                     227 	.db #0x01	; 1
      0000AB 02                     228 	.db #0x02	; 2
      0000AC 01                     229 	.db #0x01	; 1
      0000AD 02                     230 	.db #0x02	; 2
      0000AE 01                     231 	.db #0x01	; 1
      0000AF 02                     232 	.db #0x02	; 2
      0000B0 00                     233 	.db #0x00	; 0
      0000B1 00                     234 	.db #0x00	; 0
      0000B2 00                     235 	.db #0x00	; 0
      0000B3 00                     236 	.db #0x00	; 0
      0000B4 00                     237 	.db #0x00	; 0
      0000B5 00                     238 	.db #0x00	; 0
      0000B6 00                     239 	.db #0x00	; 0
      0000B7 00                     240 	.db #0x00	; 0
      0000B8 00                     241 	.db #0x00	; 0
      0000B9 00                     242 	.db #0x00	; 0
      0000BA 00                     243 	.db #0x00	; 0
      0000BB 00                     244 	.db #0x00	; 0
      0000BC 00                     245 	.db #0x00	; 0
      0000BD 00                     246 	.db #0x00	; 0
      0000BE 00                     247 	.db #0x00	; 0
      0000BF 00                     248 	.db #0x00	; 0
      0000C0 00                     249 	.db #0x00	; 0
      0000C1 00                     250 	.db #0x00	; 0
      0000C2 00                     251 	.db #0x00	; 0
      0000C3 00                     252 	.db #0x00	; 0
      0000C4 01                     253 	.db #0x01	; 1
      0000C5 02                     254 	.db #0x02	; 2
      0000C6 01                     255 	.db #0x01	; 1
      0000C7 02                     256 	.db #0x02	; 2
      0000C8 01                     257 	.db #0x01	; 1
      0000C9 02                     258 	.db #0x02	; 2
      0000CA 01                     259 	.db #0x01	; 1
      0000CB 02                     260 	.db #0x02	; 2
      0000CC 01                     261 	.db #0x01	; 1
      0000CD 02                     262 	.db #0x02	; 2
      0000CE 01                     263 	.db #0x01	; 1
      0000CF 02                     264 	.db #0x02	; 2
      0000D0 01                     265 	.db #0x01	; 1
      0000D1 02                     266 	.db #0x02	; 2
      0000D2 01                     267 	.db #0x01	; 1
      0000D3 02                     268 	.db #0x02	; 2
      0000D4 01                     269 	.db #0x01	; 1
      0000D5 02                     270 	.db #0x02	; 2
      0000D6 01                     271 	.db #0x01	; 1
      0000D7 02                     272 	.db #0x02	; 2
      0000D8 00                     273 	.db #0x00	; 0
      0000D9 00                     274 	.db #0x00	; 0
      0000DA 00                     275 	.db #0x00	; 0
      0000DB 00                     276 	.db #0x00	; 0
      0000DC 00                     277 	.db #0x00	; 0
      0000DD 00                     278 	.db #0x00	; 0
      0000DE 00                     279 	.db #0x00	; 0
      0000DF 00                     280 	.db #0x00	; 0
      0000E0 00                     281 	.db #0x00	; 0
      0000E1 00                     282 	.db #0x00	; 0
      0000E2 00                     283 	.db #0x00	; 0
      0000E3 00                     284 	.db #0x00	; 0
      0000E4 00                     285 	.db #0x00	; 0
      0000E5 00                     286 	.db #0x00	; 0
      0000E6 00                     287 	.db #0x00	; 0
      0000E7 00                     288 	.db #0x00	; 0
      0000E8 00                     289 	.db #0x00	; 0
      0000E9 00                     290 	.db #0x00	; 0
      0000EA 00                     291 	.db #0x00	; 0
      0000EB 00                     292 	.db #0x00	; 0
      0000EC 01                     293 	.db #0x01	; 1
      0000ED 02                     294 	.db #0x02	; 2
      0000EE 01                     295 	.db #0x01	; 1
      0000EF 02                     296 	.db #0x02	; 2
      0000F0 01                     297 	.db #0x01	; 1
      0000F1 02                     298 	.db #0x02	; 2
      0000F2 01                     299 	.db #0x01	; 1
      0000F3 02                     300 	.db #0x02	; 2
      0000F4 01                     301 	.db #0x01	; 1
      0000F5 02                     302 	.db #0x02	; 2
      0000F6 01                     303 	.db #0x01	; 1
      0000F7 02                     304 	.db #0x02	; 2
      0000F8 01                     305 	.db #0x01	; 1
      0000F9 02                     306 	.db #0x02	; 2
      0000FA 01                     307 	.db #0x01	; 1
      0000FB 02                     308 	.db #0x02	; 2
      0000FC 01                     309 	.db #0x01	; 1
      0000FD 02                     310 	.db #0x02	; 2
      0000FE 01                     311 	.db #0x01	; 1
      0000FF 02                     312 	.db #0x02	; 2
      000100 00                     313 	.db #0x00	; 0
      000101 00                     314 	.db #0x00	; 0
      000102 00                     315 	.db #0x00	; 0
      000103 00                     316 	.db #0x00	; 0
      000104 00                     317 	.db #0x00	; 0
      000105 00                     318 	.db #0x00	; 0
      000106 00                     319 	.db #0x00	; 0
      000107 00                     320 	.db #0x00	; 0
      000108 00                     321 	.db #0x00	; 0
      000109 00                     322 	.db #0x00	; 0
      00010A 00                     323 	.db #0x00	; 0
      00010B 00                     324 	.db #0x00	; 0
      00010C 00                     325 	.db #0x00	; 0
      00010D 00                     326 	.db #0x00	; 0
      00010E 00                     327 	.db #0x00	; 0
      00010F 00                     328 	.db #0x00	; 0
      000110 00                     329 	.db #0x00	; 0
      000111 00                     330 	.db #0x00	; 0
      000112 00                     331 	.db #0x00	; 0
      000113 00                     332 	.db #0x00	; 0
      000114 01                     333 	.db #0x01	; 1
      000115 02                     334 	.db #0x02	; 2
      000116 01                     335 	.db #0x01	; 1
      000117 02                     336 	.db #0x02	; 2
      000118 01                     337 	.db #0x01	; 1
      000119 02                     338 	.db #0x02	; 2
      00011A 01                     339 	.db #0x01	; 1
      00011B 02                     340 	.db #0x02	; 2
      00011C 01                     341 	.db #0x01	; 1
      00011D 02                     342 	.db #0x02	; 2
      00011E 01                     343 	.db #0x01	; 1
      00011F 02                     344 	.db #0x02	; 2
      000120 01                     345 	.db #0x01	; 1
      000121 02                     346 	.db #0x02	; 2
      000122 01                     347 	.db #0x01	; 1
      000123 02                     348 	.db #0x02	; 2
      000124 01                     349 	.db #0x01	; 1
      000125 02                     350 	.db #0x02	; 2
      000126 01                     351 	.db #0x01	; 1
      000127 02                     352 	.db #0x02	; 2
      000128 00                     353 	.db #0x00	; 0
      000129 00                     354 	.db #0x00	; 0
      00012A 00                     355 	.db #0x00	; 0
      00012B 00                     356 	.db #0x00	; 0
      00012C 00                     357 	.db #0x00	; 0
      00012D 00                     358 	.db #0x00	; 0
      00012E 00                     359 	.db #0x00	; 0
      00012F 00                     360 	.db #0x00	; 0
      000130 00                     361 	.db #0x00	; 0
      000131 00                     362 	.db #0x00	; 0
      000132 00                     363 	.db #0x00	; 0
      000133 00                     364 	.db #0x00	; 0
      000134 00                     365 	.db #0x00	; 0
      000135 00                     366 	.db #0x00	; 0
      000136 00                     367 	.db #0x00	; 0
      000137 00                     368 	.db #0x00	; 0
      000138 00                     369 	.db #0x00	; 0
      000139 00                     370 	.db #0x00	; 0
      00013A 00                     371 	.db #0x00	; 0
      00013B 00                     372 	.db #0x00	; 0
      00013C 01                     373 	.db #0x01	; 1
      00013D 02                     374 	.db #0x02	; 2
      00013E 01                     375 	.db #0x01	; 1
      00013F 02                     376 	.db #0x02	; 2
      000140 01                     377 	.db #0x01	; 1
      000141 02                     378 	.db #0x02	; 2
      000142 01                     379 	.db #0x01	; 1
      000143 02                     380 	.db #0x02	; 2
      000144 01                     381 	.db #0x01	; 1
      000145 02                     382 	.db #0x02	; 2
      000146 01                     383 	.db #0x01	; 1
      000147 02                     384 	.db #0x02	; 2
      000148 01                     385 	.db #0x01	; 1
      000149 02                     386 	.db #0x02	; 2
      00014A 01                     387 	.db #0x01	; 1
      00014B 02                     388 	.db #0x02	; 2
      00014C 01                     389 	.db #0x01	; 1
      00014D 02                     390 	.db #0x02	; 2
      00014E 01                     391 	.db #0x01	; 1
      00014F 02                     392 	.db #0x02	; 2
      000150 00                     393 	.db #0x00	; 0
      000151 00                     394 	.db #0x00	; 0
      000152 00                     395 	.db #0x00	; 0
      000153 00                     396 	.db #0x00	; 0
      000154 00                     397 	.db #0x00	; 0
      000155 00                     398 	.db #0x00	; 0
      000156 00                     399 	.db #0x00	; 0
      000157 00                     400 	.db #0x00	; 0
      000158 00                     401 	.db #0x00	; 0
      000159 00                     402 	.db #0x00	; 0
      00015A 00                     403 	.db #0x00	; 0
      00015B 00                     404 	.db #0x00	; 0
      00015C 00                     405 	.db #0x00	; 0
      00015D 00                     406 	.db #0x00	; 0
      00015E 00                     407 	.db #0x00	; 0
      00015F 00                     408 	.db #0x00	; 0
      000160 00                     409 	.db #0x00	; 0
      000161 00                     410 	.db #0x00	; 0
      000162 00                     411 	.db #0x00	; 0
      000163 00                     412 	.db #0x00	; 0
      000164 01                     413 	.db #0x01	; 1
      000165 02                     414 	.db #0x02	; 2
      000166 01                     415 	.db #0x01	; 1
      000167 02                     416 	.db #0x02	; 2
      000168 01                     417 	.db #0x01	; 1
      000169 02                     418 	.db #0x02	; 2
      00016A 01                     419 	.db #0x01	; 1
      00016B 02                     420 	.db #0x02	; 2
      00016C 01                     421 	.db #0x01	; 1
      00016D 02                     422 	.db #0x02	; 2
      00016E 01                     423 	.db #0x01	; 1
      00016F 02                     424 	.db #0x02	; 2
      000170 01                     425 	.db #0x01	; 1
      000171 02                     426 	.db #0x02	; 2
      000172 01                     427 	.db #0x01	; 1
      000173 02                     428 	.db #0x02	; 2
      000174 01                     429 	.db #0x01	; 1
      000175 02                     430 	.db #0x02	; 2
      000176 01                     431 	.db #0x01	; 1
      000177 02                     432 	.db #0x02	; 2
      000178 00                     433 	.db #0x00	; 0
      000179 00                     434 	.db #0x00	; 0
      00017A 00                     435 	.db #0x00	; 0
      00017B 00                     436 	.db #0x00	; 0
      00017C 00                     437 	.db #0x00	; 0
      00017D 00                     438 	.db #0x00	; 0
      00017E 00                     439 	.db #0x00	; 0
      00017F 00                     440 	.db #0x00	; 0
      000180 00                     441 	.db #0x00	; 0
      000181 00                     442 	.db #0x00	; 0
      000182 00                     443 	.db #0x00	; 0
      000183 00                     444 	.db #0x00	; 0
      000184 00                     445 	.db #0x00	; 0
      000185 00                     446 	.db #0x00	; 0
      000186 00                     447 	.db #0x00	; 0
      000187 00                     448 	.db #0x00	; 0
      000188 00                     449 	.db #0x00	; 0
      000189 00                     450 	.db #0x00	; 0
      00018A 00                     451 	.db #0x00	; 0
      00018B 00                     452 	.db #0x00	; 0
      00018C 01                     453 	.db #0x01	; 1
      00018D 02                     454 	.db #0x02	; 2
      00018E 01                     455 	.db #0x01	; 1
      00018F 02                     456 	.db #0x02	; 2
      000190 01                     457 	.db #0x01	; 1
      000191 02                     458 	.db #0x02	; 2
      000192 01                     459 	.db #0x01	; 1
      000193 02                     460 	.db #0x02	; 2
      000194 01                     461 	.db #0x01	; 1
      000195 02                     462 	.db #0x02	; 2
      000196 01                     463 	.db #0x01	; 1
      000197 02                     464 	.db #0x02	; 2
      000198 01                     465 	.db #0x01	; 1
      000199 02                     466 	.db #0x02	; 2
      00019A 01                     467 	.db #0x01	; 1
      00019B 02                     468 	.db #0x02	; 2
      00019C 01                     469 	.db #0x01	; 1
      00019D 02                     470 	.db #0x02	; 2
      00019E 01                     471 	.db #0x01	; 1
      00019F 02                     472 	.db #0x02	; 2
      0001A0                        473 _scroll_pattern_map_attributes:
      0001A0 00                     474 	.db #0x00	; 0
      0001A1 00                     475 	.db #0x00	; 0
      0001A2 00                     476 	.db #0x00	; 0
      0001A3 00                     477 	.db #0x00	; 0
      0001A4 00                     478 	.db #0x00	; 0
      0001A5 00                     479 	.db #0x00	; 0
      0001A6 00                     480 	.db #0x00	; 0
      0001A7 00                     481 	.db #0x00	; 0
      0001A8 00                     482 	.db #0x00	; 0
      0001A9 00                     483 	.db #0x00	; 0
      0001AA 00                     484 	.db #0x00	; 0
      0001AB 00                     485 	.db #0x00	; 0
      0001AC 00                     486 	.db #0x00	; 0
      0001AD 00                     487 	.db #0x00	; 0
      0001AE 00                     488 	.db #0x00	; 0
      0001AF 00                     489 	.db #0x00	; 0
      0001B0 00                     490 	.db #0x00	; 0
      0001B1 00                     491 	.db #0x00	; 0
      0001B2 00                     492 	.db #0x00	; 0
      0001B3 00                     493 	.db #0x00	; 0
      0001B4 00                     494 	.db #0x00	; 0
      0001B5 00                     495 	.db #0x00	; 0
      0001B6 00                     496 	.db #0x00	; 0
      0001B7 00                     497 	.db #0x00	; 0
      0001B8 00                     498 	.db #0x00	; 0
      0001B9 00                     499 	.db #0x00	; 0
      0001BA 00                     500 	.db #0x00	; 0
      0001BB 00                     501 	.db #0x00	; 0
      0001BC 00                     502 	.db #0x00	; 0
      0001BD 00                     503 	.db #0x00	; 0
      0001BE 00                     504 	.db #0x00	; 0
      0001BF 00                     505 	.db #0x00	; 0
      0001C0 00                     506 	.db #0x00	; 0
      0001C1 00                     507 	.db #0x00	; 0
      0001C2 00                     508 	.db #0x00	; 0
      0001C3 00                     509 	.db #0x00	; 0
      0001C4 00                     510 	.db #0x00	; 0
      0001C5 00                     511 	.db #0x00	; 0
      0001C6 00                     512 	.db #0x00	; 0
      0001C7 00                     513 	.db #0x00	; 0
      0001C8 00                     514 	.db #0x00	; 0
      0001C9 00                     515 	.db #0x00	; 0
      0001CA 00                     516 	.db #0x00	; 0
      0001CB 00                     517 	.db #0x00	; 0
      0001CC 00                     518 	.db #0x00	; 0
      0001CD 00                     519 	.db #0x00	; 0
      0001CE 00                     520 	.db #0x00	; 0
      0001CF 00                     521 	.db #0x00	; 0
      0001D0 00                     522 	.db #0x00	; 0
      0001D1 00                     523 	.db #0x00	; 0
      0001D2 00                     524 	.db #0x00	; 0
      0001D3 00                     525 	.db #0x00	; 0
      0001D4 00                     526 	.db #0x00	; 0
      0001D5 00                     527 	.db #0x00	; 0
      0001D6 00                     528 	.db #0x00	; 0
      0001D7 00                     529 	.db #0x00	; 0
      0001D8 00                     530 	.db #0x00	; 0
      0001D9 00                     531 	.db #0x00	; 0
      0001DA 00                     532 	.db #0x00	; 0
      0001DB 00                     533 	.db #0x00	; 0
      0001DC 00                     534 	.db #0x00	; 0
      0001DD 00                     535 	.db #0x00	; 0
      0001DE 00                     536 	.db #0x00	; 0
      0001DF 00                     537 	.db #0x00	; 0
      0001E0 00                     538 	.db #0x00	; 0
      0001E1 00                     539 	.db #0x00	; 0
      0001E2 00                     540 	.db #0x00	; 0
      0001E3 00                     541 	.db #0x00	; 0
      0001E4 00                     542 	.db #0x00	; 0
      0001E5 00                     543 	.db #0x00	; 0
      0001E6 00                     544 	.db #0x00	; 0
      0001E7 00                     545 	.db #0x00	; 0
      0001E8 00                     546 	.db #0x00	; 0
      0001E9 00                     547 	.db #0x00	; 0
      0001EA 00                     548 	.db #0x00	; 0
      0001EB 00                     549 	.db #0x00	; 0
      0001EC 00                     550 	.db #0x00	; 0
      0001ED 00                     551 	.db #0x00	; 0
      0001EE 00                     552 	.db #0x00	; 0
      0001EF 00                     553 	.db #0x00	; 0
      0001F0 00                     554 	.db #0x00	; 0
      0001F1 00                     555 	.db #0x00	; 0
      0001F2 00                     556 	.db #0x00	; 0
      0001F3 00                     557 	.db #0x00	; 0
      0001F4 00                     558 	.db #0x00	; 0
      0001F5 00                     559 	.db #0x00	; 0
      0001F6 00                     560 	.db #0x00	; 0
      0001F7 00                     561 	.db #0x00	; 0
      0001F8 00                     562 	.db #0x00	; 0
      0001F9 00                     563 	.db #0x00	; 0
      0001FA 00                     564 	.db #0x00	; 0
      0001FB 00                     565 	.db #0x00	; 0
      0001FC 00                     566 	.db #0x00	; 0
      0001FD 00                     567 	.db #0x00	; 0
      0001FE 00                     568 	.db #0x00	; 0
      0001FF 00                     569 	.db #0x00	; 0
      000200 00                     570 	.db #0x00	; 0
      000201 00                     571 	.db #0x00	; 0
      000202 00                     572 	.db #0x00	; 0
      000203 00                     573 	.db #0x00	; 0
      000204 00                     574 	.db #0x00	; 0
      000205 00                     575 	.db #0x00	; 0
      000206 00                     576 	.db #0x00	; 0
      000207 00                     577 	.db #0x00	; 0
      000208 00                     578 	.db #0x00	; 0
      000209 00                     579 	.db #0x00	; 0
      00020A 00                     580 	.db #0x00	; 0
      00020B 00                     581 	.db #0x00	; 0
      00020C 00                     582 	.db #0x00	; 0
      00020D 00                     583 	.db #0x00	; 0
      00020E 00                     584 	.db #0x00	; 0
      00020F 00                     585 	.db #0x00	; 0
      000210 00                     586 	.db #0x00	; 0
      000211 00                     587 	.db #0x00	; 0
      000212 00                     588 	.db #0x00	; 0
      000213 00                     589 	.db #0x00	; 0
      000214 00                     590 	.db #0x00	; 0
      000215 00                     591 	.db #0x00	; 0
      000216 00                     592 	.db #0x00	; 0
      000217 00                     593 	.db #0x00	; 0
      000218 00                     594 	.db #0x00	; 0
      000219 00                     595 	.db #0x00	; 0
      00021A 00                     596 	.db #0x00	; 0
      00021B 00                     597 	.db #0x00	; 0
      00021C 00                     598 	.db #0x00	; 0
      00021D 00                     599 	.db #0x00	; 0
      00021E 00                     600 	.db #0x00	; 0
      00021F 00                     601 	.db #0x00	; 0
      000220 00                     602 	.db #0x00	; 0
      000221 00                     603 	.db #0x00	; 0
      000222 00                     604 	.db #0x00	; 0
      000223 00                     605 	.db #0x00	; 0
      000224 00                     606 	.db #0x00	; 0
      000225 00                     607 	.db #0x00	; 0
      000226 00                     608 	.db #0x00	; 0
      000227 00                     609 	.db #0x00	; 0
      000228 00                     610 	.db #0x00	; 0
      000229 00                     611 	.db #0x00	; 0
      00022A 00                     612 	.db #0x00	; 0
      00022B 00                     613 	.db #0x00	; 0
      00022C 00                     614 	.db #0x00	; 0
      00022D 00                     615 	.db #0x00	; 0
      00022E 00                     616 	.db #0x00	; 0
      00022F 00                     617 	.db #0x00	; 0
      000230 00                     618 	.db #0x00	; 0
      000231 00                     619 	.db #0x00	; 0
      000232 00                     620 	.db #0x00	; 0
      000233 00                     621 	.db #0x00	; 0
      000234 00                     622 	.db #0x00	; 0
      000235 00                     623 	.db #0x00	; 0
      000236 00                     624 	.db #0x00	; 0
      000237 00                     625 	.db #0x00	; 0
      000238 00                     626 	.db #0x00	; 0
      000239 00                     627 	.db #0x00	; 0
      00023A 00                     628 	.db #0x00	; 0
      00023B 00                     629 	.db #0x00	; 0
      00023C 00                     630 	.db #0x00	; 0
      00023D 00                     631 	.db #0x00	; 0
      00023E 00                     632 	.db #0x00	; 0
      00023F 00                     633 	.db #0x00	; 0
      000240 00                     634 	.db #0x00	; 0
      000241 00                     635 	.db #0x00	; 0
      000242 00                     636 	.db #0x00	; 0
      000243 00                     637 	.db #0x00	; 0
      000244 00                     638 	.db #0x00	; 0
      000245 00                     639 	.db #0x00	; 0
      000246 00                     640 	.db #0x00	; 0
      000247 00                     641 	.db #0x00	; 0
      000248 00                     642 	.db #0x00	; 0
      000249 00                     643 	.db #0x00	; 0
      00024A 00                     644 	.db #0x00	; 0
      00024B 00                     645 	.db #0x00	; 0
      00024C 00                     646 	.db #0x00	; 0
      00024D 00                     647 	.db #0x00	; 0
      00024E 00                     648 	.db #0x00	; 0
      00024F 00                     649 	.db #0x00	; 0
      000250 00                     650 	.db #0x00	; 0
      000251 00                     651 	.db #0x00	; 0
      000252 00                     652 	.db #0x00	; 0
      000253 00                     653 	.db #0x00	; 0
      000254 00                     654 	.db #0x00	; 0
      000255 00                     655 	.db #0x00	; 0
      000256 00                     656 	.db #0x00	; 0
      000257 00                     657 	.db #0x00	; 0
      000258 00                     658 	.db #0x00	; 0
      000259 00                     659 	.db #0x00	; 0
      00025A 00                     660 	.db #0x00	; 0
      00025B 00                     661 	.db #0x00	; 0
      00025C 00                     662 	.db #0x00	; 0
      00025D 00                     663 	.db #0x00	; 0
      00025E 00                     664 	.db #0x00	; 0
      00025F 00                     665 	.db #0x00	; 0
      000260 00                     666 	.db #0x00	; 0
      000261 00                     667 	.db #0x00	; 0
      000262 00                     668 	.db #0x00	; 0
      000263 00                     669 	.db #0x00	; 0
      000264 00                     670 	.db #0x00	; 0
      000265 00                     671 	.db #0x00	; 0
      000266 00                     672 	.db #0x00	; 0
      000267 00                     673 	.db #0x00	; 0
      000268 00                     674 	.db #0x00	; 0
      000269 00                     675 	.db #0x00	; 0
      00026A 00                     676 	.db #0x00	; 0
      00026B 00                     677 	.db #0x00	; 0
      00026C 00                     678 	.db #0x00	; 0
      00026D 00                     679 	.db #0x00	; 0
      00026E 00                     680 	.db #0x00	; 0
      00026F 00                     681 	.db #0x00	; 0
      000270 00                     682 	.db #0x00	; 0
      000271 00                     683 	.db #0x00	; 0
      000272 00                     684 	.db #0x00	; 0
      000273 00                     685 	.db #0x00	; 0
      000274 00                     686 	.db #0x00	; 0
      000275 00                     687 	.db #0x00	; 0
      000276 00                     688 	.db #0x00	; 0
      000277 00                     689 	.db #0x00	; 0
      000278 00                     690 	.db #0x00	; 0
      000279 00                     691 	.db #0x00	; 0
      00027A 00                     692 	.db #0x00	; 0
      00027B 00                     693 	.db #0x00	; 0
      00027C 00                     694 	.db #0x00	; 0
      00027D 00                     695 	.db #0x00	; 0
      00027E 00                     696 	.db #0x00	; 0
      00027F 00                     697 	.db #0x00	; 0
      000280 00                     698 	.db #0x00	; 0
      000281 00                     699 	.db #0x00	; 0
      000282 00                     700 	.db #0x00	; 0
      000283 00                     701 	.db #0x00	; 0
      000284 00                     702 	.db #0x00	; 0
      000285 00                     703 	.db #0x00	; 0
      000286 00                     704 	.db #0x00	; 0
      000287 00                     705 	.db #0x00	; 0
      000288 00                     706 	.db #0x00	; 0
      000289 00                     707 	.db #0x00	; 0
      00028A 00                     708 	.db #0x00	; 0
      00028B 00                     709 	.db #0x00	; 0
      00028C 00                     710 	.db #0x00	; 0
      00028D 00                     711 	.db #0x00	; 0
      00028E 00                     712 	.db #0x00	; 0
      00028F 00                     713 	.db #0x00	; 0
      000290 00                     714 	.db #0x00	; 0
      000291 00                     715 	.db #0x00	; 0
      000292 00                     716 	.db #0x00	; 0
      000293 00                     717 	.db #0x00	; 0
      000294 00                     718 	.db #0x00	; 0
      000295 00                     719 	.db #0x00	; 0
      000296 00                     720 	.db #0x00	; 0
      000297 00                     721 	.db #0x00	; 0
      000298 00                     722 	.db #0x00	; 0
      000299 00                     723 	.db #0x00	; 0
      00029A 00                     724 	.db #0x00	; 0
      00029B 00                     725 	.db #0x00	; 0
      00029C 00                     726 	.db #0x00	; 0
      00029D 00                     727 	.db #0x00	; 0
      00029E 00                     728 	.db #0x00	; 0
      00029F 00                     729 	.db #0x00	; 0
      0002A0 00                     730 	.db #0x00	; 0
      0002A1 00                     731 	.db #0x00	; 0
      0002A2 00                     732 	.db #0x00	; 0
      0002A3 00                     733 	.db #0x00	; 0
      0002A4 00                     734 	.db #0x00	; 0
      0002A5 00                     735 	.db #0x00	; 0
      0002A6 00                     736 	.db #0x00	; 0
      0002A7 00                     737 	.db #0x00	; 0
      0002A8 00                     738 	.db #0x00	; 0
      0002A9 00                     739 	.db #0x00	; 0
      0002AA 00                     740 	.db #0x00	; 0
      0002AB 00                     741 	.db #0x00	; 0
      0002AC 00                     742 	.db #0x00	; 0
      0002AD 00                     743 	.db #0x00	; 0
      0002AE 00                     744 	.db #0x00	; 0
      0002AF 00                     745 	.db #0x00	; 0
      0002B0 00                     746 	.db #0x00	; 0
      0002B1 00                     747 	.db #0x00	; 0
      0002B2 00                     748 	.db #0x00	; 0
      0002B3 00                     749 	.db #0x00	; 0
      0002B4 00                     750 	.db #0x00	; 0
      0002B5 00                     751 	.db #0x00	; 0
      0002B6 00                     752 	.db #0x00	; 0
      0002B7 00                     753 	.db #0x00	; 0
      0002B8 00                     754 	.db #0x00	; 0
      0002B9 00                     755 	.db #0x00	; 0
      0002BA 00                     756 	.db #0x00	; 0
      0002BB 00                     757 	.db #0x00	; 0
      0002BC 00                     758 	.db #0x00	; 0
      0002BD 00                     759 	.db #0x00	; 0
      0002BE 00                     760 	.db #0x00	; 0
      0002BF 00                     761 	.db #0x00	; 0
      0002C0 00                     762 	.db #0x00	; 0
      0002C1 00                     763 	.db #0x00	; 0
      0002C2 00                     764 	.db #0x00	; 0
      0002C3 00                     765 	.db #0x00	; 0
      0002C4 00                     766 	.db #0x00	; 0
      0002C5 00                     767 	.db #0x00	; 0
      0002C6 00                     768 	.db #0x00	; 0
      0002C7 00                     769 	.db #0x00	; 0
      0002C8 00                     770 	.db #0x00	; 0
      0002C9 00                     771 	.db #0x00	; 0
      0002CA 00                     772 	.db #0x00	; 0
      0002CB 00                     773 	.db #0x00	; 0
      0002CC 00                     774 	.db #0x00	; 0
      0002CD 00                     775 	.db #0x00	; 0
      0002CE 00                     776 	.db #0x00	; 0
      0002CF 00                     777 	.db #0x00	; 0
      0002D0 00                     778 	.db #0x00	; 0
      0002D1 00                     779 	.db #0x00	; 0
      0002D2 00                     780 	.db #0x00	; 0
      0002D3 00                     781 	.db #0x00	; 0
      0002D4 00                     782 	.db #0x00	; 0
      0002D5 00                     783 	.db #0x00	; 0
      0002D6 00                     784 	.db #0x00	; 0
      0002D7 00                     785 	.db #0x00	; 0
      0002D8 00                     786 	.db #0x00	; 0
      0002D9 00                     787 	.db #0x00	; 0
      0002DA 00                     788 	.db #0x00	; 0
      0002DB 00                     789 	.db #0x00	; 0
      0002DC 00                     790 	.db #0x00	; 0
      0002DD 00                     791 	.db #0x00	; 0
      0002DE 00                     792 	.db #0x00	; 0
      0002DF 00                     793 	.db #0x00	; 0
      0002E0 00                     794 	.db #0x00	; 0
      0002E1 00                     795 	.db #0x00	; 0
      0002E2 00                     796 	.db #0x00	; 0
      0002E3 00                     797 	.db #0x00	; 0
      0002E4 00                     798 	.db #0x00	; 0
      0002E5 00                     799 	.db #0x00	; 0
      0002E6 00                     800 	.db #0x00	; 0
      0002E7 00                     801 	.db #0x00	; 0
      0002E8 00                     802 	.db #0x00	; 0
      0002E9 00                     803 	.db #0x00	; 0
      0002EA 00                     804 	.db #0x00	; 0
      0002EB 00                     805 	.db #0x00	; 0
      0002EC 00                     806 	.db #0x00	; 0
      0002ED 00                     807 	.db #0x00	; 0
      0002EE 00                     808 	.db #0x00	; 0
      0002EF 00                     809 	.db #0x00	; 0
      0002F0 00                     810 	.db #0x00	; 0
      0002F1 00                     811 	.db #0x00	; 0
      0002F2 00                     812 	.db #0x00	; 0
      0002F3 00                     813 	.db #0x00	; 0
      0002F4 00                     814 	.db #0x00	; 0
      0002F5 00                     815 	.db #0x00	; 0
      0002F6 00                     816 	.db #0x00	; 0
      0002F7 00                     817 	.db #0x00	; 0
      0002F8 00                     818 	.db #0x00	; 0
      0002F9 00                     819 	.db #0x00	; 0
      0002FA 00                     820 	.db #0x00	; 0
      0002FB 00                     821 	.db #0x00	; 0
      0002FC 00                     822 	.db #0x00	; 0
      0002FD 00                     823 	.db #0x00	; 0
      0002FE 00                     824 	.db #0x00	; 0
      0002FF 00                     825 	.db #0x00	; 0
      000300 00                     826 	.db #0x00	; 0
      000301 00                     827 	.db #0x00	; 0
      000302 00                     828 	.db #0x00	; 0
      000303 00                     829 	.db #0x00	; 0
      000304 00                     830 	.db #0x00	; 0
      000305 00                     831 	.db #0x00	; 0
      000306 00                     832 	.db #0x00	; 0
      000307 00                     833 	.db #0x00	; 0
                                    834 	.area _INITIALIZER
                                    835 	.area _CABS (ABS)
